[0.037s] Invoking command in '/home/lee/Capstone/build/custom_interfaces': CMAKE_PREFIX_PATH=${CMAKE_PREFIX_PATH}:/home/lee/gcamp_ros2_ws/install/py_topic_pkg:/home/lee/gcamp_ros2_ws/install/py_service_pkg:/home/lee/gcamp_ros2_ws/install/py_first_pkg:/home/lee/gcamp_ros2_ws/install/py_action_pkg:/opt/ros/foxy /usr/bin/cmake /home/lee/Capstone/src/gcamp_ros2_basic/custom_interfaces -DCMAKE_INSTALL_PREFIX=/home/lee/Capstone/install/custom_interfaces
[0.628s] -- The C compiler identification is GNU 9.4.0
[0.629s] -- The CXX compiler identification is GNU 9.4.0
[0.630s] -- Check for working C compiler: /usr/bin/cc
[0.630s] -- Check for working C compiler: /usr/bin/cc -- works
[0.631s] -- Detecting C compiler ABI info
[0.631s] -- Detecting C compiler ABI info - done
[0.631s] -- Detecting C compile features
[0.632s] -- Detecting C compile features - done
[0.632s] -- Check for working CXX compiler: /usr/bin/c++
[0.632s] -- Check for working CXX compiler: /usr/bin/c++ -- works
[0.633s] -- Detecting CXX compiler ABI info
[0.635s] -- Detecting CXX compiler ABI info - done
[0.636s] -- Detecting CXX compile features
[0.637s] -- Detecting CXX compile features - done
[0.637s] -- Found ament_cmake: 0.9.12 (/opt/ros/foxy/share/ament_cmake/cmake)
[0.639s] -- Found PythonInterp: /usr/bin/python3 (found suitable version "3.8.10", minimum required is "3") 
[0.639s] -- Using PYTHON_EXECUTABLE: /usr/bin/python3
[0.640s] -- Found rosidl_default_generators: 1.0.1 (/opt/ros/foxy/share/rosidl_default_generators/cmake)
[0.641s] -- Using all available rosidl_typesupport_c: rosidl_typesupport_fastrtps_c;rosidl_typesupport_introspection_c
[0.641s] -- Found rosidl_adapter: 1.3.1 (/opt/ros/foxy/share/rosidl_adapter/cmake)
[0.641s] -- Found OpenSSL: /usr/lib/x86_64-linux-gnu/libcrypto.so (found version "1.1.1f")  
[0.641s] -- Found FastRTPS: /opt/ros/foxy/include  
[0.641s] -- Using all available rosidl_typesupport_cpp: rosidl_typesupport_fastrtps_cpp;rosidl_typesupport_introspection_cpp
[0.661s] -- Found PythonInterp: /usr/bin/python3 (found version "3.8.10") 
[0.811s] -- Found ament_cmake_ros: 0.9.2 (/opt/ros/foxy/share/ament_cmake_ros/cmake)
[0.901s] -- Using all available rosidl_typesupport_c: rosidl_typesupport_fastrtps_c;rosidl_typesupport_introspection_c
[0.919s] -- Using all available rosidl_typesupport_cpp: rosidl_typesupport_fastrtps_cpp;rosidl_typesupport_introspection_cpp
[0.939s] -- Found PythonInterp: /usr/bin/python3 (found suitable version "3.8.10", minimum required is "3.5") 
[0.943s] -- Found python_cmake_module: 0.8.1 (/opt/ros/foxy/share/python_cmake_module/cmake)
[0.962s] -- Found PythonLibs: /usr/lib/x86_64-linux-gnu/libpython3.8.so (found suitable version "3.8.10", minimum required is "3.5") 
[0.962s] -- Using PYTHON_EXECUTABLE: /usr/bin/python3
[0.962s] -- Using PYTHON_INCLUDE_DIRS: /usr/include/python3.8
[0.962s] -- Using PYTHON_LIBRARIES: /usr/lib/x86_64-linux-gnu/libpython3.8.so
[0.977s] -- Found PythonExtra: .so  
[1.017s] -- Found ament_lint_auto: 0.9.8 (/opt/ros/foxy/share/ament_lint_auto/cmake)
[1.035s] -- Added test 'copyright' to check source files copyright and LICENSE
[1.037s] -- Added test 'lint_cmake' to check CMake code style
[1.037s] -- Added test 'xmllint' to check XML markup files
[1.040s] -- Configuring done
[1.073s] -- Generating done
[1.074s] -- Build files have been written to: /home/lee/Capstone/build/custom_interfaces
[1.081s] Invoked command in '/home/lee/Capstone/build/custom_interfaces' returned '0': CMAKE_PREFIX_PATH=${CMAKE_PREFIX_PATH}:/home/lee/gcamp_ros2_ws/install/py_topic_pkg:/home/lee/gcamp_ros2_ws/install/py_service_pkg:/home/lee/gcamp_ros2_ws/install/py_first_pkg:/home/lee/gcamp_ros2_ws/install/py_action_pkg:/opt/ros/foxy /usr/bin/cmake /home/lee/Capstone/src/gcamp_ros2_basic/custom_interfaces -DCMAKE_INSTALL_PREFIX=/home/lee/Capstone/install/custom_interfaces
[1.084s] Invoking command in '/home/lee/Capstone/build/custom_interfaces': CMAKE_PREFIX_PATH=${CMAKE_PREFIX_PATH}:/home/lee/gcamp_ros2_ws/install/py_topic_pkg:/home/lee/gcamp_ros2_ws/install/py_service_pkg:/home/lee/gcamp_ros2_ws/install/py_first_pkg:/home/lee/gcamp_ros2_ws/install/py_action_pkg:/opt/ros/foxy /usr/bin/cmake --build /home/lee/Capstone/build/custom_interfaces -- -j16 -l16
[1.122s] [  1%] [34m[1mGenerating C code for ROS interfaces[0m
[1.123s] [35m[1mScanning dependencies of target custom_interfaces__cpp[0m
[1.135s] [  3%] [34m[1mGenerating C++ code for ROS interfaces[0m
[2.142s] [  3%] Built target custom_interfaces__cpp
[2.178s] [35m[1mScanning dependencies of target custom_interfaces__rosidl_generator_c[0m
[2.185s] [  4%] [34m[1mGenerating C++ type support dispatch for ROS interfaces[0m
[2.206s] [  6%] [34m[1mGenerating C++ introspection for ROS interfaces[0m
[2.218s] [  7%] [34m[1mGenerating C++ type support for eProsima Fast-RTPS[0m
[2.258s] [  9%] [32mBuilding C object CMakeFiles/custom_interfaces__rosidl_generator_c.dir/rosidl_generator_c/custom_interfaces/srv/detail/add_three_ints__functions.c.o[0m
[2.274s] [ 11%] [32mBuilding C object CMakeFiles/custom_interfaces__rosidl_generator_c.dir/rosidl_generator_c/custom_interfaces/srv/detail/turning_control__functions.c.o[0m
[2.278s] [ 12%] [32mBuilding C object CMakeFiles/custom_interfaces__rosidl_generator_c.dir/rosidl_generator_c/custom_interfaces/msg/detail/num__functions.c.o[0m
[2.282s] [ 14%] [32mBuilding C object CMakeFiles/custom_interfaces__rosidl_generator_c.dir/rosidl_generator_c/custom_interfaces/action/detail/fibonacci__functions.c.o[0m
[2.318s] [ 15%] [32mBuilding C object CMakeFiles/custom_interfaces__rosidl_generator_c.dir/rosidl_generator_c/custom_interfaces/action/detail/maze__functions.c.o[0m
[2.574s] [ 17%] [32m[1mLinking C shared library libcustom_interfaces__rosidl_generator_c.so[0m
[2.705s] [ 17%] Built target custom_interfaces__rosidl_generator_c
[2.769s] [ 19%] [34m[1mGenerating C type support dispatch for ROS interfaces[0m
[2.769s] [ 20%] [34m[1mGenerating C introspection for ROS interfaces[0m
[3.016s] [35m[1mScanning dependencies of target custom_interfaces__rosidl_typesupport_introspection_cpp[0m
[3.039s] [35m[1mScanning dependencies of target custom_interfaces__rosidl_typesupport_cpp[0m
[3.057s] [ 22%] [32mBuilding CXX object CMakeFiles/custom_interfaces__rosidl_typesupport_introspection_cpp.dir/rosidl_typesupport_introspection_cpp/custom_interfaces/srv/detail/add_three_ints__type_support.cpp.o[0m
[3.060s] [ 23%] [32mBuilding CXX object CMakeFiles/custom_interfaces__rosidl_typesupport_introspection_cpp.dir/rosidl_typesupport_introspection_cpp/custom_interfaces/msg/detail/num__type_support.cpp.o[0m
[3.065s] [ 25%] [32mBuilding CXX object CMakeFiles/custom_interfaces__rosidl_typesupport_introspection_cpp.dir/rosidl_typesupport_introspection_cpp/custom_interfaces/action/detail/maze__type_support.cpp.o[0m
[3.077s] [ 26%] [32mBuilding CXX object CMakeFiles/custom_interfaces__rosidl_typesupport_introspection_cpp.dir/rosidl_typesupport_introspection_cpp/custom_interfaces/action/detail/fibonacci__type_support.cpp.o[0m
[3.082s] [ 28%] [32mBuilding CXX object CMakeFiles/custom_interfaces__rosidl_typesupport_introspection_cpp.dir/rosidl_typesupport_introspection_cpp/custom_interfaces/srv/detail/turning_control__type_support.cpp.o[0m
[3.097s] [ 30%] [32mBuilding CXX object CMakeFiles/custom_interfaces__rosidl_typesupport_cpp.dir/rosidl_typesupport_cpp/custom_interfaces/msg/num__type_support.cpp.o[0m
[3.105s] [ 31%] [32mBuilding CXX object CMakeFiles/custom_interfaces__rosidl_typesupport_cpp.dir/rosidl_typesupport_cpp/custom_interfaces/srv/add_three_ints__type_support.cpp.o[0m
[3.121s] [ 33%] [32mBuilding CXX object CMakeFiles/custom_interfaces__rosidl_typesupport_cpp.dir/rosidl_typesupport_cpp/custom_interfaces/srv/turning_control__type_support.cpp.o[0m
[3.138s] [ 34%] [32mBuilding CXX object CMakeFiles/custom_interfaces__rosidl_typesupport_cpp.dir/rosidl_typesupport_cpp/custom_interfaces/action/fibonacci__type_support.cpp.o[0m
[3.209s] [ 36%] [32mBuilding CXX object CMakeFiles/custom_interfaces__rosidl_typesupport_cpp.dir/rosidl_typesupport_cpp/custom_interfaces/action/maze__type_support.cpp.o[0m
[3.592s] [35m[1mScanning dependencies of target custom_interfaces__rosidl_typesupport_fastrtps_cpp[0m
[3.681s] [ 39%] [32mBuilding CXX object CMakeFiles/custom_interfaces__rosidl_typesupport_fastrtps_cpp.dir/rosidl_typesupport_fastrtps_cpp/custom_interfaces/msg/detail/dds_fastrtps/num__type_support.cpp.o[0m
[3.682s] [ 39%] [32mBuilding CXX object CMakeFiles/custom_interfaces__rosidl_typesupport_fastrtps_cpp.dir/rosidl_typesupport_fastrtps_cpp/custom_interfaces/srv/detail/dds_fastrtps/add_three_ints__type_support.cpp.o[0m
[3.691s] [ 41%] [32mBuilding CXX object CMakeFiles/custom_interfaces__rosidl_typesupport_fastrtps_cpp.dir/rosidl_typesupport_fastrtps_cpp/custom_interfaces/srv/detail/dds_fastrtps/turning_control__type_support.cpp.o[0m
[3.696s] [35m[1mScanning dependencies of target custom_interfaces__rosidl_typesupport_c[0m
[3.721s] [ 42%] [32mBuilding CXX object CMakeFiles/custom_interfaces__rosidl_typesupport_fastrtps_cpp.dir/rosidl_typesupport_fastrtps_cpp/custom_interfaces/action/detail/dds_fastrtps/fibonacci__type_support.cpp.o[0m
[3.766s] [ 44%] [32mBuilding CXX object CMakeFiles/custom_interfaces__rosidl_typesupport_fastrtps_cpp.dir/rosidl_typesupport_fastrtps_cpp/custom_interfaces/action/detail/dds_fastrtps/maze__type_support.cpp.o[0m
[3.777s] [ 46%] [32mBuilding CXX object CMakeFiles/custom_interfaces__rosidl_typesupport_c.dir/rosidl_typesupport_c/custom_interfaces/msg/num__type_support.cpp.o[0m
[3.789s] [ 47%] [32mBuilding CXX object CMakeFiles/custom_interfaces__rosidl_typesupport_c.dir/rosidl_typesupport_c/custom_interfaces/srv/add_three_ints__type_support.cpp.o[0m
[3.817s] [ 49%] [32mBuilding CXX object CMakeFiles/custom_interfaces__rosidl_typesupport_c.dir/rosidl_typesupport_c/custom_interfaces/srv/turning_control__type_support.cpp.o[0m
[3.824s] [ 50%] [32m[1mLinking CXX shared library libcustom_interfaces__rosidl_typesupport_cpp.so[0m
[3.836s] [ 52%] [32mBuilding CXX object CMakeFiles/custom_interfaces__rosidl_typesupport_c.dir/rosidl_typesupport_c/custom_interfaces/action/fibonacci__type_support.cpp.o[0m
[3.844s] [ 53%] [32m[1mLinking CXX shared library libcustom_interfaces__rosidl_typesupport_introspection_cpp.so[0m
[3.876s] [ 55%] [32mBuilding CXX object CMakeFiles/custom_interfaces__rosidl_typesupport_c.dir/rosidl_typesupport_c/custom_interfaces/action/maze__type_support.cpp.o[0m
[3.948s] [ 55%] Built target custom_interfaces__rosidl_typesupport_cpp
[4.020s] [ 57%] [32m[1mLinking CXX shared library libcustom_interfaces__rosidl_typesupport_c.so[0m
[4.186s] [ 57%] Built target custom_interfaces__rosidl_typesupport_introspection_cpp
[4.215s] [35m[1mScanning dependencies of target custom_interfaces__rosidl_typesupport_introspection_c[0m
[4.215s] [ 57%] Built target custom_interfaces__rosidl_typesupport_c
[4.235s] [ 58%] [32mBuilding C object CMakeFiles/custom_interfaces__rosidl_typesupport_introspection_c.dir/rosidl_typesupport_introspection_c/custom_interfaces/msg/detail/num__type_support.c.o[0m
[4.254s] [ 60%] [32mBuilding C object CMakeFiles/custom_interfaces__rosidl_typesupport_introspection_c.dir/rosidl_typesupport_introspection_c/custom_interfaces/srv/detail/add_three_ints__type_support.c.o[0m
[4.256s] [ 61%] [32mBuilding C object CMakeFiles/custom_interfaces__rosidl_typesupport_introspection_c.dir/rosidl_typesupport_introspection_c/custom_interfaces/srv/detail/turning_control__type_support.c.o[0m
[4.260s] [ 63%] [32mBuilding C object CMakeFiles/custom_interfaces__rosidl_typesupport_introspection_c.dir/rosidl_typesupport_introspection_c/custom_interfaces/action/detail/fibonacci__type_support.c.o[0m
[4.280s] [ 65%] [32mBuilding C object CMakeFiles/custom_interfaces__rosidl_typesupport_introspection_c.dir/rosidl_typesupport_introspection_c/custom_interfaces/action/detail/maze__type_support.c.o[0m
[4.342s] [ 66%] [32m[1mLinking C shared library libcustom_interfaces__rosidl_typesupport_introspection_c.so[0m
[4.396s] [ 66%] Built target custom_interfaces__rosidl_typesupport_introspection_c
[4.499s] [ 68%] [32m[1mLinking CXX shared library libcustom_interfaces__rosidl_typesupport_fastrtps_cpp.so[0m
[4.663s] [ 68%] Built target custom_interfaces__rosidl_typesupport_fastrtps_cpp
[4.674s] [ 69%] [34m[1mGenerating C type support for eProsima Fast-RTPS[0m
[5.341s] [35m[1mScanning dependencies of target custom_interfaces__rosidl_typesupport_fastrtps_c[0m
[5.364s] [ 71%] [32mBuilding CXX object CMakeFiles/custom_interfaces__rosidl_typesupport_fastrtps_c.dir/rosidl_typesupport_fastrtps_c/custom_interfaces/srv/detail/turning_control__type_support_c.cpp.o[0m
[5.364s] [ 76%] [32mBuilding CXX object CMakeFiles/custom_interfaces__rosidl_typesupport_fastrtps_c.dir/rosidl_typesupport_fastrtps_c/custom_interfaces/action/detail/fibonacci__type_support_c.cpp.o[0m
[5.364s] [ 76%] [32mBuilding CXX object CMakeFiles/custom_interfaces__rosidl_typesupport_fastrtps_c.dir/rosidl_typesupport_fastrtps_c/custom_interfaces/srv/detail/add_three_ints__type_support_c.cpp.o[0m
[5.364s] [ 76%] [32mBuilding CXX object CMakeFiles/custom_interfaces__rosidl_typesupport_fastrtps_c.dir/rosidl_typesupport_fastrtps_c/custom_interfaces/msg/detail/num__type_support_c.cpp.o[0m
[5.364s] [ 77%] [32mBuilding CXX object CMakeFiles/custom_interfaces__rosidl_typesupport_fastrtps_c.dir/rosidl_typesupport_fastrtps_c/custom_interfaces/action/detail/maze__type_support_c.cpp.o[0m
[5.780s] [ 79%] [32m[1mLinking CXX shared library libcustom_interfaces__rosidl_typesupport_fastrtps_c.so[0m
[5.833s] [ 79%] Built target custom_interfaces__rosidl_typesupport_fastrtps_c
[5.839s] [35m[1mScanning dependencies of target custom_interfaces[0m
[5.846s] [ 79%] Built target custom_interfaces
[5.852s] [35m[1mScanning dependencies of target custom_interfaces__py[0m
[5.858s] [ 80%] [34m[1mGenerating Python code for ROS interfaces[0m
[6.741s] [ 80%] Built target custom_interfaces__py
[6.747s] [35m[1mScanning dependencies of target custom_interfaces__python[0m
[6.761s] [ 82%] [32mBuilding C object CMakeFiles/custom_interfaces__python.dir/rosidl_generator_py/custom_interfaces/msg/_num_s.c.o[0m
[6.762s] [ 84%] [32mBuilding C object CMakeFiles/custom_interfaces__python.dir/rosidl_generator_py/custom_interfaces/srv/_add_three_ints_s.c.o[0m
[6.762s] [ 85%] [32mBuilding C object CMakeFiles/custom_interfaces__python.dir/rosidl_generator_py/custom_interfaces/srv/_turning_control_s.c.o[0m
[6.763s] [ 87%] [32mBuilding C object CMakeFiles/custom_interfaces__python.dir/rosidl_generator_py/custom_interfaces/action/_fibonacci_s.c.o[0m
[6.765s] [ 88%] [32mBuilding C object CMakeFiles/custom_interfaces__python.dir/rosidl_generator_py/custom_interfaces/action/_maze_s.c.o[0m
[6.844s] [ 90%] [32m[1mLinking C shared library rosidl_generator_py/custom_interfaces/libcustom_interfaces__python.so[0m
[6.868s] [ 90%] Built target custom_interfaces__python
[6.874s] [35m[1mScanning dependencies of target custom_interfaces__rosidl_typesupport_c__pyext[0m
[6.874s] [35m[1mScanning dependencies of target custom_interfaces__rosidl_typesupport_introspection_c__pyext[0m
[6.874s] [35m[1mScanning dependencies of target custom_interfaces__rosidl_typesupport_fastrtps_c__pyext[0m
[6.885s] [ 92%] [32mBuilding C object CMakeFiles/custom_interfaces__rosidl_typesupport_c__pyext.dir/rosidl_generator_py/custom_interfaces/_custom_interfaces_s.ep.rosidl_typesupport_c.c.o[0m
[6.885s] [ 93%] [32mBuilding C object CMakeFiles/custom_interfaces__rosidl_typesupport_introspection_c__pyext.dir/rosidl_generator_py/custom_interfaces/_custom_interfaces_s.ep.rosidl_typesupport_introspection_c.c.o[0m
[6.887s] [ 95%] [32mBuilding C object CMakeFiles/custom_interfaces__rosidl_typesupport_fastrtps_c__pyext.dir/rosidl_generator_py/custom_interfaces/_custom_interfaces_s.ep.rosidl_typesupport_fastrtps_c.c.o[0m
[6.963s] [ 98%] [32m[1mLinking C shared library rosidl_generator_py/custom_interfaces/custom_interfaces_s__rosidl_typesupport_introspection_c.cpython-38-x86_64-linux-gnu.so[0m
[6.963s] [ 98%] [32m[1mLinking C shared library rosidl_generator_py/custom_interfaces/custom_interfaces_s__rosidl_typesupport_c.cpython-38-x86_64-linux-gnu.so[0m
[6.964s] [100%] [32m[1mLinking CXX shared library rosidl_generator_py/custom_interfaces/custom_interfaces_s__rosidl_typesupport_fastrtps_c.cpython-38-x86_64-linux-gnu.so[0m
[6.986s] [100%] Built target custom_interfaces__rosidl_typesupport_introspection_c__pyext
[6.986s] [100%] Built target custom_interfaces__rosidl_typesupport_c__pyext
[7.003s] [100%] Built target custom_interfaces__rosidl_typesupport_fastrtps_c__pyext
[7.011s] Invoked command in '/home/lee/Capstone/build/custom_interfaces' returned '0': CMAKE_PREFIX_PATH=${CMAKE_PREFIX_PATH}:/home/lee/gcamp_ros2_ws/install/py_topic_pkg:/home/lee/gcamp_ros2_ws/install/py_service_pkg:/home/lee/gcamp_ros2_ws/install/py_first_pkg:/home/lee/gcamp_ros2_ws/install/py_action_pkg:/opt/ros/foxy /usr/bin/cmake --build /home/lee/Capstone/build/custom_interfaces -- -j16 -l16
[7.061s] Invoking command in '/home/lee/Capstone/build/custom_interfaces': CMAKE_PREFIX_PATH=${CMAKE_PREFIX_PATH}:/home/lee/gcamp_ros2_ws/install/py_topic_pkg:/home/lee/gcamp_ros2_ws/install/py_service_pkg:/home/lee/gcamp_ros2_ws/install/py_first_pkg:/home/lee/gcamp_ros2_ws/install/py_action_pkg:/opt/ros/foxy /usr/bin/cmake --install /home/lee/Capstone/build/custom_interfaces
[7.065s] -- Install configuration: ""
[7.065s] -- Installing: /home/lee/Capstone/install/custom_interfaces/share/ament_index/resource_index/rosidl_interfaces/custom_interfaces
[7.065s] -- Installing: /home/lee/Capstone/install/custom_interfaces/include/custom_interfaces
[7.065s] -- Installing: /home/lee/Capstone/install/custom_interfaces/include/custom_interfaces/action
[7.065s] -- Installing: /home/lee/Capstone/install/custom_interfaces/include/custom_interfaces/action/maze.h
[7.065s] -- Installing: /home/lee/Capstone/install/custom_interfaces/include/custom_interfaces/action/fibonacci.h
[7.065s] -- Installing: /home/lee/Capstone/install/custom_interfaces/include/custom_interfaces/action/detail
[7.065s] -- Installing: /home/lee/Capstone/install/custom_interfaces/include/custom_interfaces/action/detail/maze__type_support.h
[7.065s] -- Installing: /home/lee/Capstone/install/custom_interfaces/include/custom_interfaces/action/detail/maze__functions.c
[7.065s] -- Installing: /home/lee/Capstone/install/custom_interfaces/include/custom_interfaces/action/detail/maze__functions.h
[7.065s] -- Installing: /home/lee/Capstone/install/custom_interfaces/include/custom_interfaces/action/detail/fibonacci__struct.h
[7.065s] -- Installing: /home/lee/Capstone/install/custom_interfaces/include/custom_interfaces/action/detail/fibonacci__functions.h
[7.065s] -- Installing: /home/lee/Capstone/install/custom_interfaces/include/custom_interfaces/action/detail/fibonacci__functions.c
[7.065s] -- Installing: /home/lee/Capstone/install/custom_interfaces/include/custom_interfaces/action/detail/fibonacci__type_support.h
[7.065s] -- Installing: /home/lee/Capstone/install/custom_interfaces/include/custom_interfaces/action/detail/maze__struct.h
[7.065s] -- Installing: /home/lee/Capstone/install/custom_interfaces/include/custom_interfaces/srv
[7.066s] -- Installing: /home/lee/Capstone/install/custom_interfaces/include/custom_interfaces/srv/add_three_ints.h
[7.066s] -- Installing: /home/lee/Capstone/install/custom_interfaces/include/custom_interfaces/srv/detail
[7.066s] -- Installing: /home/lee/Capstone/install/custom_interfaces/include/custom_interfaces/srv/detail/add_three_ints__functions.c
[7.066s] -- Installing: /home/lee/Capstone/install/custom_interfaces/include/custom_interfaces/srv/detail/turning_control__type_support.h
[7.066s] -- Installing: /home/lee/Capstone/install/custom_interfaces/include/custom_interfaces/srv/detail/turning_control__struct.h
[7.066s] -- Installing: /home/lee/Capstone/install/custom_interfaces/include/custom_interfaces/srv/detail/add_three_ints__type_support.h
[7.066s] -- Installing: /home/lee/Capstone/install/custom_interfaces/include/custom_interfaces/srv/detail/turning_control__functions.c
[7.066s] -- Installing: /home/lee/Capstone/install/custom_interfaces/include/custom_interfaces/srv/detail/add_three_ints__struct.h
[7.066s] -- Installing: /home/lee/Capstone/install/custom_interfaces/include/custom_interfaces/srv/detail/add_three_ints__functions.h
[7.066s] -- Installing: /home/lee/Capstone/install/custom_interfaces/include/custom_interfaces/srv/detail/turning_control__functions.h
[7.066s] -- Installing: /home/lee/Capstone/install/custom_interfaces/include/custom_interfaces/srv/turning_control.h
[7.066s] -- Installing: /home/lee/Capstone/install/custom_interfaces/include/custom_interfaces/msg
[7.066s] -- Installing: /home/lee/Capstone/install/custom_interfaces/include/custom_interfaces/msg/detail
[7.066s] -- Installing: /home/lee/Capstone/install/custom_interfaces/include/custom_interfaces/msg/detail/num__functions.c
[7.066s] -- Installing: /home/lee/Capstone/install/custom_interfaces/include/custom_interfaces/msg/detail/num__type_support.h
[7.066s] -- Installing: /home/lee/Capstone/install/custom_interfaces/include/custom_interfaces/msg/detail/num__functions.h
[7.066s] -- Installing: /home/lee/Capstone/install/custom_interfaces/include/custom_interfaces/msg/detail/num__struct.h
[7.066s] -- Installing: /home/lee/Capstone/install/custom_interfaces/include/custom_interfaces/msg/num.h
[7.066s] -- Installing: /home/lee/Capstone/install/custom_interfaces/include/custom_interfaces/msg/rosidl_generator_c__visibility_control.h
[7.066s] -- Installing: /home/lee/Capstone/install/custom_interfaces/share/custom_interfaces/environment/library_path.sh
[7.066s] -- Installing: /home/lee/Capstone/install/custom_interfaces/share/custom_interfaces/environment/library_path.dsv
[7.066s] -- Installing: /home/lee/Capstone/install/custom_interfaces/lib/libcustom_interfaces__rosidl_generator_c.so
[7.066s] -- Set runtime path of "/home/lee/Capstone/install/custom_interfaces/lib/libcustom_interfaces__rosidl_generator_c.so" to ""
[7.066s] -- Up-to-date: /home/lee/Capstone/install/custom_interfaces/include/custom_interfaces
[7.066s] -- Up-to-date: /home/lee/Capstone/install/custom_interfaces/include/custom_interfaces/action
[7.067s] -- Up-to-date: /home/lee/Capstone/install/custom_interfaces/include/custom_interfaces/action/detail
[7.067s] -- Installing: /home/lee/Capstone/install/custom_interfaces/include/custom_interfaces/action/detail/maze__rosidl_typesupport_fastrtps_c.h
[7.067s] -- Installing: /home/lee/Capstone/install/custom_interfaces/include/custom_interfaces/action/detail/fibonacci__rosidl_typesupport_fastrtps_c.h
[7.067s] -- Up-to-date: /home/lee/Capstone/install/custom_interfaces/include/custom_interfaces/srv
[7.067s] -- Up-to-date: /home/lee/Capstone/install/custom_interfaces/include/custom_interfaces/srv/detail
[7.067s] -- Installing: /home/lee/Capstone/install/custom_interfaces/include/custom_interfaces/srv/detail/add_three_ints__rosidl_typesupport_fastrtps_c.h
[7.067s] -- Installing: /home/lee/Capstone/install/custom_interfaces/include/custom_interfaces/srv/detail/turning_control__rosidl_typesupport_fastrtps_c.h
[7.067s] -- Up-to-date: /home/lee/Capstone/install/custom_interfaces/include/custom_interfaces/msg
[7.067s] -- Installing: /home/lee/Capstone/install/custom_interfaces/include/custom_interfaces/msg/rosidl_typesupport_fastrtps_c__visibility_control.h
[7.067s] -- Up-to-date: /home/lee/Capstone/install/custom_interfaces/include/custom_interfaces/msg/detail
[7.067s] -- Installing: /home/lee/Capstone/install/custom_interfaces/include/custom_interfaces/msg/detail/num__rosidl_typesupport_fastrtps_c.h
[7.067s] -- Installing: /home/lee/Capstone/install/custom_interfaces/lib/libcustom_interfaces__rosidl_typesupport_fastrtps_c.so
[7.067s] -- Set runtime path of "/home/lee/Capstone/install/custom_interfaces/lib/libcustom_interfaces__rosidl_typesupport_fastrtps_c.so" to ""
[7.067s] -- Up-to-date: /home/lee/Capstone/install/custom_interfaces/include/custom_interfaces
[7.067s] -- Up-to-date: /home/lee/Capstone/install/custom_interfaces/include/custom_interfaces/action
[7.067s] -- Up-to-date: /home/lee/Capstone/install/custom_interfaces/include/custom_interfaces/action/detail
[7.067s] -- Installing: /home/lee/Capstone/install/custom_interfaces/include/custom_interfaces/action/detail/fibonacci__rosidl_typesupport_fastrtps_cpp.hpp
[7.067s] -- Installing: /home/lee/Capstone/install/custom_interfaces/include/custom_interfaces/action/detail/dds_fastrtps
[7.067s] -- Installing: /home/lee/Capstone/install/custom_interfaces/include/custom_interfaces/action/detail/maze__rosidl_typesupport_fastrtps_cpp.hpp
[7.067s] -- Up-to-date: /home/lee/Capstone/install/custom_interfaces/include/custom_interfaces/srv
[7.067s] -- Up-to-date: /home/lee/Capstone/install/custom_interfaces/include/custom_interfaces/srv/detail
[7.067s] -- Installing: /home/lee/Capstone/install/custom_interfaces/include/custom_interfaces/srv/detail/dds_fastrtps
[7.067s] -- Installing: /home/lee/Capstone/install/custom_interfaces/include/custom_interfaces/srv/detail/add_three_ints__rosidl_typesupport_fastrtps_cpp.hpp
[7.067s] -- Installing: /home/lee/Capstone/install/custom_interfaces/include/custom_interfaces/srv/detail/turning_control__rosidl_typesupport_fastrtps_cpp.hpp
[7.067s] -- Up-to-date: /home/lee/Capstone/install/custom_interfaces/include/custom_interfaces/msg
[7.068s] -- Installing: /home/lee/Capstone/install/custom_interfaces/include/custom_interfaces/msg/rosidl_typesupport_fastrtps_cpp__visibility_control.h
[7.068s] -- Up-to-date: /home/lee/Capstone/install/custom_interfaces/include/custom_interfaces/msg/detail
[7.068s] -- Installing: /home/lee/Capstone/install/custom_interfaces/include/custom_interfaces/msg/detail/dds_fastrtps
[7.068s] -- Installing: /home/lee/Capstone/install/custom_interfaces/include/custom_interfaces/msg/detail/num__rosidl_typesupport_fastrtps_cpp.hpp
[7.068s] -- Installing: /home/lee/Capstone/install/custom_interfaces/lib/libcustom_interfaces__rosidl_typesupport_fastrtps_cpp.so
[7.068s] -- Set runtime path of "/home/lee/Capstone/install/custom_interfaces/lib/libcustom_interfaces__rosidl_typesupport_fastrtps_cpp.so" to ""
[7.068s] -- Up-to-date: /home/lee/Capstone/install/custom_interfaces/include/custom_interfaces
[7.068s] -- Up-to-date: /home/lee/Capstone/install/custom_interfaces/include/custom_interfaces/action
[7.068s] -- Up-to-date: /home/lee/Capstone/install/custom_interfaces/include/custom_interfaces/action/detail
[7.068s] -- Installing: /home/lee/Capstone/install/custom_interfaces/include/custom_interfaces/action/detail/maze__rosidl_typesupport_introspection_c.h
[7.068s] -- Installing: /home/lee/Capstone/install/custom_interfaces/include/custom_interfaces/action/detail/maze__type_support.c
[7.068s] -- Installing: /home/lee/Capstone/install/custom_interfaces/include/custom_interfaces/action/detail/fibonacci__type_support.c
[7.068s] -- Installing: /home/lee/Capstone/install/custom_interfaces/include/custom_interfaces/action/detail/fibonacci__rosidl_typesupport_introspection_c.h
[7.068s] -- Up-to-date: /home/lee/Capstone/install/custom_interfaces/include/custom_interfaces/srv
[7.068s] -- Up-to-date: /home/lee/Capstone/install/custom_interfaces/include/custom_interfaces/srv/detail
[7.068s] -- Installing: /home/lee/Capstone/install/custom_interfaces/include/custom_interfaces/srv/detail/add_three_ints__rosidl_typesupport_introspection_c.h
[7.068s] -- Installing: /home/lee/Capstone/install/custom_interfaces/include/custom_interfaces/srv/detail/turning_control__rosidl_typesupport_introspection_c.h
[7.068s] -- Installing: /home/lee/Capstone/install/custom_interfaces/include/custom_interfaces/srv/detail/turning_control__type_support.c
[7.068s] -- Installing: /home/lee/Capstone/install/custom_interfaces/include/custom_interfaces/srv/detail/add_three_ints__type_support.c
[7.068s] -- Up-to-date: /home/lee/Capstone/install/custom_interfaces/include/custom_interfaces/msg
[7.068s] -- Installing: /home/lee/Capstone/install/custom_interfaces/include/custom_interfaces/msg/rosidl_typesupport_introspection_c__visibility_control.h
[7.068s] -- Up-to-date: /home/lee/Capstone/install/custom_interfaces/include/custom_interfaces/msg/detail
[7.068s] -- Installing: /home/lee/Capstone/install/custom_interfaces/include/custom_interfaces/msg/detail/num__type_support.c
[7.068s] -- Installing: /home/lee/Capstone/install/custom_interfaces/include/custom_interfaces/msg/detail/num__rosidl_typesupport_introspection_c.h
[7.068s] -- Installing: /home/lee/Capstone/install/custom_interfaces/lib/libcustom_interfaces__rosidl_typesupport_introspection_c.so
[7.068s] -- Set runtime path of "/home/lee/Capstone/install/custom_interfaces/lib/libcustom_interfaces__rosidl_typesupport_introspection_c.so" to ""
[7.068s] -- Installing: /home/lee/Capstone/install/custom_interfaces/lib/libcustom_interfaces__rosidl_typesupport_c.so
[7.069s] -- Set runtime path of "/home/lee/Capstone/install/custom_interfaces/lib/libcustom_interfaces__rosidl_typesupport_c.so" to ""
[7.069s] -- Up-to-date: /home/lee/Capstone/install/custom_interfaces/include/custom_interfaces
[7.069s] -- Up-to-date: /home/lee/Capstone/install/custom_interfaces/include/custom_interfaces/action
[7.069s] -- Installing: /home/lee/Capstone/install/custom_interfaces/include/custom_interfaces/action/fibonacci.hpp
[7.069s] -- Installing: /home/lee/Capstone/install/custom_interfaces/include/custom_interfaces/action/maze.hpp
[7.069s] -- Up-to-date: /home/lee/Capstone/install/custom_interfaces/include/custom_interfaces/action/detail
[7.069s] -- Installing: /home/lee/Capstone/install/custom_interfaces/include/custom_interfaces/action/detail/maze__builder.hpp
[7.069s] -- Installing: /home/lee/Capstone/install/custom_interfaces/include/custom_interfaces/action/detail/fibonacci__struct.hpp
[7.069s] -- Installing: /home/lee/Capstone/install/custom_interfaces/include/custom_interfaces/action/detail/fibonacci__type_support.hpp
[7.069s] -- Installing: /home/lee/Capstone/install/custom_interfaces/include/custom_interfaces/action/detail/maze__traits.hpp
[7.069s] -- Installing: /home/lee/Capstone/install/custom_interfaces/include/custom_interfaces/action/detail/maze__struct.hpp
[7.069s] -- Installing: /home/lee/Capstone/install/custom_interfaces/include/custom_interfaces/action/detail/maze__type_support.hpp
[7.069s] -- Installing: /home/lee/Capstone/install/custom_interfaces/include/custom_interfaces/action/detail/fibonacci__traits.hpp
[7.069s] -- Installing: /home/lee/Capstone/install/custom_interfaces/include/custom_interfaces/action/detail/fibonacci__builder.hpp
[7.069s] -- Up-to-date: /home/lee/Capstone/install/custom_interfaces/include/custom_interfaces/srv
[7.070s] -- Installing: /home/lee/Capstone/install/custom_interfaces/include/custom_interfaces/srv/add_three_ints.hpp
[7.070s] -- Installing: /home/lee/Capstone/install/custom_interfaces/include/custom_interfaces/srv/turning_control.hpp
[7.070s] -- Up-to-date: /home/lee/Capstone/install/custom_interfaces/include/custom_interfaces/srv/detail
[7.070s] -- Installing: /home/lee/Capstone/install/custom_interfaces/include/custom_interfaces/srv/detail/turning_control__builder.hpp
[7.070s] -- Installing: /home/lee/Capstone/install/custom_interfaces/include/custom_interfaces/srv/detail/turning_control__struct.hpp
[7.070s] -- Installing: /home/lee/Capstone/install/custom_interfaces/include/custom_interfaces/srv/detail/turning_control__type_support.hpp
[7.070s] -- Installing: /home/lee/Capstone/install/custom_interfaces/include/custom_interfaces/srv/detail/add_three_ints__type_support.hpp
[7.070s] -- Installing: /home/lee/Capstone/install/custom_interfaces/include/custom_interfaces/srv/detail/add_three_ints__builder.hpp
[7.070s] -- Installing: /home/lee/Capstone/install/custom_interfaces/include/custom_interfaces/srv/detail/add_three_ints__struct.hpp
[7.070s] -- Installing: /home/lee/Capstone/install/custom_interfaces/include/custom_interfaces/srv/detail/turning_control__traits.hpp
[7.070s] -- Installing: /home/lee/Capstone/install/custom_interfaces/include/custom_interfaces/srv/detail/add_three_ints__traits.hpp
[7.070s] -- Up-to-date: /home/lee/Capstone/install/custom_interfaces/include/custom_interfaces/msg
[7.070s] -- Installing: /home/lee/Capstone/install/custom_interfaces/include/custom_interfaces/msg/num.hpp
[7.070s] -- Up-to-date: /home/lee/Capstone/install/custom_interfaces/include/custom_interfaces/msg/detail
[7.070s] -- Installing: /home/lee/Capstone/install/custom_interfaces/include/custom_interfaces/msg/detail/num__traits.hpp
[7.070s] -- Installing: /home/lee/Capstone/install/custom_interfaces/include/custom_interfaces/msg/detail/num__struct.hpp
[7.070s] -- Installing: /home/lee/Capstone/install/custom_interfaces/include/custom_interfaces/msg/detail/num__type_support.hpp
[7.070s] -- Installing: /home/lee/Capstone/install/custom_interfaces/include/custom_interfaces/msg/detail/num__builder.hpp
[7.070s] -- Installing: /home/lee/Capstone/install/custom_interfaces/include/custom_interfaces/msg/rosidl_generator_cpp__visibility_control.hpp
[7.070s] -- Up-to-date: /home/lee/Capstone/install/custom_interfaces/include/custom_interfaces
[7.070s] -- Up-to-date: /home/lee/Capstone/install/custom_interfaces/include/custom_interfaces/action
[7.070s] -- Up-to-date: /home/lee/Capstone/install/custom_interfaces/include/custom_interfaces/action/detail
[7.070s] -- Installing: /home/lee/Capstone/install/custom_interfaces/include/custom_interfaces/action/detail/maze__type_support.cpp
[7.071s] -- Installing: /home/lee/Capstone/install/custom_interfaces/include/custom_interfaces/action/detail/fibonacci__rosidl_typesupport_introspection_cpp.hpp
[7.071s] -- Installing: /home/lee/Capstone/install/custom_interfaces/include/custom_interfaces/action/detail/fibonacci__type_support.cpp
[7.071s] -- Installing: /home/lee/Capstone/install/custom_interfaces/include/custom_interfaces/action/detail/maze__rosidl_typesupport_introspection_cpp.hpp
[7.071s] -- Up-to-date: /home/lee/Capstone/install/custom_interfaces/include/custom_interfaces/srv
[7.071s] -- Up-to-date: /home/lee/Capstone/install/custom_interfaces/include/custom_interfaces/srv/detail
[7.071s] -- Installing: /home/lee/Capstone/install/custom_interfaces/include/custom_interfaces/srv/detail/add_three_ints__rosidl_typesupport_introspection_cpp.hpp
[7.071s] -- Installing: /home/lee/Capstone/install/custom_interfaces/include/custom_interfaces/srv/detail/turning_control__type_support.cpp
[7.071s] -- Installing: /home/lee/Capstone/install/custom_interfaces/include/custom_interfaces/srv/detail/add_three_ints__type_support.cpp
[7.071s] -- Installing: /home/lee/Capstone/install/custom_interfaces/include/custom_interfaces/srv/detail/turning_control__rosidl_typesupport_introspection_cpp.hpp
[7.071s] -- Up-to-date: /home/lee/Capstone/install/custom_interfaces/include/custom_interfaces/msg
[7.071s] -- Up-to-date: /home/lee/Capstone/install/custom_interfaces/include/custom_interfaces/msg/detail
[7.071s] -- Installing: /home/lee/Capstone/install/custom_interfaces/include/custom_interfaces/msg/detail/num__rosidl_typesupport_introspection_cpp.hpp
[7.071s] -- Installing: /home/lee/Capstone/install/custom_interfaces/include/custom_interfaces/msg/detail/num__type_support.cpp
[7.071s] -- Installing: /home/lee/Capstone/install/custom_interfaces/lib/libcustom_interfaces__rosidl_typesupport_introspection_cpp.so
[7.071s] -- Set runtime path of "/home/lee/Capstone/install/custom_interfaces/lib/libcustom_interfaces__rosidl_typesupport_introspection_cpp.so" to ""
[7.071s] -- Installing: /home/lee/Capstone/install/custom_interfaces/lib/libcustom_interfaces__rosidl_typesupport_cpp.so
[7.071s] -- Set runtime path of "/home/lee/Capstone/install/custom_interfaces/lib/libcustom_interfaces__rosidl_typesupport_cpp.so" to ""
[7.071s] -- Installing: /home/lee/Capstone/install/custom_interfaces/share/custom_interfaces/environment/pythonpath.sh
[7.071s] -- Installing: /home/lee/Capstone/install/custom_interfaces/share/custom_interfaces/environment/pythonpath.dsv
[7.071s] -- Installing: /home/lee/Capstone/install/custom_interfaces/lib/python3.8/site-packages/custom_interfaces/__init__.py
[7.089s] Compiling '/home/lee/Capstone/install/custom_interfaces/lib/python3.8/site-packages/custom_interfaces/__init__.py'...
[7.091s] -- Installing: /home/lee/Capstone/install/custom_interfaces/lib/python3.8/site-packages/custom_interfaces/msg
[7.091s] -- Installing: /home/lee/Capstone/install/custom_interfaces/lib/python3.8/site-packages/custom_interfaces/msg/_num_s.c
[7.091s] -- Installing: /home/lee/Capstone/install/custom_interfaces/lib/python3.8/site-packages/custom_interfaces/msg/_num.py
[7.091s] -- Installing: /home/lee/Capstone/install/custom_interfaces/lib/python3.8/site-packages/custom_interfaces/msg/__init__.py
[7.091s] -- Installing: /home/lee/Capstone/install/custom_interfaces/lib/python3.8/site-packages/custom_interfaces/srv
[7.091s] -- Installing: /home/lee/Capstone/install/custom_interfaces/lib/python3.8/site-packages/custom_interfaces/srv/_turning_control.py
[7.091s] -- Installing: /home/lee/Capstone/install/custom_interfaces/lib/python3.8/site-packages/custom_interfaces/srv/_add_three_ints.py
[7.091s] -- Installing: /home/lee/Capstone/install/custom_interfaces/lib/python3.8/site-packages/custom_interfaces/srv/_add_three_ints_s.c
[7.091s] -- Installing: /home/lee/Capstone/install/custom_interfaces/lib/python3.8/site-packages/custom_interfaces/srv/_turning_control_s.c
[7.091s] -- Installing: /home/lee/Capstone/install/custom_interfaces/lib/python3.8/site-packages/custom_interfaces/srv/__init__.py
[7.091s] -- Installing: /home/lee/Capstone/install/custom_interfaces/lib/python3.8/site-packages/custom_interfaces/action
[7.091s] -- Installing: /home/lee/Capstone/install/custom_interfaces/lib/python3.8/site-packages/custom_interfaces/action/_maze.py
[7.091s] -- Installing: /home/lee/Capstone/install/custom_interfaces/lib/python3.8/site-packages/custom_interfaces/action/_fibonacci.py
[7.091s] -- Installing: /home/lee/Capstone/install/custom_interfaces/lib/python3.8/site-packages/custom_interfaces/action/_fibonacci_s.c
[7.092s] -- Installing: /home/lee/Capstone/install/custom_interfaces/lib/python3.8/site-packages/custom_interfaces/action/_maze_s.c
[7.092s] -- Installing: /home/lee/Capstone/install/custom_interfaces/lib/python3.8/site-packages/custom_interfaces/action/__init__.py
[7.092s] -- Installing: /home/lee/Capstone/install/custom_interfaces/lib/python3.8/site-packages/custom_interfaces/custom_interfaces_s__rosidl_typesupport_fastrtps_c.cpython-38-x86_64-linux-gnu.so
[7.092s] -- Set runtime path of "/home/lee/Capstone/install/custom_interfaces/lib/python3.8/site-packages/custom_interfaces/custom_interfaces_s__rosidl_typesupport_fastrtps_c.cpython-38-x86_64-linux-gnu.so" to ""
[7.092s] -- Installing: /home/lee/Capstone/install/custom_interfaces/lib/python3.8/site-packages/custom_interfaces/custom_interfaces_s__rosidl_typesupport_introspection_c.cpython-38-x86_64-linux-gnu.so
[7.092s] -- Set runtime path of "/home/lee/Capstone/install/custom_interfaces/lib/python3.8/site-packages/custom_interfaces/custom_interfaces_s__rosidl_typesupport_introspection_c.cpython-38-x86_64-linux-gnu.so" to ""
[7.092s] -- Installing: /home/lee/Capstone/install/custom_interfaces/lib/python3.8/site-packages/custom_interfaces/custom_interfaces_s__rosidl_typesupport_c.cpython-38-x86_64-linux-gnu.so
[7.093s] -- Set runtime path of "/home/lee/Capstone/install/custom_interfaces/lib/python3.8/site-packages/custom_interfaces/custom_interfaces_s__rosidl_typesupport_c.cpython-38-x86_64-linux-gnu.so" to ""
[7.093s] -- Installing: /home/lee/Capstone/install/custom_interfaces/lib/libcustom_interfaces__python.so
[7.093s] -- Set runtime path of "/home/lee/Capstone/install/custom_interfaces/lib/libcustom_interfaces__python.so" to ""
[7.093s] -- Installing: /home/lee/Capstone/install/custom_interfaces/share/custom_interfaces/msg/Num.idl
[7.094s] -- Installing: /home/lee/Capstone/install/custom_interfaces/share/custom_interfaces/srv/AddThreeInts.idl
[7.094s] -- Installing: /home/lee/Capstone/install/custom_interfaces/share/custom_interfaces/srv/TurningControl.idl
[7.094s] -- Installing: /home/lee/Capstone/install/custom_interfaces/share/custom_interfaces/action/Fibonacci.idl
[7.094s] -- Installing: /home/lee/Capstone/install/custom_interfaces/share/custom_interfaces/action/Maze.idl
[7.094s] -- Installing: /home/lee/Capstone/install/custom_interfaces/share/custom_interfaces/msg/Num.msg
[7.094s] -- Installing: /home/lee/Capstone/install/custom_interfaces/share/custom_interfaces/srv/AddThreeInts.srv
[7.094s] -- Installing: /home/lee/Capstone/install/custom_interfaces/share/custom_interfaces/srv/AddThreeInts_Request.msg
[7.094s] -- Installing: /home/lee/Capstone/install/custom_interfaces/share/custom_interfaces/srv/AddThreeInts_Response.msg
[7.094s] -- Installing: /home/lee/Capstone/install/custom_interfaces/share/custom_interfaces/srv/TurningControl.srv
[7.094s] -- Installing: /home/lee/Capstone/install/custom_interfaces/share/custom_interfaces/srv/TurningControl_Request.msg
[7.094s] -- Installing: /home/lee/Capstone/install/custom_interfaces/share/custom_interfaces/srv/TurningControl_Response.msg
[7.094s] -- Installing: /home/lee/Capstone/install/custom_interfaces/share/custom_interfaces/action/Fibonacci.action
[7.094s] -- Installing: /home/lee/Capstone/install/custom_interfaces/share/custom_interfaces/action/Maze.action
[7.094s] -- Installing: /home/lee/Capstone/install/custom_interfaces/share/ament_index/resource_index/package_run_dependencies/custom_interfaces
[7.094s] -- Installing: /home/lee/Capstone/install/custom_interfaces/share/ament_index/resource_index/parent_prefix_path/custom_interfaces
[7.094s] -- Installing: /home/lee/Capstone/install/custom_interfaces/share/custom_interfaces/environment/ament_prefix_path.sh
[7.094s] -- Installing: /home/lee/Capstone/install/custom_interfaces/share/custom_interfaces/environment/ament_prefix_path.dsv
[7.094s] -- Installing: /home/lee/Capstone/install/custom_interfaces/share/custom_interfaces/environment/path.sh
[7.094s] -- Installing: /home/lee/Capstone/install/custom_interfaces/share/custom_interfaces/environment/path.dsv
[7.094s] -- Installing: /home/lee/Capstone/install/custom_interfaces/share/custom_interfaces/local_setup.bash
[7.094s] -- Installing: /home/lee/Capstone/install/custom_interfaces/share/custom_interfaces/local_setup.sh
[7.094s] -- Installing: /home/lee/Capstone/install/custom_interfaces/share/custom_interfaces/local_setup.zsh
[7.094s] -- Installing: /home/lee/Capstone/install/custom_interfaces/share/custom_interfaces/local_setup.dsv
[7.095s] -- Installing: /home/lee/Capstone/install/custom_interfaces/share/custom_interfaces/package.dsv
[7.095s] -- Installing: /home/lee/Capstone/install/custom_interfaces/share/ament_index/resource_index/packages/custom_interfaces
[7.095s] -- Installing: /home/lee/Capstone/install/custom_interfaces/share/custom_interfaces/cmake/custom_interfaces__rosidl_generator_cExport.cmake
[7.095s] -- Installing: /home/lee/Capstone/install/custom_interfaces/share/custom_interfaces/cmake/custom_interfaces__rosidl_generator_cExport-noconfig.cmake
[7.095s] -- Installing: /home/lee/Capstone/install/custom_interfaces/share/custom_interfaces/cmake/custom_interfaces__rosidl_typesupport_introspection_cExport.cmake
[7.095s] -- Installing: /home/lee/Capstone/install/custom_interfaces/share/custom_interfaces/cmake/custom_interfaces__rosidl_typesupport_introspection_cExport-noconfig.cmake
[7.095s] -- Installing: /home/lee/Capstone/install/custom_interfaces/share/custom_interfaces/cmake/custom_interfaces__rosidl_typesupport_cExport.cmake
[7.095s] -- Installing: /home/lee/Capstone/install/custom_interfaces/share/custom_interfaces/cmake/custom_interfaces__rosidl_typesupport_cExport-noconfig.cmake
[7.095s] -- Installing: /home/lee/Capstone/install/custom_interfaces/share/custom_interfaces/cmake/custom_interfaces__rosidl_generator_cppExport.cmake
[7.095s] -- Installing: /home/lee/Capstone/install/custom_interfaces/share/custom_interfaces/cmake/custom_interfaces__rosidl_typesupport_introspection_cppExport.cmake
[7.095s] -- Installing: /home/lee/Capstone/install/custom_interfaces/share/custom_interfaces/cmake/custom_interfaces__rosidl_typesupport_introspection_cppExport-noconfig.cmake
[7.095s] -- Installing: /home/lee/Capstone/install/custom_interfaces/share/custom_interfaces/cmake/custom_interfaces__rosidl_typesupport_cppExport.cmake
[7.095s] -- Installing: /home/lee/Capstone/install/custom_interfaces/share/custom_interfaces/cmake/custom_interfaces__rosidl_typesupport_cppExport-noconfig.cmake
[7.095s] -- Installing: /home/lee/Capstone/install/custom_interfaces/share/custom_interfaces/cmake/rosidl_cmake-extras.cmake
[7.095s] -- Installing: /home/lee/Capstone/install/custom_interfaces/share/custom_interfaces/cmake/ament_cmake_export_dependencies-extras.cmake
[7.095s] -- Installing: /home/lee/Capstone/install/custom_interfaces/share/custom_interfaces/cmake/ament_cmake_export_libraries-extras.cmake
[7.095s] -- Installing: /home/lee/Capstone/install/custom_interfaces/share/custom_interfaces/cmake/ament_cmake_export_targets-extras.cmake
[7.095s] -- Installing: /home/lee/Capstone/install/custom_interfaces/share/custom_interfaces/cmake/ament_cmake_export_include_directories-extras.cmake
[7.096s] -- Installing: /home/lee/Capstone/install/custom_interfaces/share/custom_interfaces/cmake/rosidl_cmake_export_typesupport_libraries-extras.cmake
[7.096s] -- Installing: /home/lee/Capstone/install/custom_interfaces/share/custom_interfaces/cmake/rosidl_cmake_export_typesupport_targets-extras.cmake
[7.096s] -- Installing: /home/lee/Capstone/install/custom_interfaces/share/custom_interfaces/cmake/custom_interfacesConfig.cmake
[7.096s] -- Installing: /home/lee/Capstone/install/custom_interfaces/share/custom_interfaces/cmake/custom_interfacesConfig-version.cmake
[7.096s] -- Installing: /home/lee/Capstone/install/custom_interfaces/share/custom_interfaces/package.xml
[7.097s] Invoked command in '/home/lee/Capstone/build/custom_interfaces' returned '0': CMAKE_PREFIX_PATH=${CMAKE_PREFIX_PATH}:/home/lee/gcamp_ros2_ws/install/py_topic_pkg:/home/lee/gcamp_ros2_ws/install/py_service_pkg:/home/lee/gcamp_ros2_ws/install/py_first_pkg:/home/lee/gcamp_ros2_ws/install/py_action_pkg:/opt/ros/foxy /usr/bin/cmake --install /home/lee/Capstone/build/custom_interfaces
