[0.197s] Invoking command in '/home/lee/Capstone/src/build/cpp_first_pkg': CMAKE_PREFIX_PATH=${CMAKE_PREFIX_PATH}:/home/lee/turtlebot3_ws/install/turtlebot3_teleop:/home/lee/turtlebot3_ws/install/turtlebot3_example:/home/lee/gcamp_ros2_ws/install/py_topic_pkg:/home/lee/gcamp_ros2_ws/install/py_service_pkg:/home/lee/gcamp_ros2_ws/install/py_first_pkg:/home/lee/gcamp_ros2_ws/install/py_action_pkg:/opt/ros/foxy /usr/bin/cmake /home/lee/Capstone/src/gcamp_ros2_basic/cpp_first_pkg -DCMAKE_INSTALL_PREFIX=/home/lee/Capstone/src/install/cpp_first_pkg
[0.745s] -- The C compiler identification is GNU 9.4.0
[0.745s] -- The CXX compiler identification is GNU 9.4.0
[0.745s] -- Check for working C compiler: /usr/bin/cc
[0.746s] -- Check for working C compiler: /usr/bin/cc -- works
[0.746s] -- Detecting C compiler ABI info
[0.746s] -- Detecting C compiler ABI info - done
[0.746s] -- Detecting C compile features
[0.746s] -- Detecting C compile features - done
[0.746s] -- Check for working CXX compiler: /usr/bin/c++
[0.746s] -- Check for working CXX compiler: /usr/bin/c++ -- works
[0.746s] -- Detecting CXX compiler ABI info
[0.746s] -- Detecting CXX compiler ABI info - done
[0.746s] -- Detecting CXX compile features
[0.746s] -- Detecting CXX compile features - done
[0.746s] -- Found ament_cmake: 0.9.12 (/opt/ros/foxy/share/ament_cmake/cmake)
[0.746s] -- Found PythonInterp: /usr/bin/python3 (found suitable version "3.8.10", minimum required is "3") 
[0.746s] -- Using PYTHON_EXECUTABLE: /usr/bin/python3
[0.746s] -- Found rclcpp: 2.4.3 (/opt/ros/foxy/share/rclcpp/cmake)
[0.803s] -- Using all available rosidl_typesupport_c: rosidl_typesupport_fastrtps_c;rosidl_typesupport_introspection_c
[0.815s] -- Found rosidl_adapter: 1.3.1 (/opt/ros/foxy/share/rosidl_adapter/cmake)
[0.908s] -- Found OpenSSL: /usr/lib/x86_64-linux-gnu/libcrypto.so (found version "1.1.1f")  
[0.939s] -- Found FastRTPS: /opt/ros/foxy/include  
[1.023s] -- Using all available rosidl_typesupport_cpp: rosidl_typesupport_fastrtps_cpp;rosidl_typesupport_introspection_cpp
[1.087s] -- Found rmw_implementation_cmake: 1.0.4 (/opt/ros/foxy/share/rmw_implementation_cmake/cmake)
[1.089s] -- Using RMW implementation 'rmw_fastrtps_cpp' as default
[1.089s] -- Looking for pthread.h
[1.148s] -- Looking for pthread.h - found
[1.148s] -- Performing Test CMAKE_HAVE_LIBC_PTHREAD
[1.205s] -- Performing Test CMAKE_HAVE_LIBC_PTHREAD - Failed
[1.205s] -- Looking for pthread_create in pthreads
[1.246s] -- Looking for pthread_create in pthreads - not found
[1.246s] -- Looking for pthread_create in pthread
[1.302s] -- Looking for pthread_create in pthread - found
[1.303s] -- Found Threads: TRUE  
[1.415s] -- Found ament_lint_auto: 0.9.8 (/opt/ros/foxy/share/ament_lint_auto/cmake)
[1.498s] -- Added test 'copyright' to check source files copyright and LICENSE
[1.499s] -- Added test 'cppcheck' to perform static code analysis on C / C++ code
[1.499s] -- Configured cppcheck include dirs: 
[1.499s] -- Configured cppcheck exclude dirs and/or files: 
[1.500s] -- Added test 'cpplint' to check C / C++ code against the Google style
[1.500s] -- Configured cpplint exclude dirs and/or files: 
[1.501s] -- Added test 'flake8' to check Python code syntax and style conventions
[1.502s] -- Added test 'lint_cmake' to check CMake code style
[1.502s] -- Added test 'pep257' to check Python code against some of the style conventions in PEP 257
[1.504s] -- Added test 'uncrustify' to check C / C++ code style
[1.504s] -- Configured uncrustify additional arguments: 
[1.505s] -- Added test 'xmllint' to check XML markup files
[1.508s] -- Configuring done
[1.525s] -- Generating done
[1.526s] -- Build files have been written to: /home/lee/Capstone/src/build/cpp_first_pkg
[1.534s] Invoked command in '/home/lee/Capstone/src/build/cpp_first_pkg' returned '0': CMAKE_PREFIX_PATH=${CMAKE_PREFIX_PATH}:/home/lee/turtlebot3_ws/install/turtlebot3_teleop:/home/lee/turtlebot3_ws/install/turtlebot3_example:/home/lee/gcamp_ros2_ws/install/py_topic_pkg:/home/lee/gcamp_ros2_ws/install/py_service_pkg:/home/lee/gcamp_ros2_ws/install/py_first_pkg:/home/lee/gcamp_ros2_ws/install/py_action_pkg:/opt/ros/foxy /usr/bin/cmake /home/lee/Capstone/src/gcamp_ros2_basic/cpp_first_pkg -DCMAKE_INSTALL_PREFIX=/home/lee/Capstone/src/install/cpp_first_pkg
[1.537s] Invoking command in '/home/lee/Capstone/src/build/cpp_first_pkg': CMAKE_PREFIX_PATH=${CMAKE_PREFIX_PATH}:/home/lee/turtlebot3_ws/install/turtlebot3_teleop:/home/lee/turtlebot3_ws/install/turtlebot3_example:/home/lee/gcamp_ros2_ws/install/py_topic_pkg:/home/lee/gcamp_ros2_ws/install/py_service_pkg:/home/lee/gcamp_ros2_ws/install/py_first_pkg:/home/lee/gcamp_ros2_ws/install/py_action_pkg:/opt/ros/foxy /usr/bin/cmake --build /home/lee/Capstone/src/build/cpp_first_pkg -- -j16 -l16
[1.573s] [35m[1mScanning dependencies of target lifecycle_node[0m
[1.574s] [35m[1mScanning dependencies of target simple_loop_node[0m
[1.574s] [35m[1mScanning dependencies of target simple_node[0m
[1.574s] [35m[1mScanning dependencies of target simple_oop_node[0m
[1.574s] [35m[1mScanning dependencies of target simple_without_oop_node[0m
[1.596s] [ 10%] [32mBuilding CXX object CMakeFiles/simple_node.dir/src/simple.cpp.o[0m
[1.602s] [ 20%] [32mBuilding CXX object CMakeFiles/simple_loop_node.dir/src/simple_loop.cpp.o[0m
[1.605s] [ 30%] [32mBuilding CXX object CMakeFiles/lifecycle_node.dir/src/lifecycle.cpp.o[0m
[1.606s] [ 40%] [32mBuilding CXX object CMakeFiles/simple_without_oop_node.dir/src/simple_without_oop.cpp.o[0m
[1.613s] [ 50%] [32mBuilding CXX object CMakeFiles/simple_oop_node.dir/src/simple_oop.cpp.o[0m
[4.192s] [ 60%] [32m[1mLinking CXX executable simple_without_oop_node[0m
[4.320s] [ 70%] [32m[1mLinking CXX executable simple_oop_node[0m
[4.416s] [ 80%] [32m[1mLinking CXX executable simple_node[0m
[4.689s] [ 80%] Built target simple_without_oop_node
[4.760s] [ 80%] Built target simple_oop_node
[4.809s] [ 80%] Built target simple_node
[5.259s] [ 90%] [32m[1mLinking CXX executable lifecycle_node[0m
[5.570s] [ 90%] Built target lifecycle_node
[5.731s] [100%] [32m[1mLinking CXX executable simple_loop_node[0m
[5.932s] [100%] Built target simple_loop_node
[5.946s] Invoked command in '/home/lee/Capstone/src/build/cpp_first_pkg' returned '0': CMAKE_PREFIX_PATH=${CMAKE_PREFIX_PATH}:/home/lee/turtlebot3_ws/install/turtlebot3_teleop:/home/lee/turtlebot3_ws/install/turtlebot3_example:/home/lee/gcamp_ros2_ws/install/py_topic_pkg:/home/lee/gcamp_ros2_ws/install/py_service_pkg:/home/lee/gcamp_ros2_ws/install/py_first_pkg:/home/lee/gcamp_ros2_ws/install/py_action_pkg:/opt/ros/foxy /usr/bin/cmake --build /home/lee/Capstone/src/build/cpp_first_pkg -- -j16 -l16
[5.979s] Invoking command in '/home/lee/Capstone/src/build/cpp_first_pkg': CMAKE_PREFIX_PATH=${CMAKE_PREFIX_PATH}:/home/lee/turtlebot3_ws/install/turtlebot3_teleop:/home/lee/turtlebot3_ws/install/turtlebot3_example:/home/lee/gcamp_ros2_ws/install/py_topic_pkg:/home/lee/gcamp_ros2_ws/install/py_service_pkg:/home/lee/gcamp_ros2_ws/install/py_first_pkg:/home/lee/gcamp_ros2_ws/install/py_action_pkg:/opt/ros/foxy /usr/bin/cmake --install /home/lee/Capstone/src/build/cpp_first_pkg
[5.988s] -- Install configuration: ""
[5.988s] -- Installing: /home/lee/Capstone/src/install/cpp_first_pkg/lib/cpp_first_pkg/lifecycle_node
[5.989s] -- Set runtime path of "/home/lee/Capstone/src/install/cpp_first_pkg/lib/cpp_first_pkg/lifecycle_node" to ""
[5.989s] -- Installing: /home/lee/Capstone/src/install/cpp_first_pkg/lib/cpp_first_pkg/simple_loop_node
[5.989s] -- Set runtime path of "/home/lee/Capstone/src/install/cpp_first_pkg/lib/cpp_first_pkg/simple_loop_node" to ""
[5.989s] -- Installing: /home/lee/Capstone/src/install/cpp_first_pkg/lib/cpp_first_pkg/simple_oop_node
[5.990s] -- Set runtime path of "/home/lee/Capstone/src/install/cpp_first_pkg/lib/cpp_first_pkg/simple_oop_node" to ""
[5.990s] -- Installing: /home/lee/Capstone/src/install/cpp_first_pkg/lib/cpp_first_pkg/simple_without_oop_node
[5.990s] -- Set runtime path of "/home/lee/Capstone/src/install/cpp_first_pkg/lib/cpp_first_pkg/simple_without_oop_node" to ""
[5.990s] -- Installing: /home/lee/Capstone/src/install/cpp_first_pkg/lib/cpp_first_pkg/simple_node
[5.990s] -- Set runtime path of "/home/lee/Capstone/src/install/cpp_first_pkg/lib/cpp_first_pkg/simple_node" to ""
[5.990s] -- Installing: /home/lee/Capstone/src/install/cpp_first_pkg/share/ament_index/resource_index/package_run_dependencies/cpp_first_pkg
[5.991s] -- Installing: /home/lee/Capstone/src/install/cpp_first_pkg/share/ament_index/resource_index/parent_prefix_path/cpp_first_pkg
[5.991s] -- Installing: /home/lee/Capstone/src/install/cpp_first_pkg/share/cpp_first_pkg/environment/ament_prefix_path.sh
[5.991s] -- Installing: /home/lee/Capstone/src/install/cpp_first_pkg/share/cpp_first_pkg/environment/ament_prefix_path.dsv
[5.991s] -- Installing: /home/lee/Capstone/src/install/cpp_first_pkg/share/cpp_first_pkg/environment/path.sh
[5.992s] -- Installing: /home/lee/Capstone/src/install/cpp_first_pkg/share/cpp_first_pkg/environment/path.dsv
[5.992s] -- Installing: /home/lee/Capstone/src/install/cpp_first_pkg/share/cpp_first_pkg/local_setup.bash
[5.992s] -- Installing: /home/lee/Capstone/src/install/cpp_first_pkg/share/cpp_first_pkg/local_setup.sh
[5.992s] -- Installing: /home/lee/Capstone/src/install/cpp_first_pkg/share/cpp_first_pkg/local_setup.zsh
[5.993s] -- Installing: /home/lee/Capstone/src/install/cpp_first_pkg/share/cpp_first_pkg/local_setup.dsv
[5.993s] -- Installing: /home/lee/Capstone/src/install/cpp_first_pkg/share/cpp_first_pkg/package.dsv
[5.993s] -- Installing: /home/lee/Capstone/src/install/cpp_first_pkg/share/ament_index/resource_index/packages/cpp_first_pkg
[5.993s] -- Installing: /home/lee/Capstone/src/install/cpp_first_pkg/share/cpp_first_pkg/cmake/cpp_first_pkgConfig.cmake
[5.993s] -- Installing: /home/lee/Capstone/src/install/cpp_first_pkg/share/cpp_first_pkg/cmake/cpp_first_pkgConfig-version.cmake
[5.993s] -- Installing: /home/lee/Capstone/src/install/cpp_first_pkg/share/cpp_first_pkg/package.xml
[5.994s] -- Installing: /home/lee/Capstone/src/install/cpp_first_pkg/share/cpp_first_pkg//launch
[5.994s] -- Installing: /home/lee/Capstone/src/install/cpp_first_pkg/share/cpp_first_pkg//launch/simple_node.launch.py
[6.001s] Invoked command in '/home/lee/Capstone/src/build/cpp_first_pkg' returned '0': CMAKE_PREFIX_PATH=${CMAKE_PREFIX_PATH}:/home/lee/turtlebot3_ws/install/turtlebot3_teleop:/home/lee/turtlebot3_ws/install/turtlebot3_example:/home/lee/gcamp_ros2_ws/install/py_topic_pkg:/home/lee/gcamp_ros2_ws/install/py_service_pkg:/home/lee/gcamp_ros2_ws/install/py_first_pkg:/home/lee/gcamp_ros2_ws/install/py_action_pkg:/opt/ros/foxy /usr/bin/cmake --install /home/lee/Capstone/src/build/cpp_first_pkg
