[0.348s] Invoking command in '/home/lee/Capstone/src/teleop_simulation_pkg': PYTHONPATH=/home/lee/Capstone/build/teleop_simulation_pkg/prefix_override:/home/lee/Capstone/install/teleop_simulation_pkg/lib/python3.8/site-packages:${PYTHONPATH} /usr/bin/python3 -W ignore:setup.py install is deprecated setup.py egg_info --egg-base ../../build/teleop_simulation_pkg build --build-base /home/lee/Capstone/build/teleop_simulation_pkg/build install --record /home/lee/Capstone/build/teleop_simulation_pkg/install.log --install-scripts $base/lib/teleop_simulation_pkg --single-version-externally-managed install_data
[0.458s] running egg_info
[0.458s] writing ../../build/teleop_simulation_pkg/teleop_simulation_pkg.egg-info/PKG-INFO
[0.458s] writing dependency_links to ../../build/teleop_simulation_pkg/teleop_simulation_pkg.egg-info/dependency_links.txt
[0.458s] writing entry points to ../../build/teleop_simulation_pkg/teleop_simulation_pkg.egg-info/entry_points.txt
[0.458s] writing requirements to ../../build/teleop_simulation_pkg/teleop_simulation_pkg.egg-info/requires.txt
[0.458s] writing top-level names to ../../build/teleop_simulation_pkg/teleop_simulation_pkg.egg-info/top_level.txt
[0.476s] reading manifest file '../../build/teleop_simulation_pkg/teleop_simulation_pkg.egg-info/SOURCES.txt'
[0.476s] writing manifest file '../../build/teleop_simulation_pkg/teleop_simulation_pkg.egg-info/SOURCES.txt'
[0.476s] running build
[0.476s] running build_py
[0.476s] copying teleop_simulation_pkg/turtlebot3_teleop_key.py -> /home/lee/Capstone/build/teleop_simulation_pkg/build/lib/teleop_simulation_pkg
[0.476s] running install
[0.477s] running install_lib
[0.477s] copying /home/lee/Capstone/build/teleop_simulation_pkg/build/lib/teleop_simulation_pkg/turtlebot3_teleop_key.py -> /home/lee/Capstone/install/teleop_simulation_pkg/lib/python3.8/site-packages/teleop_simulation_pkg
[0.477s] byte-compiling /home/lee/Capstone/install/teleop_simulation_pkg/lib/python3.8/site-packages/teleop_simulation_pkg/turtlebot3_teleop_key.py to turtlebot3_teleop_key.cpython-38.pyc
[0.478s] running install_data
[0.478s] running install_egg_info
[0.479s] removing '/home/lee/Capstone/install/teleop_simulation_pkg/lib/python3.8/site-packages/teleop_simulation_pkg-0.0.0-py3.8.egg-info' (and everything under it)
[0.479s] Copying ../../build/teleop_simulation_pkg/teleop_simulation_pkg.egg-info to /home/lee/Capstone/install/teleop_simulation_pkg/lib/python3.8/site-packages/teleop_simulation_pkg-0.0.0-py3.8.egg-info
[0.480s] running install_scripts
[0.488s] Installing hand_tracking_node2 script to /home/lee/Capstone/install/teleop_simulation_pkg/lib/teleop_simulation_pkg
[0.489s] Installing img_subscriber script to /home/lee/Capstone/install/teleop_simulation_pkg/lib/teleop_simulation_pkg
[0.489s] Installing turtlebot3_teleop_key script to /home/lee/Capstone/install/teleop_simulation_pkg/lib/teleop_simulation_pkg
[0.489s] writing list of installed files to '/home/lee/Capstone/build/teleop_simulation_pkg/install.log'
[0.499s] Invoked command in '/home/lee/Capstone/src/teleop_simulation_pkg' returned '0': PYTHONPATH=/home/lee/Capstone/build/teleop_simulation_pkg/prefix_override:/home/lee/Capstone/install/teleop_simulation_pkg/lib/python3.8/site-packages:${PYTHONPATH} /usr/bin/python3 -W ignore:setup.py install is deprecated setup.py egg_info --egg-base ../../build/teleop_simulation_pkg build --build-base /home/lee/Capstone/build/teleop_simulation_pkg/build install --record /home/lee/Capstone/build/teleop_simulation_pkg/install.log --install-scripts $base/lib/teleop_simulation_pkg --single-version-externally-managed install_data
