[0.564s] Invoking command in '/home/lee/Capstone/src/gcamp_ros2_basic/py_service_pkg': CMAKE_PREFIX_PATH=/home/lee/Capstone/install/custom_interfaces:/home/lee/Capstone/install/gcamp_gazebo:/home/lee/Capstone/install/cpp_service_pkg:/home/lee/Capstone/install/cpp_action_pkg:/home/lee/Capstone/install/cpp_topic_pkg:/home/lee/Capstone/install/cpp_service_tutorial:/home/lee/Capstone/install/cpp_param_pkg:/home/lee/Capstone/install/cpp_first_pkg:/home/lee/gcamp_ros2_ws/install/cpp_service_pkg:/home/lee/gcamp_ros2_ws/install/cpp_action_pkg:/home/lee/gcamp_ros2_ws/install/custom_interfaces:/home/lee/gcamp_ros2_ws/install/cpp_topic_pkg:/home/lee/gcamp_ros2_ws/install/cpp_service_tutorial:/home/lee/gcamp_ros2_ws/install/cpp_param_pkg:/home/lee/gcamp_ros2_ws/install/cpp_first_pkg:/home/lee/gcamp_ros2_ws/install/gcamp_gazebo PYTHONPATH=/home/lee/Capstone/build/py_service_pkg/prefix_override:/home/lee/Capstone/install/py_service_pkg/lib/python3.8/site-packages:/home/lee/Capstone/install/custom_interfaces/lib/python3.8/site-packages:/home/lee/Capstone/install/py_topic_pkg/lib/python3.8/site-packages:/home/lee/Capstone/install/py_service_pkg/lib/python3.8/site-packages:/home/lee/Capstone/install/py_first_pkg/lib/python3.8/site-packages:/home/lee/Capstone/install/py_action_pkg/lib/python3.8/site-packages:/home/lee/gcamp_ros2_ws/install/py_topic_pkg/lib/python3.8/site-packages:/home/lee/gcamp_ros2_ws/install/py_service_pkg/lib/python3.8/site-packages:/home/lee/gcamp_ros2_ws/install/py_first_pkg/lib/python3.8/site-packages:/home/lee/gcamp_ros2_ws/install/py_action_pkg/lib/python3.8/site-packages:/home/lee/gcamp_ros2_ws/install/custom_interfaces/lib/python3.8/site-packages:/home/lee/Capstone/install/turtlebot3_teleop/lib/python3.8/site-packages:/home/lee/Capstone/install/hand_tracking_pkg/lib/python3.8/site-packages:/home/lee/Capstone/main/install/hand_tracking_pkg/lib/python3.8/site-packages:/opt/ros/foxy/lib/python3.8/site-packages /usr/bin/python3 -W ignore:setup.py install is deprecated setup.py egg_info --egg-base ../../../build/py_service_pkg build --build-base /home/lee/Capstone/build/py_service_pkg/build install --record /home/lee/Capstone/build/py_service_pkg/install.log --install-scripts $base/lib/py_service_pkg --single-version-externally-managed install_data
[0.680s] running egg_info
[0.680s] writing ../../../build/py_service_pkg/py_service_pkg.egg-info/PKG-INFO
[0.680s] writing dependency_links to ../../../build/py_service_pkg/py_service_pkg.egg-info/dependency_links.txt
[0.681s] writing entry points to ../../../build/py_service_pkg/py_service_pkg.egg-info/entry_points.txt
[0.681s] writing requirements to ../../../build/py_service_pkg/py_service_pkg.egg-info/requires.txt
[0.681s] writing top-level names to ../../../build/py_service_pkg/py_service_pkg.egg-info/top_level.txt
[0.698s] reading manifest file '../../../build/py_service_pkg/py_service_pkg.egg-info/SOURCES.txt'
[0.698s] writing manifest file '../../../build/py_service_pkg/py_service_pkg.egg-info/SOURCES.txt'
[0.699s] running build
[0.699s] running build_py
[0.699s] running install
[0.699s] running install_lib
[0.700s] running install_data
[0.700s] running install_egg_info
[0.701s] removing '/home/lee/Capstone/install/py_service_pkg/lib/python3.8/site-packages/py_service_pkg-0.0.0-py3.8.egg-info' (and everything under it)
[0.701s] Copying ../../../build/py_service_pkg/py_service_pkg.egg-info to /home/lee/Capstone/install/py_service_pkg/lib/python3.8/site-packages/py_service_pkg-0.0.0-py3.8.egg-info
[0.702s] running install_scripts
[0.711s] Installing basic_client script to /home/lee/Capstone/install/py_service_pkg/lib/py_service_pkg
[0.711s] Installing basic_server script to /home/lee/Capstone/install/py_service_pkg/lib/py_service_pkg
[0.711s] Installing custom_srv_client script to /home/lee/Capstone/install/py_service_pkg/lib/py_service_pkg
[0.711s] Installing custom_srv_server script to /home/lee/Capstone/install/py_service_pkg/lib/py_service_pkg
[0.712s] Installing gazebo_model_spawner script to /home/lee/Capstone/install/py_service_pkg/lib/py_service_pkg
[0.712s] Installing robot_turning_client script to /home/lee/Capstone/install/py_service_pkg/lib/py_service_pkg
[0.712s] Installing robot_turning_server script to /home/lee/Capstone/install/py_service_pkg/lib/py_service_pkg
[0.712s] Installing spawn_skidbot script to /home/lee/Capstone/install/py_service_pkg/lib/py_service_pkg
[0.712s] writing list of installed files to '/home/lee/Capstone/build/py_service_pkg/install.log'
[0.723s] Invoked command in '/home/lee/Capstone/src/gcamp_ros2_basic/py_service_pkg' returned '0': CMAKE_PREFIX_PATH=/home/lee/Capstone/install/custom_interfaces:/home/lee/Capstone/install/gcamp_gazebo:/home/lee/Capstone/install/cpp_service_pkg:/home/lee/Capstone/install/cpp_action_pkg:/home/lee/Capstone/install/cpp_topic_pkg:/home/lee/Capstone/install/cpp_service_tutorial:/home/lee/Capstone/install/cpp_param_pkg:/home/lee/Capstone/install/cpp_first_pkg:/home/lee/gcamp_ros2_ws/install/cpp_service_pkg:/home/lee/gcamp_ros2_ws/install/cpp_action_pkg:/home/lee/gcamp_ros2_ws/install/custom_interfaces:/home/lee/gcamp_ros2_ws/install/cpp_topic_pkg:/home/lee/gcamp_ros2_ws/install/cpp_service_tutorial:/home/lee/gcamp_ros2_ws/install/cpp_param_pkg:/home/lee/gcamp_ros2_ws/install/cpp_first_pkg:/home/lee/gcamp_ros2_ws/install/gcamp_gazebo PYTHONPATH=/home/lee/Capstone/build/py_service_pkg/prefix_override:/home/lee/Capstone/install/py_service_pkg/lib/python3.8/site-packages:/home/lee/Capstone/install/custom_interfaces/lib/python3.8/site-packages:/home/lee/Capstone/install/py_topic_pkg/lib/python3.8/site-packages:/home/lee/Capstone/install/py_service_pkg/lib/python3.8/site-packages:/home/lee/Capstone/install/py_first_pkg/lib/python3.8/site-packages:/home/lee/Capstone/install/py_action_pkg/lib/python3.8/site-packages:/home/lee/gcamp_ros2_ws/install/py_topic_pkg/lib/python3.8/site-packages:/home/lee/gcamp_ros2_ws/install/py_service_pkg/lib/python3.8/site-packages:/home/lee/gcamp_ros2_ws/install/py_first_pkg/lib/python3.8/site-packages:/home/lee/gcamp_ros2_ws/install/py_action_pkg/lib/python3.8/site-packages:/home/lee/gcamp_ros2_ws/install/custom_interfaces/lib/python3.8/site-packages:/home/lee/Capstone/install/turtlebot3_teleop/lib/python3.8/site-packages:/home/lee/Capstone/install/hand_tracking_pkg/lib/python3.8/site-packages:/home/lee/Capstone/main/install/hand_tracking_pkg/lib/python3.8/site-packages:/opt/ros/foxy/lib/python3.8/site-packages /usr/bin/python3 -W ignore:setup.py install is deprecated setup.py egg_info --egg-base ../../../build/py_service_pkg build --build-base /home/lee/Capstone/build/py_service_pkg/build install --record /home/lee/Capstone/build/py_service_pkg/install.log --install-scripts $base/lib/py_service_pkg --single-version-externally-managed install_data
