[1.178s] Invoking command in '/home/lee/Capstone/teleop': PYTHONPATH=/home/lee/Capstone/build/turtlebot3_teleop/prefix_override:/home/lee/Capstone/install/turtlebot3_teleop/lib/python3.8/site-packages:${PYTHONPATH} /usr/bin/python3 -W ignore:setup.py install is deprecated setup.py egg_info --egg-base ../build/turtlebot3_teleop build --build-base /home/lee/Capstone/build/turtlebot3_teleop/build install --record /home/lee/Capstone/build/turtlebot3_teleop/install.log --install-scripts $base/lib/turtlebot3_teleop --single-version-externally-managed install_data
[1.314s] running egg_info
[1.314s] writing ../build/turtlebot3_teleop/turtlebot3_teleop.egg-info/PKG-INFO
[1.314s] writing dependency_links to ../build/turtlebot3_teleop/turtlebot3_teleop.egg-info/dependency_links.txt
[1.314s] writing entry points to ../build/turtlebot3_teleop/turtlebot3_teleop.egg-info/entry_points.txt
[1.315s] writing requirements to ../build/turtlebot3_teleop/turtlebot3_teleop.egg-info/requires.txt
[1.315s] writing top-level names to ../build/turtlebot3_teleop/turtlebot3_teleop.egg-info/top_level.txt
[1.336s] reading manifest file '../build/turtlebot3_teleop/turtlebot3_teleop.egg-info/SOURCES.txt'
[1.336s] writing manifest file '../build/turtlebot3_teleop/turtlebot3_teleop.egg-info/SOURCES.txt'
[1.336s] running build
[1.336s] running build_py
[1.336s] copying turtlebot3_teleop/turtlebot3_teleop_key.py -> /home/lee/Capstone/build/turtlebot3_teleop/build/lib/turtlebot3_teleop
[1.336s] running install
[1.337s] running install_lib
[1.337s] copying /home/lee/Capstone/build/turtlebot3_teleop/build/lib/turtlebot3_teleop/turtlebot3_teleop_key.py -> /home/lee/Capstone/install/turtlebot3_teleop/lib/python3.8/site-packages/turtlebot3_teleop
[1.338s] byte-compiling /home/lee/Capstone/install/turtlebot3_teleop/lib/python3.8/site-packages/turtlebot3_teleop/turtlebot3_teleop_key.py to turtlebot3_teleop_key.cpython-38.pyc
[1.339s] running install_data
[1.339s] running install_egg_info
[1.340s] removing '/home/lee/Capstone/install/turtlebot3_teleop/lib/python3.8/site-packages/turtlebot3_teleop-1.0.0-py3.8.egg-info' (and everything under it)
[1.340s] Copying ../build/turtlebot3_teleop/turtlebot3_teleop.egg-info to /home/lee/Capstone/install/turtlebot3_teleop/lib/python3.8/site-packages/turtlebot3_teleop-1.0.0-py3.8.egg-info
[1.340s] running install_scripts
[1.351s] Installing turtlebot3_teleop_key script to /home/lee/Capstone/install/turtlebot3_teleop/lib/turtlebot3_teleop
[1.351s] writing list of installed files to '/home/lee/Capstone/build/turtlebot3_teleop/install.log'
[1.378s] Invoked command in '/home/lee/Capstone/teleop' returned '0': PYTHONPATH=/home/lee/Capstone/build/turtlebot3_teleop/prefix_override:/home/lee/Capstone/install/turtlebot3_teleop/lib/python3.8/site-packages:${PYTHONPATH} /usr/bin/python3 -W ignore:setup.py install is deprecated setup.py egg_info --egg-base ../build/turtlebot3_teleop build --build-base /home/lee/Capstone/build/turtlebot3_teleop/build install --record /home/lee/Capstone/build/turtlebot3_teleop/install.log --install-scripts $base/lib/turtlebot3_teleop --single-version-externally-managed install_data
