running egg_info
creating ../build/teleop_simulation_pkg/teleop_simulation_pkg.egg-info
writing ../build/teleop_simulation_pkg/teleop_simulation_pkg.egg-info/PKG-INFO
writing dependency_links to ../build/teleop_simulation_pkg/teleop_simulation_pkg.egg-info/dependency_links.txt
writing entry points to ../build/teleop_simulation_pkg/teleop_simulation_pkg.egg-info/entry_points.txt
writing requirements to ../build/teleop_simulation_pkg/teleop_simulation_pkg.egg-info/requires.txt
writing top-level names to ../build/teleop_simulation_pkg/teleop_simulation_pkg.egg-info/top_level.txt
writing manifest file '../build/teleop_simulation_pkg/teleop_simulation_pkg.egg-info/SOURCES.txt'
reading manifest file '../build/teleop_simulation_pkg/teleop_simulation_pkg.egg-info/SOURCES.txt'
writing manifest file '../build/teleop_simulation_pkg/teleop_simulation_pkg.egg-info/SOURCES.txt'
running build
running build_py
creating /home/lee/Capstone/src/build/teleop_simulation_pkg/build
creating /home/lee/Capstone/src/build/teleop_simulation_pkg/build/lib
creating /home/lee/Capstone/src/build/teleop_simulation_pkg/build/lib/teleop_simulation_pkg
copying teleop_simulation_pkg/turtlebot3_teleop_key.py -> /home/lee/Capstone/src/build/teleop_simulation_pkg/build/lib/teleop_simulation_pkg
copying teleop_simulation_pkg/__init__.py -> /home/lee/Capstone/src/build/teleop_simulation_pkg/build/lib/teleop_simulation_pkg
running install
running install_lib
creating /home/lee/Capstone/src/install/teleop_simulation_pkg/lib/python3.8/site-packages/teleop_simulation_pkg
copying /home/lee/Capstone/src/build/teleop_simulation_pkg/build/lib/teleop_simulation_pkg/turtlebot3_teleop_key.py -> /home/lee/Capstone/src/install/teleop_simulation_pkg/lib/python3.8/site-packages/teleop_simulation_pkg
copying /home/lee/Capstone/src/build/teleop_simulation_pkg/build/lib/teleop_simulation_pkg/__init__.py -> /home/lee/Capstone/src/install/teleop_simulation_pkg/lib/python3.8/site-packages/teleop_simulation_pkg
byte-compiling /home/lee/Capstone/src/install/teleop_simulation_pkg/lib/python3.8/site-packages/teleop_simulation_pkg/turtlebot3_teleop_key.py to turtlebot3_teleop_key.cpython-38.pyc
byte-compiling /home/lee/Capstone/src/install/teleop_simulation_pkg/lib/python3.8/site-packages/teleop_simulation_pkg/__init__.py to __init__.cpython-38.pyc
running install_data
creating /home/lee/Capstone/src/install/teleop_simulation_pkg/share/ament_index
creating /home/lee/Capstone/src/install/teleop_simulation_pkg/share/ament_index/resource_index
creating /home/lee/Capstone/src/install/teleop_simulation_pkg/share/ament_index/resource_index/packages
copying resource/teleop_simulation_pkg -> /home/lee/Capstone/src/install/teleop_simulation_pkg/share/ament_index/resource_index/packages
copying package.xml -> /home/lee/Capstone/src/install/teleop_simulation_pkg/share/teleop_simulation_pkg
running install_egg_info
Copying ../build/teleop_simulation_pkg/teleop_simulation_pkg.egg-info to /home/lee/Capstone/src/install/teleop_simulation_pkg/lib/python3.8/site-packages/teleop_simulation_pkg-0.0.0-py3.8.egg-info
running install_scripts
Installing turtlebot3_teleop_key script to /home/lee/Capstone/src/install/teleop_simulation_pkg/lib/teleop_simulation_pkg
writing list of installed files to '/home/lee/Capstone/src/build/teleop_simulation_pkg/install.log'
