[0.013s] Invoking command in '/home/lee/Capstone/build/turtlebot3_bringup': AMENT_PREFIX_PATH=/home/lee/Capstone/install/turtlebot3_node:/home/lee/Capstone/install/turtlebot3_msgs:/home/lee/Capstone/install/turtlebot3_description:${AMENT_PREFIX_PATH} CMAKE_PREFIX_PATH=/home/lee/Capstone/install/turtlebot3_node:/home/lee/Capstone/install/turtlebot3_msgs:/home/lee/Capstone/install/turtlebot3_description:/home/lee/turtlebot3_ws/install/turtlebot3:/home/lee/turtlebot3_ws/install/turtlebot3_simulations:/home/lee/turtlebot3_ws/install/turtlebot3_bringup:/home/lee/turtlebot3_ws/install/turtlebot3_node:/home/lee/turtlebot3_ws/install/turtlebot3_navigation2:/home/lee/turtlebot3_ws/install/turtlebot3_fake_node:/home/lee/turtlebot3_ws/install/turtlebot3_msgs:/home/lee/turtlebot3_ws/install/turtlebot3_gazebo:/home/lee/turtlebot3_ws/install/turtlebot3_description:/home/lee/turtlebot3_ws/install/turtlebot3_cartographer:/home/lee/gcamp_ros2_ws/install/gcamp_gazebo:/home/lee/gcamp_ros2_ws/install/cpp_service_pkg:/home/lee/gcamp_ros2_ws/install/cpp_action_pkg:/home/lee/gcamp_ros2_ws/install/custom_interfaces:/home/lee/gcamp_ros2_ws/install/cpp_topic_pkg:/home/lee/gcamp_ros2_ws/install/cpp_service_tutorial:/home/lee/gcamp_ros2_ws/install/cpp_param_pkg:/home/lee/gcamp_ros2_ws/install/cpp_first_pkg:/home/lee/turtlebot3_ws/install/turtlebot3_teleop:/home/lee/turtlebot3_ws/install/turtlebot3_example:/home/lee/gcamp_ros2_ws/install/py_topic_pkg:/home/lee/gcamp_ros2_ws/install/py_service_pkg:/home/lee/gcamp_ros2_ws/install/py_first_pkg:/home/lee/gcamp_ros2_ws/install/py_action_pkg:/opt/ros/foxy LD_LIBRARY_PATH=/home/lee/Capstone/install/turtlebot3_msgs/lib:${LD_LIBRARY_PATH} PYTHONPATH=/home/lee/Capstone/install/turtlebot3_msgs/lib/python3.8/site-packages:${PYTHONPATH} /usr/bin/cmake /home/lee/Capstone/src/turtlebot3/turtlebot3_bringup -DCMAKE_INSTALL_PREFIX=/home/lee/Capstone/install/turtlebot3_bringup
[0.061s] -- The C compiler identification is GNU 9.4.0
[0.113s] -- The CXX compiler identification is GNU 9.4.0
[0.116s] -- Check for working C compiler: /usr/bin/cc
[0.159s] -- Check for working C compiler: /usr/bin/cc -- works
[0.160s] -- Detecting C compiler ABI info
[0.196s] -- Detecting C compiler ABI info - done
[0.203s] -- Detecting C compile features
[0.204s] -- Detecting C compile features - done
[0.205s] -- Check for working CXX compiler: /usr/bin/c++
[0.277s] -- Check for working CXX compiler: /usr/bin/c++ -- works
[0.278s] -- Detecting CXX compiler ABI info
[0.333s] -- Detecting CXX compiler ABI info - done
[0.340s] -- Detecting CXX compile features
[0.341s] -- Detecting CXX compile features - done
[0.343s] -- Found ament_cmake: 0.9.12 (/opt/ros/foxy/share/ament_cmake/cmake)
[0.363s] -- Found PythonInterp: /usr/bin/python3 (found suitable version "3.8.10", minimum required is "3") 
[0.363s] -- Using PYTHON_EXECUTABLE: /usr/bin/python3
[0.516s] -- Configuring done
[0.516s] -- Generating done
[0.517s] -- Build files have been written to: /home/lee/Capstone/build/turtlebot3_bringup
[0.519s] Invoked command in '/home/lee/Capstone/build/turtlebot3_bringup' returned '0': AMENT_PREFIX_PATH=/home/lee/Capstone/install/turtlebot3_node:/home/lee/Capstone/install/turtlebot3_msgs:/home/lee/Capstone/install/turtlebot3_description:${AMENT_PREFIX_PATH} CMAKE_PREFIX_PATH=/home/lee/Capstone/install/turtlebot3_node:/home/lee/Capstone/install/turtlebot3_msgs:/home/lee/Capstone/install/turtlebot3_description:/home/lee/turtlebot3_ws/install/turtlebot3:/home/lee/turtlebot3_ws/install/turtlebot3_simulations:/home/lee/turtlebot3_ws/install/turtlebot3_bringup:/home/lee/turtlebot3_ws/install/turtlebot3_node:/home/lee/turtlebot3_ws/install/turtlebot3_navigation2:/home/lee/turtlebot3_ws/install/turtlebot3_fake_node:/home/lee/turtlebot3_ws/install/turtlebot3_msgs:/home/lee/turtlebot3_ws/install/turtlebot3_gazebo:/home/lee/turtlebot3_ws/install/turtlebot3_description:/home/lee/turtlebot3_ws/install/turtlebot3_cartographer:/home/lee/gcamp_ros2_ws/install/gcamp_gazebo:/home/lee/gcamp_ros2_ws/install/cpp_service_pkg:/home/lee/gcamp_ros2_ws/install/cpp_action_pkg:/home/lee/gcamp_ros2_ws/install/custom_interfaces:/home/lee/gcamp_ros2_ws/install/cpp_topic_pkg:/home/lee/gcamp_ros2_ws/install/cpp_service_tutorial:/home/lee/gcamp_ros2_ws/install/cpp_param_pkg:/home/lee/gcamp_ros2_ws/install/cpp_first_pkg:/home/lee/turtlebot3_ws/install/turtlebot3_teleop:/home/lee/turtlebot3_ws/install/turtlebot3_example:/home/lee/gcamp_ros2_ws/install/py_topic_pkg:/home/lee/gcamp_ros2_ws/install/py_service_pkg:/home/lee/gcamp_ros2_ws/install/py_first_pkg:/home/lee/gcamp_ros2_ws/install/py_action_pkg:/opt/ros/foxy LD_LIBRARY_PATH=/home/lee/Capstone/install/turtlebot3_msgs/lib:${LD_LIBRARY_PATH} PYTHONPATH=/home/lee/Capstone/install/turtlebot3_msgs/lib/python3.8/site-packages:${PYTHONPATH} /usr/bin/cmake /home/lee/Capstone/src/turtlebot3/turtlebot3_bringup -DCMAKE_INSTALL_PREFIX=/home/lee/Capstone/install/turtlebot3_bringup
[0.521s] Invoking command in '/home/lee/Capstone/build/turtlebot3_bringup': AMENT_PREFIX_PATH=/home/lee/Capstone/install/turtlebot3_node:/home/lee/Capstone/install/turtlebot3_msgs:/home/lee/Capstone/install/turtlebot3_description:${AMENT_PREFIX_PATH} CMAKE_PREFIX_PATH=/home/lee/Capstone/install/turtlebot3_node:/home/lee/Capstone/install/turtlebot3_msgs:/home/lee/Capstone/install/turtlebot3_description:/home/lee/turtlebot3_ws/install/turtlebot3:/home/lee/turtlebot3_ws/install/turtlebot3_simulations:/home/lee/turtlebot3_ws/install/turtlebot3_bringup:/home/lee/turtlebot3_ws/install/turtlebot3_node:/home/lee/turtlebot3_ws/install/turtlebot3_navigation2:/home/lee/turtlebot3_ws/install/turtlebot3_fake_node:/home/lee/turtlebot3_ws/install/turtlebot3_msgs:/home/lee/turtlebot3_ws/install/turtlebot3_gazebo:/home/lee/turtlebot3_ws/install/turtlebot3_description:/home/lee/turtlebot3_ws/install/turtlebot3_cartographer:/home/lee/gcamp_ros2_ws/install/gcamp_gazebo:/home/lee/gcamp_ros2_ws/install/cpp_service_pkg:/home/lee/gcamp_ros2_ws/install/cpp_action_pkg:/home/lee/gcamp_ros2_ws/install/custom_interfaces:/home/lee/gcamp_ros2_ws/install/cpp_topic_pkg:/home/lee/gcamp_ros2_ws/install/cpp_service_tutorial:/home/lee/gcamp_ros2_ws/install/cpp_param_pkg:/home/lee/gcamp_ros2_ws/install/cpp_first_pkg:/home/lee/turtlebot3_ws/install/turtlebot3_teleop:/home/lee/turtlebot3_ws/install/turtlebot3_example:/home/lee/gcamp_ros2_ws/install/py_topic_pkg:/home/lee/gcamp_ros2_ws/install/py_service_pkg:/home/lee/gcamp_ros2_ws/install/py_first_pkg:/home/lee/gcamp_ros2_ws/install/py_action_pkg:/opt/ros/foxy LD_LIBRARY_PATH=/home/lee/Capstone/install/turtlebot3_msgs/lib:${LD_LIBRARY_PATH} PYTHONPATH=/home/lee/Capstone/install/turtlebot3_msgs/lib/python3.8/site-packages:${PYTHONPATH} /usr/bin/cmake --build /home/lee/Capstone/build/turtlebot3_bringup -- -j16 -l16
[0.541s] Invoked command in '/home/lee/Capstone/build/turtlebot3_bringup' returned '0': AMENT_PREFIX_PATH=/home/lee/Capstone/install/turtlebot3_node:/home/lee/Capstone/install/turtlebot3_msgs:/home/lee/Capstone/install/turtlebot3_description:${AMENT_PREFIX_PATH} CMAKE_PREFIX_PATH=/home/lee/Capstone/install/turtlebot3_node:/home/lee/Capstone/install/turtlebot3_msgs:/home/lee/Capstone/install/turtlebot3_description:/home/lee/turtlebot3_ws/install/turtlebot3:/home/lee/turtlebot3_ws/install/turtlebot3_simulations:/home/lee/turtlebot3_ws/install/turtlebot3_bringup:/home/lee/turtlebot3_ws/install/turtlebot3_node:/home/lee/turtlebot3_ws/install/turtlebot3_navigation2:/home/lee/turtlebot3_ws/install/turtlebot3_fake_node:/home/lee/turtlebot3_ws/install/turtlebot3_msgs:/home/lee/turtlebot3_ws/install/turtlebot3_gazebo:/home/lee/turtlebot3_ws/install/turtlebot3_description:/home/lee/turtlebot3_ws/install/turtlebot3_cartographer:/home/lee/gcamp_ros2_ws/install/gcamp_gazebo:/home/lee/gcamp_ros2_ws/install/cpp_service_pkg:/home/lee/gcamp_ros2_ws/install/cpp_action_pkg:/home/lee/gcamp_ros2_ws/install/custom_interfaces:/home/lee/gcamp_ros2_ws/install/cpp_topic_pkg:/home/lee/gcamp_ros2_ws/install/cpp_service_tutorial:/home/lee/gcamp_ros2_ws/install/cpp_param_pkg:/home/lee/gcamp_ros2_ws/install/cpp_first_pkg:/home/lee/turtlebot3_ws/install/turtlebot3_teleop:/home/lee/turtlebot3_ws/install/turtlebot3_example:/home/lee/gcamp_ros2_ws/install/py_topic_pkg:/home/lee/gcamp_ros2_ws/install/py_service_pkg:/home/lee/gcamp_ros2_ws/install/py_first_pkg:/home/lee/gcamp_ros2_ws/install/py_action_pkg:/opt/ros/foxy LD_LIBRARY_PATH=/home/lee/Capstone/install/turtlebot3_msgs/lib:${LD_LIBRARY_PATH} PYTHONPATH=/home/lee/Capstone/install/turtlebot3_msgs/lib/python3.8/site-packages:${PYTHONPATH} /usr/bin/cmake --build /home/lee/Capstone/build/turtlebot3_bringup -- -j16 -l16
[0.553s] Invoking command in '/home/lee/Capstone/build/turtlebot3_bringup': AMENT_PREFIX_PATH=/home/lee/Capstone/install/turtlebot3_node:/home/lee/Capstone/install/turtlebot3_msgs:/home/lee/Capstone/install/turtlebot3_description:${AMENT_PREFIX_PATH} CMAKE_PREFIX_PATH=/home/lee/Capstone/install/turtlebot3_node:/home/lee/Capstone/install/turtlebot3_msgs:/home/lee/Capstone/install/turtlebot3_description:/home/lee/turtlebot3_ws/install/turtlebot3:/home/lee/turtlebot3_ws/install/turtlebot3_simulations:/home/lee/turtlebot3_ws/install/turtlebot3_bringup:/home/lee/turtlebot3_ws/install/turtlebot3_node:/home/lee/turtlebot3_ws/install/turtlebot3_navigation2:/home/lee/turtlebot3_ws/install/turtlebot3_fake_node:/home/lee/turtlebot3_ws/install/turtlebot3_msgs:/home/lee/turtlebot3_ws/install/turtlebot3_gazebo:/home/lee/turtlebot3_ws/install/turtlebot3_description:/home/lee/turtlebot3_ws/install/turtlebot3_cartographer:/home/lee/gcamp_ros2_ws/install/gcamp_gazebo:/home/lee/gcamp_ros2_ws/install/cpp_service_pkg:/home/lee/gcamp_ros2_ws/install/cpp_action_pkg:/home/lee/gcamp_ros2_ws/install/custom_interfaces:/home/lee/gcamp_ros2_ws/install/cpp_topic_pkg:/home/lee/gcamp_ros2_ws/install/cpp_service_tutorial:/home/lee/gcamp_ros2_ws/install/cpp_param_pkg:/home/lee/gcamp_ros2_ws/install/cpp_first_pkg:/home/lee/turtlebot3_ws/install/turtlebot3_teleop:/home/lee/turtlebot3_ws/install/turtlebot3_example:/home/lee/gcamp_ros2_ws/install/py_topic_pkg:/home/lee/gcamp_ros2_ws/install/py_service_pkg:/home/lee/gcamp_ros2_ws/install/py_first_pkg:/home/lee/gcamp_ros2_ws/install/py_action_pkg:/opt/ros/foxy LD_LIBRARY_PATH=/home/lee/Capstone/install/turtlebot3_msgs/lib:${LD_LIBRARY_PATH} PYTHONPATH=/home/lee/Capstone/install/turtlebot3_msgs/lib/python3.8/site-packages:${PYTHONPATH} /usr/bin/cmake --install /home/lee/Capstone/build/turtlebot3_bringup
[0.558s] -- Install configuration: ""
[0.558s] -- Installing: /home/lee/Capstone/install/turtlebot3_bringup/share/turtlebot3_bringup/launch
[0.558s] -- Installing: /home/lee/Capstone/install/turtlebot3_bringup/share/turtlebot3_bringup/launch/robot.launch.py
[0.558s] -- Installing: /home/lee/Capstone/install/turtlebot3_bringup/share/turtlebot3_bringup/launch/rviz2.launch.py
[0.558s] -- Installing: /home/lee/Capstone/install/turtlebot3_bringup/share/turtlebot3_bringup/launch/turtlebot3_state_publisher.launch.py
[0.558s] -- Installing: /home/lee/Capstone/install/turtlebot3_bringup/share/turtlebot3_bringup/param
[0.559s] -- Installing: /home/lee/Capstone/install/turtlebot3_bringup/share/turtlebot3_bringup/param/waffle.yaml
[0.559s] -- Installing: /home/lee/Capstone/install/turtlebot3_bringup/share/turtlebot3_bringup/param/burger.yaml
[0.559s] -- Installing: /home/lee/Capstone/install/turtlebot3_bringup/share/turtlebot3_bringup/param/waffle_pi.yaml
[0.559s] -- Installing: /home/lee/Capstone/install/turtlebot3_bringup/share/turtlebot3_bringup/script
[0.559s] -- Installing: /home/lee/Capstone/install/turtlebot3_bringup/share/turtlebot3_bringup/script/create_udev_rules
[0.559s] -- Installing: /home/lee/Capstone/install/turtlebot3_bringup/share/turtlebot3_bringup/script/99-turtlebot3-cdc.rules
[0.559s] -- Installing: /home/lee/Capstone/install/turtlebot3_bringup/share/ament_index/resource_index/package_run_dependencies/turtlebot3_bringup
[0.559s] -- Installing: /home/lee/Capstone/install/turtlebot3_bringup/share/ament_index/resource_index/parent_prefix_path/turtlebot3_bringup
[0.559s] -- Installing: /home/lee/Capstone/install/turtlebot3_bringup/share/turtlebot3_bringup/environment/ament_prefix_path.sh
[0.559s] -- Installing: /home/lee/Capstone/install/turtlebot3_bringup/share/turtlebot3_bringup/environment/ament_prefix_path.dsv
[0.559s] -- Installing: /home/lee/Capstone/install/turtlebot3_bringup/share/turtlebot3_bringup/environment/path.sh
[0.559s] -- Installing: /home/lee/Capstone/install/turtlebot3_bringup/share/turtlebot3_bringup/environment/path.dsv
[0.559s] -- Installing: /home/lee/Capstone/install/turtlebot3_bringup/share/turtlebot3_bringup/local_setup.bash
[0.559s] -- Installing: /home/lee/Capstone/install/turtlebot3_bringup/share/turtlebot3_bringup/local_setup.sh
[0.559s] -- Installing: /home/lee/Capstone/install/turtlebot3_bringup/share/turtlebot3_bringup/local_setup.zsh
[0.559s] -- Installing: /home/lee/Capstone/install/turtlebot3_bringup/share/turtlebot3_bringup/local_setup.dsv
[0.559s] -- Installing: /home/lee/Capstone/install/turtlebot3_bringup/share/turtlebot3_bringup/package.dsv
[0.559s] -- Installing: /home/lee/Capstone/install/turtlebot3_bringup/share/ament_index/resource_index/packages/turtlebot3_bringup
[0.560s] -- Installing: /home/lee/Capstone/install/turtlebot3_bringup/share/turtlebot3_bringup/cmake/turtlebot3_bringupConfig.cmake
[0.560s] -- Installing: /home/lee/Capstone/install/turtlebot3_bringup/share/turtlebot3_bringup/cmake/turtlebot3_bringupConfig-version.cmake
[0.560s] -- Installing: /home/lee/Capstone/install/turtlebot3_bringup/share/turtlebot3_bringup/package.xml
[0.561s] Invoked command in '/home/lee/Capstone/build/turtlebot3_bringup' returned '0': AMENT_PREFIX_PATH=/home/lee/Capstone/install/turtlebot3_node:/home/lee/Capstone/install/turtlebot3_msgs:/home/lee/Capstone/install/turtlebot3_description:${AMENT_PREFIX_PATH} CMAKE_PREFIX_PATH=/home/lee/Capstone/install/turtlebot3_node:/home/lee/Capstone/install/turtlebot3_msgs:/home/lee/Capstone/install/turtlebot3_description:/home/lee/turtlebot3_ws/install/turtlebot3:/home/lee/turtlebot3_ws/install/turtlebot3_simulations:/home/lee/turtlebot3_ws/install/turtlebot3_bringup:/home/lee/turtlebot3_ws/install/turtlebot3_node:/home/lee/turtlebot3_ws/install/turtlebot3_navigation2:/home/lee/turtlebot3_ws/install/turtlebot3_fake_node:/home/lee/turtlebot3_ws/install/turtlebot3_msgs:/home/lee/turtlebot3_ws/install/turtlebot3_gazebo:/home/lee/turtlebot3_ws/install/turtlebot3_description:/home/lee/turtlebot3_ws/install/turtlebot3_cartographer:/home/lee/gcamp_ros2_ws/install/gcamp_gazebo:/home/lee/gcamp_ros2_ws/install/cpp_service_pkg:/home/lee/gcamp_ros2_ws/install/cpp_action_pkg:/home/lee/gcamp_ros2_ws/install/custom_interfaces:/home/lee/gcamp_ros2_ws/install/cpp_topic_pkg:/home/lee/gcamp_ros2_ws/install/cpp_service_tutorial:/home/lee/gcamp_ros2_ws/install/cpp_param_pkg:/home/lee/gcamp_ros2_ws/install/cpp_first_pkg:/home/lee/turtlebot3_ws/install/turtlebot3_teleop:/home/lee/turtlebot3_ws/install/turtlebot3_example:/home/lee/gcamp_ros2_ws/install/py_topic_pkg:/home/lee/gcamp_ros2_ws/install/py_service_pkg:/home/lee/gcamp_ros2_ws/install/py_first_pkg:/home/lee/gcamp_ros2_ws/install/py_action_pkg:/opt/ros/foxy LD_LIBRARY_PATH=/home/lee/Capstone/install/turtlebot3_msgs/lib:${LD_LIBRARY_PATH} PYTHONPATH=/home/lee/Capstone/install/turtlebot3_msgs/lib/python3.8/site-packages:${PYTHONPATH} /usr/bin/cmake --install /home/lee/Capstone/build/turtlebot3_bringup
