[0.053s] Invoking command in '/home/lee/Capstone/src/build/custom_interfaces': CMAKE_PREFIX_PATH=${CMAKE_PREFIX_PATH}:/home/lee/turtlebot3_ws/install/turtlebot3_teleop:/home/lee/turtlebot3_ws/install/turtlebot3_example:/home/lee/gcamp_ros2_ws/install/py_topic_pkg:/home/lee/gcamp_ros2_ws/install/py_service_pkg:/home/lee/gcamp_ros2_ws/install/py_first_pkg:/home/lee/gcamp_ros2_ws/install/py_action_pkg:/opt/ros/foxy /usr/bin/cmake /home/lee/Capstone/src/gcamp_ros2_basic/custom_interfaces -DCMAKE_INSTALL_PREFIX=/home/lee/Capstone/src/install/custom_interfaces
[0.756s] -- The C compiler identification is GNU 9.4.0
[0.756s] -- The CXX compiler identification is GNU 9.4.0
[0.756s] -- Check for working C compiler: /usr/bin/cc
[0.756s] -- Check for working C compiler: /usr/bin/cc -- works
[0.756s] -- Detecting C compiler ABI info
[0.756s] -- Detecting C compiler ABI info - done
[0.756s] -- Detecting C compile features
[0.756s] -- Detecting C compile features - done
[0.757s] -- Check for working CXX compiler: /usr/bin/c++
[0.757s] -- Check for working CXX compiler: /usr/bin/c++ -- works
[0.757s] -- Detecting CXX compiler ABI info
[0.757s] -- Detecting CXX compiler ABI info - done
[0.757s] -- Detecting CXX compile features
[0.757s] -- Detecting CXX compile features - done
[0.757s] -- Found ament_cmake: 0.9.12 (/opt/ros/foxy/share/ament_cmake/cmake)
[0.757s] -- Found PythonInterp: /usr/bin/python3 (found suitable version "3.8.10", minimum required is "3") 
[0.757s] -- Using PYTHON_EXECUTABLE: /usr/bin/python3
[0.757s] -- Found rosidl_default_generators: 1.0.1 (/opt/ros/foxy/share/rosidl_default_generators/cmake)
[0.757s] -- Using all available rosidl_typesupport_c: rosidl_typesupport_fastrtps_c;rosidl_typesupport_introspection_c
[0.757s] -- Found rosidl_adapter: 1.3.1 (/opt/ros/foxy/share/rosidl_adapter/cmake)
[0.757s] -- Found OpenSSL: /usr/lib/x86_64-linux-gnu/libcrypto.so (found version "1.1.1f")  
[0.757s] -- Found FastRTPS: /opt/ros/foxy/include  
[0.780s] -- Using all available rosidl_typesupport_cpp: rosidl_typesupport_fastrtps_cpp;rosidl_typesupport_introspection_cpp
[0.833s] -- Found PythonInterp: /usr/bin/python3 (found version "3.8.10") 
[1.068s] -- Found ament_cmake_ros: 0.9.2 (/opt/ros/foxy/share/ament_cmake_ros/cmake)
[1.183s] -- Using all available rosidl_typesupport_c: rosidl_typesupport_fastrtps_c;rosidl_typesupport_introspection_c
[1.203s] -- Using all available rosidl_typesupport_cpp: rosidl_typesupport_fastrtps_cpp;rosidl_typesupport_introspection_cpp
[1.233s] -- Found PythonInterp: /usr/bin/python3 (found suitable version "3.8.10", minimum required is "3.5") 
[1.235s] -- Found python_cmake_module: 0.8.1 (/opt/ros/foxy/share/python_cmake_module/cmake)
[1.263s] -- Found PythonLibs: /usr/lib/x86_64-linux-gnu/libpython3.8.so (found suitable version "3.8.10", minimum required is "3.5") 
[1.263s] -- Using PYTHON_EXECUTABLE: /usr/bin/python3
[1.263s] -- Using PYTHON_INCLUDE_DIRS: /usr/include/python3.8
[1.263s] -- Using PYTHON_LIBRARIES: /usr/lib/x86_64-linux-gnu/libpython3.8.so
[1.284s] -- Found PythonExtra: .so  
[1.346s] -- Found ament_lint_auto: 0.9.8 (/opt/ros/foxy/share/ament_lint_auto/cmake)
[1.365s] -- Added test 'copyright' to check source files copyright and LICENSE
[1.367s] -- Added test 'lint_cmake' to check CMake code style
[1.367s] -- Added test 'xmllint' to check XML markup files
[1.370s] -- Configuring done
[1.404s] -- Generating done
[1.405s] -- Build files have been written to: /home/lee/Capstone/src/build/custom_interfaces
[1.415s] Invoked command in '/home/lee/Capstone/src/build/custom_interfaces' returned '0': CMAKE_PREFIX_PATH=${CMAKE_PREFIX_PATH}:/home/lee/turtlebot3_ws/install/turtlebot3_teleop:/home/lee/turtlebot3_ws/install/turtlebot3_example:/home/lee/gcamp_ros2_ws/install/py_topic_pkg:/home/lee/gcamp_ros2_ws/install/py_service_pkg:/home/lee/gcamp_ros2_ws/install/py_first_pkg:/home/lee/gcamp_ros2_ws/install/py_action_pkg:/opt/ros/foxy /usr/bin/cmake /home/lee/Capstone/src/gcamp_ros2_basic/custom_interfaces -DCMAKE_INSTALL_PREFIX=/home/lee/Capstone/src/install/custom_interfaces
[1.416s] Invoking command in '/home/lee/Capstone/src/build/custom_interfaces': CMAKE_PREFIX_PATH=${CMAKE_PREFIX_PATH}:/home/lee/turtlebot3_ws/install/turtlebot3_teleop:/home/lee/turtlebot3_ws/install/turtlebot3_example:/home/lee/gcamp_ros2_ws/install/py_topic_pkg:/home/lee/gcamp_ros2_ws/install/py_service_pkg:/home/lee/gcamp_ros2_ws/install/py_first_pkg:/home/lee/gcamp_ros2_ws/install/py_action_pkg:/opt/ros/foxy /usr/bin/cmake --build /home/lee/Capstone/src/build/custom_interfaces -- -j16 -l16
[1.455s] [  1%] [34m[1mGenerating C code for ROS interfaces[0m
[1.455s] [35m[1mScanning dependencies of target custom_interfaces__cpp[0m
[1.465s] [  3%] [34m[1mGenerating C++ code for ROS interfaces[0m
[2.642s] [35m[1mScanning dependencies of target custom_interfaces__rosidl_generator_c[0m
[2.686s] [  4%] [32mBuilding C object CMakeFiles/custom_interfaces__rosidl_generator_c.dir/rosidl_generator_c/custom_interfaces/msg/detail/num__functions.c.o[0m
[2.722s] [  4%] Built target custom_interfaces__cpp
[2.727s] [  6%] [32mBuilding C object CMakeFiles/custom_interfaces__rosidl_generator_c.dir/rosidl_generator_c/custom_interfaces/srv/detail/add_three_ints__functions.c.o[0m
[2.766s] [  7%] [32mBuilding C object CMakeFiles/custom_interfaces__rosidl_generator_c.dir/rosidl_generator_c/custom_interfaces/srv/detail/turning_control__functions.c.o[0m
[2.775s] [ 11%] [34m[1mGenerating C++ type support dispatch for ROS interfaces[0m
[2.778s] [  9%] [32mBuilding C object CMakeFiles/custom_interfaces__rosidl_generator_c.dir/rosidl_generator_c/custom_interfaces/action/detail/fibonacci__functions.c.o[0m
[2.791s] [ 12%] [32mBuilding C object CMakeFiles/custom_interfaces__rosidl_generator_c.dir/rosidl_generator_c/custom_interfaces/action/detail/maze__functions.c.o[0m
[2.792s] [ 14%] [34m[1mGenerating C++ type support for eProsima Fast-RTPS[0m
[2.804s] [ 15%] [34m[1mGenerating C++ introspection for ROS interfaces[0m
[3.138s] [ 17%] [32m[1mLinking C shared library libcustom_interfaces__rosidl_generator_c.so[0m
[3.302s] [ 17%] Built target custom_interfaces__rosidl_generator_c
[3.378s] [ 19%] [34m[1mGenerating C type support dispatch for ROS interfaces[0m
[3.389s] [ 20%] [34m[1mGenerating C introspection for ROS interfaces[0m
[3.470s] [35m[1mScanning dependencies of target custom_interfaces__rosidl_typesupport_cpp[0m
[3.542s] [ 22%] [32mBuilding CXX object CMakeFiles/custom_interfaces__rosidl_typesupport_cpp.dir/rosidl_typesupport_cpp/custom_interfaces/msg/num__type_support.cpp.o[0m
[3.566s] [ 23%] [32mBuilding CXX object CMakeFiles/custom_interfaces__rosidl_typesupport_cpp.dir/rosidl_typesupport_cpp/custom_interfaces/srv/add_three_ints__type_support.cpp.o[0m
[3.597s] [ 25%] [32mBuilding CXX object CMakeFiles/custom_interfaces__rosidl_typesupport_cpp.dir/rosidl_typesupport_cpp/custom_interfaces/srv/turning_control__type_support.cpp.o[0m
[3.632s] [ 26%] [32mBuilding CXX object CMakeFiles/custom_interfaces__rosidl_typesupport_cpp.dir/rosidl_typesupport_cpp/custom_interfaces/action/fibonacci__type_support.cpp.o[0m
[3.673s] [ 28%] [32mBuilding CXX object CMakeFiles/custom_interfaces__rosidl_typesupport_cpp.dir/rosidl_typesupport_cpp/custom_interfaces/action/maze__type_support.cpp.o[0m
[3.839s] [35m[1mScanning dependencies of target custom_interfaces__rosidl_typesupport_introspection_cpp[0m
[3.925s] [ 30%] [32mBuilding CXX object CMakeFiles/custom_interfaces__rosidl_typesupport_introspection_cpp.dir/rosidl_typesupport_introspection_cpp/custom_interfaces/msg/detail/num__type_support.cpp.o[0m
[3.934s] [ 31%] [32mBuilding CXX object CMakeFiles/custom_interfaces__rosidl_typesupport_introspection_cpp.dir/rosidl_typesupport_introspection_cpp/custom_interfaces/srv/detail/add_three_ints__type_support.cpp.o[0m
[3.974s] [35m[1mScanning dependencies of target custom_interfaces__rosidl_typesupport_fastrtps_cpp[0m
[3.986s] [ 33%] [32mBuilding CXX object CMakeFiles/custom_interfaces__rosidl_typesupport_introspection_cpp.dir/rosidl_typesupport_introspection_cpp/custom_interfaces/srv/detail/turning_control__type_support.cpp.o[0m
[4.026s] [ 34%] [32mBuilding CXX object CMakeFiles/custom_interfaces__rosidl_typesupport_introspection_cpp.dir/rosidl_typesupport_introspection_cpp/custom_interfaces/action/detail/fibonacci__type_support.cpp.o[0m
[4.070s] [ 36%] [32mBuilding CXX object CMakeFiles/custom_interfaces__rosidl_typesupport_fastrtps_cpp.dir/rosidl_typesupport_fastrtps_cpp/custom_interfaces/msg/detail/dds_fastrtps/num__type_support.cpp.o[0m
[4.074s] [ 38%] [32mBuilding CXX object CMakeFiles/custom_interfaces__rosidl_typesupport_introspection_cpp.dir/rosidl_typesupport_introspection_cpp/custom_interfaces/action/detail/maze__type_support.cpp.o[0m
[4.074s] [ 39%] [32mBuilding CXX object CMakeFiles/custom_interfaces__rosidl_typesupport_fastrtps_cpp.dir/rosidl_typesupport_fastrtps_cpp/custom_interfaces/srv/detail/dds_fastrtps/add_three_ints__type_support.cpp.o[0m
[4.074s] [ 41%] [32mBuilding CXX object CMakeFiles/custom_interfaces__rosidl_typesupport_fastrtps_cpp.dir/rosidl_typesupport_fastrtps_cpp/custom_interfaces/srv/detail/dds_fastrtps/turning_control__type_support.cpp.o[0m
[4.105s] [ 42%] [32mBuilding CXX object CMakeFiles/custom_interfaces__rosidl_typesupport_fastrtps_cpp.dir/rosidl_typesupport_fastrtps_cpp/custom_interfaces/action/detail/dds_fastrtps/fibonacci__type_support.cpp.o[0m
[4.222s] [ 44%] [32mBuilding CXX object CMakeFiles/custom_interfaces__rosidl_typesupport_fastrtps_cpp.dir/rosidl_typesupport_fastrtps_cpp/custom_interfaces/action/detail/dds_fastrtps/maze__type_support.cpp.o[0m
[4.530s] [35m[1mScanning dependencies of target custom_interfaces__rosidl_typesupport_c[0m
[4.630s] [ 46%] [32mBuilding CXX object CMakeFiles/custom_interfaces__rosidl_typesupport_c.dir/rosidl_typesupport_c/custom_interfaces/msg/num__type_support.cpp.o[0m
[4.632s] [ 47%] [32mBuilding CXX object CMakeFiles/custom_interfaces__rosidl_typesupport_c.dir/rosidl_typesupport_c/custom_interfaces/srv/add_three_ints__type_support.cpp.o[0m
[4.660s] [ 49%] [32m[1mLinking CXX shared library libcustom_interfaces__rosidl_typesupport_cpp.so[0m
[4.667s] [ 50%] [32mBuilding CXX object CMakeFiles/custom_interfaces__rosidl_typesupport_c.dir/rosidl_typesupport_c/custom_interfaces/srv/turning_control__type_support.cpp.o[0m
[4.726s] [ 52%] [32mBuilding CXX object CMakeFiles/custom_interfaces__rosidl_typesupport_c.dir/rosidl_typesupport_c/custom_interfaces/action/fibonacci__type_support.cpp.o[0m
[4.730s] [ 53%] [32mBuilding CXX object CMakeFiles/custom_interfaces__rosidl_typesupport_c.dir/rosidl_typesupport_c/custom_interfaces/action/maze__type_support.cpp.o[0m
[4.845s] [ 53%] Built target custom_interfaces__rosidl_typesupport_cpp
[4.993s] [ 55%] [32m[1mLinking CXX shared library libcustom_interfaces__rosidl_typesupport_c.so[0m
[5.083s] [35m[1mScanning dependencies of target custom_interfaces__rosidl_typesupport_introspection_c[0m
[5.122s] [ 57%] [32mBuilding C object CMakeFiles/custom_interfaces__rosidl_typesupport_introspection_c.dir/rosidl_typesupport_introspection_c/custom_interfaces/srv/detail/add_three_ints__type_support.c.o[0m
[5.132s] [ 58%] [32mBuilding C object CMakeFiles/custom_interfaces__rosidl_typesupport_introspection_c.dir/rosidl_typesupport_introspection_c/custom_interfaces/msg/detail/num__type_support.c.o[0m
[5.155s] [ 58%] Built target custom_interfaces__rosidl_typesupport_c
[5.181s] [ 60%] [32mBuilding C object CMakeFiles/custom_interfaces__rosidl_typesupport_introspection_c.dir/rosidl_typesupport_introspection_c/custom_interfaces/srv/detail/turning_control__type_support.c.o[0m
[5.229s] [ 61%] [32mBuilding C object CMakeFiles/custom_interfaces__rosidl_typesupport_introspection_c.dir/rosidl_typesupport_introspection_c/custom_interfaces/action/detail/fibonacci__type_support.c.o[0m
[5.251s] [ 63%] [32mBuilding C object CMakeFiles/custom_interfaces__rosidl_typesupport_introspection_c.dir/rosidl_typesupport_introspection_c/custom_interfaces/action/detail/maze__type_support.c.o[0m
[5.426s] [ 65%] [32m[1mLinking C shared library libcustom_interfaces__rosidl_typesupport_introspection_c.so[0m
[5.464s] [ 66%] [32m[1mLinking CXX shared library libcustom_interfaces__rosidl_typesupport_introspection_cpp.so[0m
[5.511s] [ 68%] [32m[1mLinking CXX shared library libcustom_interfaces__rosidl_typesupport_fastrtps_cpp.so[0m
[5.575s] [ 68%] Built target custom_interfaces__rosidl_typesupport_introspection_c
[5.774s] [ 68%] Built target custom_interfaces__rosidl_typesupport_introspection_cpp
[5.801s] [ 68%] Built target custom_interfaces__rosidl_typesupport_fastrtps_cpp
[5.814s] [ 69%] [34m[1mGenerating C type support for eProsima Fast-RTPS[0m
[6.523s] [35m[1mScanning dependencies of target custom_interfaces__rosidl_typesupport_fastrtps_c[0m
[6.548s] [ 76%] [32mBuilding CXX object CMakeFiles/custom_interfaces__rosidl_typesupport_fastrtps_c.dir/rosidl_typesupport_fastrtps_c/custom_interfaces/srv/detail/add_three_ints__type_support_c.cpp.o[0m
[6.548s] [ 76%] [32mBuilding CXX object CMakeFiles/custom_interfaces__rosidl_typesupport_fastrtps_c.dir/rosidl_typesupport_fastrtps_c/custom_interfaces/action/detail/maze__type_support_c.cpp.o[0m
[6.548s] [ 76%] [32mBuilding CXX object CMakeFiles/custom_interfaces__rosidl_typesupport_fastrtps_c.dir/rosidl_typesupport_fastrtps_c/custom_interfaces/action/detail/fibonacci__type_support_c.cpp.o[0m
[6.548s] [ 76%] [32mBuilding CXX object CMakeFiles/custom_interfaces__rosidl_typesupport_fastrtps_c.dir/rosidl_typesupport_fastrtps_c/custom_interfaces/msg/detail/num__type_support_c.cpp.o[0m
[6.549s] [ 77%] [32mBuilding CXX object CMakeFiles/custom_interfaces__rosidl_typesupport_fastrtps_c.dir/rosidl_typesupport_fastrtps_c/custom_interfaces/srv/detail/turning_control__type_support_c.cpp.o[0m
[6.945s] [ 79%] [32m[1mLinking CXX shared library libcustom_interfaces__rosidl_typesupport_fastrtps_c.so[0m
[7.064s] [ 79%] Built target custom_interfaces__rosidl_typesupport_fastrtps_c
[7.076s] [35m[1mScanning dependencies of target custom_interfaces[0m
[7.087s] [ 79%] Built target custom_interfaces
[7.099s] [35m[1mScanning dependencies of target custom_interfaces__py[0m
[7.138s] [ 80%] [34m[1mGenerating Python code for ROS interfaces[0m
[8.238s] [ 80%] Built target custom_interfaces__py
[8.246s] [35m[1mScanning dependencies of target custom_interfaces__python[0m
[8.265s] [ 87%] [32mBuilding C object CMakeFiles/custom_interfaces__python.dir/rosidl_generator_py/custom_interfaces/msg/_num_s.c.o[0m
[8.265s] [ 87%] [32mBuilding C object CMakeFiles/custom_interfaces__python.dir/rosidl_generator_py/custom_interfaces/srv/_add_three_ints_s.c.o[0m
[8.265s] [ 87%] [32mBuilding C object CMakeFiles/custom_interfaces__python.dir/rosidl_generator_py/custom_interfaces/action/_maze_s.c.o[0m
[8.265s] [ 87%] [32mBuilding C object CMakeFiles/custom_interfaces__python.dir/rosidl_generator_py/custom_interfaces/action/_fibonacci_s.c.o[0m
[8.265s] [ 88%] [32mBuilding C object CMakeFiles/custom_interfaces__python.dir/rosidl_generator_py/custom_interfaces/srv/_turning_control_s.c.o[0m
[8.410s] [ 90%] [32m[1mLinking C shared library rosidl_generator_py/custom_interfaces/libcustom_interfaces__python.so[0m
[8.448s] [ 90%] Built target custom_interfaces__python
[8.459s] [35m[1mScanning dependencies of target custom_interfaces__rosidl_typesupport_fastrtps_c__pyext[0m
[8.460s] [35m[1mScanning dependencies of target custom_interfaces__rosidl_typesupport_c__pyext[0m
[8.460s] [35m[1mScanning dependencies of target custom_interfaces__rosidl_typesupport_introspection_c__pyext[0m
[8.475s] [ 92%] [32mBuilding C object CMakeFiles/custom_interfaces__rosidl_typesupport_c__pyext.dir/rosidl_generator_py/custom_interfaces/_custom_interfaces_s.ep.rosidl_typesupport_c.c.o[0m
[8.478s] [ 95%] [32mBuilding C object CMakeFiles/custom_interfaces__rosidl_typesupport_fastrtps_c__pyext.dir/rosidl_generator_py/custom_interfaces/_custom_interfaces_s.ep.rosidl_typesupport_fastrtps_c.c.o[0m
[8.478s] [ 95%] [32mBuilding C object CMakeFiles/custom_interfaces__rosidl_typesupport_introspection_c__pyext.dir/rosidl_generator_py/custom_interfaces/_custom_interfaces_s.ep.rosidl_typesupport_introspection_c.c.o[0m
[8.605s] [ 96%] [32m[1mLinking C shared library rosidl_generator_py/custom_interfaces/custom_interfaces_s__rosidl_typesupport_c.cpython-38-x86_64-linux-gnu.so[0m
[8.616s] [ 98%] [32m[1mLinking CXX shared library rosidl_generator_py/custom_interfaces/custom_interfaces_s__rosidl_typesupport_fastrtps_c.cpython-38-x86_64-linux-gnu.so[0m
[8.623s] [100%] [32m[1mLinking C shared library rosidl_generator_py/custom_interfaces/custom_interfaces_s__rosidl_typesupport_introspection_c.cpython-38-x86_64-linux-gnu.so[0m
[8.650s] [100%] Built target custom_interfaces__rosidl_typesupport_c__pyext
[8.653s] [100%] Built target custom_interfaces__rosidl_typesupport_introspection_c__pyext
[8.667s] [100%] Built target custom_interfaces__rosidl_typesupport_fastrtps_c__pyext
[8.676s] Invoked command in '/home/lee/Capstone/src/build/custom_interfaces' returned '0': CMAKE_PREFIX_PATH=${CMAKE_PREFIX_PATH}:/home/lee/turtlebot3_ws/install/turtlebot3_teleop:/home/lee/turtlebot3_ws/install/turtlebot3_example:/home/lee/gcamp_ros2_ws/install/py_topic_pkg:/home/lee/gcamp_ros2_ws/install/py_service_pkg:/home/lee/gcamp_ros2_ws/install/py_first_pkg:/home/lee/gcamp_ros2_ws/install/py_action_pkg:/opt/ros/foxy /usr/bin/cmake --build /home/lee/Capstone/src/build/custom_interfaces -- -j16 -l16
[8.732s] Invoking command in '/home/lee/Capstone/src/build/custom_interfaces': CMAKE_PREFIX_PATH=${CMAKE_PREFIX_PATH}:/home/lee/turtlebot3_ws/install/turtlebot3_teleop:/home/lee/turtlebot3_ws/install/turtlebot3_example:/home/lee/gcamp_ros2_ws/install/py_topic_pkg:/home/lee/gcamp_ros2_ws/install/py_service_pkg:/home/lee/gcamp_ros2_ws/install/py_first_pkg:/home/lee/gcamp_ros2_ws/install/py_action_pkg:/opt/ros/foxy /usr/bin/cmake --install /home/lee/Capstone/src/build/custom_interfaces
[8.739s] -- Install configuration: ""
[8.739s] -- Installing: /home/lee/Capstone/src/install/custom_interfaces/share/ament_index/resource_index/rosidl_interfaces/custom_interfaces
[8.739s] -- Installing: /home/lee/Capstone/src/install/custom_interfaces/include/custom_interfaces
[8.739s] -- Installing: /home/lee/Capstone/src/install/custom_interfaces/include/custom_interfaces/action
[8.739s] -- Installing: /home/lee/Capstone/src/install/custom_interfaces/include/custom_interfaces/action/maze.h
[8.739s] -- Installing: /home/lee/Capstone/src/install/custom_interfaces/include/custom_interfaces/action/fibonacci.h
[8.739s] -- Installing: /home/lee/Capstone/src/install/custom_interfaces/include/custom_interfaces/action/detail
[8.740s] -- Installing: /home/lee/Capstone/src/install/custom_interfaces/include/custom_interfaces/action/detail/maze__type_support.h
[8.740s] -- Installing: /home/lee/Capstone/src/install/custom_interfaces/include/custom_interfaces/action/detail/maze__functions.c
[8.740s] -- Installing: /home/lee/Capstone/src/install/custom_interfaces/include/custom_interfaces/action/detail/maze__functions.h
[8.740s] -- Installing: /home/lee/Capstone/src/install/custom_interfaces/include/custom_interfaces/action/detail/fibonacci__struct.h
[8.740s] -- Installing: /home/lee/Capstone/src/install/custom_interfaces/include/custom_interfaces/action/detail/fibonacci__functions.h
[8.740s] -- Installing: /home/lee/Capstone/src/install/custom_interfaces/include/custom_interfaces/action/detail/fibonacci__functions.c
[8.740s] -- Installing: /home/lee/Capstone/src/install/custom_interfaces/include/custom_interfaces/action/detail/fibonacci__type_support.h
[8.740s] -- Installing: /home/lee/Capstone/src/install/custom_interfaces/include/custom_interfaces/action/detail/maze__struct.h
[8.740s] -- Installing: /home/lee/Capstone/src/install/custom_interfaces/include/custom_interfaces/srv
[8.740s] -- Installing: /home/lee/Capstone/src/install/custom_interfaces/include/custom_interfaces/srv/add_three_ints.h
[8.740s] -- Installing: /home/lee/Capstone/src/install/custom_interfaces/include/custom_interfaces/srv/detail
[8.740s] -- Installing: /home/lee/Capstone/src/install/custom_interfaces/include/custom_interfaces/srv/detail/add_three_ints__functions.c
[8.740s] -- Installing: /home/lee/Capstone/src/install/custom_interfaces/include/custom_interfaces/srv/detail/turning_control__type_support.h
[8.740s] -- Installing: /home/lee/Capstone/src/install/custom_interfaces/include/custom_interfaces/srv/detail/turning_control__struct.h
[8.740s] -- Installing: /home/lee/Capstone/src/install/custom_interfaces/include/custom_interfaces/srv/detail/add_three_ints__type_support.h
[8.740s] -- Installing: /home/lee/Capstone/src/install/custom_interfaces/include/custom_interfaces/srv/detail/turning_control__functions.c
[8.740s] -- Installing: /home/lee/Capstone/src/install/custom_interfaces/include/custom_interfaces/srv/detail/add_three_ints__struct.h
[8.740s] -- Installing: /home/lee/Capstone/src/install/custom_interfaces/include/custom_interfaces/srv/detail/add_three_ints__functions.h
[8.741s] -- Installing: /home/lee/Capstone/src/install/custom_interfaces/include/custom_interfaces/srv/detail/turning_control__functions.h
[8.741s] -- Installing: /home/lee/Capstone/src/install/custom_interfaces/include/custom_interfaces/srv/turning_control.h
[8.741s] -- Installing: /home/lee/Capstone/src/install/custom_interfaces/include/custom_interfaces/msg
[8.741s] -- Installing: /home/lee/Capstone/src/install/custom_interfaces/include/custom_interfaces/msg/detail
[8.741s] -- Installing: /home/lee/Capstone/src/install/custom_interfaces/include/custom_interfaces/msg/detail/num__functions.c
[8.741s] -- Installing: /home/lee/Capstone/src/install/custom_interfaces/include/custom_interfaces/msg/detail/num__type_support.h
[8.741s] -- Installing: /home/lee/Capstone/src/install/custom_interfaces/include/custom_interfaces/msg/detail/num__functions.h
[8.741s] -- Installing: /home/lee/Capstone/src/install/custom_interfaces/include/custom_interfaces/msg/detail/num__struct.h
[8.741s] -- Installing: /home/lee/Capstone/src/install/custom_interfaces/include/custom_interfaces/msg/num.h
[8.741s] -- Installing: /home/lee/Capstone/src/install/custom_interfaces/include/custom_interfaces/msg/rosidl_generator_c__visibility_control.h
[8.741s] -- Installing: /home/lee/Capstone/src/install/custom_interfaces/share/custom_interfaces/environment/library_path.sh
[8.741s] -- Installing: /home/lee/Capstone/src/install/custom_interfaces/share/custom_interfaces/environment/library_path.dsv
[8.741s] -- Installing: /home/lee/Capstone/src/install/custom_interfaces/lib/libcustom_interfaces__rosidl_generator_c.so
[8.741s] -- Set runtime path of "/home/lee/Capstone/src/install/custom_interfaces/lib/libcustom_interfaces__rosidl_generator_c.so" to ""
[8.742s] -- Up-to-date: /home/lee/Capstone/src/install/custom_interfaces/include/custom_interfaces
[8.742s] -- Up-to-date: /home/lee/Capstone/src/install/custom_interfaces/include/custom_interfaces/action
[8.742s] -- Up-to-date: /home/lee/Capstone/src/install/custom_interfaces/include/custom_interfaces/action/detail
[8.742s] -- Installing: /home/lee/Capstone/src/install/custom_interfaces/include/custom_interfaces/action/detail/maze__rosidl_typesupport_fastrtps_c.h
[8.742s] -- Installing: /home/lee/Capstone/src/install/custom_interfaces/include/custom_interfaces/action/detail/fibonacci__rosidl_typesupport_fastrtps_c.h
[8.742s] -- Up-to-date: /home/lee/Capstone/src/install/custom_interfaces/include/custom_interfaces/srv
[8.742s] -- Up-to-date: /home/lee/Capstone/src/install/custom_interfaces/include/custom_interfaces/srv/detail
[8.742s] -- Installing: /home/lee/Capstone/src/install/custom_interfaces/include/custom_interfaces/srv/detail/add_three_ints__rosidl_typesupport_fastrtps_c.h
[8.742s] -- Installing: /home/lee/Capstone/src/install/custom_interfaces/include/custom_interfaces/srv/detail/turning_control__rosidl_typesupport_fastrtps_c.h
[8.742s] -- Up-to-date: /home/lee/Capstone/src/install/custom_interfaces/include/custom_interfaces/msg
[8.742s] -- Installing: /home/lee/Capstone/src/install/custom_interfaces/include/custom_interfaces/msg/rosidl_typesupport_fastrtps_c__visibility_control.h
[8.742s] -- Up-to-date: /home/lee/Capstone/src/install/custom_interfaces/include/custom_interfaces/msg/detail
[8.742s] -- Installing: /home/lee/Capstone/src/install/custom_interfaces/include/custom_interfaces/msg/detail/num__rosidl_typesupport_fastrtps_c.h
[8.742s] -- Installing: /home/lee/Capstone/src/install/custom_interfaces/lib/libcustom_interfaces__rosidl_typesupport_fastrtps_c.so
[8.742s] -- Set runtime path of "/home/lee/Capstone/src/install/custom_interfaces/lib/libcustom_interfaces__rosidl_typesupport_fastrtps_c.so" to ""
[8.742s] -- Up-to-date: /home/lee/Capstone/src/install/custom_interfaces/include/custom_interfaces
[8.742s] -- Up-to-date: /home/lee/Capstone/src/install/custom_interfaces/include/custom_interfaces/action
[8.742s] -- Up-to-date: /home/lee/Capstone/src/install/custom_interfaces/include/custom_interfaces/action/detail
[8.743s] -- Installing: /home/lee/Capstone/src/install/custom_interfaces/include/custom_interfaces/action/detail/fibonacci__rosidl_typesupport_fastrtps_cpp.hpp
[8.743s] -- Installing: /home/lee/Capstone/src/install/custom_interfaces/include/custom_interfaces/action/detail/dds_fastrtps
[8.743s] -- Installing: /home/lee/Capstone/src/install/custom_interfaces/include/custom_interfaces/action/detail/maze__rosidl_typesupport_fastrtps_cpp.hpp
[8.743s] -- Up-to-date: /home/lee/Capstone/src/install/custom_interfaces/include/custom_interfaces/srv
[8.743s] -- Up-to-date: /home/lee/Capstone/src/install/custom_interfaces/include/custom_interfaces/srv/detail
[8.743s] -- Installing: /home/lee/Capstone/src/install/custom_interfaces/include/custom_interfaces/srv/detail/dds_fastrtps
[8.743s] -- Installing: /home/lee/Capstone/src/install/custom_interfaces/include/custom_interfaces/srv/detail/add_three_ints__rosidl_typesupport_fastrtps_cpp.hpp
[8.743s] -- Installing: /home/lee/Capstone/src/install/custom_interfaces/include/custom_interfaces/srv/detail/turning_control__rosidl_typesupport_fastrtps_cpp.hpp
[8.743s] -- Up-to-date: /home/lee/Capstone/src/install/custom_interfaces/include/custom_interfaces/msg
[8.743s] -- Installing: /home/lee/Capstone/src/install/custom_interfaces/include/custom_interfaces/msg/rosidl_typesupport_fastrtps_cpp__visibility_control.h
[8.743s] -- Up-to-date: /home/lee/Capstone/src/install/custom_interfaces/include/custom_interfaces/msg/detail
[8.743s] -- Installing: /home/lee/Capstone/src/install/custom_interfaces/include/custom_interfaces/msg/detail/dds_fastrtps
[8.743s] -- Installing: /home/lee/Capstone/src/install/custom_interfaces/include/custom_interfaces/msg/detail/num__rosidl_typesupport_fastrtps_cpp.hpp
[8.743s] -- Installing: /home/lee/Capstone/src/install/custom_interfaces/lib/libcustom_interfaces__rosidl_typesupport_fastrtps_cpp.so
[8.743s] -- Set runtime path of "/home/lee/Capstone/src/install/custom_interfaces/lib/libcustom_interfaces__rosidl_typesupport_fastrtps_cpp.so" to ""
[8.743s] -- Up-to-date: /home/lee/Capstone/src/install/custom_interfaces/include/custom_interfaces
[8.743s] -- Up-to-date: /home/lee/Capstone/src/install/custom_interfaces/include/custom_interfaces/action
[8.743s] -- Up-to-date: /home/lee/Capstone/src/install/custom_interfaces/include/custom_interfaces/action/detail
[8.743s] -- Installing: /home/lee/Capstone/src/install/custom_interfaces/include/custom_interfaces/action/detail/maze__rosidl_typesupport_introspection_c.h
[8.743s] -- Installing: /home/lee/Capstone/src/install/custom_interfaces/include/custom_interfaces/action/detail/maze__type_support.c
[8.744s] -- Installing: /home/lee/Capstone/src/install/custom_interfaces/include/custom_interfaces/action/detail/fibonacci__type_support.c
[8.744s] -- Installing: /home/lee/Capstone/src/install/custom_interfaces/include/custom_interfaces/action/detail/fibonacci__rosidl_typesupport_introspection_c.h
[8.744s] -- Up-to-date: /home/lee/Capstone/src/install/custom_interfaces/include/custom_interfaces/srv
[8.744s] -- Up-to-date: /home/lee/Capstone/src/install/custom_interfaces/include/custom_interfaces/srv/detail
[8.744s] -- Installing: /home/lee/Capstone/src/install/custom_interfaces/include/custom_interfaces/srv/detail/add_three_ints__rosidl_typesupport_introspection_c.h
[8.744s] -- Installing: /home/lee/Capstone/src/install/custom_interfaces/include/custom_interfaces/srv/detail/turning_control__rosidl_typesupport_introspection_c.h
[8.744s] -- Installing: /home/lee/Capstone/src/install/custom_interfaces/include/custom_interfaces/srv/detail/turning_control__type_support.c
[8.744s] -- Installing: /home/lee/Capstone/src/install/custom_interfaces/include/custom_interfaces/srv/detail/add_three_ints__type_support.c
[8.744s] -- Up-to-date: /home/lee/Capstone/src/install/custom_interfaces/include/custom_interfaces/msg
[8.744s] -- Installing: /home/lee/Capstone/src/install/custom_interfaces/include/custom_interfaces/msg/rosidl_typesupport_introspection_c__visibility_control.h
[8.744s] -- Up-to-date: /home/lee/Capstone/src/install/custom_interfaces/include/custom_interfaces/msg/detail
[8.744s] -- Installing: /home/lee/Capstone/src/install/custom_interfaces/include/custom_interfaces/msg/detail/num__type_support.c
[8.744s] -- Installing: /home/lee/Capstone/src/install/custom_interfaces/include/custom_interfaces/msg/detail/num__rosidl_typesupport_introspection_c.h
[8.744s] -- Installing: /home/lee/Capstone/src/install/custom_interfaces/lib/libcustom_interfaces__rosidl_typesupport_introspection_c.so
[8.744s] -- Set runtime path of "/home/lee/Capstone/src/install/custom_interfaces/lib/libcustom_interfaces__rosidl_typesupport_introspection_c.so" to ""
[8.744s] -- Installing: /home/lee/Capstone/src/install/custom_interfaces/lib/libcustom_interfaces__rosidl_typesupport_c.so
[8.745s] -- Set runtime path of "/home/lee/Capstone/src/install/custom_interfaces/lib/libcustom_interfaces__rosidl_typesupport_c.so" to ""
[8.745s] -- Up-to-date: /home/lee/Capstone/src/install/custom_interfaces/include/custom_interfaces
[8.745s] -- Up-to-date: /home/lee/Capstone/src/install/custom_interfaces/include/custom_interfaces/action
[8.745s] -- Installing: /home/lee/Capstone/src/install/custom_interfaces/include/custom_interfaces/action/fibonacci.hpp
[8.745s] -- Installing: /home/lee/Capstone/src/install/custom_interfaces/include/custom_interfaces/action/maze.hpp
[8.745s] -- Up-to-date: /home/lee/Capstone/src/install/custom_interfaces/include/custom_interfaces/action/detail
[8.745s] -- Installing: /home/lee/Capstone/src/install/custom_interfaces/include/custom_interfaces/action/detail/maze__builder.hpp
[8.745s] -- Installing: /home/lee/Capstone/src/install/custom_interfaces/include/custom_interfaces/action/detail/fibonacci__struct.hpp
[8.745s] -- Installing: /home/lee/Capstone/src/install/custom_interfaces/include/custom_interfaces/action/detail/fibonacci__type_support.hpp
[8.745s] -- Installing: /home/lee/Capstone/src/install/custom_interfaces/include/custom_interfaces/action/detail/maze__traits.hpp
[8.745s] -- Installing: /home/lee/Capstone/src/install/custom_interfaces/include/custom_interfaces/action/detail/maze__struct.hpp
[8.745s] -- Installing: /home/lee/Capstone/src/install/custom_interfaces/include/custom_interfaces/action/detail/maze__type_support.hpp
[8.745s] -- Installing: /home/lee/Capstone/src/install/custom_interfaces/include/custom_interfaces/action/detail/fibonacci__traits.hpp
[8.745s] -- Installing: /home/lee/Capstone/src/install/custom_interfaces/include/custom_interfaces/action/detail/fibonacci__builder.hpp
[8.745s] -- Up-to-date: /home/lee/Capstone/src/install/custom_interfaces/include/custom_interfaces/srv
[8.745s] -- Installing: /home/lee/Capstone/src/install/custom_interfaces/include/custom_interfaces/srv/add_three_ints.hpp
[8.745s] -- Installing: /home/lee/Capstone/src/install/custom_interfaces/include/custom_interfaces/srv/turning_control.hpp
[8.746s] -- Up-to-date: /home/lee/Capstone/src/install/custom_interfaces/include/custom_interfaces/srv/detail
[8.746s] -- Installing: /home/lee/Capstone/src/install/custom_interfaces/include/custom_interfaces/srv/detail/turning_control__builder.hpp
[8.746s] -- Installing: /home/lee/Capstone/src/install/custom_interfaces/include/custom_interfaces/srv/detail/turning_control__struct.hpp
[8.746s] -- Installing: /home/lee/Capstone/src/install/custom_interfaces/include/custom_interfaces/srv/detail/turning_control__type_support.hpp
[8.746s] -- Installing: /home/lee/Capstone/src/install/custom_interfaces/include/custom_interfaces/srv/detail/add_three_ints__type_support.hpp
[8.746s] -- Installing: /home/lee/Capstone/src/install/custom_interfaces/include/custom_interfaces/srv/detail/add_three_ints__builder.hpp
[8.746s] -- Installing: /home/lee/Capstone/src/install/custom_interfaces/include/custom_interfaces/srv/detail/add_three_ints__struct.hpp
[8.746s] -- Installing: /home/lee/Capstone/src/install/custom_interfaces/include/custom_interfaces/srv/detail/turning_control__traits.hpp
[8.746s] -- Installing: /home/lee/Capstone/src/install/custom_interfaces/include/custom_interfaces/srv/detail/add_three_ints__traits.hpp
[8.746s] -- Up-to-date: /home/lee/Capstone/src/install/custom_interfaces/include/custom_interfaces/msg
[8.746s] -- Installing: /home/lee/Capstone/src/install/custom_interfaces/include/custom_interfaces/msg/num.hpp
[8.746s] -- Up-to-date: /home/lee/Capstone/src/install/custom_interfaces/include/custom_interfaces/msg/detail
[8.746s] -- Installing: /home/lee/Capstone/src/install/custom_interfaces/include/custom_interfaces/msg/detail/num__traits.hpp
[8.746s] -- Installing: /home/lee/Capstone/src/install/custom_interfaces/include/custom_interfaces/msg/detail/num__struct.hpp
[8.746s] -- Installing: /home/lee/Capstone/src/install/custom_interfaces/include/custom_interfaces/msg/detail/num__type_support.hpp
[8.746s] -- Installing: /home/lee/Capstone/src/install/custom_interfaces/include/custom_interfaces/msg/detail/num__builder.hpp
[8.746s] -- Installing: /home/lee/Capstone/src/install/custom_interfaces/include/custom_interfaces/msg/rosidl_generator_cpp__visibility_control.hpp
[8.746s] -- Up-to-date: /home/lee/Capstone/src/install/custom_interfaces/include/custom_interfaces
[8.746s] -- Up-to-date: /home/lee/Capstone/src/install/custom_interfaces/include/custom_interfaces/action
[8.746s] -- Up-to-date: /home/lee/Capstone/src/install/custom_interfaces/include/custom_interfaces/action/detail
[8.747s] -- Installing: /home/lee/Capstone/src/install/custom_interfaces/include/custom_interfaces/action/detail/maze__type_support.cpp
[8.747s] -- Installing: /home/lee/Capstone/src/install/custom_interfaces/include/custom_interfaces/action/detail/fibonacci__rosidl_typesupport_introspection_cpp.hpp
[8.747s] -- Installing: /home/lee/Capstone/src/install/custom_interfaces/include/custom_interfaces/action/detail/fibonacci__type_support.cpp
[8.747s] -- Installing: /home/lee/Capstone/src/install/custom_interfaces/include/custom_interfaces/action/detail/maze__rosidl_typesupport_introspection_cpp.hpp
[8.747s] -- Up-to-date: /home/lee/Capstone/src/install/custom_interfaces/include/custom_interfaces/srv
[8.747s] -- Up-to-date: /home/lee/Capstone/src/install/custom_interfaces/include/custom_interfaces/srv/detail
[8.747s] -- Installing: /home/lee/Capstone/src/install/custom_interfaces/include/custom_interfaces/srv/detail/add_three_ints__rosidl_typesupport_introspection_cpp.hpp
[8.747s] -- Installing: /home/lee/Capstone/src/install/custom_interfaces/include/custom_interfaces/srv/detail/turning_control__type_support.cpp
[8.747s] -- Installing: /home/lee/Capstone/src/install/custom_interfaces/include/custom_interfaces/srv/detail/add_three_ints__type_support.cpp
[8.747s] -- Installing: /home/lee/Capstone/src/install/custom_interfaces/include/custom_interfaces/srv/detail/turning_control__rosidl_typesupport_introspection_cpp.hpp
[8.747s] -- Up-to-date: /home/lee/Capstone/src/install/custom_interfaces/include/custom_interfaces/msg
[8.747s] -- Up-to-date: /home/lee/Capstone/src/install/custom_interfaces/include/custom_interfaces/msg/detail
[8.747s] -- Installing: /home/lee/Capstone/src/install/custom_interfaces/include/custom_interfaces/msg/detail/num__rosidl_typesupport_introspection_cpp.hpp
[8.747s] -- Installing: /home/lee/Capstone/src/install/custom_interfaces/include/custom_interfaces/msg/detail/num__type_support.cpp
[8.747s] -- Installing: /home/lee/Capstone/src/install/custom_interfaces/lib/libcustom_interfaces__rosidl_typesupport_introspection_cpp.so
[8.747s] -- Set runtime path of "/home/lee/Capstone/src/install/custom_interfaces/lib/libcustom_interfaces__rosidl_typesupport_introspection_cpp.so" to ""
[8.747s] -- Installing: /home/lee/Capstone/src/install/custom_interfaces/lib/libcustom_interfaces__rosidl_typesupport_cpp.so
[8.747s] -- Set runtime path of "/home/lee/Capstone/src/install/custom_interfaces/lib/libcustom_interfaces__rosidl_typesupport_cpp.so" to ""
[8.747s] -- Installing: /home/lee/Capstone/src/install/custom_interfaces/share/custom_interfaces/environment/pythonpath.sh
[8.747s] -- Installing: /home/lee/Capstone/src/install/custom_interfaces/share/custom_interfaces/environment/pythonpath.dsv
[8.747s] -- Installing: /home/lee/Capstone/src/install/custom_interfaces/lib/python3.8/site-packages/custom_interfaces/__init__.py
[8.771s] Compiling '/home/lee/Capstone/src/install/custom_interfaces/lib/python3.8/site-packages/custom_interfaces/__init__.py'...
[8.774s] -- Installing: /home/lee/Capstone/src/install/custom_interfaces/lib/python3.8/site-packages/custom_interfaces/msg
[8.774s] -- Installing: /home/lee/Capstone/src/install/custom_interfaces/lib/python3.8/site-packages/custom_interfaces/msg/_num_s.c
[8.775s] -- Installing: /home/lee/Capstone/src/install/custom_interfaces/lib/python3.8/site-packages/custom_interfaces/msg/_num.py
[8.775s] -- Installing: /home/lee/Capstone/src/install/custom_interfaces/lib/python3.8/site-packages/custom_interfaces/msg/__init__.py
[8.775s] -- Installing: /home/lee/Capstone/src/install/custom_interfaces/lib/python3.8/site-packages/custom_interfaces/srv
[8.775s] -- Installing: /home/lee/Capstone/src/install/custom_interfaces/lib/python3.8/site-packages/custom_interfaces/srv/_turning_control.py
[8.775s] -- Installing: /home/lee/Capstone/src/install/custom_interfaces/lib/python3.8/site-packages/custom_interfaces/srv/_add_three_ints.py
[8.775s] -- Installing: /home/lee/Capstone/src/install/custom_interfaces/lib/python3.8/site-packages/custom_interfaces/srv/_add_three_ints_s.c
[8.775s] -- Installing: /home/lee/Capstone/src/install/custom_interfaces/lib/python3.8/site-packages/custom_interfaces/srv/_turning_control_s.c
[8.775s] -- Installing: /home/lee/Capstone/src/install/custom_interfaces/lib/python3.8/site-packages/custom_interfaces/srv/__init__.py
[8.775s] -- Installing: /home/lee/Capstone/src/install/custom_interfaces/lib/python3.8/site-packages/custom_interfaces/action
[8.775s] -- Installing: /home/lee/Capstone/src/install/custom_interfaces/lib/python3.8/site-packages/custom_interfaces/action/_maze.py
[8.775s] -- Installing: /home/lee/Capstone/src/install/custom_interfaces/lib/python3.8/site-packages/custom_interfaces/action/_fibonacci.py
[8.775s] -- Installing: /home/lee/Capstone/src/install/custom_interfaces/lib/python3.8/site-packages/custom_interfaces/action/_fibonacci_s.c
[8.775s] -- Installing: /home/lee/Capstone/src/install/custom_interfaces/lib/python3.8/site-packages/custom_interfaces/action/_maze_s.c
[8.775s] -- Installing: /home/lee/Capstone/src/install/custom_interfaces/lib/python3.8/site-packages/custom_interfaces/action/__init__.py
[8.776s] -- Installing: /home/lee/Capstone/src/install/custom_interfaces/lib/python3.8/site-packages/custom_interfaces/custom_interfaces_s__rosidl_typesupport_fastrtps_c.cpython-38-x86_64-linux-gnu.so
[8.776s] -- Set runtime path of "/home/lee/Capstone/src/install/custom_interfaces/lib/python3.8/site-packages/custom_interfaces/custom_interfaces_s__rosidl_typesupport_fastrtps_c.cpython-38-x86_64-linux-gnu.so" to ""
[8.776s] -- Installing: /home/lee/Capstone/src/install/custom_interfaces/lib/python3.8/site-packages/custom_interfaces/custom_interfaces_s__rosidl_typesupport_introspection_c.cpython-38-x86_64-linux-gnu.so
[8.777s] -- Set runtime path of "/home/lee/Capstone/src/install/custom_interfaces/lib/python3.8/site-packages/custom_interfaces/custom_interfaces_s__rosidl_typesupport_introspection_c.cpython-38-x86_64-linux-gnu.so" to ""
[8.777s] -- Installing: /home/lee/Capstone/src/install/custom_interfaces/lib/python3.8/site-packages/custom_interfaces/custom_interfaces_s__rosidl_typesupport_c.cpython-38-x86_64-linux-gnu.so
[8.777s] -- Set runtime path of "/home/lee/Capstone/src/install/custom_interfaces/lib/python3.8/site-packages/custom_interfaces/custom_interfaces_s__rosidl_typesupport_c.cpython-38-x86_64-linux-gnu.so" to ""
[8.777s] -- Installing: /home/lee/Capstone/src/install/custom_interfaces/lib/libcustom_interfaces__python.so
[8.778s] -- Set runtime path of "/home/lee/Capstone/src/install/custom_interfaces/lib/libcustom_interfaces__python.so" to ""
[8.778s] -- Installing: /home/lee/Capstone/src/install/custom_interfaces/share/custom_interfaces/msg/Num.idl
[8.778s] -- Installing: /home/lee/Capstone/src/install/custom_interfaces/share/custom_interfaces/srv/AddThreeInts.idl
[8.778s] -- Installing: /home/lee/Capstone/src/install/custom_interfaces/share/custom_interfaces/srv/TurningControl.idl
[8.778s] -- Installing: /home/lee/Capstone/src/install/custom_interfaces/share/custom_interfaces/action/Fibonacci.idl
[8.778s] -- Installing: /home/lee/Capstone/src/install/custom_interfaces/share/custom_interfaces/action/Maze.idl
[8.778s] -- Installing: /home/lee/Capstone/src/install/custom_interfaces/share/custom_interfaces/msg/Num.msg
[8.778s] -- Installing: /home/lee/Capstone/src/install/custom_interfaces/share/custom_interfaces/srv/AddThreeInts.srv
[8.778s] -- Installing: /home/lee/Capstone/src/install/custom_interfaces/share/custom_interfaces/srv/AddThreeInts_Request.msg
[8.779s] -- Installing: /home/lee/Capstone/src/install/custom_interfaces/share/custom_interfaces/srv/AddThreeInts_Response.msg
[8.779s] -- Installing: /home/lee/Capstone/src/install/custom_interfaces/share/custom_interfaces/srv/TurningControl.srv
[8.779s] -- Installing: /home/lee/Capstone/src/install/custom_interfaces/share/custom_interfaces/srv/TurningControl_Request.msg
[8.779s] -- Installing: /home/lee/Capstone/src/install/custom_interfaces/share/custom_interfaces/srv/TurningControl_Response.msg
[8.779s] -- Installing: /home/lee/Capstone/src/install/custom_interfaces/share/custom_interfaces/action/Fibonacci.action
[8.779s] -- Installing: /home/lee/Capstone/src/install/custom_interfaces/share/custom_interfaces/action/Maze.action
[8.779s] -- Installing: /home/lee/Capstone/src/install/custom_interfaces/share/ament_index/resource_index/package_run_dependencies/custom_interfaces
[8.779s] -- Installing: /home/lee/Capstone/src/install/custom_interfaces/share/ament_index/resource_index/parent_prefix_path/custom_interfaces
[8.779s] -- Installing: /home/lee/Capstone/src/install/custom_interfaces/share/custom_interfaces/environment/ament_prefix_path.sh
[8.779s] -- Installing: /home/lee/Capstone/src/install/custom_interfaces/share/custom_interfaces/environment/ament_prefix_path.dsv
[8.780s] -- Installing: /home/lee/Capstone/src/install/custom_interfaces/share/custom_interfaces/environment/path.sh
[8.780s] -- Installing: /home/lee/Capstone/src/install/custom_interfaces/share/custom_interfaces/environment/path.dsv
[8.780s] -- Installing: /home/lee/Capstone/src/install/custom_interfaces/share/custom_interfaces/local_setup.bash
[8.780s] -- Installing: /home/lee/Capstone/src/install/custom_interfaces/share/custom_interfaces/local_setup.sh
[8.780s] -- Installing: /home/lee/Capstone/src/install/custom_interfaces/share/custom_interfaces/local_setup.zsh
[8.780s] -- Installing: /home/lee/Capstone/src/install/custom_interfaces/share/custom_interfaces/local_setup.dsv
[8.780s] -- Installing: /home/lee/Capstone/src/install/custom_interfaces/share/custom_interfaces/package.dsv
[8.780s] -- Installing: /home/lee/Capstone/src/install/custom_interfaces/share/ament_index/resource_index/packages/custom_interfaces
[8.780s] -- Installing: /home/lee/Capstone/src/install/custom_interfaces/share/custom_interfaces/cmake/custom_interfaces__rosidl_generator_cExport.cmake
[8.780s] -- Installing: /home/lee/Capstone/src/install/custom_interfaces/share/custom_interfaces/cmake/custom_interfaces__rosidl_generator_cExport-noconfig.cmake
[8.781s] -- Installing: /home/lee/Capstone/src/install/custom_interfaces/share/custom_interfaces/cmake/custom_interfaces__rosidl_typesupport_introspection_cExport.cmake
[8.781s] -- Installing: /home/lee/Capstone/src/install/custom_interfaces/share/custom_interfaces/cmake/custom_interfaces__rosidl_typesupport_introspection_cExport-noconfig.cmake
[8.781s] -- Installing: /home/lee/Capstone/src/install/custom_interfaces/share/custom_interfaces/cmake/custom_interfaces__rosidl_typesupport_cExport.cmake
[8.781s] -- Installing: /home/lee/Capstone/src/install/custom_interfaces/share/custom_interfaces/cmake/custom_interfaces__rosidl_typesupport_cExport-noconfig.cmake
[8.781s] -- Installing: /home/lee/Capstone/src/install/custom_interfaces/share/custom_interfaces/cmake/custom_interfaces__rosidl_generator_cppExport.cmake
[8.781s] -- Installing: /home/lee/Capstone/src/install/custom_interfaces/share/custom_interfaces/cmake/custom_interfaces__rosidl_typesupport_introspection_cppExport.cmake
[8.781s] -- Installing: /home/lee/Capstone/src/install/custom_interfaces/share/custom_interfaces/cmake/custom_interfaces__rosidl_typesupport_introspection_cppExport-noconfig.cmake
[8.781s] -- Installing: /home/lee/Capstone/src/install/custom_interfaces/share/custom_interfaces/cmake/custom_interfaces__rosidl_typesupport_cppExport.cmake
[8.782s] -- Installing: /home/lee/Capstone/src/install/custom_interfaces/share/custom_interfaces/cmake/custom_interfaces__rosidl_typesupport_cppExport-noconfig.cmake
[8.782s] -- Installing: /home/lee/Capstone/src/install/custom_interfaces/share/custom_interfaces/cmake/rosidl_cmake-extras.cmake
[8.782s] -- Installing: /home/lee/Capstone/src/install/custom_interfaces/share/custom_interfaces/cmake/ament_cmake_export_dependencies-extras.cmake
[8.782s] -- Installing: /home/lee/Capstone/src/install/custom_interfaces/share/custom_interfaces/cmake/ament_cmake_export_libraries-extras.cmake
[8.782s] -- Installing: /home/lee/Capstone/src/install/custom_interfaces/share/custom_interfaces/cmake/ament_cmake_export_targets-extras.cmake
[8.782s] -- Installing: /home/lee/Capstone/src/install/custom_interfaces/share/custom_interfaces/cmake/ament_cmake_export_include_directories-extras.cmake
[8.782s] -- Installing: /home/lee/Capstone/src/install/custom_interfaces/share/custom_interfaces/cmake/rosidl_cmake_export_typesupport_libraries-extras.cmake
[8.782s] -- Installing: /home/lee/Capstone/src/install/custom_interfaces/share/custom_interfaces/cmake/rosidl_cmake_export_typesupport_targets-extras.cmake
[8.782s] -- Installing: /home/lee/Capstone/src/install/custom_interfaces/share/custom_interfaces/cmake/custom_interfacesConfig.cmake
[8.782s] -- Installing: /home/lee/Capstone/src/install/custom_interfaces/share/custom_interfaces/cmake/custom_interfacesConfig-version.cmake
[8.782s] -- Installing: /home/lee/Capstone/src/install/custom_interfaces/share/custom_interfaces/package.xml
[8.786s] Invoked command in '/home/lee/Capstone/src/build/custom_interfaces' returned '0': CMAKE_PREFIX_PATH=${CMAKE_PREFIX_PATH}:/home/lee/turtlebot3_ws/install/turtlebot3_teleop:/home/lee/turtlebot3_ws/install/turtlebot3_example:/home/lee/gcamp_ros2_ws/install/py_topic_pkg:/home/lee/gcamp_ros2_ws/install/py_service_pkg:/home/lee/gcamp_ros2_ws/install/py_first_pkg:/home/lee/gcamp_ros2_ws/install/py_action_pkg:/opt/ros/foxy /usr/bin/cmake --install /home/lee/Capstone/src/build/custom_interfaces
