[0.041s] Invoking command in '/home/lee/Capstone/build/cpp_param_pkg': CMAKE_PREFIX_PATH=${CMAKE_PREFIX_PATH}:/home/lee/Capstone/install/py_topic_pkg:/home/lee/Capstone/install/py_service_pkg:/home/lee/Capstone/install/py_first_pkg:/home/lee/Capstone/install/py_action_pkg:/home/lee/gcamp_ros2_ws/install/py_topic_pkg:/home/lee/gcamp_ros2_ws/install/py_service_pkg:/home/lee/gcamp_ros2_ws/install/py_first_pkg:/home/lee/gcamp_ros2_ws/install/py_action_pkg:/home/lee/Capstone/install/turtlebot3_teleop:/home/lee/Capstone/install/hand_tracking_pkg:/home/lee/Capstone/main/install/hand_tracking_pkg:/opt/ros/foxy /usr/bin/cmake --build /home/lee/Capstone/build/cpp_param_pkg -- -j16 -l16
[0.593s] [100%] Built target param_tutorial
[0.602s] Invoked command in '/home/lee/Capstone/build/cpp_param_pkg' returned '0': CMAKE_PREFIX_PATH=${CMAKE_PREFIX_PATH}:/home/lee/Capstone/install/py_topic_pkg:/home/lee/Capstone/install/py_service_pkg:/home/lee/Capstone/install/py_first_pkg:/home/lee/Capstone/install/py_action_pkg:/home/lee/gcamp_ros2_ws/install/py_topic_pkg:/home/lee/gcamp_ros2_ws/install/py_service_pkg:/home/lee/gcamp_ros2_ws/install/py_first_pkg:/home/lee/gcamp_ros2_ws/install/py_action_pkg:/home/lee/Capstone/install/turtlebot3_teleop:/home/lee/Capstone/install/hand_tracking_pkg:/home/lee/Capstone/main/install/hand_tracking_pkg:/opt/ros/foxy /usr/bin/cmake --build /home/lee/Capstone/build/cpp_param_pkg -- -j16 -l16
[0.631s] Invoking command in '/home/lee/Capstone/build/cpp_param_pkg': CMAKE_PREFIX_PATH=${CMAKE_PREFIX_PATH}:/home/lee/Capstone/install/py_topic_pkg:/home/lee/Capstone/install/py_service_pkg:/home/lee/Capstone/install/py_first_pkg:/home/lee/Capstone/install/py_action_pkg:/home/lee/gcamp_ros2_ws/install/py_topic_pkg:/home/lee/gcamp_ros2_ws/install/py_service_pkg:/home/lee/gcamp_ros2_ws/install/py_first_pkg:/home/lee/gcamp_ros2_ws/install/py_action_pkg:/home/lee/Capstone/install/turtlebot3_teleop:/home/lee/Capstone/install/hand_tracking_pkg:/home/lee/Capstone/main/install/hand_tracking_pkg:/opt/ros/foxy /usr/bin/cmake --install /home/lee/Capstone/build/cpp_param_pkg
[0.644s] -- Install configuration: ""
[0.644s] -- Up-to-date: /home/lee/Capstone/install/cpp_param_pkg/lib/cpp_param_pkg/param_tutorial
[0.644s] -- Up-to-date: /home/lee/Capstone/install/cpp_param_pkg/share/ament_index/resource_index/package_run_dependencies/cpp_param_pkg
[0.644s] -- Up-to-date: /home/lee/Capstone/install/cpp_param_pkg/share/ament_index/resource_index/parent_prefix_path/cpp_param_pkg
[0.644s] -- Up-to-date: /home/lee/Capstone/install/cpp_param_pkg/share/cpp_param_pkg/environment/ament_prefix_path.sh
[0.645s] -- Up-to-date: /home/lee/Capstone/install/cpp_param_pkg/share/cpp_param_pkg/environment/ament_prefix_path.dsv
[0.645s] -- Up-to-date: /home/lee/Capstone/install/cpp_param_pkg/share/cpp_param_pkg/environment/path.sh
[0.645s] -- Up-to-date: /home/lee/Capstone/install/cpp_param_pkg/share/cpp_param_pkg/environment/path.dsv
[0.645s] -- Up-to-date: /home/lee/Capstone/install/cpp_param_pkg/share/cpp_param_pkg/local_setup.bash
[0.645s] -- Up-to-date: /home/lee/Capstone/install/cpp_param_pkg/share/cpp_param_pkg/local_setup.sh
[0.645s] -- Up-to-date: /home/lee/Capstone/install/cpp_param_pkg/share/cpp_param_pkg/local_setup.zsh
[0.645s] -- Up-to-date: /home/lee/Capstone/install/cpp_param_pkg/share/cpp_param_pkg/local_setup.dsv
[0.645s] -- Installing: /home/lee/Capstone/install/cpp_param_pkg/share/cpp_param_pkg/package.dsv
[0.645s] -- Up-to-date: /home/lee/Capstone/install/cpp_param_pkg/share/ament_index/resource_index/packages/cpp_param_pkg
[0.645s] -- Up-to-date: /home/lee/Capstone/install/cpp_param_pkg/share/cpp_param_pkg/cmake/cpp_param_pkgConfig.cmake
[0.645s] -- Up-to-date: /home/lee/Capstone/install/cpp_param_pkg/share/cpp_param_pkg/cmake/cpp_param_pkgConfig-version.cmake
[0.645s] -- Up-to-date: /home/lee/Capstone/install/cpp_param_pkg/share/cpp_param_pkg/package.xml
[0.668s] Invoked command in '/home/lee/Capstone/build/cpp_param_pkg' returned '0': CMAKE_PREFIX_PATH=${CMAKE_PREFIX_PATH}:/home/lee/Capstone/install/py_topic_pkg:/home/lee/Capstone/install/py_service_pkg:/home/lee/Capstone/install/py_first_pkg:/home/lee/Capstone/install/py_action_pkg:/home/lee/gcamp_ros2_ws/install/py_topic_pkg:/home/lee/gcamp_ros2_ws/install/py_service_pkg:/home/lee/gcamp_ros2_ws/install/py_first_pkg:/home/lee/gcamp_ros2_ws/install/py_action_pkg:/home/lee/Capstone/install/turtlebot3_teleop:/home/lee/Capstone/install/hand_tracking_pkg:/home/lee/Capstone/main/install/hand_tracking_pkg:/opt/ros/foxy /usr/bin/cmake --install /home/lee/Capstone/build/cpp_param_pkg
