[ 20%] Built target lifecycle_node
[ 40%] Built target simple_node
[ 70%] Built target simple_without_oop_node
[ 80%] Built target simple_oop_node
[100%] Built target simple_loop_node
-- Install configuration: ""
-- Up-to-date: /home/lee/Capstone/install/cpp_first_pkg/lib/cpp_first_pkg/lifecycle_node
-- Up-to-date: /home/lee/Capstone/install/cpp_first_pkg/lib/cpp_first_pkg/simple_loop_node
-- Up-to-date: /home/lee/Capstone/install/cpp_first_pkg/lib/cpp_first_pkg/simple_oop_node
-- Up-to-date: /home/lee/Capstone/install/cpp_first_pkg/lib/cpp_first_pkg/simple_without_oop_node
-- Up-to-date: /home/lee/Capstone/install/cpp_first_pkg/lib/cpp_first_pkg/simple_node
-- Up-to-date: /home/lee/Capstone/install/cpp_first_pkg/share/ament_index/resource_index/package_run_dependencies/cpp_first_pkg
-- Up-to-date: /home/lee/Capstone/install/cpp_first_pkg/share/ament_index/resource_index/parent_prefix_path/cpp_first_pkg
-- Up-to-date: /home/lee/Capstone/install/cpp_first_pkg/share/cpp_first_pkg/environment/ament_prefix_path.sh
-- Up-to-date: /home/lee/Capstone/install/cpp_first_pkg/share/cpp_first_pkg/environment/ament_prefix_path.dsv
-- Up-to-date: /home/lee/Capstone/install/cpp_first_pkg/share/cpp_first_pkg/environment/path.sh
-- Up-to-date: /home/lee/Capstone/install/cpp_first_pkg/share/cpp_first_pkg/environment/path.dsv
-- Up-to-date: /home/lee/Capstone/install/cpp_first_pkg/share/cpp_first_pkg/local_setup.bash
-- Up-to-date: /home/lee/Capstone/install/cpp_first_pkg/share/cpp_first_pkg/local_setup.sh
-- Up-to-date: /home/lee/Capstone/install/cpp_first_pkg/share/cpp_first_pkg/local_setup.zsh
-- Up-to-date: /home/lee/Capstone/install/cpp_first_pkg/share/cpp_first_pkg/local_setup.dsv
-- Installing: /home/lee/Capstone/install/cpp_first_pkg/share/cpp_first_pkg/package.dsv
-- Up-to-date: /home/lee/Capstone/install/cpp_first_pkg/share/ament_index/resource_index/packages/cpp_first_pkg
-- Up-to-date: /home/lee/Capstone/install/cpp_first_pkg/share/cpp_first_pkg/cmake/cpp_first_pkgConfig.cmake
-- Up-to-date: /home/lee/Capstone/install/cpp_first_pkg/share/cpp_first_pkg/cmake/cpp_first_pkgConfig-version.cmake
-- Up-to-date: /home/lee/Capstone/install/cpp_first_pkg/share/cpp_first_pkg/package.xml
-- Up-to-date: /home/lee/Capstone/install/cpp_first_pkg/share/cpp_first_pkg//launch
-- Up-to-date: /home/lee/Capstone/install/cpp_first_pkg/share/cpp_first_pkg//launch/simple_node.launch.py
