[0.209s] Invoking command in '/home/lee/Capstone/build/cpp_topic_pkg': CMAKE_PREFIX_PATH=${CMAKE_PREFIX_PATH}:/home/lee/Capstone/install/turtlebot3_teleop:/home/lee/Capstone/install/turtlebot3_example:/home/lee/Capstone/install/teleop_simulation_pkg:/home/lee/Capstone/install/py_topic_pkg:/home/lee/Capstone/install/py_service_pkg:/home/lee/Capstone/install/py_first_pkg:/home/lee/Capstone/install/py_action_pkg:/home/lee/Capstone/install/hand_tracking_pkg:/home/lee/turtlebot3_ws/install/turtlebot3_teleop:/home/lee/turtlebot3_ws/install/turtlebot3_example:/home/lee/gcamp_ros2_ws/install/py_topic_pkg:/home/lee/gcamp_ros2_ws/install/py_service_pkg:/home/lee/gcamp_ros2_ws/install/py_first_pkg:/home/lee/gcamp_ros2_ws/install/py_action_pkg:/opt/ros/foxy /usr/bin/cmake --build /home/lee/Capstone/build/cpp_topic_pkg -- -j16 -l16
[0.772s] [ 21%] Built target topic_sub_oop_node
[0.772s] [ 28%] Built target laser_sub_node
[0.772s] [ 42%] Built target topic_pub_oop_node
[0.772s] [ 57%] Built target cmd_vel_pub_node
[0.772s] [ 71%] Built target topic_sub_node
[0.772s] [ 85%] Built target topic_pub_node
[0.772s] [100%] Built target parking_node
[0.792s] Invoked command in '/home/lee/Capstone/build/cpp_topic_pkg' returned '0': CMAKE_PREFIX_PATH=${CMAKE_PREFIX_PATH}:/home/lee/Capstone/install/turtlebot3_teleop:/home/lee/Capstone/install/turtlebot3_example:/home/lee/Capstone/install/teleop_simulation_pkg:/home/lee/Capstone/install/py_topic_pkg:/home/lee/Capstone/install/py_service_pkg:/home/lee/Capstone/install/py_first_pkg:/home/lee/Capstone/install/py_action_pkg:/home/lee/Capstone/install/hand_tracking_pkg:/home/lee/turtlebot3_ws/install/turtlebot3_teleop:/home/lee/turtlebot3_ws/install/turtlebot3_example:/home/lee/gcamp_ros2_ws/install/py_topic_pkg:/home/lee/gcamp_ros2_ws/install/py_service_pkg:/home/lee/gcamp_ros2_ws/install/py_first_pkg:/home/lee/gcamp_ros2_ws/install/py_action_pkg:/opt/ros/foxy /usr/bin/cmake --build /home/lee/Capstone/build/cpp_topic_pkg -- -j16 -l16
[0.871s] Invoking command in '/home/lee/Capstone/build/cpp_topic_pkg': CMAKE_PREFIX_PATH=${CMAKE_PREFIX_PATH}:/home/lee/Capstone/install/turtlebot3_teleop:/home/lee/Capstone/install/turtlebot3_example:/home/lee/Capstone/install/teleop_simulation_pkg:/home/lee/Capstone/install/py_topic_pkg:/home/lee/Capstone/install/py_service_pkg:/home/lee/Capstone/install/py_first_pkg:/home/lee/Capstone/install/py_action_pkg:/home/lee/Capstone/install/hand_tracking_pkg:/home/lee/turtlebot3_ws/install/turtlebot3_teleop:/home/lee/turtlebot3_ws/install/turtlebot3_example:/home/lee/gcamp_ros2_ws/install/py_topic_pkg:/home/lee/gcamp_ros2_ws/install/py_service_pkg:/home/lee/gcamp_ros2_ws/install/py_first_pkg:/home/lee/gcamp_ros2_ws/install/py_action_pkg:/opt/ros/foxy /usr/bin/cmake --install /home/lee/Capstone/build/cpp_topic_pkg
[0.903s] -- Install configuration: ""
[0.905s] -- Up-to-date: /home/lee/Capstone/install/cpp_topic_pkg/lib/cpp_topic_pkg/cmd_vel_pub_node
[0.905s] -- Up-to-date: /home/lee/Capstone/install/cpp_topic_pkg/lib/cpp_topic_pkg/laser_sub_node
[0.905s] -- Up-to-date: /home/lee/Capstone/install/cpp_topic_pkg/lib/cpp_topic_pkg/parking_node
[0.905s] -- Up-to-date: /home/lee/Capstone/install/cpp_topic_pkg/lib/cpp_topic_pkg/topic_pub_node
[0.905s] -- Up-to-date: /home/lee/Capstone/install/cpp_topic_pkg/lib/cpp_topic_pkg/topic_pub_oop_node
[0.905s] -- Up-to-date: /home/lee/Capstone/install/cpp_topic_pkg/lib/cpp_topic_pkg/topic_sub_node
[0.905s] -- Up-to-date: /home/lee/Capstone/install/cpp_topic_pkg/lib/cpp_topic_pkg/topic_sub_oop_node
[0.905s] -- Up-to-date: /home/lee/Capstone/install/cpp_topic_pkg/share/ament_index/resource_index/package_run_dependencies/cpp_topic_pkg
[0.905s] -- Up-to-date: /home/lee/Capstone/install/cpp_topic_pkg/share/ament_index/resource_index/parent_prefix_path/cpp_topic_pkg
[0.905s] -- Up-to-date: /home/lee/Capstone/install/cpp_topic_pkg/share/cpp_topic_pkg/environment/ament_prefix_path.sh
[0.905s] -- Up-to-date: /home/lee/Capstone/install/cpp_topic_pkg/share/cpp_topic_pkg/environment/ament_prefix_path.dsv
[0.905s] -- Up-to-date: /home/lee/Capstone/install/cpp_topic_pkg/share/cpp_topic_pkg/environment/path.sh
[0.906s] -- Up-to-date: /home/lee/Capstone/install/cpp_topic_pkg/share/cpp_topic_pkg/environment/path.dsv
[0.906s] -- Up-to-date: /home/lee/Capstone/install/cpp_topic_pkg/share/cpp_topic_pkg/local_setup.bash
[0.906s] -- Up-to-date: /home/lee/Capstone/install/cpp_topic_pkg/share/cpp_topic_pkg/local_setup.sh
[0.906s] -- Up-to-date: /home/lee/Capstone/install/cpp_topic_pkg/share/cpp_topic_pkg/local_setup.zsh
[0.906s] -- Up-to-date: /home/lee/Capstone/install/cpp_topic_pkg/share/cpp_topic_pkg/local_setup.dsv
[0.906s] -- Installing: /home/lee/Capstone/install/cpp_topic_pkg/share/cpp_topic_pkg/package.dsv
[0.906s] -- Up-to-date: /home/lee/Capstone/install/cpp_topic_pkg/share/ament_index/resource_index/packages/cpp_topic_pkg
[0.906s] -- Up-to-date: /home/lee/Capstone/install/cpp_topic_pkg/share/cpp_topic_pkg/cmake/cpp_topic_pkgConfig.cmake
[0.906s] -- Up-to-date: /home/lee/Capstone/install/cpp_topic_pkg/share/cpp_topic_pkg/cmake/cpp_topic_pkgConfig-version.cmake
[0.906s] -- Up-to-date: /home/lee/Capstone/install/cpp_topic_pkg/share/cpp_topic_pkg/package.xml
[0.945s] Invoked command in '/home/lee/Capstone/build/cpp_topic_pkg' returned '0': CMAKE_PREFIX_PATH=${CMAKE_PREFIX_PATH}:/home/lee/Capstone/install/turtlebot3_teleop:/home/lee/Capstone/install/turtlebot3_example:/home/lee/Capstone/install/teleop_simulation_pkg:/home/lee/Capstone/install/py_topic_pkg:/home/lee/Capstone/install/py_service_pkg:/home/lee/Capstone/install/py_first_pkg:/home/lee/Capstone/install/py_action_pkg:/home/lee/Capstone/install/hand_tracking_pkg:/home/lee/turtlebot3_ws/install/turtlebot3_teleop:/home/lee/turtlebot3_ws/install/turtlebot3_example:/home/lee/gcamp_ros2_ws/install/py_topic_pkg:/home/lee/gcamp_ros2_ws/install/py_service_pkg:/home/lee/gcamp_ros2_ws/install/py_first_pkg:/home/lee/gcamp_ros2_ws/install/py_action_pkg:/opt/ros/foxy /usr/bin/cmake --install /home/lee/Capstone/build/cpp_topic_pkg
