[1.493s] Invoking command in '/home/lee/Capstone/src/turtlebot3/turtlebot3_teleop': PYTHONPATH=/home/lee/Capstone/build/turtlebot3_teleop/prefix_override:/home/lee/Capstone/install/turtlebot3_teleop/lib/python3.8/site-packages:${PYTHONPATH} /usr/bin/python3 -W ignore:setup.py install is deprecated setup.py egg_info --egg-base ../../../build/turtlebot3_teleop build --build-base /home/lee/Capstone/build/turtlebot3_teleop/build install --record /home/lee/Capstone/build/turtlebot3_teleop/install.log --single-version-externally-managed install_data
[1.634s] running egg_info
[1.634s] writing ../../../build/turtlebot3_teleop/turtlebot3_teleop.egg-info/PKG-INFO
[1.634s] writing dependency_links to ../../../build/turtlebot3_teleop/turtlebot3_teleop.egg-info/dependency_links.txt
[1.634s] writing entry points to ../../../build/turtlebot3_teleop/turtlebot3_teleop.egg-info/entry_points.txt
[1.634s] writing requirements to ../../../build/turtlebot3_teleop/turtlebot3_teleop.egg-info/requires.txt
[1.635s] writing top-level names to ../../../build/turtlebot3_teleop/turtlebot3_teleop.egg-info/top_level.txt
[1.655s] reading manifest file '../../../build/turtlebot3_teleop/turtlebot3_teleop.egg-info/SOURCES.txt'
[1.656s] writing manifest file '../../../build/turtlebot3_teleop/turtlebot3_teleop.egg-info/SOURCES.txt'
[1.656s] running build
[1.656s] running build_py
[1.656s] copying turtlebot3_teleop/__init__.py -> /home/lee/Capstone/build/turtlebot3_teleop/build/lib/turtlebot3_teleop
[1.656s] creating /home/lee/Capstone/build/turtlebot3_teleop/build/lib/turtlebot3_teleop/script
[1.656s] copying turtlebot3_teleop/script/teleop_keyboard.py -> /home/lee/Capstone/build/turtlebot3_teleop/build/lib/turtlebot3_teleop/script
[1.656s] copying turtlebot3_teleop/script/__init__.py -> /home/lee/Capstone/build/turtlebot3_teleop/build/lib/turtlebot3_teleop/script
[1.656s] running install
[1.656s] running install_lib
[1.657s] creating /home/lee/Capstone/install/turtlebot3_teleop/lib/python3.8/site-packages/turtlebot3_teleop/script
[1.657s] copying /home/lee/Capstone/build/turtlebot3_teleop/build/lib/turtlebot3_teleop/script/teleop_keyboard.py -> /home/lee/Capstone/install/turtlebot3_teleop/lib/python3.8/site-packages/turtlebot3_teleop/script
[1.657s] copying /home/lee/Capstone/build/turtlebot3_teleop/build/lib/turtlebot3_teleop/script/__init__.py -> /home/lee/Capstone/install/turtlebot3_teleop/lib/python3.8/site-packages/turtlebot3_teleop/script
[1.657s] copying /home/lee/Capstone/build/turtlebot3_teleop/build/lib/turtlebot3_teleop/__init__.py -> /home/lee/Capstone/install/turtlebot3_teleop/lib/python3.8/site-packages/turtlebot3_teleop
[1.658s] byte-compiling /home/lee/Capstone/install/turtlebot3_teleop/lib/python3.8/site-packages/turtlebot3_teleop/script/teleop_keyboard.py to teleop_keyboard.cpython-38.pyc
[1.659s] byte-compiling /home/lee/Capstone/install/turtlebot3_teleop/lib/python3.8/site-packages/turtlebot3_teleop/script/__init__.py to __init__.cpython-38.pyc
[1.659s] byte-compiling /home/lee/Capstone/install/turtlebot3_teleop/lib/python3.8/site-packages/turtlebot3_teleop/__init__.py to __init__.cpython-38.pyc
[1.659s] running install_data
[1.659s] copying resource/turtlebot3_teleop -> /home/lee/Capstone/install/turtlebot3_teleop/share/ament_index/resource_index/packages
[1.659s] copying package.xml -> /home/lee/Capstone/install/turtlebot3_teleop/share/turtlebot3_teleop
[1.659s] running install_egg_info
[1.660s] Copying ../../../build/turtlebot3_teleop/turtlebot3_teleop.egg-info to /home/lee/Capstone/install/turtlebot3_teleop/lib/python3.8/site-packages/turtlebot3_teleop-2.1.4-py3.8.egg-info
[1.661s] running install_scripts
[1.672s] Installing teleop_keyboard script to /home/lee/Capstone/install/turtlebot3_teleop/lib/turtlebot3_teleop
[1.673s] writing list of installed files to '/home/lee/Capstone/build/turtlebot3_teleop/install.log'
[1.689s] Invoked command in '/home/lee/Capstone/src/turtlebot3/turtlebot3_teleop' returned '0': PYTHONPATH=/home/lee/Capstone/build/turtlebot3_teleop/prefix_override:/home/lee/Capstone/install/turtlebot3_teleop/lib/python3.8/site-packages:${PYTHONPATH} /usr/bin/python3 -W ignore:setup.py install is deprecated setup.py egg_info --egg-base ../../../build/turtlebot3_teleop build --build-base /home/lee/Capstone/build/turtlebot3_teleop/build install --record /home/lee/Capstone/build/turtlebot3_teleop/install.log --single-version-externally-managed install_data
