running egg_info
creating ../build/turtlebot3_teleop/turtlebot3_teleop.egg-info
writing ../build/turtlebot3_teleop/turtlebot3_teleop.egg-info/PKG-INFO
writing dependency_links to ../build/turtlebot3_teleop/turtlebot3_teleop.egg-info/dependency_links.txt
writing entry points to ../build/turtlebot3_teleop/turtlebot3_teleop.egg-info/entry_points.txt
writing requirements to ../build/turtlebot3_teleop/turtlebot3_teleop.egg-info/requires.txt
writing top-level names to ../build/turtlebot3_teleop/turtlebot3_teleop.egg-info/top_level.txt
writing manifest file '../build/turtlebot3_teleop/turtlebot3_teleop.egg-info/SOURCES.txt'
reading manifest file '../build/turtlebot3_teleop/turtlebot3_teleop.egg-info/SOURCES.txt'
writing manifest file '../build/turtlebot3_teleop/turtlebot3_teleop.egg-info/SOURCES.txt'
running build
running build_py
creating /home/lee/Capstone/build/turtlebot3_teleop/build
creating /home/lee/Capstone/build/turtlebot3_teleop/build/lib
creating /home/lee/Capstone/build/turtlebot3_teleop/build/lib/turtlebot3_teleop
copying turtlebot3_teleop/turtlebot3_teleop_key.py -> /home/lee/Capstone/build/turtlebot3_teleop/build/lib/turtlebot3_teleop
copying turtlebot3_teleop/Keyoboard_turtlebot3_teleop_key.py -> /home/lee/Capstone/build/turtlebot3_teleop/build/lib/turtlebot3_teleop
copying turtlebot3_teleop/__init__.py -> /home/lee/Capstone/build/turtlebot3_teleop/build/lib/turtlebot3_teleop
running install
running install_lib
creating /home/lee/Capstone/install/turtlebot3_teleop/lib/python3.8/site-packages/turtlebot3_teleop
copying /home/lee/Capstone/build/turtlebot3_teleop/build/lib/turtlebot3_teleop/turtlebot3_teleop_key.py -> /home/lee/Capstone/install/turtlebot3_teleop/lib/python3.8/site-packages/turtlebot3_teleop
copying /home/lee/Capstone/build/turtlebot3_teleop/build/lib/turtlebot3_teleop/Keyoboard_turtlebot3_teleop_key.py -> /home/lee/Capstone/install/turtlebot3_teleop/lib/python3.8/site-packages/turtlebot3_teleop
copying /home/lee/Capstone/build/turtlebot3_teleop/build/lib/turtlebot3_teleop/__init__.py -> /home/lee/Capstone/install/turtlebot3_teleop/lib/python3.8/site-packages/turtlebot3_teleop
byte-compiling /home/lee/Capstone/install/turtlebot3_teleop/lib/python3.8/site-packages/turtlebot3_teleop/turtlebot3_teleop_key.py to turtlebot3_teleop_key.cpython-38.pyc
byte-compiling /home/lee/Capstone/install/turtlebot3_teleop/lib/python3.8/site-packages/turtlebot3_teleop/Keyoboard_turtlebot3_teleop_key.py to Keyoboard_turtlebot3_teleop_key.cpython-38.pyc
byte-compiling /home/lee/Capstone/install/turtlebot3_teleop/lib/python3.8/site-packages/turtlebot3_teleop/__init__.py to __init__.cpython-38.pyc
running install_data
copying package.xml -> /home/lee/Capstone/install/turtlebot3_teleop/share/turtlebot3_teleop
running install_egg_info
Copying ../build/turtlebot3_teleop/turtlebot3_teleop.egg-info to /home/lee/Capstone/install/turtlebot3_teleop/lib/python3.8/site-packages/turtlebot3_teleop-1.0.0-py3.8.egg-info
running install_scripts
Installing turtlebot3_teleop_key script to /home/lee/Capstone/install/turtlebot3_teleop/lib/turtlebot3_teleop
writing list of installed files to '/home/lee/Capstone/build/turtlebot3_teleop/install.log'
