[0.469s] Invoking command in '/home/lee/Capstone/teleop': PYTHONPATH=/home/lee/Capstone/build/turtlebot3_teleop/prefix_override:/home/lee/Capstone/install/turtlebot3_teleop/lib/python3.8/site-packages:${PYTHONPATH} /usr/bin/python3 -W ignore:setup.py install is deprecated setup.py egg_info --egg-base ../build/turtlebot3_teleop build --build-base /home/lee/Capstone/build/turtlebot3_teleop/build install --record /home/lee/Capstone/build/turtlebot3_teleop/install.log --install-scripts $base/lib/turtlebot3_teleop --single-version-externally-managed install_data
[0.577s] running egg_info
[0.577s] creating ../build/turtlebot3_teleop/turtlebot3_teleop.egg-info
[0.577s] writing ../build/turtlebot3_teleop/turtlebot3_teleop.egg-info/PKG-INFO
[0.577s] writing dependency_links to ../build/turtlebot3_teleop/turtlebot3_teleop.egg-info/dependency_links.txt
[0.577s] writing entry points to ../build/turtlebot3_teleop/turtlebot3_teleop.egg-info/entry_points.txt
[0.577s] writing requirements to ../build/turtlebot3_teleop/turtlebot3_teleop.egg-info/requires.txt
[0.577s] writing top-level names to ../build/turtlebot3_teleop/turtlebot3_teleop.egg-info/top_level.txt
[0.586s] writing manifest file '../build/turtlebot3_teleop/turtlebot3_teleop.egg-info/SOURCES.txt'
[0.603s] reading manifest file '../build/turtlebot3_teleop/turtlebot3_teleop.egg-info/SOURCES.txt'
[0.604s] writing manifest file '../build/turtlebot3_teleop/turtlebot3_teleop.egg-info/SOURCES.txt'
[0.604s] running build
[0.604s] running build_py
[0.604s] creating /home/lee/Capstone/build/turtlebot3_teleop/build
[0.604s] creating /home/lee/Capstone/build/turtlebot3_teleop/build/lib
[0.604s] creating /home/lee/Capstone/build/turtlebot3_teleop/build/lib/turtlebot3_teleop
[0.604s] copying turtlebot3_teleop/turtlebot3_teleop_key.py -> /home/lee/Capstone/build/turtlebot3_teleop/build/lib/turtlebot3_teleop
[0.604s] copying turtlebot3_teleop/Keyoboard_turtlebot3_teleop_key.py -> /home/lee/Capstone/build/turtlebot3_teleop/build/lib/turtlebot3_teleop
[0.604s] copying turtlebot3_teleop/__init__.py -> /home/lee/Capstone/build/turtlebot3_teleop/build/lib/turtlebot3_teleop
[0.604s] running install
[0.604s] running install_lib
[0.605s] creating /home/lee/Capstone/install/turtlebot3_teleop/lib/python3.8/site-packages/turtlebot3_teleop
[0.605s] copying /home/lee/Capstone/build/turtlebot3_teleop/build/lib/turtlebot3_teleop/turtlebot3_teleop_key.py -> /home/lee/Capstone/install/turtlebot3_teleop/lib/python3.8/site-packages/turtlebot3_teleop
[0.605s] copying /home/lee/Capstone/build/turtlebot3_teleop/build/lib/turtlebot3_teleop/Keyoboard_turtlebot3_teleop_key.py -> /home/lee/Capstone/install/turtlebot3_teleop/lib/python3.8/site-packages/turtlebot3_teleop
[0.605s] copying /home/lee/Capstone/build/turtlebot3_teleop/build/lib/turtlebot3_teleop/__init__.py -> /home/lee/Capstone/install/turtlebot3_teleop/lib/python3.8/site-packages/turtlebot3_teleop
[0.605s] byte-compiling /home/lee/Capstone/install/turtlebot3_teleop/lib/python3.8/site-packages/turtlebot3_teleop/turtlebot3_teleop_key.py to turtlebot3_teleop_key.cpython-38.pyc
[0.606s] byte-compiling /home/lee/Capstone/install/turtlebot3_teleop/lib/python3.8/site-packages/turtlebot3_teleop/Keyoboard_turtlebot3_teleop_key.py to Keyoboard_turtlebot3_teleop_key.cpython-38.pyc
[0.606s] byte-compiling /home/lee/Capstone/install/turtlebot3_teleop/lib/python3.8/site-packages/turtlebot3_teleop/__init__.py to __init__.cpython-38.pyc
[0.606s] running install_data
[0.607s] copying package.xml -> /home/lee/Capstone/install/turtlebot3_teleop/share/turtlebot3_teleop
[0.607s] running install_egg_info
[0.607s] Copying ../build/turtlebot3_teleop/turtlebot3_teleop.egg-info to /home/lee/Capstone/install/turtlebot3_teleop/lib/python3.8/site-packages/turtlebot3_teleop-1.0.0-py3.8.egg-info
[0.608s] running install_scripts
[0.618s] Installing turtlebot3_teleop_key script to /home/lee/Capstone/install/turtlebot3_teleop/lib/turtlebot3_teleop
[0.618s] writing list of installed files to '/home/lee/Capstone/build/turtlebot3_teleop/install.log'
[0.632s] Invoked command in '/home/lee/Capstone/teleop' returned '0': PYTHONPATH=/home/lee/Capstone/build/turtlebot3_teleop/prefix_override:/home/lee/Capstone/install/turtlebot3_teleop/lib/python3.8/site-packages:${PYTHONPATH} /usr/bin/python3 -W ignore:setup.py install is deprecated setup.py egg_info --egg-base ../build/turtlebot3_teleop build --build-base /home/lee/Capstone/build/turtlebot3_teleop/build install --record /home/lee/Capstone/build/turtlebot3_teleop/install.log --install-scripts $base/lib/turtlebot3_teleop --single-version-externally-managed install_data
