[0.606s] Invoking command in '/home/lee/Capstone/src/gcamp_ros2_basic/py_action_pkg': AMENT_PREFIX_PATH=/home/lee/Capstone/install/custom_interfaces:${AMENT_PREFIX_PATH} CMAKE_PREFIX_PATH=/home/lee/Capstone/install/custom_interfaces:${CMAKE_PREFIX_PATH} LD_LIBRARY_PATH=/home/lee/Capstone/install/custom_interfaces/lib:${LD_LIBRARY_PATH} PYTHONPATH=/home/lee/Capstone/build/py_action_pkg/prefix_override:/home/lee/Capstone/install/py_action_pkg/lib/python3.8/site-packages:/home/lee/Capstone/install/custom_interfaces/lib/python3.8/site-packages:${PYTHONPATH} /usr/bin/python3 -W ignore:setup.py install is deprecated setup.py egg_info --egg-base ../../../build/py_action_pkg build --build-base /home/lee/Capstone/build/py_action_pkg/build install --record /home/lee/Capstone/build/py_action_pkg/install.log --install-scripts $base/lib/py_action_pkg --single-version-externally-managed install_data
[0.732s] running egg_info
[0.732s] writing ../../../build/py_action_pkg/py_action_pkg.egg-info/PKG-INFO
[0.732s] writing dependency_links to ../../../build/py_action_pkg/py_action_pkg.egg-info/dependency_links.txt
[0.732s] writing entry points to ../../../build/py_action_pkg/py_action_pkg.egg-info/entry_points.txt
[0.732s] writing requirements to ../../../build/py_action_pkg/py_action_pkg.egg-info/requires.txt
[0.732s] writing top-level names to ../../../build/py_action_pkg/py_action_pkg.egg-info/top_level.txt
[0.752s] reading manifest file '../../../build/py_action_pkg/py_action_pkg.egg-info/SOURCES.txt'
[0.752s] writing manifest file '../../../build/py_action_pkg/py_action_pkg.egg-info/SOURCES.txt'
[0.752s] running build
[0.752s] running build_py
[0.752s] running install
[0.753s] running install_lib
[0.754s] running install_data
[0.754s] running install_egg_info
[0.755s] removing '/home/lee/Capstone/install/py_action_pkg/lib/python3.8/site-packages/py_action_pkg-0.0.0-py3.8.egg-info' (and everything under it)
[0.755s] Copying ../../../build/py_action_pkg/py_action_pkg.egg-info to /home/lee/Capstone/install/py_action_pkg/lib/python3.8/site-packages/py_action_pkg-0.0.0-py3.8.egg-info
[0.755s] running install_scripts
[0.766s] Installing fibonacci_action_client script to /home/lee/Capstone/install/py_action_pkg/lib/py_action_pkg
[0.766s] Installing fibonacci_action_client_cancel script to /home/lee/Capstone/install/py_action_pkg/lib/py_action_pkg
[0.766s] Installing fibonacci_action_server script to /home/lee/Capstone/install/py_action_pkg/lib/py_action_pkg
[0.766s] Installing fibonacci_action_server_cancel script to /home/lee/Capstone/install/py_action_pkg/lib/py_action_pkg
[0.766s] Installing img_subscriber_node script to /home/lee/Capstone/install/py_action_pkg/lib/py_action_pkg
[0.766s] Installing maze_action_client script to /home/lee/Capstone/install/py_action_pkg/lib/py_action_pkg
[0.766s] Installing maze_action_server script to /home/lee/Capstone/install/py_action_pkg/lib/py_action_pkg
[0.766s] Installing odom_sub_node script to /home/lee/Capstone/install/py_action_pkg/lib/py_action_pkg
[0.766s] Installing robot_controller script to /home/lee/Capstone/install/py_action_pkg/lib/py_action_pkg
[0.766s] writing list of installed files to '/home/lee/Capstone/build/py_action_pkg/install.log'
[0.781s] Invoked command in '/home/lee/Capstone/src/gcamp_ros2_basic/py_action_pkg' returned '0': AMENT_PREFIX_PATH=/home/lee/Capstone/install/custom_interfaces:${AMENT_PREFIX_PATH} CMAKE_PREFIX_PATH=/home/lee/Capstone/install/custom_interfaces:${CMAKE_PREFIX_PATH} LD_LIBRARY_PATH=/home/lee/Capstone/install/custom_interfaces/lib:${LD_LIBRARY_PATH} PYTHONPATH=/home/lee/Capstone/build/py_action_pkg/prefix_override:/home/lee/Capstone/install/py_action_pkg/lib/python3.8/site-packages:/home/lee/Capstone/install/custom_interfaces/lib/python3.8/site-packages:${PYTHONPATH} /usr/bin/python3 -W ignore:setup.py install is deprecated setup.py egg_info --egg-base ../../../build/py_action_pkg build --build-base /home/lee/Capstone/build/py_action_pkg/build install --record /home/lee/Capstone/build/py_action_pkg/install.log --install-scripts $base/lib/py_action_pkg --single-version-externally-managed install_data
