[0.199s] Invoking command in '/home/lee/Capstone/src/build/cpp_topic_pkg': CMAKE_PREFIX_PATH=${CMAKE_PREFIX_PATH}:/home/lee/turtlebot3_ws/install/turtlebot3_teleop:/home/lee/turtlebot3_ws/install/turtlebot3_example:/home/lee/gcamp_ros2_ws/install/py_topic_pkg:/home/lee/gcamp_ros2_ws/install/py_service_pkg:/home/lee/gcamp_ros2_ws/install/py_first_pkg:/home/lee/gcamp_ros2_ws/install/py_action_pkg:/opt/ros/foxy /usr/bin/cmake /home/lee/Capstone/src/gcamp_ros2_basic/cpp_topic_pkg -DCMAKE_INSTALL_PREFIX=/home/lee/Capstone/src/install/cpp_topic_pkg
[0.739s] -- The C compiler identification is GNU 9.4.0
[0.739s] -- The CXX compiler identification is GNU 9.4.0
[0.739s] -- Check for working C compiler: /usr/bin/cc
[0.739s] -- Check for working C compiler: /usr/bin/cc -- works
[0.739s] -- Detecting C compiler ABI info
[0.739s] -- Detecting C compiler ABI info - done
[0.739s] -- Detecting C compile features
[0.739s] -- Detecting C compile features - done
[0.739s] -- Check for working CXX compiler: /usr/bin/c++
[0.739s] -- Check for working CXX compiler: /usr/bin/c++ -- works
[0.739s] -- Detecting CXX compiler ABI info
[0.739s] -- Detecting CXX compiler ABI info - done
[0.739s] -- Detecting CXX compile features
[0.739s] -- Detecting CXX compile features - done
[0.739s] -- Found ament_cmake: 0.9.12 (/opt/ros/foxy/share/ament_cmake/cmake)
[0.739s] -- Found PythonInterp: /usr/bin/python3 (found suitable version "3.8.10", minimum required is "3") 
[0.739s] -- Using PYTHON_EXECUTABLE: /usr/bin/python3
[0.817s] -- Found rclcpp: 2.4.3 (/opt/ros/foxy/share/rclcpp/cmake)
[0.869s] -- Using all available rosidl_typesupport_c: rosidl_typesupport_fastrtps_c;rosidl_typesupport_introspection_c
[0.877s] -- Found rosidl_adapter: 1.3.1 (/opt/ros/foxy/share/rosidl_adapter/cmake)
[0.960s] -- Found OpenSSL: /usr/lib/x86_64-linux-gnu/libcrypto.so (found version "1.1.1f")  
[0.991s] -- Found FastRTPS: /opt/ros/foxy/include  
[1.087s] -- Using all available rosidl_typesupport_cpp: rosidl_typesupport_fastrtps_cpp;rosidl_typesupport_introspection_cpp
[1.140s] -- Found rmw_implementation_cmake: 1.0.4 (/opt/ros/foxy/share/rmw_implementation_cmake/cmake)
[1.141s] -- Using RMW implementation 'rmw_fastrtps_cpp' as default
[1.142s] -- Looking for pthread.h
[1.197s] -- Looking for pthread.h - found
[1.197s] -- Performing Test CMAKE_HAVE_LIBC_PTHREAD
[1.252s] -- Performing Test CMAKE_HAVE_LIBC_PTHREAD - Failed
[1.252s] -- Looking for pthread_create in pthreads
[1.305s] -- Looking for pthread_create in pthreads - not found
[1.305s] -- Looking for pthread_create in pthread
[1.351s] -- Looking for pthread_create in pthread - found
[1.352s] -- Found Threads: TRUE  
[1.462s] -- Found sensor_msgs: 2.0.5 (/opt/ros/foxy/share/sensor_msgs/cmake)
[1.542s] -- Found ament_lint_auto: 0.9.8 (/opt/ros/foxy/share/ament_lint_auto/cmake)
[1.632s] -- Added test 'copyright' to check source files copyright and LICENSE
[1.632s] -- Added test 'cppcheck' to perform static code analysis on C / C++ code
[1.632s] -- Configured cppcheck include dirs: 
[1.632s] -- Configured cppcheck exclude dirs and/or files: 
[1.633s] -- Added test 'cpplint' to check C / C++ code against the Google style
[1.633s] -- Configured cpplint exclude dirs and/or files: 
[1.634s] -- Added test 'lint_cmake' to check CMake code style
[1.635s] -- Added test 'uncrustify' to check C / C++ code style
[1.635s] -- Configured uncrustify additional arguments: 
[1.635s] -- Added test 'xmllint' to check XML markup files
[1.638s] -- Configuring done
[1.658s] -- Generating done
[1.659s] -- Build files have been written to: /home/lee/Capstone/src/build/cpp_topic_pkg
[1.667s] Invoked command in '/home/lee/Capstone/src/build/cpp_topic_pkg' returned '0': CMAKE_PREFIX_PATH=${CMAKE_PREFIX_PATH}:/home/lee/turtlebot3_ws/install/turtlebot3_teleop:/home/lee/turtlebot3_ws/install/turtlebot3_example:/home/lee/gcamp_ros2_ws/install/py_topic_pkg:/home/lee/gcamp_ros2_ws/install/py_service_pkg:/home/lee/gcamp_ros2_ws/install/py_first_pkg:/home/lee/gcamp_ros2_ws/install/py_action_pkg:/opt/ros/foxy /usr/bin/cmake /home/lee/Capstone/src/gcamp_ros2_basic/cpp_topic_pkg -DCMAKE_INSTALL_PREFIX=/home/lee/Capstone/src/install/cpp_topic_pkg
[1.668s] Invoking command in '/home/lee/Capstone/src/build/cpp_topic_pkg': CMAKE_PREFIX_PATH=${CMAKE_PREFIX_PATH}:/home/lee/turtlebot3_ws/install/turtlebot3_teleop:/home/lee/turtlebot3_ws/install/turtlebot3_example:/home/lee/gcamp_ros2_ws/install/py_topic_pkg:/home/lee/gcamp_ros2_ws/install/py_service_pkg:/home/lee/gcamp_ros2_ws/install/py_first_pkg:/home/lee/gcamp_ros2_ws/install/py_action_pkg:/opt/ros/foxy /usr/bin/cmake --build /home/lee/Capstone/src/build/cpp_topic_pkg -- -j16 -l16
[1.708s] [35m[1mScanning dependencies of target cmd_vel_pub_node[0m
[1.722s] [35m[1mScanning dependencies of target laser_sub_node[0m
[1.728s] [35m[1mScanning dependencies of target topic_sub_oop_node[0m
[1.737s] [35m[1mScanning dependencies of target topic_pub_oop_node[0m
[1.756s] [35m[1mScanning dependencies of target parking_node[0m
[1.778s] [35m[1mScanning dependencies of target topic_sub_node[0m
[1.780s] [  7%] [32mBuilding CXX object CMakeFiles/cmd_vel_pub_node.dir/src/cmd_vel_pub.cpp.o[0m
[1.788s] [ 14%] [32mBuilding CXX object CMakeFiles/laser_sub_node.dir/src/laser_sub.cpp.o[0m
[1.793s] [ 21%] [32mBuilding CXX object CMakeFiles/topic_pub_oop_node.dir/src/topic_pub_oop.cpp.o[0m
[1.795s] [35m[1mScanning dependencies of target topic_pub_node[0m
[1.797s] [ 28%] [32mBuilding CXX object CMakeFiles/topic_sub_oop_node.dir/src/topic_sub_oop.cpp.o[0m
[1.837s] [ 35%] [32mBuilding CXX object CMakeFiles/parking_node.dir/src/parking.cpp.o[0m
[1.846s] [ 42%] [32mBuilding CXX object CMakeFiles/topic_sub_node.dir/src/topic_sub.cpp.o[0m
[1.890s] [ 50%] [32mBuilding CXX object CMakeFiles/topic_pub_node.dir/src/topic_pub.cpp.o[0m
[6.405s] [ 57%] [32m[1mLinking CXX executable topic_pub_oop_node[0m
[6.535s] [ 57%] Built target topic_pub_oop_node
[6.852s] [ 64%] [32m[1mLinking CXX executable topic_pub_node[0m
[7.103s] [ 64%] Built target topic_pub_node
[7.214s] [ 71%] [32m[1mLinking CXX executable cmd_vel_pub_node[0m
[7.368s] [ 71%] Built target cmd_vel_pub_node
[7.746s] [ 78%] [32m[1mLinking CXX executable topic_sub_node[0m
[7.916s] [ 78%] Built target topic_sub_node
[8.330s] [ 85%] [32m[1mLinking CXX executable topic_sub_oop_node[0m
[8.450s] [ 92%] [32m[1mLinking CXX executable parking_node[0m
[8.517s] [ 92%] Built target topic_sub_oop_node
[8.638s] [ 92%] Built target parking_node
[9.221s] [100%] [32m[1mLinking CXX executable laser_sub_node[0m
[9.501s] [100%] Built target laser_sub_node
[9.507s] Invoked command in '/home/lee/Capstone/src/build/cpp_topic_pkg' returned '0': CMAKE_PREFIX_PATH=${CMAKE_PREFIX_PATH}:/home/lee/turtlebot3_ws/install/turtlebot3_teleop:/home/lee/turtlebot3_ws/install/turtlebot3_example:/home/lee/gcamp_ros2_ws/install/py_topic_pkg:/home/lee/gcamp_ros2_ws/install/py_service_pkg:/home/lee/gcamp_ros2_ws/install/py_first_pkg:/home/lee/gcamp_ros2_ws/install/py_action_pkg:/opt/ros/foxy /usr/bin/cmake --build /home/lee/Capstone/src/build/cpp_topic_pkg -- -j16 -l16
[9.547s] Invoking command in '/home/lee/Capstone/src/build/cpp_topic_pkg': CMAKE_PREFIX_PATH=${CMAKE_PREFIX_PATH}:/home/lee/turtlebot3_ws/install/turtlebot3_teleop:/home/lee/turtlebot3_ws/install/turtlebot3_example:/home/lee/gcamp_ros2_ws/install/py_topic_pkg:/home/lee/gcamp_ros2_ws/install/py_service_pkg:/home/lee/gcamp_ros2_ws/install/py_first_pkg:/home/lee/gcamp_ros2_ws/install/py_action_pkg:/opt/ros/foxy /usr/bin/cmake --install /home/lee/Capstone/src/build/cpp_topic_pkg
[9.555s] -- Install configuration: ""
[9.556s] -- Installing: /home/lee/Capstone/src/install/cpp_topic_pkg/lib/cpp_topic_pkg/cmd_vel_pub_node
[9.556s] -- Set runtime path of "/home/lee/Capstone/src/install/cpp_topic_pkg/lib/cpp_topic_pkg/cmd_vel_pub_node" to ""
[9.556s] -- Installing: /home/lee/Capstone/src/install/cpp_topic_pkg/lib/cpp_topic_pkg/laser_sub_node
[9.558s] -- Set runtime path of "/home/lee/Capstone/src/install/cpp_topic_pkg/lib/cpp_topic_pkg/laser_sub_node" to ""
[9.558s] -- Installing: /home/lee/Capstone/src/install/cpp_topic_pkg/lib/cpp_topic_pkg/parking_node
[9.560s] -- Set runtime path of "/home/lee/Capstone/src/install/cpp_topic_pkg/lib/cpp_topic_pkg/parking_node" to ""
[9.560s] -- Installing: /home/lee/Capstone/src/install/cpp_topic_pkg/lib/cpp_topic_pkg/topic_pub_node
[9.561s] -- Set runtime path of "/home/lee/Capstone/src/install/cpp_topic_pkg/lib/cpp_topic_pkg/topic_pub_node" to ""
[9.561s] -- Installing: /home/lee/Capstone/src/install/cpp_topic_pkg/lib/cpp_topic_pkg/topic_pub_oop_node
[9.562s] -- Set runtime path of "/home/lee/Capstone/src/install/cpp_topic_pkg/lib/cpp_topic_pkg/topic_pub_oop_node" to ""
[9.562s] -- Installing: /home/lee/Capstone/src/install/cpp_topic_pkg/lib/cpp_topic_pkg/topic_sub_node
[9.564s] -- Set runtime path of "/home/lee/Capstone/src/install/cpp_topic_pkg/lib/cpp_topic_pkg/topic_sub_node" to ""
[9.564s] -- Installing: /home/lee/Capstone/src/install/cpp_topic_pkg/lib/cpp_topic_pkg/topic_sub_oop_node
[9.566s] -- Set runtime path of "/home/lee/Capstone/src/install/cpp_topic_pkg/lib/cpp_topic_pkg/topic_sub_oop_node" to ""
[9.566s] -- Installing: /home/lee/Capstone/src/install/cpp_topic_pkg/share/ament_index/resource_index/package_run_dependencies/cpp_topic_pkg
[9.566s] -- Installing: /home/lee/Capstone/src/install/cpp_topic_pkg/share/ament_index/resource_index/parent_prefix_path/cpp_topic_pkg
[9.566s] -- Installing: /home/lee/Capstone/src/install/cpp_topic_pkg/share/cpp_topic_pkg/environment/ament_prefix_path.sh
[9.566s] -- Installing: /home/lee/Capstone/src/install/cpp_topic_pkg/share/cpp_topic_pkg/environment/ament_prefix_path.dsv
[9.566s] -- Installing: /home/lee/Capstone/src/install/cpp_topic_pkg/share/cpp_topic_pkg/environment/path.sh
[9.566s] -- Installing: /home/lee/Capstone/src/install/cpp_topic_pkg/share/cpp_topic_pkg/environment/path.dsv
[9.567s] -- Installing: /home/lee/Capstone/src/install/cpp_topic_pkg/share/cpp_topic_pkg/local_setup.bash
[9.567s] -- Installing: /home/lee/Capstone/src/install/cpp_topic_pkg/share/cpp_topic_pkg/local_setup.sh
[9.567s] -- Installing: /home/lee/Capstone/src/install/cpp_topic_pkg/share/cpp_topic_pkg/local_setup.zsh
[9.567s] -- Installing: /home/lee/Capstone/src/install/cpp_topic_pkg/share/cpp_topic_pkg/local_setup.dsv
[9.567s] -- Installing: /home/lee/Capstone/src/install/cpp_topic_pkg/share/cpp_topic_pkg/package.dsv
[9.567s] -- Installing: /home/lee/Capstone/src/install/cpp_topic_pkg/share/ament_index/resource_index/packages/cpp_topic_pkg
[9.567s] -- Installing: /home/lee/Capstone/src/install/cpp_topic_pkg/share/cpp_topic_pkg/cmake/cpp_topic_pkgConfig.cmake
[9.567s] -- Installing: /home/lee/Capstone/src/install/cpp_topic_pkg/share/cpp_topic_pkg/cmake/cpp_topic_pkgConfig-version.cmake
[9.568s] -- Installing: /home/lee/Capstone/src/install/cpp_topic_pkg/share/cpp_topic_pkg/package.xml
[9.570s] Invoked command in '/home/lee/Capstone/src/build/cpp_topic_pkg' returned '0': CMAKE_PREFIX_PATH=${CMAKE_PREFIX_PATH}:/home/lee/turtlebot3_ws/install/turtlebot3_teleop:/home/lee/turtlebot3_ws/install/turtlebot3_example:/home/lee/gcamp_ros2_ws/install/py_topic_pkg:/home/lee/gcamp_ros2_ws/install/py_service_pkg:/home/lee/gcamp_ros2_ws/install/py_first_pkg:/home/lee/gcamp_ros2_ws/install/py_action_pkg:/opt/ros/foxy /usr/bin/cmake --install /home/lee/Capstone/src/build/cpp_topic_pkg
