[0.058s] Invoking command in '/home/lee/Capstone/build/turtlebot3_navigation2': CMAKE_PREFIX_PATH=${CMAKE_PREFIX_PATH}:/home/lee/turtlebot3_ws/install/turtlebot3_teleop:/home/lee/turtlebot3_ws/install/turtlebot3_example:/home/lee/gcamp_ros2_ws/install/py_topic_pkg:/home/lee/gcamp_ros2_ws/install/py_service_pkg:/home/lee/gcamp_ros2_ws/install/py_first_pkg:/home/lee/gcamp_ros2_ws/install/py_action_pkg:/opt/ros/foxy /usr/bin/cmake /home/lee/Capstone/src/turtlebot3/turtlebot3_navigation2 -DCMAKE_INSTALL_PREFIX=/home/lee/Capstone/install/turtlebot3_navigation2
[0.816s] -- The C compiler identification is GNU 9.4.0
[0.816s] -- The CXX compiler identification is GNU 9.4.0
[0.816s] -- Check for working C compiler: /usr/bin/cc
[0.816s] -- Check for working C compiler: /usr/bin/cc -- works
[0.816s] -- Detecting C compiler ABI info
[0.816s] -- Detecting C compiler ABI info - done
[0.816s] -- Detecting C compile features
[0.816s] -- Detecting C compile features - done
[0.816s] -- Check for working CXX compiler: /usr/bin/c++
[0.816s] -- Check for working CXX compiler: /usr/bin/c++ -- works
[0.816s] -- Detecting CXX compiler ABI info
[0.816s] -- Detecting CXX compiler ABI info - done
[0.817s] -- Detecting CXX compile features
[0.817s] -- Detecting CXX compile features - done
[0.817s] -- Found ament_cmake: 0.9.12 (/opt/ros/foxy/share/ament_cmake/cmake)
[0.817s] -- Found PythonInterp: /usr/bin/python3 (found suitable version "3.8.10", minimum required is "3") 
[0.817s] -- Using PYTHON_EXECUTABLE: /usr/bin/python3
[0.817s] -- Configuring done
[0.817s] -- Generating done
[0.817s] -- Build files have been written to: /home/lee/Capstone/build/turtlebot3_navigation2
[0.826s] Invoked command in '/home/lee/Capstone/build/turtlebot3_navigation2' returned '0': CMAKE_PREFIX_PATH=${CMAKE_PREFIX_PATH}:/home/lee/turtlebot3_ws/install/turtlebot3_teleop:/home/lee/turtlebot3_ws/install/turtlebot3_example:/home/lee/gcamp_ros2_ws/install/py_topic_pkg:/home/lee/gcamp_ros2_ws/install/py_service_pkg:/home/lee/gcamp_ros2_ws/install/py_first_pkg:/home/lee/gcamp_ros2_ws/install/py_action_pkg:/opt/ros/foxy /usr/bin/cmake /home/lee/Capstone/src/turtlebot3/turtlebot3_navigation2 -DCMAKE_INSTALL_PREFIX=/home/lee/Capstone/install/turtlebot3_navigation2
[0.827s] Invoking command in '/home/lee/Capstone/build/turtlebot3_navigation2': CMAKE_PREFIX_PATH=${CMAKE_PREFIX_PATH}:/home/lee/turtlebot3_ws/install/turtlebot3_teleop:/home/lee/turtlebot3_ws/install/turtlebot3_example:/home/lee/gcamp_ros2_ws/install/py_topic_pkg:/home/lee/gcamp_ros2_ws/install/py_service_pkg:/home/lee/gcamp_ros2_ws/install/py_first_pkg:/home/lee/gcamp_ros2_ws/install/py_action_pkg:/opt/ros/foxy /usr/bin/cmake --build /home/lee/Capstone/build/turtlebot3_navigation2 -- -j16 -l16
[0.849s] Invoked command in '/home/lee/Capstone/build/turtlebot3_navigation2' returned '0': CMAKE_PREFIX_PATH=${CMAKE_PREFIX_PATH}:/home/lee/turtlebot3_ws/install/turtlebot3_teleop:/home/lee/turtlebot3_ws/install/turtlebot3_example:/home/lee/gcamp_ros2_ws/install/py_topic_pkg:/home/lee/gcamp_ros2_ws/install/py_service_pkg:/home/lee/gcamp_ros2_ws/install/py_first_pkg:/home/lee/gcamp_ros2_ws/install/py_action_pkg:/opt/ros/foxy /usr/bin/cmake --build /home/lee/Capstone/build/turtlebot3_navigation2 -- -j16 -l16
[0.915s] Invoking command in '/home/lee/Capstone/build/turtlebot3_navigation2': CMAKE_PREFIX_PATH=${CMAKE_PREFIX_PATH}:/home/lee/turtlebot3_ws/install/turtlebot3_teleop:/home/lee/turtlebot3_ws/install/turtlebot3_example:/home/lee/gcamp_ros2_ws/install/py_topic_pkg:/home/lee/gcamp_ros2_ws/install/py_service_pkg:/home/lee/gcamp_ros2_ws/install/py_first_pkg:/home/lee/gcamp_ros2_ws/install/py_action_pkg:/opt/ros/foxy /usr/bin/cmake --install /home/lee/Capstone/build/turtlebot3_navigation2
[0.963s] -- Install configuration: ""
[0.963s] -- Installing: /home/lee/Capstone/install/turtlebot3_navigation2/share/turtlebot3_navigation2/launch
[0.963s] -- Installing: /home/lee/Capstone/install/turtlebot3_navigation2/share/turtlebot3_navigation2/launch/navigation2.launch.py
[0.963s] -- Installing: /home/lee/Capstone/install/turtlebot3_navigation2/share/turtlebot3_navigation2/map
[0.963s] -- Installing: /home/lee/Capstone/install/turtlebot3_navigation2/share/turtlebot3_navigation2/map/turtlebot3_world.yaml
[0.963s] -- Installing: /home/lee/Capstone/install/turtlebot3_navigation2/share/turtlebot3_navigation2/map/turtlebot3_world.pgm
[0.963s] -- Installing: /home/lee/Capstone/install/turtlebot3_navigation2/share/turtlebot3_navigation2/param
[0.964s] -- Installing: /home/lee/Capstone/install/turtlebot3_navigation2/share/turtlebot3_navigation2/param/waffle.yaml
[0.964s] -- Installing: /home/lee/Capstone/install/turtlebot3_navigation2/share/turtlebot3_navigation2/param/burger.yaml
[0.964s] -- Installing: /home/lee/Capstone/install/turtlebot3_navigation2/share/turtlebot3_navigation2/param/waffle_pi.yaml
[0.964s] -- Installing: /home/lee/Capstone/install/turtlebot3_navigation2/share/turtlebot3_navigation2/rviz
[0.964s] -- Installing: /home/lee/Capstone/install/turtlebot3_navigation2/share/turtlebot3_navigation2/rviz/tb3_navigation2.rviz
[0.964s] -- Installing: /home/lee/Capstone/install/turtlebot3_navigation2/share/ament_index/resource_index/package_run_dependencies/turtlebot3_navigation2
[0.964s] -- Installing: /home/lee/Capstone/install/turtlebot3_navigation2/share/ament_index/resource_index/parent_prefix_path/turtlebot3_navigation2
[0.964s] -- Installing: /home/lee/Capstone/install/turtlebot3_navigation2/share/turtlebot3_navigation2/environment/ament_prefix_path.sh
[0.964s] -- Installing: /home/lee/Capstone/install/turtlebot3_navigation2/share/turtlebot3_navigation2/environment/ament_prefix_path.dsv
[0.964s] -- Installing: /home/lee/Capstone/install/turtlebot3_navigation2/share/turtlebot3_navigation2/environment/path.sh
[0.964s] -- Installing: /home/lee/Capstone/install/turtlebot3_navigation2/share/turtlebot3_navigation2/environment/path.dsv
[0.964s] -- Installing: /home/lee/Capstone/install/turtlebot3_navigation2/share/turtlebot3_navigation2/local_setup.bash
[0.965s] -- Installing: /home/lee/Capstone/install/turtlebot3_navigation2/share/turtlebot3_navigation2/local_setup.sh
[0.965s] -- Installing: /home/lee/Capstone/install/turtlebot3_navigation2/share/turtlebot3_navigation2/local_setup.zsh
[0.966s] -- Installing: /home/lee/Capstone/install/turtlebot3_navigation2/share/turtlebot3_navigation2/local_setup.dsv
[0.966s] -- Installing: /home/lee/Capstone/install/turtlebot3_navigation2/share/turtlebot3_navigation2/package.dsv
[0.966s] -- Installing: /home/lee/Capstone/install/turtlebot3_navigation2/share/ament_index/resource_index/packages/turtlebot3_navigation2
[0.966s] -- Installing: /home/lee/Capstone/install/turtlebot3_navigation2/share/turtlebot3_navigation2/cmake/turtlebot3_navigation2Config.cmake
[0.967s] -- Installing: /home/lee/Capstone/install/turtlebot3_navigation2/share/turtlebot3_navigation2/cmake/turtlebot3_navigation2Config-version.cmake
[0.967s] -- Installing: /home/lee/Capstone/install/turtlebot3_navigation2/share/turtlebot3_navigation2/package.xml
[0.991s] Invoked command in '/home/lee/Capstone/build/turtlebot3_navigation2' returned '0': CMAKE_PREFIX_PATH=${CMAKE_PREFIX_PATH}:/home/lee/turtlebot3_ws/install/turtlebot3_teleop:/home/lee/turtlebot3_ws/install/turtlebot3_example:/home/lee/gcamp_ros2_ws/install/py_topic_pkg:/home/lee/gcamp_ros2_ws/install/py_service_pkg:/home/lee/gcamp_ros2_ws/install/py_first_pkg:/home/lee/gcamp_ros2_ws/install/py_action_pkg:/opt/ros/foxy /usr/bin/cmake --install /home/lee/Capstone/build/turtlebot3_navigation2
