[0.034s] Invoking command in '/home/lee/Capstone/build/cpp_topic_pkg': CMAKE_PREFIX_PATH=${CMAKE_PREFIX_PATH}:/home/lee/gcamp_ros2_ws/install/py_topic_pkg:/home/lee/gcamp_ros2_ws/install/py_service_pkg:/home/lee/gcamp_ros2_ws/install/py_first_pkg:/home/lee/gcamp_ros2_ws/install/py_action_pkg:/opt/ros/foxy /usr/bin/cmake /home/lee/Capstone/src/gcamp_ros2_basic/cpp_topic_pkg -DCMAKE_INSTALL_PREFIX=/home/lee/Capstone/install/cpp_topic_pkg
[0.635s] -- The C compiler identification is GNU 9.4.0
[0.635s] -- The CXX compiler identification is GNU 9.4.0
[0.635s] -- Check for working C compiler: /usr/bin/cc
[0.635s] -- Check for working C compiler: /usr/bin/cc -- works
[0.635s] -- Detecting C compiler ABI info
[0.635s] -- Detecting C compiler ABI info - done
[0.635s] -- Detecting C compile features
[0.635s] -- Detecting C compile features - done
[0.635s] -- Check for working CXX compiler: /usr/bin/c++
[0.635s] -- Check for working CXX compiler: /usr/bin/c++ -- works
[0.635s] -- Detecting CXX compiler ABI info
[0.635s] -- Detecting CXX compiler ABI info - done
[0.635s] -- Detecting CXX compile features
[0.635s] -- Detecting CXX compile features - done
[0.635s] -- Found ament_cmake: 0.9.12 (/opt/ros/foxy/share/ament_cmake/cmake)
[0.635s] -- Found PythonInterp: /usr/bin/python3 (found suitable version "3.8.10", minimum required is "3") 
[0.636s] -- Using PYTHON_EXECUTABLE: /usr/bin/python3
[0.636s] -- Found rclcpp: 2.4.3 (/opt/ros/foxy/share/rclcpp/cmake)
[0.636s] -- Using all available rosidl_typesupport_c: rosidl_typesupport_fastrtps_c;rosidl_typesupport_introspection_c
[0.636s] -- Found rosidl_adapter: 1.3.1 (/opt/ros/foxy/share/rosidl_adapter/cmake)
[0.641s] -- Found OpenSSL: /usr/lib/x86_64-linux-gnu/libcrypto.so (found version "1.1.1f")  
[0.651s] -- Found FastRTPS: /opt/ros/foxy/include  
[0.707s] -- Using all available rosidl_typesupport_cpp: rosidl_typesupport_fastrtps_cpp;rosidl_typesupport_introspection_cpp
[0.747s] -- Found rmw_implementation_cmake: 1.0.4 (/opt/ros/foxy/share/rmw_implementation_cmake/cmake)
[0.748s] -- Using RMW implementation 'rmw_fastrtps_cpp' as default
[0.749s] -- Looking for pthread.h
[0.807s] -- Looking for pthread.h - found
[0.807s] -- Performing Test CMAKE_HAVE_LIBC_PTHREAD
[0.857s] -- Performing Test CMAKE_HAVE_LIBC_PTHREAD - Failed
[0.857s] -- Looking for pthread_create in pthreads
[0.912s] -- Looking for pthread_create in pthreads - not found
[0.912s] -- Looking for pthread_create in pthread
[0.976s] -- Looking for pthread_create in pthread - found
[0.977s] -- Found Threads: TRUE  
[1.090s] -- Found sensor_msgs: 2.0.5 (/opt/ros/foxy/share/sensor_msgs/cmake)
[1.198s] -- Found ament_lint_auto: 0.9.8 (/opt/ros/foxy/share/ament_lint_auto/cmake)
[1.259s] -- Added test 'copyright' to check source files copyright and LICENSE
[1.260s] -- Added test 'cppcheck' to perform static code analysis on C / C++ code
[1.260s] -- Configured cppcheck include dirs: 
[1.260s] -- Configured cppcheck exclude dirs and/or files: 
[1.261s] -- Added test 'cpplint' to check C / C++ code against the Google style
[1.261s] -- Configured cpplint exclude dirs and/or files: 
[1.261s] -- Added test 'lint_cmake' to check CMake code style
[1.262s] -- Added test 'uncrustify' to check C / C++ code style
[1.262s] -- Configured uncrustify additional arguments: 
[1.262s] -- Added test 'xmllint' to check XML markup files
[1.265s] -- Configuring done
[1.283s] -- Generating done
[1.284s] -- Build files have been written to: /home/lee/Capstone/build/cpp_topic_pkg
[1.292s] Invoked command in '/home/lee/Capstone/build/cpp_topic_pkg' returned '0': CMAKE_PREFIX_PATH=${CMAKE_PREFIX_PATH}:/home/lee/gcamp_ros2_ws/install/py_topic_pkg:/home/lee/gcamp_ros2_ws/install/py_service_pkg:/home/lee/gcamp_ros2_ws/install/py_first_pkg:/home/lee/gcamp_ros2_ws/install/py_action_pkg:/opt/ros/foxy /usr/bin/cmake /home/lee/Capstone/src/gcamp_ros2_basic/cpp_topic_pkg -DCMAKE_INSTALL_PREFIX=/home/lee/Capstone/install/cpp_topic_pkg
[1.295s] Invoking command in '/home/lee/Capstone/build/cpp_topic_pkg': CMAKE_PREFIX_PATH=${CMAKE_PREFIX_PATH}:/home/lee/gcamp_ros2_ws/install/py_topic_pkg:/home/lee/gcamp_ros2_ws/install/py_service_pkg:/home/lee/gcamp_ros2_ws/install/py_first_pkg:/home/lee/gcamp_ros2_ws/install/py_action_pkg:/opt/ros/foxy /usr/bin/cmake --build /home/lee/Capstone/build/cpp_topic_pkg -- -j16 -l16
[1.337s] [35m[1mScanning dependencies of target cmd_vel_pub_node[0m
[1.338s] [35m[1mScanning dependencies of target topic_sub_oop_node[0m
[1.338s] [35m[1mScanning dependencies of target topic_sub_node[0m
[1.338s] [35m[1mScanning dependencies of target laser_sub_node[0m
[1.338s] [35m[1mScanning dependencies of target parking_node[0m
[1.347s] [35m[1mScanning dependencies of target topic_pub_oop_node[0m
[1.357s] [35m[1mScanning dependencies of target topic_pub_node[0m
[1.377s] [  7%] [32mBuilding CXX object CMakeFiles/cmd_vel_pub_node.dir/src/cmd_vel_pub.cpp.o[0m
[1.378s] [ 14%] [32mBuilding CXX object CMakeFiles/parking_node.dir/src/parking.cpp.o[0m
[1.384s] [ 21%] [32mBuilding CXX object CMakeFiles/topic_pub_oop_node.dir/src/topic_pub_oop.cpp.o[0m
[1.385s] [ 28%] [32mBuilding CXX object CMakeFiles/topic_sub_node.dir/src/topic_sub.cpp.o[0m
[1.392s] [ 35%] [32mBuilding CXX object CMakeFiles/topic_sub_oop_node.dir/src/topic_sub_oop.cpp.o[0m
[1.393s] [ 42%] [32mBuilding CXX object CMakeFiles/topic_pub_node.dir/src/topic_pub.cpp.o[0m
[1.397s] [ 50%] [32mBuilding CXX object CMakeFiles/laser_sub_node.dir/src/laser_sub.cpp.o[0m
[4.956s] [ 57%] [32m[1mLinking CXX executable topic_pub_oop_node[0m
[5.072s] [ 57%] Built target topic_pub_oop_node
[5.145s] [ 64%] [32m[1mLinking CXX executable cmd_vel_pub_node[0m
[5.344s] [ 64%] Built target cmd_vel_pub_node
[5.627s] [ 71%] [32m[1mLinking CXX executable topic_pub_node[0m
[5.731s] [ 71%] Built target topic_pub_node
[6.226s] [ 78%] [32m[1mLinking CXX executable topic_sub_oop_node[0m
[6.360s] [ 78%] Built target topic_sub_oop_node
[6.499s] [ 85%] [32m[1mLinking CXX executable laser_sub_node[0m
[6.590s] [ 92%] [32m[1mLinking CXX executable parking_node[0m
[6.614s] [100%] [32m[1mLinking CXX executable topic_sub_node[0m
[6.635s] [100%] Built target laser_sub_node
[6.734s] [100%] Built target parking_node
[6.747s] [100%] Built target topic_sub_node
[6.755s] Invoked command in '/home/lee/Capstone/build/cpp_topic_pkg' returned '0': CMAKE_PREFIX_PATH=${CMAKE_PREFIX_PATH}:/home/lee/gcamp_ros2_ws/install/py_topic_pkg:/home/lee/gcamp_ros2_ws/install/py_service_pkg:/home/lee/gcamp_ros2_ws/install/py_first_pkg:/home/lee/gcamp_ros2_ws/install/py_action_pkg:/opt/ros/foxy /usr/bin/cmake --build /home/lee/Capstone/build/cpp_topic_pkg -- -j16 -l16
[6.786s] Invoking command in '/home/lee/Capstone/build/cpp_topic_pkg': CMAKE_PREFIX_PATH=${CMAKE_PREFIX_PATH}:/home/lee/gcamp_ros2_ws/install/py_topic_pkg:/home/lee/gcamp_ros2_ws/install/py_service_pkg:/home/lee/gcamp_ros2_ws/install/py_first_pkg:/home/lee/gcamp_ros2_ws/install/py_action_pkg:/opt/ros/foxy /usr/bin/cmake --install /home/lee/Capstone/build/cpp_topic_pkg
[6.794s] -- Install configuration: ""
[6.794s] -- Installing: /home/lee/Capstone/install/cpp_topic_pkg/lib/cpp_topic_pkg/cmd_vel_pub_node
[6.795s] -- Set runtime path of "/home/lee/Capstone/install/cpp_topic_pkg/lib/cpp_topic_pkg/cmd_vel_pub_node" to ""
[6.795s] -- Installing: /home/lee/Capstone/install/cpp_topic_pkg/lib/cpp_topic_pkg/laser_sub_node
[6.796s] -- Set runtime path of "/home/lee/Capstone/install/cpp_topic_pkg/lib/cpp_topic_pkg/laser_sub_node" to ""
[6.796s] -- Installing: /home/lee/Capstone/install/cpp_topic_pkg/lib/cpp_topic_pkg/parking_node
[6.797s] -- Set runtime path of "/home/lee/Capstone/install/cpp_topic_pkg/lib/cpp_topic_pkg/parking_node" to ""
[6.797s] -- Installing: /home/lee/Capstone/install/cpp_topic_pkg/lib/cpp_topic_pkg/topic_pub_node
[6.797s] -- Set runtime path of "/home/lee/Capstone/install/cpp_topic_pkg/lib/cpp_topic_pkg/topic_pub_node" to ""
[6.797s] -- Installing: /home/lee/Capstone/install/cpp_topic_pkg/lib/cpp_topic_pkg/topic_pub_oop_node
[6.798s] -- Set runtime path of "/home/lee/Capstone/install/cpp_topic_pkg/lib/cpp_topic_pkg/topic_pub_oop_node" to ""
[6.798s] -- Installing: /home/lee/Capstone/install/cpp_topic_pkg/lib/cpp_topic_pkg/topic_sub_node
[6.799s] -- Set runtime path of "/home/lee/Capstone/install/cpp_topic_pkg/lib/cpp_topic_pkg/topic_sub_node" to ""
[6.799s] -- Installing: /home/lee/Capstone/install/cpp_topic_pkg/lib/cpp_topic_pkg/topic_sub_oop_node
[6.800s] -- Set runtime path of "/home/lee/Capstone/install/cpp_topic_pkg/lib/cpp_topic_pkg/topic_sub_oop_node" to ""
[6.800s] -- Installing: /home/lee/Capstone/install/cpp_topic_pkg/share/ament_index/resource_index/package_run_dependencies/cpp_topic_pkg
[6.800s] -- Installing: /home/lee/Capstone/install/cpp_topic_pkg/share/ament_index/resource_index/parent_prefix_path/cpp_topic_pkg
[6.800s] -- Installing: /home/lee/Capstone/install/cpp_topic_pkg/share/cpp_topic_pkg/environment/ament_prefix_path.sh
[6.800s] -- Installing: /home/lee/Capstone/install/cpp_topic_pkg/share/cpp_topic_pkg/environment/ament_prefix_path.dsv
[6.800s] -- Installing: /home/lee/Capstone/install/cpp_topic_pkg/share/cpp_topic_pkg/environment/path.sh
[6.800s] -- Installing: /home/lee/Capstone/install/cpp_topic_pkg/share/cpp_topic_pkg/environment/path.dsv
[6.800s] -- Installing: /home/lee/Capstone/install/cpp_topic_pkg/share/cpp_topic_pkg/local_setup.bash
[6.800s] -- Installing: /home/lee/Capstone/install/cpp_topic_pkg/share/cpp_topic_pkg/local_setup.sh
[6.800s] -- Installing: /home/lee/Capstone/install/cpp_topic_pkg/share/cpp_topic_pkg/local_setup.zsh
[6.800s] -- Installing: /home/lee/Capstone/install/cpp_topic_pkg/share/cpp_topic_pkg/local_setup.dsv
[6.800s] -- Installing: /home/lee/Capstone/install/cpp_topic_pkg/share/cpp_topic_pkg/package.dsv
[6.800s] -- Installing: /home/lee/Capstone/install/cpp_topic_pkg/share/ament_index/resource_index/packages/cpp_topic_pkg
[6.800s] -- Installing: /home/lee/Capstone/install/cpp_topic_pkg/share/cpp_topic_pkg/cmake/cpp_topic_pkgConfig.cmake
[6.801s] -- Installing: /home/lee/Capstone/install/cpp_topic_pkg/share/cpp_topic_pkg/cmake/cpp_topic_pkgConfig-version.cmake
[6.801s] -- Installing: /home/lee/Capstone/install/cpp_topic_pkg/share/cpp_topic_pkg/package.xml
[6.802s] Invoked command in '/home/lee/Capstone/build/cpp_topic_pkg' returned '0': CMAKE_PREFIX_PATH=${CMAKE_PREFIX_PATH}:/home/lee/gcamp_ros2_ws/install/py_topic_pkg:/home/lee/gcamp_ros2_ws/install/py_service_pkg:/home/lee/gcamp_ros2_ws/install/py_first_pkg:/home/lee/gcamp_ros2_ws/install/py_action_pkg:/opt/ros/foxy /usr/bin/cmake --install /home/lee/Capstone/build/cpp_topic_pkg
