[1.187s] Invoking command in '/home/lee/Capstone/src/gcamp_ros2_basic/py_topic_pkg': PYTHONPATH=/home/lee/Capstone/build/py_topic_pkg/prefix_override:/home/lee/Capstone/install/py_topic_pkg/lib/python3.8/site-packages:${PYTHONPATH} /usr/bin/python3 -W ignore:setup.py install is deprecated setup.py egg_info --egg-base ../../../build/py_topic_pkg build --build-base /home/lee/Capstone/build/py_topic_pkg/build install --record /home/lee/Capstone/build/py_topic_pkg/install.log --install-scripts $base/lib/py_topic_pkg --single-version-externally-managed install_data
[1.322s] running egg_info
[1.322s] writing ../../../build/py_topic_pkg/py_topic_pkg.egg-info/PKG-INFO
[1.323s] writing dependency_links to ../../../build/py_topic_pkg/py_topic_pkg.egg-info/dependency_links.txt
[1.323s] writing entry points to ../../../build/py_topic_pkg/py_topic_pkg.egg-info/entry_points.txt
[1.323s] writing requirements to ../../../build/py_topic_pkg/py_topic_pkg.egg-info/requires.txt
[1.323s] writing top-level names to ../../../build/py_topic_pkg/py_topic_pkg.egg-info/top_level.txt
[1.344s] reading manifest file '../../../build/py_topic_pkg/py_topic_pkg.egg-info/SOURCES.txt'
[1.344s] writing manifest file '../../../build/py_topic_pkg/py_topic_pkg.egg-info/SOURCES.txt'
[1.344s] running build
[1.344s] running build_py
[1.344s] running install
[1.345s] running install_lib
[1.346s] running install_data
[1.346s] running install_egg_info
[1.347s] removing '/home/lee/Capstone/install/py_topic_pkg/lib/python3.8/site-packages/py_topic_pkg-0.0.0-py3.8.egg-info' (and everything under it)
[1.347s] Copying ../../../build/py_topic_pkg/py_topic_pkg.egg-info to /home/lee/Capstone/install/py_topic_pkg/lib/python3.8/site-packages/py_topic_pkg-0.0.0-py3.8.egg-info
[1.347s] running install_scripts
[1.359s] Installing cmd_vel_pub_node script to /home/lee/Capstone/install/py_topic_pkg/lib/py_topic_pkg
[1.359s] Installing endless_cmd_vel_pub_node script to /home/lee/Capstone/install/py_topic_pkg/lib/py_topic_pkg
[1.359s] Installing laser_raw_node script to /home/lee/Capstone/install/py_topic_pkg/lib/py_topic_pkg
[1.359s] Installing laser_sub_node script to /home/lee/Capstone/install/py_topic_pkg/lib/py_topic_pkg
[1.359s] Installing parking_node script to /home/lee/Capstone/install/py_topic_pkg/lib/py_topic_pkg
[1.359s] writing list of installed files to '/home/lee/Capstone/build/py_topic_pkg/install.log'
[1.389s] Invoked command in '/home/lee/Capstone/src/gcamp_ros2_basic/py_topic_pkg' returned '0': PYTHONPATH=/home/lee/Capstone/build/py_topic_pkg/prefix_override:/home/lee/Capstone/install/py_topic_pkg/lib/python3.8/site-packages:${PYTHONPATH} /usr/bin/python3 -W ignore:setup.py install is deprecated setup.py egg_info --egg-base ../../../build/py_topic_pkg build --build-base /home/lee/Capstone/build/py_topic_pkg/build install --record /home/lee/Capstone/build/py_topic_pkg/install.log --install-scripts $base/lib/py_topic_pkg --single-version-externally-managed install_data
