/home/lee/Capstone/src/install/py_action_pkg/lib/python3.8/site-packages/py_action_pkg/robot_controller.py
/home/lee/Capstone/src/install/py_action_pkg/lib/python3.8/site-packages/py_action_pkg/maze_action_server.py
/home/lee/Capstone/src/install/py_action_pkg/lib/python3.8/site-packages/py_action_pkg/fibonacci_action_server.py
/home/lee/Capstone/src/install/py_action_pkg/lib/python3.8/site-packages/py_action_pkg/image_sub.py
/home/lee/Capstone/src/install/py_action_pkg/lib/python3.8/site-packages/py_action_pkg/fibonacci_action_client_cancel.py
/home/lee/Capstone/src/install/py_action_pkg/lib/python3.8/site-packages/py_action_pkg/fibonacci_action_server_cancel.py
/home/lee/Capstone/src/install/py_action_pkg/lib/python3.8/site-packages/py_action_pkg/fibonacci_action_client.py
/home/lee/Capstone/src/install/py_action_pkg/lib/python3.8/site-packages/py_action_pkg/maze_action_client.py
/home/lee/Capstone/src/install/py_action_pkg/lib/python3.8/site-packages/py_action_pkg/odom_sub.py
/home/lee/Capstone/src/install/py_action_pkg/lib/python3.8/site-packages/py_action_pkg/__init__.py
/home/lee/Capstone/src/install/py_action_pkg/lib/python3.8/site-packages/py_action_pkg/__pycache__/robot_controller.cpython-38.pyc
/home/lee/Capstone/src/install/py_action_pkg/lib/python3.8/site-packages/py_action_pkg/__pycache__/maze_action_server.cpython-38.pyc
/home/lee/Capstone/src/install/py_action_pkg/lib/python3.8/site-packages/py_action_pkg/__pycache__/fibonacci_action_server.cpython-38.pyc
/home/lee/Capstone/src/install/py_action_pkg/lib/python3.8/site-packages/py_action_pkg/__pycache__/image_sub.cpython-38.pyc
/home/lee/Capstone/src/install/py_action_pkg/lib/python3.8/site-packages/py_action_pkg/__pycache__/fibonacci_action_client_cancel.cpython-38.pyc
/home/lee/Capstone/src/install/py_action_pkg/lib/python3.8/site-packages/py_action_pkg/__pycache__/fibonacci_action_server_cancel.cpython-38.pyc
/home/lee/Capstone/src/install/py_action_pkg/lib/python3.8/site-packages/py_action_pkg/__pycache__/fibonacci_action_client.cpython-38.pyc
/home/lee/Capstone/src/install/py_action_pkg/lib/python3.8/site-packages/py_action_pkg/__pycache__/maze_action_client.cpython-38.pyc
/home/lee/Capstone/src/install/py_action_pkg/lib/python3.8/site-packages/py_action_pkg/__pycache__/odom_sub.cpython-38.pyc
/home/lee/Capstone/src/install/py_action_pkg/lib/python3.8/site-packages/py_action_pkg/__pycache__/__init__.cpython-38.pyc
/home/lee/Capstone/src/install/py_action_pkg/share/ament_index/resource_index/packages/py_action_pkg
/home/lee/Capstone/src/install/py_action_pkg/share/py_action_pkg/package.xml
/home/lee/Capstone/src/install/py_action_pkg/share/py_action_pkg/launch/maze_action_srv.launch.py
/home/lee/Capstone/src/install/py_action_pkg/lib/python3.8/site-packages/py_action_pkg-0.0.0-py3.8.egg-info/SOURCES.txt
/home/lee/Capstone/src/install/py_action_pkg/lib/python3.8/site-packages/py_action_pkg-0.0.0-py3.8.egg-info/requires.txt
/home/lee/Capstone/src/install/py_action_pkg/lib/python3.8/site-packages/py_action_pkg-0.0.0-py3.8.egg-info/dependency_links.txt
/home/lee/Capstone/src/install/py_action_pkg/lib/python3.8/site-packages/py_action_pkg-0.0.0-py3.8.egg-info/PKG-INFO
/home/lee/Capstone/src/install/py_action_pkg/lib/python3.8/site-packages/py_action_pkg-0.0.0-py3.8.egg-info/entry_points.txt
/home/lee/Capstone/src/install/py_action_pkg/lib/python3.8/site-packages/py_action_pkg-0.0.0-py3.8.egg-info/zip-safe
/home/lee/Capstone/src/install/py_action_pkg/lib/python3.8/site-packages/py_action_pkg-0.0.0-py3.8.egg-info/top_level.txt
/home/lee/Capstone/src/install/py_action_pkg/lib/py_action_pkg/fibonacci_action_client
/home/lee/Capstone/src/install/py_action_pkg/lib/py_action_pkg/fibonacci_action_client_cancel
/home/lee/Capstone/src/install/py_action_pkg/lib/py_action_pkg/fibonacci_action_server
/home/lee/Capstone/src/install/py_action_pkg/lib/py_action_pkg/fibonacci_action_server_cancel
/home/lee/Capstone/src/install/py_action_pkg/lib/py_action_pkg/img_subscriber_node
/home/lee/Capstone/src/install/py_action_pkg/lib/py_action_pkg/maze_action_client
/home/lee/Capstone/src/install/py_action_pkg/lib/py_action_pkg/maze_action_server
/home/lee/Capstone/src/install/py_action_pkg/lib/py_action_pkg/odom_sub_node
/home/lee/Capstone/src/install/py_action_pkg/lib/py_action_pkg/robot_controller
