[1.184s] Invoking command in '/home/lee/Capstone/src/gcamp_ros2_basic/py_first_pkg': PYTHONPATH=/home/lee/Capstone/build/py_first_pkg/prefix_override:/home/lee/Capstone/install/py_first_pkg/lib/python3.8/site-packages:${PYTHONPATH} /usr/bin/python3 -W ignore:setup.py install is deprecated setup.py egg_info --egg-base ../../../build/py_first_pkg build --build-base /home/lee/Capstone/build/py_first_pkg/build install --record /home/lee/Capstone/build/py_first_pkg/install.log --install-scripts $base/lib/py_first_pkg --single-version-externally-managed install_data
[1.329s] running egg_info
[1.329s] writing ../../../build/py_first_pkg/py_first_pkg.egg-info/PKG-INFO
[1.329s] writing dependency_links to ../../../build/py_first_pkg/py_first_pkg.egg-info/dependency_links.txt
[1.329s] writing entry points to ../../../build/py_first_pkg/py_first_pkg.egg-info/entry_points.txt
[1.330s] writing requirements to ../../../build/py_first_pkg/py_first_pkg.egg-info/requires.txt
[1.330s] writing top-level names to ../../../build/py_first_pkg/py_first_pkg.egg-info/top_level.txt
[1.350s] reading manifest file '../../../build/py_first_pkg/py_first_pkg.egg-info/SOURCES.txt'
[1.351s] writing manifest file '../../../build/py_first_pkg/py_first_pkg.egg-info/SOURCES.txt'
[1.351s] running build
[1.351s] running build_py
[1.351s] running install
[1.351s] running install_lib
[1.352s] running install_data
[1.352s] running install_egg_info
[1.353s] removing '/home/lee/Capstone/install/py_first_pkg/lib/python3.8/site-packages/py_first_pkg-0.0.0-py3.8.egg-info' (and everything under it)
[1.354s] Copying ../../../build/py_first_pkg/py_first_pkg.egg-info to /home/lee/Capstone/install/py_first_pkg/lib/python3.8/site-packages/py_first_pkg-0.0.0-py3.8.egg-info
[1.354s] running install_scripts
[1.366s] Installing hello_ros_node script to /home/lee/Capstone/install/py_first_pkg/lib/py_first_pkg
[1.366s] writing list of installed files to '/home/lee/Capstone/build/py_first_pkg/install.log'
[1.397s] Invoked command in '/home/lee/Capstone/src/gcamp_ros2_basic/py_first_pkg' returned '0': PYTHONPATH=/home/lee/Capstone/build/py_first_pkg/prefix_override:/home/lee/Capstone/install/py_first_pkg/lib/python3.8/site-packages:${PYTHONPATH} /usr/bin/python3 -W ignore:setup.py install is deprecated setup.py egg_info --egg-base ../../../build/py_first_pkg build --build-base /home/lee/Capstone/build/py_first_pkg/build install --record /home/lee/Capstone/build/py_first_pkg/install.log --install-scripts $base/lib/py_first_pkg --single-version-externally-managed install_data
