[0.648s] Invoking command in '/home/lee/Capstone/src/gcamp_ros2_basic/py_service_pkg': AMENT_PREFIX_PATH=/home/lee/Capstone/install/custom_interfaces:${AMENT_PREFIX_PATH} CMAKE_PREFIX_PATH=/home/lee/Capstone/install/custom_interfaces:${CMAKE_PREFIX_PATH} LD_LIBRARY_PATH=/home/lee/Capstone/install/custom_interfaces/lib:${LD_LIBRARY_PATH} PYTHONPATH=/home/lee/Capstone/build/py_service_pkg/prefix_override:/home/lee/Capstone/install/py_service_pkg/lib/python3.8/site-packages:/home/lee/Capstone/install/custom_interfaces/lib/python3.8/site-packages:${PYTHONPATH} /usr/bin/python3 -W ignore:setup.py install is deprecated setup.py egg_info --egg-base ../../../build/py_service_pkg build --build-base /home/lee/Capstone/build/py_service_pkg/build install --record /home/lee/Capstone/build/py_service_pkg/install.log --install-scripts $base/lib/py_service_pkg --single-version-externally-managed install_data
[0.774s] running egg_info
[0.775s] writing ../../../build/py_service_pkg/py_service_pkg.egg-info/PKG-INFO
[0.775s] writing dependency_links to ../../../build/py_service_pkg/py_service_pkg.egg-info/dependency_links.txt
[0.775s] writing entry points to ../../../build/py_service_pkg/py_service_pkg.egg-info/entry_points.txt
[0.775s] writing requirements to ../../../build/py_service_pkg/py_service_pkg.egg-info/requires.txt
[0.775s] writing top-level names to ../../../build/py_service_pkg/py_service_pkg.egg-info/top_level.txt
[0.795s] reading manifest file '../../../build/py_service_pkg/py_service_pkg.egg-info/SOURCES.txt'
[0.795s] writing manifest file '../../../build/py_service_pkg/py_service_pkg.egg-info/SOURCES.txt'
[0.795s] running build
[0.795s] running build_py
[0.796s] running install
[0.796s] running install_lib
[0.797s] running install_data
[0.797s] running install_egg_info
[0.798s] removing '/home/lee/Capstone/install/py_service_pkg/lib/python3.8/site-packages/py_service_pkg-0.0.0-py3.8.egg-info' (and everything under it)
[0.798s] Copying ../../../build/py_service_pkg/py_service_pkg.egg-info to /home/lee/Capstone/install/py_service_pkg/lib/python3.8/site-packages/py_service_pkg-0.0.0-py3.8.egg-info
[0.799s] running install_scripts
[0.809s] Installing basic_client script to /home/lee/Capstone/install/py_service_pkg/lib/py_service_pkg
[0.809s] Installing basic_server script to /home/lee/Capstone/install/py_service_pkg/lib/py_service_pkg
[0.809s] Installing custom_srv_client script to /home/lee/Capstone/install/py_service_pkg/lib/py_service_pkg
[0.809s] Installing custom_srv_server script to /home/lee/Capstone/install/py_service_pkg/lib/py_service_pkg
[0.809s] Installing gazebo_model_spawner script to /home/lee/Capstone/install/py_service_pkg/lib/py_service_pkg
[0.809s] Installing robot_turning_client script to /home/lee/Capstone/install/py_service_pkg/lib/py_service_pkg
[0.810s] Installing robot_turning_server script to /home/lee/Capstone/install/py_service_pkg/lib/py_service_pkg
[0.810s] Installing spawn_skidbot script to /home/lee/Capstone/install/py_service_pkg/lib/py_service_pkg
[0.810s] writing list of installed files to '/home/lee/Capstone/build/py_service_pkg/install.log'
[0.822s] Invoked command in '/home/lee/Capstone/src/gcamp_ros2_basic/py_service_pkg' returned '0': AMENT_PREFIX_PATH=/home/lee/Capstone/install/custom_interfaces:${AMENT_PREFIX_PATH} CMAKE_PREFIX_PATH=/home/lee/Capstone/install/custom_interfaces:${CMAKE_PREFIX_PATH} LD_LIBRARY_PATH=/home/lee/Capstone/install/custom_interfaces/lib:${LD_LIBRARY_PATH} PYTHONPATH=/home/lee/Capstone/build/py_service_pkg/prefix_override:/home/lee/Capstone/install/py_service_pkg/lib/python3.8/site-packages:/home/lee/Capstone/install/custom_interfaces/lib/python3.8/site-packages:${PYTHONPATH} /usr/bin/python3 -W ignore:setup.py install is deprecated setup.py egg_info --egg-base ../../../build/py_service_pkg build --build-base /home/lee/Capstone/build/py_service_pkg/build install --record /home/lee/Capstone/build/py_service_pkg/install.log --install-scripts $base/lib/py_service_pkg --single-version-externally-managed install_data
