running egg_info
creating ../../../build/py_first_pkg/py_first_pkg.egg-info
writing ../../../build/py_first_pkg/py_first_pkg.egg-info/PKG-INFO
writing dependency_links to ../../../build/py_first_pkg/py_first_pkg.egg-info/dependency_links.txt
writing entry points to ../../../build/py_first_pkg/py_first_pkg.egg-info/entry_points.txt
writing requirements to ../../../build/py_first_pkg/py_first_pkg.egg-info/requires.txt
writing top-level names to ../../../build/py_first_pkg/py_first_pkg.egg-info/top_level.txt
writing manifest file '../../../build/py_first_pkg/py_first_pkg.egg-info/SOURCES.txt'
reading manifest file '../../../build/py_first_pkg/py_first_pkg.egg-info/SOURCES.txt'
writing manifest file '../../../build/py_first_pkg/py_first_pkg.egg-info/SOURCES.txt'
running build
running build_py
creating /home/lee/Capstone/build/py_first_pkg/build
creating /home/lee/Capstone/build/py_first_pkg/build/lib
creating /home/lee/Capstone/build/py_first_pkg/build/lib/py_first_pkg
copying py_first_pkg/hello_ros.py -> /home/lee/Capstone/build/py_first_pkg/build/lib/py_first_pkg
copying py_first_pkg/__init__.py -> /home/lee/Capstone/build/py_first_pkg/build/lib/py_first_pkg
running install
running install_lib
creating /home/lee/Capstone/install/py_first_pkg/lib/python3.8/site-packages/py_first_pkg
copying /home/lee/Capstone/build/py_first_pkg/build/lib/py_first_pkg/hello_ros.py -> /home/lee/Capstone/install/py_first_pkg/lib/python3.8/site-packages/py_first_pkg
copying /home/lee/Capstone/build/py_first_pkg/build/lib/py_first_pkg/__init__.py -> /home/lee/Capstone/install/py_first_pkg/lib/python3.8/site-packages/py_first_pkg
byte-compiling /home/lee/Capstone/install/py_first_pkg/lib/python3.8/site-packages/py_first_pkg/hello_ros.py to hello_ros.cpython-38.pyc
byte-compiling /home/lee/Capstone/install/py_first_pkg/lib/python3.8/site-packages/py_first_pkg/__init__.py to __init__.cpython-38.pyc
running install_data
creating /home/lee/Capstone/install/py_first_pkg/share/ament_index
creating /home/lee/Capstone/install/py_first_pkg/share/ament_index/resource_index
creating /home/lee/Capstone/install/py_first_pkg/share/ament_index/resource_index/packages
copying resource/py_first_pkg -> /home/lee/Capstone/install/py_first_pkg/share/ament_index/resource_index/packages
copying package.xml -> /home/lee/Capstone/install/py_first_pkg/share/py_first_pkg
creating /home/lee/Capstone/install/py_first_pkg/share/py_first_pkg/launch
copying launch/hello_ros.launch.py -> /home/lee/Capstone/install/py_first_pkg/share/py_first_pkg/launch
running install_egg_info
Copying ../../../build/py_first_pkg/py_first_pkg.egg-info to /home/lee/Capstone/install/py_first_pkg/lib/python3.8/site-packages/py_first_pkg-0.0.0-py3.8.egg-info
running install_scripts
Installing hello_ros_node script to /home/lee/Capstone/install/py_first_pkg/lib/py_first_pkg
writing list of installed files to '/home/lee/Capstone/build/py_first_pkg/install.log'
