[1.091s] Invoking command in '/home/lee/Capstone/src/teleop_simulation_pkg': PYTHONPATH=/home/lee/Capstone/build/teleop_simulation_pkg/prefix_override:/home/lee/Capstone/install/teleop_simulation_pkg/lib/python3.8/site-packages:${PYTHONPATH} /usr/bin/python3 -W ignore:setup.py install is deprecated setup.py egg_info --egg-base ../../build/teleop_simulation_pkg build --build-base /home/lee/Capstone/build/teleop_simulation_pkg/build install --record /home/lee/Capstone/build/teleop_simulation_pkg/install.log --install-scripts $base/lib/teleop_simulation_pkg --single-version-externally-managed install_data
[1.235s] running egg_info
[1.235s] creating ../../build/teleop_simulation_pkg/teleop_simulation_pkg.egg-info
[1.236s] writing ../../build/teleop_simulation_pkg/teleop_simulation_pkg.egg-info/PKG-INFO
[1.236s] writing dependency_links to ../../build/teleop_simulation_pkg/teleop_simulation_pkg.egg-info/dependency_links.txt
[1.236s] writing entry points to ../../build/teleop_simulation_pkg/teleop_simulation_pkg.egg-info/entry_points.txt
[1.236s] writing requirements to ../../build/teleop_simulation_pkg/teleop_simulation_pkg.egg-info/requires.txt
[1.236s] writing top-level names to ../../build/teleop_simulation_pkg/teleop_simulation_pkg.egg-info/top_level.txt
[1.237s] writing manifest file '../../build/teleop_simulation_pkg/teleop_simulation_pkg.egg-info/SOURCES.txt'
[1.256s] reading manifest file '../../build/teleop_simulation_pkg/teleop_simulation_pkg.egg-info/SOURCES.txt'
[1.257s] writing manifest file '../../build/teleop_simulation_pkg/teleop_simulation_pkg.egg-info/SOURCES.txt'
[1.257s] running build
[1.257s] running build_py
[1.257s] creating /home/lee/Capstone/build/teleop_simulation_pkg/build
[1.257s] creating /home/lee/Capstone/build/teleop_simulation_pkg/build/lib
[1.257s] creating /home/lee/Capstone/build/teleop_simulation_pkg/build/lib/teleop_simulation_pkg
[1.257s] copying teleop_simulation_pkg/turtlebot3_teleop_key.py -> /home/lee/Capstone/build/teleop_simulation_pkg/build/lib/teleop_simulation_pkg
[1.257s] copying teleop_simulation_pkg/__init__.py -> /home/lee/Capstone/build/teleop_simulation_pkg/build/lib/teleop_simulation_pkg
[1.257s] running install
[1.258s] running install_lib
[1.258s] creating /home/lee/Capstone/install/teleop_simulation_pkg/lib/python3.8/site-packages/teleop_simulation_pkg
[1.258s] copying /home/lee/Capstone/build/teleop_simulation_pkg/build/lib/teleop_simulation_pkg/turtlebot3_teleop_key.py -> /home/lee/Capstone/install/teleop_simulation_pkg/lib/python3.8/site-packages/teleop_simulation_pkg
[1.258s] copying /home/lee/Capstone/build/teleop_simulation_pkg/build/lib/teleop_simulation_pkg/__init__.py -> /home/lee/Capstone/install/teleop_simulation_pkg/lib/python3.8/site-packages/teleop_simulation_pkg
[1.259s] byte-compiling /home/lee/Capstone/install/teleop_simulation_pkg/lib/python3.8/site-packages/teleop_simulation_pkg/turtlebot3_teleop_key.py to turtlebot3_teleop_key.cpython-38.pyc
[1.259s] byte-compiling /home/lee/Capstone/install/teleop_simulation_pkg/lib/python3.8/site-packages/teleop_simulation_pkg/__init__.py to __init__.cpython-38.pyc
[1.260s] running install_data
[1.260s] creating /home/lee/Capstone/install/teleop_simulation_pkg/share/ament_index
[1.260s] creating /home/lee/Capstone/install/teleop_simulation_pkg/share/ament_index/resource_index
[1.260s] creating /home/lee/Capstone/install/teleop_simulation_pkg/share/ament_index/resource_index/packages
[1.260s] copying resource/teleop_simulation_pkg -> /home/lee/Capstone/install/teleop_simulation_pkg/share/ament_index/resource_index/packages
[1.260s] copying package.xml -> /home/lee/Capstone/install/teleop_simulation_pkg/share/teleop_simulation_pkg
[1.260s] running install_egg_info
[1.261s] Copying ../../build/teleop_simulation_pkg/teleop_simulation_pkg.egg-info to /home/lee/Capstone/install/teleop_simulation_pkg/lib/python3.8/site-packages/teleop_simulation_pkg-0.0.0-py3.8.egg-info
[1.261s] running install_scripts
[1.272s] Installing turtlebot3_teleop_key script to /home/lee/Capstone/install/teleop_simulation_pkg/lib/teleop_simulation_pkg
[1.272s] writing list of installed files to '/home/lee/Capstone/build/teleop_simulation_pkg/install.log'
[1.446s] Invoked command in '/home/lee/Capstone/src/teleop_simulation_pkg' returned '0': PYTHONPATH=/home/lee/Capstone/build/teleop_simulation_pkg/prefix_override:/home/lee/Capstone/install/teleop_simulation_pkg/lib/python3.8/site-packages:${PYTHONPATH} /usr/bin/python3 -W ignore:setup.py install is deprecated setup.py egg_info --egg-base ../../build/teleop_simulation_pkg build --build-base /home/lee/Capstone/build/teleop_simulation_pkg/build install --record /home/lee/Capstone/build/teleop_simulation_pkg/install.log --install-scripts $base/lib/teleop_simulation_pkg --single-version-externally-managed install_data
