running egg_info
writing ../../build/teleop_simulation_pkg/teleop_simulation_pkg.egg-info/PKG-INFO
writing dependency_links to ../../build/teleop_simulation_pkg/teleop_simulation_pkg.egg-info/dependency_links.txt
writing entry points to ../../build/teleop_simulation_pkg/teleop_simulation_pkg.egg-info/entry_points.txt
writing requirements to ../../build/teleop_simulation_pkg/teleop_simulation_pkg.egg-info/requires.txt
writing top-level names to ../../build/teleop_simulation_pkg/teleop_simulation_pkg.egg-info/top_level.txt
reading manifest file '../../build/teleop_simulation_pkg/teleop_simulation_pkg.egg-info/SOURCES.txt'
writing manifest file '../../build/teleop_simulation_pkg/teleop_simulation_pkg.egg-info/SOURCES.txt'
running build
running build_py
copying teleop_simulation_pkg/hand_tracking_node2.py -> /home/lee/Capstone/build/teleop_simulation_pkg/build/lib/teleop_simulation_pkg
running install
running install_lib
copying /home/lee/Capstone/build/teleop_simulation_pkg/build/lib/teleop_simulation_pkg/hand_tracking_node2.py -> /home/lee/Capstone/install/teleop_simulation_pkg/lib/python3.8/site-packages/teleop_simulation_pkg
byte-compiling /home/lee/Capstone/install/teleop_simulation_pkg/lib/python3.8/site-packages/teleop_simulation_pkg/hand_tracking_node2.py to hand_tracking_node2.cpython-38.pyc
running install_data
running install_egg_info
removing '/home/lee/Capstone/install/teleop_simulation_pkg/lib/python3.8/site-packages/teleop_simulation_pkg-0.0.0-py3.8.egg-info' (and everything under it)
Copying ../../build/teleop_simulation_pkg/teleop_simulation_pkg.egg-info to /home/lee/Capstone/install/teleop_simulation_pkg/lib/python3.8/site-packages/teleop_simulation_pkg-0.0.0-py3.8.egg-info
running install_scripts
Installing hand_tracking_node2 script to /home/lee/Capstone/install/teleop_simulation_pkg/lib/teleop_simulation_pkg
Installing img_subscriber script to /home/lee/Capstone/install/teleop_simulation_pkg/lib/teleop_simulation_pkg
Installing turtlebot3_teleop_key script to /home/lee/Capstone/install/teleop_simulation_pkg/lib/teleop_simulation_pkg
writing list of installed files to '/home/lee/Capstone/build/teleop_simulation_pkg/install.log'
