[0.539s] Invoking command in '/home/lee/Capstone/src/gcamp_ros2_basic/py_action_pkg': AMENT_PREFIX_PATH=/home/lee/Capstone/install/custom_interfaces:${AMENT_PREFIX_PATH} CMAKE_PREFIX_PATH=/home/lee/Capstone/install/custom_interfaces:${CMAKE_PREFIX_PATH} LD_LIBRARY_PATH=/home/lee/Capstone/install/custom_interfaces/lib:${LD_LIBRARY_PATH} PYTHONPATH=/home/lee/Capstone/build/py_action_pkg/prefix_override:/home/lee/Capstone/install/py_action_pkg/lib/python3.8/site-packages:/home/lee/Capstone/install/custom_interfaces/lib/python3.8/site-packages:${PYTHONPATH} /usr/bin/python3 -W ignore:setup.py install is deprecated setup.py egg_info --egg-base ../../../build/py_action_pkg build --build-base /home/lee/Capstone/build/py_action_pkg/build install --record /home/lee/Capstone/build/py_action_pkg/install.log --install-scripts $base/lib/py_action_pkg --single-version-externally-managed install_data
[0.668s] running egg_info
[0.668s] creating ../../../build/py_action_pkg/py_action_pkg.egg-info
[0.669s] writing ../../../build/py_action_pkg/py_action_pkg.egg-info/PKG-INFO
[0.669s] writing dependency_links to ../../../build/py_action_pkg/py_action_pkg.egg-info/dependency_links.txt
[0.669s] writing entry points to ../../../build/py_action_pkg/py_action_pkg.egg-info/entry_points.txt
[0.669s] writing requirements to ../../../build/py_action_pkg/py_action_pkg.egg-info/requires.txt
[0.669s] writing top-level names to ../../../build/py_action_pkg/py_action_pkg.egg-info/top_level.txt
[0.670s] writing manifest file '../../../build/py_action_pkg/py_action_pkg.egg-info/SOURCES.txt'
[0.689s] reading manifest file '../../../build/py_action_pkg/py_action_pkg.egg-info/SOURCES.txt'
[0.690s] writing manifest file '../../../build/py_action_pkg/py_action_pkg.egg-info/SOURCES.txt'
[0.690s] running build
[0.690s] running build_py
[0.690s] creating /home/lee/Capstone/build/py_action_pkg/build
[0.690s] creating /home/lee/Capstone/build/py_action_pkg/build/lib
[0.690s] creating /home/lee/Capstone/build/py_action_pkg/build/lib/py_action_pkg
[0.690s] copying py_action_pkg/robot_controller.py -> /home/lee/Capstone/build/py_action_pkg/build/lib/py_action_pkg
[0.691s] copying py_action_pkg/maze_action_server.py -> /home/lee/Capstone/build/py_action_pkg/build/lib/py_action_pkg
[0.691s] copying py_action_pkg/fibonacci_action_server.py -> /home/lee/Capstone/build/py_action_pkg/build/lib/py_action_pkg
[0.691s] copying py_action_pkg/image_sub.py -> /home/lee/Capstone/build/py_action_pkg/build/lib/py_action_pkg
[0.691s] copying py_action_pkg/fibonacci_action_client_cancel.py -> /home/lee/Capstone/build/py_action_pkg/build/lib/py_action_pkg
[0.691s] copying py_action_pkg/fibonacci_action_server_cancel.py -> /home/lee/Capstone/build/py_action_pkg/build/lib/py_action_pkg
[0.691s] copying py_action_pkg/fibonacci_action_client.py -> /home/lee/Capstone/build/py_action_pkg/build/lib/py_action_pkg
[0.691s] copying py_action_pkg/maze_action_client.py -> /home/lee/Capstone/build/py_action_pkg/build/lib/py_action_pkg
[0.691s] copying py_action_pkg/odom_sub.py -> /home/lee/Capstone/build/py_action_pkg/build/lib/py_action_pkg
[0.691s] copying py_action_pkg/__init__.py -> /home/lee/Capstone/build/py_action_pkg/build/lib/py_action_pkg
[0.692s] running install
[0.693s] running install_lib
[0.693s] creating /home/lee/Capstone/install/py_action_pkg/lib/python3.8/site-packages/py_action_pkg
[0.693s] copying /home/lee/Capstone/build/py_action_pkg/build/lib/py_action_pkg/robot_controller.py -> /home/lee/Capstone/install/py_action_pkg/lib/python3.8/site-packages/py_action_pkg
[0.693s] copying /home/lee/Capstone/build/py_action_pkg/build/lib/py_action_pkg/maze_action_server.py -> /home/lee/Capstone/install/py_action_pkg/lib/python3.8/site-packages/py_action_pkg
[0.693s] copying /home/lee/Capstone/build/py_action_pkg/build/lib/py_action_pkg/fibonacci_action_server.py -> /home/lee/Capstone/install/py_action_pkg/lib/python3.8/site-packages/py_action_pkg
[0.693s] copying /home/lee/Capstone/build/py_action_pkg/build/lib/py_action_pkg/image_sub.py -> /home/lee/Capstone/install/py_action_pkg/lib/python3.8/site-packages/py_action_pkg
[0.693s] copying /home/lee/Capstone/build/py_action_pkg/build/lib/py_action_pkg/fibonacci_action_client_cancel.py -> /home/lee/Capstone/install/py_action_pkg/lib/python3.8/site-packages/py_action_pkg
[0.693s] copying /home/lee/Capstone/build/py_action_pkg/build/lib/py_action_pkg/fibonacci_action_server_cancel.py -> /home/lee/Capstone/install/py_action_pkg/lib/python3.8/site-packages/py_action_pkg
[0.693s] copying /home/lee/Capstone/build/py_action_pkg/build/lib/py_action_pkg/fibonacci_action_client.py -> /home/lee/Capstone/install/py_action_pkg/lib/python3.8/site-packages/py_action_pkg
[0.693s] copying /home/lee/Capstone/build/py_action_pkg/build/lib/py_action_pkg/maze_action_client.py -> /home/lee/Capstone/install/py_action_pkg/lib/python3.8/site-packages/py_action_pkg
[0.693s] copying /home/lee/Capstone/build/py_action_pkg/build/lib/py_action_pkg/odom_sub.py -> /home/lee/Capstone/install/py_action_pkg/lib/python3.8/site-packages/py_action_pkg
[0.694s] copying /home/lee/Capstone/build/py_action_pkg/build/lib/py_action_pkg/__init__.py -> /home/lee/Capstone/install/py_action_pkg/lib/python3.8/site-packages/py_action_pkg
[0.694s] byte-compiling /home/lee/Capstone/install/py_action_pkg/lib/python3.8/site-packages/py_action_pkg/robot_controller.py to robot_controller.cpython-38.pyc
[0.694s] byte-compiling /home/lee/Capstone/install/py_action_pkg/lib/python3.8/site-packages/py_action_pkg/maze_action_server.py to maze_action_server.cpython-38.pyc
[0.695s] byte-compiling /home/lee/Capstone/install/py_action_pkg/lib/python3.8/site-packages/py_action_pkg/fibonacci_action_server.py to fibonacci_action_server.cpython-38.pyc
[0.695s] byte-compiling /home/lee/Capstone/install/py_action_pkg/lib/python3.8/site-packages/py_action_pkg/image_sub.py to image_sub.cpython-38.pyc
[0.695s] byte-compiling /home/lee/Capstone/install/py_action_pkg/lib/python3.8/site-packages/py_action_pkg/fibonacci_action_client_cancel.py to fibonacci_action_client_cancel.cpython-38.pyc
[0.695s] byte-compiling /home/lee/Capstone/install/py_action_pkg/lib/python3.8/site-packages/py_action_pkg/fibonacci_action_server_cancel.py to fibonacci_action_server_cancel.cpython-38.pyc
[0.695s] byte-compiling /home/lee/Capstone/install/py_action_pkg/lib/python3.8/site-packages/py_action_pkg/fibonacci_action_client.py to fibonacci_action_client.cpython-38.pyc
[0.695s] byte-compiling /home/lee/Capstone/install/py_action_pkg/lib/python3.8/site-packages/py_action_pkg/maze_action_client.py to maze_action_client.cpython-38.pyc
[0.696s] byte-compiling /home/lee/Capstone/install/py_action_pkg/lib/python3.8/site-packages/py_action_pkg/odom_sub.py to odom_sub.cpython-38.pyc
[0.696s] byte-compiling /home/lee/Capstone/install/py_action_pkg/lib/python3.8/site-packages/py_action_pkg/__init__.py to __init__.cpython-38.pyc
[0.696s] running install_data
[0.696s] creating /home/lee/Capstone/install/py_action_pkg/share/ament_index
[0.696s] creating /home/lee/Capstone/install/py_action_pkg/share/ament_index/resource_index
[0.696s] creating /home/lee/Capstone/install/py_action_pkg/share/ament_index/resource_index/packages
[0.696s] copying resource/py_action_pkg -> /home/lee/Capstone/install/py_action_pkg/share/ament_index/resource_index/packages
[0.696s] copying package.xml -> /home/lee/Capstone/install/py_action_pkg/share/py_action_pkg
[0.696s] creating /home/lee/Capstone/install/py_action_pkg/share/py_action_pkg/launch
[0.697s] copying launch/maze_action_srv.launch.py -> /home/lee/Capstone/install/py_action_pkg/share/py_action_pkg/launch
[0.697s] running install_egg_info
[0.697s] Copying ../../../build/py_action_pkg/py_action_pkg.egg-info to /home/lee/Capstone/install/py_action_pkg/lib/python3.8/site-packages/py_action_pkg-0.0.0-py3.8.egg-info
[0.698s] running install_scripts
[0.709s] Installing fibonacci_action_client script to /home/lee/Capstone/install/py_action_pkg/lib/py_action_pkg
[0.709s] Installing fibonacci_action_client_cancel script to /home/lee/Capstone/install/py_action_pkg/lib/py_action_pkg
[0.709s] Installing fibonacci_action_server script to /home/lee/Capstone/install/py_action_pkg/lib/py_action_pkg
[0.709s] Installing fibonacci_action_server_cancel script to /home/lee/Capstone/install/py_action_pkg/lib/py_action_pkg
[0.709s] Installing img_subscriber_node script to /home/lee/Capstone/install/py_action_pkg/lib/py_action_pkg
[0.709s] Installing maze_action_client script to /home/lee/Capstone/install/py_action_pkg/lib/py_action_pkg
[0.709s] Installing maze_action_server script to /home/lee/Capstone/install/py_action_pkg/lib/py_action_pkg
[0.709s] Installing odom_sub_node script to /home/lee/Capstone/install/py_action_pkg/lib/py_action_pkg
[0.709s] Installing robot_controller script to /home/lee/Capstone/install/py_action_pkg/lib/py_action_pkg
[0.709s] writing list of installed files to '/home/lee/Capstone/build/py_action_pkg/install.log'
[0.730s] Invoked command in '/home/lee/Capstone/src/gcamp_ros2_basic/py_action_pkg' returned '0': AMENT_PREFIX_PATH=/home/lee/Capstone/install/custom_interfaces:${AMENT_PREFIX_PATH} CMAKE_PREFIX_PATH=/home/lee/Capstone/install/custom_interfaces:${CMAKE_PREFIX_PATH} LD_LIBRARY_PATH=/home/lee/Capstone/install/custom_interfaces/lib:${LD_LIBRARY_PATH} PYTHONPATH=/home/lee/Capstone/build/py_action_pkg/prefix_override:/home/lee/Capstone/install/py_action_pkg/lib/python3.8/site-packages:/home/lee/Capstone/install/custom_interfaces/lib/python3.8/site-packages:${PYTHONPATH} /usr/bin/python3 -W ignore:setup.py install is deprecated setup.py egg_info --egg-base ../../../build/py_action_pkg build --build-base /home/lee/Capstone/build/py_action_pkg/build install --record /home/lee/Capstone/build/py_action_pkg/install.log --install-scripts $base/lib/py_action_pkg --single-version-externally-managed install_data
