[1.070s] Invoking command in '/home/lee/Capstone/src/turtlebot3/turtlebot3_teleop': PYTHONPATH=/home/lee/Capstone/build/turtlebot3_teleop/prefix_override:/home/lee/Capstone/install/turtlebot3_teleop/lib/python3.8/site-packages:${PYTHONPATH} /usr/bin/python3 -W ignore:setup.py install is deprecated setup.py egg_info --egg-base ../../../build/turtlebot3_teleop build --build-base /home/lee/Capstone/build/turtlebot3_teleop/build install --record /home/lee/Capstone/build/turtlebot3_teleop/install.log --single-version-externally-managed install_data
[1.217s] running egg_info
[1.217s] writing ../../../build/turtlebot3_teleop/turtlebot3_teleop.egg-info/PKG-INFO
[1.218s] writing dependency_links to ../../../build/turtlebot3_teleop/turtlebot3_teleop.egg-info/dependency_links.txt
[1.218s] writing entry points to ../../../build/turtlebot3_teleop/turtlebot3_teleop.egg-info/entry_points.txt
[1.218s] writing requirements to ../../../build/turtlebot3_teleop/turtlebot3_teleop.egg-info/requires.txt
[1.218s] writing top-level names to ../../../build/turtlebot3_teleop/turtlebot3_teleop.egg-info/top_level.txt
[1.239s] reading manifest file '../../../build/turtlebot3_teleop/turtlebot3_teleop.egg-info/SOURCES.txt'
[1.239s] writing manifest file '../../../build/turtlebot3_teleop/turtlebot3_teleop.egg-info/SOURCES.txt'
[1.240s] running build
[1.240s] running build_py
[1.240s] running install
[1.240s] running install_lib
[1.241s] running install_data
[1.241s] running install_egg_info
[1.242s] removing '/home/lee/Capstone/install/turtlebot3_teleop/lib/python3.8/site-packages/turtlebot3_teleop-2.1.4-py3.8.egg-info' (and everything under it)
[1.243s] Copying ../../../build/turtlebot3_teleop/turtlebot3_teleop.egg-info to /home/lee/Capstone/install/turtlebot3_teleop/lib/python3.8/site-packages/turtlebot3_teleop-2.1.4-py3.8.egg-info
[1.243s] running install_scripts
[1.254s] Installing teleop_keyboard script to /home/lee/Capstone/install/turtlebot3_teleop/lib/turtlebot3_teleop
[1.254s] writing list of installed files to '/home/lee/Capstone/build/turtlebot3_teleop/install.log'
[1.348s] Invoked command in '/home/lee/Capstone/src/turtlebot3/turtlebot3_teleop' returned '0': PYTHONPATH=/home/lee/Capstone/build/turtlebot3_teleop/prefix_override:/home/lee/Capstone/install/turtlebot3_teleop/lib/python3.8/site-packages:${PYTHONPATH} /usr/bin/python3 -W ignore:setup.py install is deprecated setup.py egg_info --egg-base ../../../build/turtlebot3_teleop build --build-base /home/lee/Capstone/build/turtlebot3_teleop/build install --record /home/lee/Capstone/build/turtlebot3_teleop/install.log --single-version-externally-managed install_data
