[0.072s] Invoking command in '/home/lee/Capstone/build/turtlebot3_msgs': CMAKE_PREFIX_PATH=${CMAKE_PREFIX_PATH}:/home/lee/Capstone/install/turtlebot3_teleop:/home/lee/Capstone/install/turtlebot3_example:/home/lee/Capstone/install/teleop_simulation_pkg:/home/lee/Capstone/install/py_topic_pkg:/home/lee/Capstone/install/py_service_pkg:/home/lee/Capstone/install/py_first_pkg:/home/lee/Capstone/install/py_action_pkg:/home/lee/Capstone/install/hand_tracking_pkg:/home/lee/turtlebot3_ws/install/turtlebot3_teleop:/home/lee/turtlebot3_ws/install/turtlebot3_example:/home/lee/gcamp_ros2_ws/install/py_topic_pkg:/home/lee/gcamp_ros2_ws/install/py_service_pkg:/home/lee/gcamp_ros2_ws/install/py_first_pkg:/home/lee/gcamp_ros2_ws/install/py_action_pkg:/opt/ros/foxy /usr/bin/cmake --build /home/lee/Capstone/build/turtlebot3_msgs -- -j16 -l16
[0.787s] [  1%] Built target turtlebot3_msgs__cpp
[0.788s] [ 12%] Built target turtlebot3_msgs__rosidl_generator_c
[0.788s] [ 23%] Built target turtlebot3_msgs__rosidl_typesupport_cpp
[0.788s] [ 45%] Built target turtlebot3_msgs__rosidl_typesupport_c
[0.789s] [ 46%] Built target turtlebot3_msgs__rosidl_typesupport_fastrtps_cpp
[0.789s] [ 57%] Built target turtlebot3_msgs__rosidl_typesupport_introspection_cpp
[0.789s] [ 69%] Built target turtlebot3_msgs__rosidl_typesupport_introspection_c
[0.789s] [ 80%] Built target turtlebot3_msgs__rosidl_typesupport_fastrtps_c
[0.790s] [ 80%] Built target turtlebot3_msgs
[0.790s] [ 81%] Built target turtlebot3_msgs__py
[0.790s] [ 91%] Built target turtlebot3_msgs__python
[0.790s] [ 94%] Built target turtlebot3_msgs__rosidl_typesupport_c__pyext
[0.790s] [ 97%] Built target turtlebot3_msgs__rosidl_typesupport_introspection_c__pyext
[0.790s] [100%] Built target turtlebot3_msgs__rosidl_typesupport_fastrtps_c__pyext
[0.793s] Invoked command in '/home/lee/Capstone/build/turtlebot3_msgs' returned '0': CMAKE_PREFIX_PATH=${CMAKE_PREFIX_PATH}:/home/lee/Capstone/install/turtlebot3_teleop:/home/lee/Capstone/install/turtlebot3_example:/home/lee/Capstone/install/teleop_simulation_pkg:/home/lee/Capstone/install/py_topic_pkg:/home/lee/Capstone/install/py_service_pkg:/home/lee/Capstone/install/py_first_pkg:/home/lee/Capstone/install/py_action_pkg:/home/lee/Capstone/install/hand_tracking_pkg:/home/lee/turtlebot3_ws/install/turtlebot3_teleop:/home/lee/turtlebot3_ws/install/turtlebot3_example:/home/lee/gcamp_ros2_ws/install/py_topic_pkg:/home/lee/gcamp_ros2_ws/install/py_service_pkg:/home/lee/gcamp_ros2_ws/install/py_first_pkg:/home/lee/gcamp_ros2_ws/install/py_action_pkg:/opt/ros/foxy /usr/bin/cmake --build /home/lee/Capstone/build/turtlebot3_msgs -- -j16 -l16
[0.925s] Invoking command in '/home/lee/Capstone/build/turtlebot3_msgs': CMAKE_PREFIX_PATH=${CMAKE_PREFIX_PATH}:/home/lee/Capstone/install/turtlebot3_teleop:/home/lee/Capstone/install/turtlebot3_example:/home/lee/Capstone/install/teleop_simulation_pkg:/home/lee/Capstone/install/py_topic_pkg:/home/lee/Capstone/install/py_service_pkg:/home/lee/Capstone/install/py_first_pkg:/home/lee/Capstone/install/py_action_pkg:/home/lee/Capstone/install/hand_tracking_pkg:/home/lee/turtlebot3_ws/install/turtlebot3_teleop:/home/lee/turtlebot3_ws/install/turtlebot3_example:/home/lee/gcamp_ros2_ws/install/py_topic_pkg:/home/lee/gcamp_ros2_ws/install/py_service_pkg:/home/lee/gcamp_ros2_ws/install/py_first_pkg:/home/lee/gcamp_ros2_ws/install/py_action_pkg:/opt/ros/foxy /usr/bin/cmake --install /home/lee/Capstone/build/turtlebot3_msgs
[0.958s] -- Install configuration: ""
[0.958s] -- Up-to-date: /home/lee/Capstone/install/turtlebot3_msgs/share/ament_index/resource_index/rosidl_interfaces/turtlebot3_msgs
[0.958s] -- Up-to-date: /home/lee/Capstone/install/turtlebot3_msgs/include/turtlebot3_msgs
[0.958s] -- Up-to-date: /home/lee/Capstone/install/turtlebot3_msgs/include/turtlebot3_msgs/action
[0.958s] -- Up-to-date: /home/lee/Capstone/install/turtlebot3_msgs/include/turtlebot3_msgs/action/patrol.h
[0.958s] -- Up-to-date: /home/lee/Capstone/install/turtlebot3_msgs/include/turtlebot3_msgs/action/detail
[0.958s] -- Up-to-date: /home/lee/Capstone/install/turtlebot3_msgs/include/turtlebot3_msgs/action/detail/patrol__struct.h
[0.959s] -- Up-to-date: /home/lee/Capstone/install/turtlebot3_msgs/include/turtlebot3_msgs/action/detail/patrol__functions.h
[0.959s] -- Up-to-date: /home/lee/Capstone/install/turtlebot3_msgs/include/turtlebot3_msgs/action/detail/patrol__type_support.h
[0.959s] -- Up-to-date: /home/lee/Capstone/install/turtlebot3_msgs/include/turtlebot3_msgs/action/detail/patrol__functions.c
[0.959s] -- Up-to-date: /home/lee/Capstone/install/turtlebot3_msgs/include/turtlebot3_msgs/srv
[0.959s] -- Up-to-date: /home/lee/Capstone/install/turtlebot3_msgs/include/turtlebot3_msgs/srv/detail
[0.959s] -- Up-to-date: /home/lee/Capstone/install/turtlebot3_msgs/include/turtlebot3_msgs/srv/detail/sound__functions.c
[0.959s] -- Up-to-date: /home/lee/Capstone/install/turtlebot3_msgs/include/turtlebot3_msgs/srv/detail/dqn__struct.h
[0.959s] -- Up-to-date: /home/lee/Capstone/install/turtlebot3_msgs/include/turtlebot3_msgs/srv/detail/sound__functions.h
[0.959s] -- Up-to-date: /home/lee/Capstone/install/turtlebot3_msgs/include/turtlebot3_msgs/srv/detail/sound__type_support.h
[0.959s] -- Up-to-date: /home/lee/Capstone/install/turtlebot3_msgs/include/turtlebot3_msgs/srv/detail/dqn__functions.c
[0.959s] -- Up-to-date: /home/lee/Capstone/install/turtlebot3_msgs/include/turtlebot3_msgs/srv/detail/dqn__functions.h
[0.959s] -- Up-to-date: /home/lee/Capstone/install/turtlebot3_msgs/include/turtlebot3_msgs/srv/detail/sound__struct.h
[0.959s] -- Up-to-date: /home/lee/Capstone/install/turtlebot3_msgs/include/turtlebot3_msgs/srv/detail/dqn__type_support.h
[0.959s] -- Up-to-date: /home/lee/Capstone/install/turtlebot3_msgs/include/turtlebot3_msgs/srv/dqn.h
[0.959s] -- Up-to-date: /home/lee/Capstone/install/turtlebot3_msgs/include/turtlebot3_msgs/srv/sound.h
[0.959s] -- Up-to-date: /home/lee/Capstone/install/turtlebot3_msgs/include/turtlebot3_msgs/msg
[0.959s] -- Up-to-date: /home/lee/Capstone/install/turtlebot3_msgs/include/turtlebot3_msgs/msg/sensor_state.h
[0.959s] -- Up-to-date: /home/lee/Capstone/install/turtlebot3_msgs/include/turtlebot3_msgs/msg/version_info.h
[0.959s] -- Up-to-date: /home/lee/Capstone/install/turtlebot3_msgs/include/turtlebot3_msgs/msg/detail
[0.959s] -- Up-to-date: /home/lee/Capstone/install/turtlebot3_msgs/include/turtlebot3_msgs/msg/detail/sound__functions.c
[0.960s] -- Up-to-date: /home/lee/Capstone/install/turtlebot3_msgs/include/turtlebot3_msgs/msg/detail/sensor_state__functions.c
[0.960s] -- Up-to-date: /home/lee/Capstone/install/turtlebot3_msgs/include/turtlebot3_msgs/msg/detail/version_info__functions.h
[0.960s] -- Up-to-date: /home/lee/Capstone/install/turtlebot3_msgs/include/turtlebot3_msgs/msg/detail/version_info__struct.h
[0.960s] -- Up-to-date: /home/lee/Capstone/install/turtlebot3_msgs/include/turtlebot3_msgs/msg/detail/sound__functions.h
[0.960s] -- Up-to-date: /home/lee/Capstone/install/turtlebot3_msgs/include/turtlebot3_msgs/msg/detail/sound__type_support.h
[0.960s] -- Up-to-date: /home/lee/Capstone/install/turtlebot3_msgs/include/turtlebot3_msgs/msg/detail/sensor_state__struct.h
[0.960s] -- Up-to-date: /home/lee/Capstone/install/turtlebot3_msgs/include/turtlebot3_msgs/msg/detail/sensor_state__functions.h
[0.960s] -- Up-to-date: /home/lee/Capstone/install/turtlebot3_msgs/include/turtlebot3_msgs/msg/detail/version_info__functions.c
[0.960s] -- Up-to-date: /home/lee/Capstone/install/turtlebot3_msgs/include/turtlebot3_msgs/msg/detail/sound__struct.h
[0.960s] -- Up-to-date: /home/lee/Capstone/install/turtlebot3_msgs/include/turtlebot3_msgs/msg/detail/version_info__type_support.h
[0.960s] -- Up-to-date: /home/lee/Capstone/install/turtlebot3_msgs/include/turtlebot3_msgs/msg/detail/sensor_state__type_support.h
[0.960s] -- Up-to-date: /home/lee/Capstone/install/turtlebot3_msgs/include/turtlebot3_msgs/msg/rosidl_generator_c__visibility_control.h
[0.960s] -- Up-to-date: /home/lee/Capstone/install/turtlebot3_msgs/include/turtlebot3_msgs/msg/sound.h
[0.960s] -- Up-to-date: /home/lee/Capstone/install/turtlebot3_msgs/share/turtlebot3_msgs/environment/library_path.sh
[0.960s] -- Up-to-date: /home/lee/Capstone/install/turtlebot3_msgs/share/turtlebot3_msgs/environment/library_path.dsv
[0.960s] -- Up-to-date: /home/lee/Capstone/install/turtlebot3_msgs/lib/libturtlebot3_msgs__rosidl_generator_c.so
[0.960s] -- Up-to-date: /home/lee/Capstone/install/turtlebot3_msgs/include/turtlebot3_msgs
[0.960s] -- Up-to-date: /home/lee/Capstone/install/turtlebot3_msgs/include/turtlebot3_msgs/action
[0.961s] -- Up-to-date: /home/lee/Capstone/install/turtlebot3_msgs/include/turtlebot3_msgs/action/detail
[0.961s] -- Up-to-date: /home/lee/Capstone/install/turtlebot3_msgs/include/turtlebot3_msgs/action/detail/patrol__rosidl_typesupport_fastrtps_c.h
[0.961s] -- Up-to-date: /home/lee/Capstone/install/turtlebot3_msgs/include/turtlebot3_msgs/srv
[0.961s] -- Up-to-date: /home/lee/Capstone/install/turtlebot3_msgs/include/turtlebot3_msgs/srv/detail
[0.961s] -- Up-to-date: /home/lee/Capstone/install/turtlebot3_msgs/include/turtlebot3_msgs/srv/detail/dqn__rosidl_typesupport_fastrtps_c.h
[0.961s] -- Up-to-date: /home/lee/Capstone/install/turtlebot3_msgs/include/turtlebot3_msgs/srv/detail/sound__rosidl_typesupport_fastrtps_c.h
[0.961s] -- Up-to-date: /home/lee/Capstone/install/turtlebot3_msgs/include/turtlebot3_msgs/msg
[0.961s] -- Up-to-date: /home/lee/Capstone/install/turtlebot3_msgs/include/turtlebot3_msgs/msg/rosidl_typesupport_fastrtps_c__visibility_control.h
[0.961s] -- Up-to-date: /home/lee/Capstone/install/turtlebot3_msgs/include/turtlebot3_msgs/msg/detail
[0.961s] -- Up-to-date: /home/lee/Capstone/install/turtlebot3_msgs/include/turtlebot3_msgs/msg/detail/version_info__rosidl_typesupport_fastrtps_c.h
[0.961s] -- Up-to-date: /home/lee/Capstone/install/turtlebot3_msgs/include/turtlebot3_msgs/msg/detail/sound__rosidl_typesupport_fastrtps_c.h
[0.961s] -- Up-to-date: /home/lee/Capstone/install/turtlebot3_msgs/include/turtlebot3_msgs/msg/detail/sensor_state__rosidl_typesupport_fastrtps_c.h
[0.961s] -- Up-to-date: /home/lee/Capstone/install/turtlebot3_msgs/lib/libturtlebot3_msgs__rosidl_typesupport_fastrtps_c.so
[0.961s] -- Up-to-date: /home/lee/Capstone/install/turtlebot3_msgs/include/turtlebot3_msgs
[0.961s] -- Up-to-date: /home/lee/Capstone/install/turtlebot3_msgs/include/turtlebot3_msgs/action
[0.961s] -- Up-to-date: /home/lee/Capstone/install/turtlebot3_msgs/include/turtlebot3_msgs/action/detail
[0.961s] -- Up-to-date: /home/lee/Capstone/install/turtlebot3_msgs/include/turtlebot3_msgs/action/detail/patrol__rosidl_typesupport_fastrtps_cpp.hpp
[0.961s] -- Up-to-date: /home/lee/Capstone/install/turtlebot3_msgs/include/turtlebot3_msgs/action/detail/dds_fastrtps
[0.961s] -- Up-to-date: /home/lee/Capstone/install/turtlebot3_msgs/include/turtlebot3_msgs/srv
[0.961s] -- Up-to-date: /home/lee/Capstone/install/turtlebot3_msgs/include/turtlebot3_msgs/srv/detail
[0.961s] -- Up-to-date: /home/lee/Capstone/install/turtlebot3_msgs/include/turtlebot3_msgs/srv/detail/sound__rosidl_typesupport_fastrtps_cpp.hpp
[0.962s] -- Up-to-date: /home/lee/Capstone/install/turtlebot3_msgs/include/turtlebot3_msgs/srv/detail/dds_fastrtps
[0.962s] -- Up-to-date: /home/lee/Capstone/install/turtlebot3_msgs/include/turtlebot3_msgs/srv/detail/dqn__rosidl_typesupport_fastrtps_cpp.hpp
[0.962s] -- Up-to-date: /home/lee/Capstone/install/turtlebot3_msgs/include/turtlebot3_msgs/msg
[0.962s] -- Up-to-date: /home/lee/Capstone/install/turtlebot3_msgs/include/turtlebot3_msgs/msg/rosidl_typesupport_fastrtps_cpp__visibility_control.h
[0.962s] -- Up-to-date: /home/lee/Capstone/install/turtlebot3_msgs/include/turtlebot3_msgs/msg/detail
[0.962s] -- Up-to-date: /home/lee/Capstone/install/turtlebot3_msgs/include/turtlebot3_msgs/msg/detail/sound__rosidl_typesupport_fastrtps_cpp.hpp
[0.962s] -- Up-to-date: /home/lee/Capstone/install/turtlebot3_msgs/include/turtlebot3_msgs/msg/detail/sensor_state__rosidl_typesupport_fastrtps_cpp.hpp
[0.962s] -- Up-to-date: /home/lee/Capstone/install/turtlebot3_msgs/include/turtlebot3_msgs/msg/detail/dds_fastrtps
[0.963s] -- Up-to-date: /home/lee/Capstone/install/turtlebot3_msgs/include/turtlebot3_msgs/msg/detail/version_info__rosidl_typesupport_fastrtps_cpp.hpp
[0.963s] -- Up-to-date: /home/lee/Capstone/install/turtlebot3_msgs/lib/libturtlebot3_msgs__rosidl_typesupport_fastrtps_cpp.so
[0.963s] -- Up-to-date: /home/lee/Capstone/install/turtlebot3_msgs/include/turtlebot3_msgs
[0.963s] -- Up-to-date: /home/lee/Capstone/install/turtlebot3_msgs/include/turtlebot3_msgs/action
[0.963s] -- Up-to-date: /home/lee/Capstone/install/turtlebot3_msgs/include/turtlebot3_msgs/action/detail
[0.963s] -- Up-to-date: /home/lee/Capstone/install/turtlebot3_msgs/include/turtlebot3_msgs/action/detail/patrol__rosidl_typesupport_introspection_c.h
[0.963s] -- Up-to-date: /home/lee/Capstone/install/turtlebot3_msgs/include/turtlebot3_msgs/action/detail/patrol__type_support.c
[0.963s] -- Up-to-date: /home/lee/Capstone/install/turtlebot3_msgs/include/turtlebot3_msgs/srv
[0.963s] -- Up-to-date: /home/lee/Capstone/install/turtlebot3_msgs/include/turtlebot3_msgs/srv/detail
[0.963s] -- Up-to-date: /home/lee/Capstone/install/turtlebot3_msgs/include/turtlebot3_msgs/srv/detail/sound__rosidl_typesupport_introspection_c.h
[0.963s] -- Up-to-date: /home/lee/Capstone/install/turtlebot3_msgs/include/turtlebot3_msgs/srv/detail/dqn__type_support.c
[0.963s] -- Up-to-date: /home/lee/Capstone/install/turtlebot3_msgs/include/turtlebot3_msgs/srv/detail/dqn__rosidl_typesupport_introspection_c.h
[0.963s] -- Up-to-date: /home/lee/Capstone/install/turtlebot3_msgs/include/turtlebot3_msgs/srv/detail/sound__type_support.c
[0.963s] -- Up-to-date: /home/lee/Capstone/install/turtlebot3_msgs/include/turtlebot3_msgs/msg
[0.963s] -- Up-to-date: /home/lee/Capstone/install/turtlebot3_msgs/include/turtlebot3_msgs/msg/rosidl_typesupport_introspection_c__visibility_control.h
[0.963s] -- Up-to-date: /home/lee/Capstone/install/turtlebot3_msgs/include/turtlebot3_msgs/msg/detail
[0.963s] -- Up-to-date: /home/lee/Capstone/install/turtlebot3_msgs/include/turtlebot3_msgs/msg/detail/sound__rosidl_typesupport_introspection_c.h
[0.964s] -- Up-to-date: /home/lee/Capstone/install/turtlebot3_msgs/include/turtlebot3_msgs/msg/detail/version_info__type_support.c
[0.964s] -- Up-to-date: /home/lee/Capstone/install/turtlebot3_msgs/include/turtlebot3_msgs/msg/detail/sensor_state__rosidl_typesupport_introspection_c.h
[0.964s] -- Up-to-date: /home/lee/Capstone/install/turtlebot3_msgs/include/turtlebot3_msgs/msg/detail/version_info__rosidl_typesupport_introspection_c.h
[0.964s] -- Up-to-date: /home/lee/Capstone/install/turtlebot3_msgs/include/turtlebot3_msgs/msg/detail/sensor_state__type_support.c
[0.964s] -- Up-to-date: /home/lee/Capstone/install/turtlebot3_msgs/include/turtlebot3_msgs/msg/detail/sound__type_support.c
[0.964s] -- Up-to-date: /home/lee/Capstone/install/turtlebot3_msgs/lib/libturtlebot3_msgs__rosidl_typesupport_introspection_c.so
[0.964s] -- Up-to-date: /home/lee/Capstone/install/turtlebot3_msgs/lib/libturtlebot3_msgs__rosidl_typesupport_c.so
[0.964s] -- Up-to-date: /home/lee/Capstone/install/turtlebot3_msgs/include/turtlebot3_msgs
[0.964s] -- Up-to-date: /home/lee/Capstone/install/turtlebot3_msgs/include/turtlebot3_msgs/action
[0.964s] -- Up-to-date: /home/lee/Capstone/install/turtlebot3_msgs/include/turtlebot3_msgs/action/patrol.hpp
[0.964s] -- Up-to-date: /home/lee/Capstone/install/turtlebot3_msgs/include/turtlebot3_msgs/action/detail
[0.964s] -- Up-to-date: /home/lee/Capstone/install/turtlebot3_msgs/include/turtlebot3_msgs/action/detail/patrol__builder.hpp
[0.964s] -- Up-to-date: /home/lee/Capstone/install/turtlebot3_msgs/include/turtlebot3_msgs/action/detail/patrol__struct.hpp
[0.964s] -- Up-to-date: /home/lee/Capstone/install/turtlebot3_msgs/include/turtlebot3_msgs/action/detail/patrol__type_support.hpp
[0.965s] -- Up-to-date: /home/lee/Capstone/install/turtlebot3_msgs/include/turtlebot3_msgs/action/detail/patrol__traits.hpp
[0.965s] -- Up-to-date: /home/lee/Capstone/install/turtlebot3_msgs/include/turtlebot3_msgs/srv
[0.965s] -- Up-to-date: /home/lee/Capstone/install/turtlebot3_msgs/include/turtlebot3_msgs/srv/detail
[0.965s] -- Up-to-date: /home/lee/Capstone/install/turtlebot3_msgs/include/turtlebot3_msgs/srv/detail/dqn__traits.hpp
[0.965s] -- Up-to-date: /home/lee/Capstone/install/turtlebot3_msgs/include/turtlebot3_msgs/srv/detail/sound__struct.hpp
[0.965s] -- Up-to-date: /home/lee/Capstone/install/turtlebot3_msgs/include/turtlebot3_msgs/srv/detail/dqn__struct.hpp
[0.965s] -- Up-to-date: /home/lee/Capstone/install/turtlebot3_msgs/include/turtlebot3_msgs/srv/detail/sound__traits.hpp
[0.965s] -- Up-to-date: /home/lee/Capstone/install/turtlebot3_msgs/include/turtlebot3_msgs/srv/detail/sound__builder.hpp
[0.965s] -- Up-to-date: /home/lee/Capstone/install/turtlebot3_msgs/include/turtlebot3_msgs/srv/detail/dqn__builder.hpp
[0.965s] -- Up-to-date: /home/lee/Capstone/install/turtlebot3_msgs/include/turtlebot3_msgs/srv/detail/dqn__type_support.hpp
[0.965s] -- Up-to-date: /home/lee/Capstone/install/turtlebot3_msgs/include/turtlebot3_msgs/srv/detail/sound__type_support.hpp
[0.965s] -- Up-to-date: /home/lee/Capstone/install/turtlebot3_msgs/include/turtlebot3_msgs/srv/dqn.hpp
[0.965s] -- Up-to-date: /home/lee/Capstone/install/turtlebot3_msgs/include/turtlebot3_msgs/srv/sound.hpp
[0.965s] -- Up-to-date: /home/lee/Capstone/install/turtlebot3_msgs/include/turtlebot3_msgs/msg
[0.965s] -- Up-to-date: /home/lee/Capstone/install/turtlebot3_msgs/include/turtlebot3_msgs/msg/version_info.hpp
[0.965s] -- Up-to-date: /home/lee/Capstone/install/turtlebot3_msgs/include/turtlebot3_msgs/msg/detail
[0.965s] -- Up-to-date: /home/lee/Capstone/install/turtlebot3_msgs/include/turtlebot3_msgs/msg/detail/sound__struct.hpp
[0.965s] -- Up-to-date: /home/lee/Capstone/install/turtlebot3_msgs/include/turtlebot3_msgs/msg/detail/version_info__struct.hpp
[0.965s] -- Up-to-date: /home/lee/Capstone/install/turtlebot3_msgs/include/turtlebot3_msgs/msg/detail/sensor_state__type_support.hpp
[0.966s] -- Up-to-date: /home/lee/Capstone/install/turtlebot3_msgs/include/turtlebot3_msgs/msg/detail/version_info__traits.hpp
[0.966s] -- Up-to-date: /home/lee/Capstone/install/turtlebot3_msgs/include/turtlebot3_msgs/msg/detail/sensor_state__builder.hpp
[0.966s] -- Up-to-date: /home/lee/Capstone/install/turtlebot3_msgs/include/turtlebot3_msgs/msg/detail/version_info__type_support.hpp
[0.966s] -- Up-to-date: /home/lee/Capstone/install/turtlebot3_msgs/include/turtlebot3_msgs/msg/detail/sound__traits.hpp
[0.966s] -- Up-to-date: /home/lee/Capstone/install/turtlebot3_msgs/include/turtlebot3_msgs/msg/detail/sound__builder.hpp
[0.966s] -- Up-to-date: /home/lee/Capstone/install/turtlebot3_msgs/include/turtlebot3_msgs/msg/detail/sensor_state__traits.hpp
[0.966s] -- Up-to-date: /home/lee/Capstone/install/turtlebot3_msgs/include/turtlebot3_msgs/msg/detail/sound__type_support.hpp
[0.966s] -- Up-to-date: /home/lee/Capstone/install/turtlebot3_msgs/include/turtlebot3_msgs/msg/detail/version_info__builder.hpp
[0.966s] -- Up-to-date: /home/lee/Capstone/install/turtlebot3_msgs/include/turtlebot3_msgs/msg/detail/sensor_state__struct.hpp
[0.966s] -- Up-to-date: /home/lee/Capstone/install/turtlebot3_msgs/include/turtlebot3_msgs/msg/sound.hpp
[0.966s] -- Up-to-date: /home/lee/Capstone/install/turtlebot3_msgs/include/turtlebot3_msgs/msg/rosidl_generator_cpp__visibility_control.hpp
[0.967s] -- Up-to-date: /home/lee/Capstone/install/turtlebot3_msgs/include/turtlebot3_msgs/msg/sensor_state.hpp
[0.967s] -- Up-to-date: /home/lee/Capstone/install/turtlebot3_msgs/include/turtlebot3_msgs
[0.967s] -- Up-to-date: /home/lee/Capstone/install/turtlebot3_msgs/include/turtlebot3_msgs/action
[0.967s] -- Up-to-date: /home/lee/Capstone/install/turtlebot3_msgs/include/turtlebot3_msgs/action/detail
[0.967s] -- Up-to-date: /home/lee/Capstone/install/turtlebot3_msgs/include/turtlebot3_msgs/action/detail/patrol__type_support.cpp
[0.968s] -- Up-to-date: /home/lee/Capstone/install/turtlebot3_msgs/include/turtlebot3_msgs/action/detail/patrol__rosidl_typesupport_introspection_cpp.hpp
[0.968s] -- Up-to-date: /home/lee/Capstone/install/turtlebot3_msgs/include/turtlebot3_msgs/srv
[0.968s] -- Up-to-date: /home/lee/Capstone/install/turtlebot3_msgs/include/turtlebot3_msgs/srv/detail
[0.969s] -- Up-to-date: /home/lee/Capstone/install/turtlebot3_msgs/include/turtlebot3_msgs/srv/detail/dqn__type_support.cpp
[0.969s] -- Up-to-date: /home/lee/Capstone/install/turtlebot3_msgs/include/turtlebot3_msgs/srv/detail/sound__type_support.cpp
[0.969s] -- Up-to-date: /home/lee/Capstone/install/turtlebot3_msgs/include/turtlebot3_msgs/srv/detail/dqn__rosidl_typesupport_introspection_cpp.hpp
[0.970s] -- Up-to-date: /home/lee/Capstone/install/turtlebot3_msgs/include/turtlebot3_msgs/srv/detail/sound__rosidl_typesupport_introspection_cpp.hpp
[0.970s] -- Up-to-date: /home/lee/Capstone/install/turtlebot3_msgs/include/turtlebot3_msgs/msg
[0.970s] -- Up-to-date: /home/lee/Capstone/install/turtlebot3_msgs/include/turtlebot3_msgs/msg/detail
[0.970s] -- Up-to-date: /home/lee/Capstone/install/turtlebot3_msgs/include/turtlebot3_msgs/msg/detail/sensor_state__type_support.cpp
[0.970s] -- Up-to-date: /home/lee/Capstone/install/turtlebot3_msgs/include/turtlebot3_msgs/msg/detail/sound__type_support.cpp
[0.970s] -- Up-to-date: /home/lee/Capstone/install/turtlebot3_msgs/include/turtlebot3_msgs/msg/detail/version_info__type_support.cpp
[0.970s] -- Up-to-date: /home/lee/Capstone/install/turtlebot3_msgs/include/turtlebot3_msgs/msg/detail/sensor_state__rosidl_typesupport_introspection_cpp.hpp
[0.970s] -- Up-to-date: /home/lee/Capstone/install/turtlebot3_msgs/include/turtlebot3_msgs/msg/detail/sound__rosidl_typesupport_introspection_cpp.hpp
[0.970s] -- Up-to-date: /home/lee/Capstone/install/turtlebot3_msgs/include/turtlebot3_msgs/msg/detail/version_info__rosidl_typesupport_introspection_cpp.hpp
[0.970s] -- Up-to-date: /home/lee/Capstone/install/turtlebot3_msgs/lib/libturtlebot3_msgs__rosidl_typesupport_introspection_cpp.so
[0.970s] -- Up-to-date: /home/lee/Capstone/install/turtlebot3_msgs/lib/libturtlebot3_msgs__rosidl_typesupport_cpp.so
[0.970s] -- Up-to-date: /home/lee/Capstone/install/turtlebot3_msgs/share/turtlebot3_msgs/environment/pythonpath.sh
[0.970s] -- Up-to-date: /home/lee/Capstone/install/turtlebot3_msgs/share/turtlebot3_msgs/environment/pythonpath.dsv
[0.970s] -- Up-to-date: /home/lee/Capstone/install/turtlebot3_msgs/lib/python3.8/site-packages/turtlebot3_msgs/__init__.py
[0.971s] -- Up-to-date: /home/lee/Capstone/install/turtlebot3_msgs/lib/python3.8/site-packages/turtlebot3_msgs/msg
[0.971s] -- Up-to-date: /home/lee/Capstone/install/turtlebot3_msgs/lib/python3.8/site-packages/turtlebot3_msgs/msg/_sound_s.c
[0.971s] -- Up-to-date: /home/lee/Capstone/install/turtlebot3_msgs/lib/python3.8/site-packages/turtlebot3_msgs/msg/_sound.py
[0.971s] -- Up-to-date: /home/lee/Capstone/install/turtlebot3_msgs/lib/python3.8/site-packages/turtlebot3_msgs/msg/_version_info_s.c
[0.971s] -- Up-to-date: /home/lee/Capstone/install/turtlebot3_msgs/lib/python3.8/site-packages/turtlebot3_msgs/msg/_sensor_state_s.c
[0.971s] -- Up-to-date: /home/lee/Capstone/install/turtlebot3_msgs/lib/python3.8/site-packages/turtlebot3_msgs/msg/_version_info.py
[0.971s] -- Up-to-date: /home/lee/Capstone/install/turtlebot3_msgs/lib/python3.8/site-packages/turtlebot3_msgs/msg/_sensor_state.py
[0.971s] -- Up-to-date: /home/lee/Capstone/install/turtlebot3_msgs/lib/python3.8/site-packages/turtlebot3_msgs/msg/__init__.py
[0.971s] -- Up-to-date: /home/lee/Capstone/install/turtlebot3_msgs/lib/python3.8/site-packages/turtlebot3_msgs/srv
[0.971s] -- Up-to-date: /home/lee/Capstone/install/turtlebot3_msgs/lib/python3.8/site-packages/turtlebot3_msgs/srv/_sound_s.c
[0.971s] -- Up-to-date: /home/lee/Capstone/install/turtlebot3_msgs/lib/python3.8/site-packages/turtlebot3_msgs/srv/_sound.py
[0.972s] -- Up-to-date: /home/lee/Capstone/install/turtlebot3_msgs/lib/python3.8/site-packages/turtlebot3_msgs/srv/_dqn.py
[0.972s] -- Up-to-date: /home/lee/Capstone/install/turtlebot3_msgs/lib/python3.8/site-packages/turtlebot3_msgs/srv/_dqn_s.c
[0.972s] -- Up-to-date: /home/lee/Capstone/install/turtlebot3_msgs/lib/python3.8/site-packages/turtlebot3_msgs/srv/__init__.py
[0.972s] -- Up-to-date: /home/lee/Capstone/install/turtlebot3_msgs/lib/python3.8/site-packages/turtlebot3_msgs/action
[0.972s] -- Up-to-date: /home/lee/Capstone/install/turtlebot3_msgs/lib/python3.8/site-packages/turtlebot3_msgs/action/_patrol_s.c
[0.972s] -- Up-to-date: /home/lee/Capstone/install/turtlebot3_msgs/lib/python3.8/site-packages/turtlebot3_msgs/action/_patrol.py
[0.972s] -- Up-to-date: /home/lee/Capstone/install/turtlebot3_msgs/lib/python3.8/site-packages/turtlebot3_msgs/action/__init__.py
[0.972s] -- Up-to-date: /home/lee/Capstone/install/turtlebot3_msgs/lib/python3.8/site-packages/turtlebot3_msgs/turtlebot3_msgs_s__rosidl_typesupport_fastrtps_c.cpython-38-x86_64-linux-gnu.so
[0.972s] -- Up-to-date: /home/lee/Capstone/install/turtlebot3_msgs/lib/python3.8/site-packages/turtlebot3_msgs/turtlebot3_msgs_s__rosidl_typesupport_introspection_c.cpython-38-x86_64-linux-gnu.so
[0.972s] -- Up-to-date: /home/lee/Capstone/install/turtlebot3_msgs/lib/python3.8/site-packages/turtlebot3_msgs/turtlebot3_msgs_s__rosidl_typesupport_c.cpython-38-x86_64-linux-gnu.so
[0.972s] -- Up-to-date: /home/lee/Capstone/install/turtlebot3_msgs/lib/libturtlebot3_msgs__python.so
[0.972s] -- Up-to-date: /home/lee/Capstone/install/turtlebot3_msgs/share/turtlebot3_msgs/msg/SensorState.idl
[0.973s] -- Up-to-date: /home/lee/Capstone/install/turtlebot3_msgs/share/turtlebot3_msgs/msg/Sound.idl
[0.973s] -- Up-to-date: /home/lee/Capstone/install/turtlebot3_msgs/share/turtlebot3_msgs/msg/VersionInfo.idl
[0.973s] -- Up-to-date: /home/lee/Capstone/install/turtlebot3_msgs/share/turtlebot3_msgs/srv/Sound.idl
[0.973s] -- Up-to-date: /home/lee/Capstone/install/turtlebot3_msgs/share/turtlebot3_msgs/srv/Dqn.idl
[0.973s] -- Up-to-date: /home/lee/Capstone/install/turtlebot3_msgs/share/turtlebot3_msgs/action/Patrol.idl
[0.973s] -- Up-to-date: /home/lee/Capstone/install/turtlebot3_msgs/share/turtlebot3_msgs/msg/SensorState.msg
[0.973s] -- Up-to-date: /home/lee/Capstone/install/turtlebot3_msgs/share/turtlebot3_msgs/msg/Sound.msg
[0.973s] -- Up-to-date: /home/lee/Capstone/install/turtlebot3_msgs/share/turtlebot3_msgs/msg/VersionInfo.msg
[0.973s] -- Up-to-date: /home/lee/Capstone/install/turtlebot3_msgs/share/turtlebot3_msgs/srv/Sound.srv
[0.973s] -- Up-to-date: /home/lee/Capstone/install/turtlebot3_msgs/share/turtlebot3_msgs/srv/Sound_Request.msg
[0.973s] -- Up-to-date: /home/lee/Capstone/install/turtlebot3_msgs/share/turtlebot3_msgs/srv/Sound_Response.msg
[0.973s] -- Up-to-date: /home/lee/Capstone/install/turtlebot3_msgs/share/turtlebot3_msgs/srv/Dqn.srv
[0.973s] -- Up-to-date: /home/lee/Capstone/install/turtlebot3_msgs/share/turtlebot3_msgs/srv/Dqn_Request.msg
[0.973s] -- Up-to-date: /home/lee/Capstone/install/turtlebot3_msgs/share/turtlebot3_msgs/srv/Dqn_Response.msg
[0.973s] -- Up-to-date: /home/lee/Capstone/install/turtlebot3_msgs/share/turtlebot3_msgs/action/Patrol.action
[0.973s] -- Up-to-date: /home/lee/Capstone/install/turtlebot3_msgs/share/ament_index/resource_index/package_run_dependencies/turtlebot3_msgs
[0.974s] -- Up-to-date: /home/lee/Capstone/install/turtlebot3_msgs/share/ament_index/resource_index/parent_prefix_path/turtlebot3_msgs
[0.974s] -- Up-to-date: /home/lee/Capstone/install/turtlebot3_msgs/share/turtlebot3_msgs/environment/ament_prefix_path.sh
[0.974s] -- Up-to-date: /home/lee/Capstone/install/turtlebot3_msgs/share/turtlebot3_msgs/environment/ament_prefix_path.dsv
[0.974s] -- Up-to-date: /home/lee/Capstone/install/turtlebot3_msgs/share/turtlebot3_msgs/environment/path.sh
[0.974s] -- Up-to-date: /home/lee/Capstone/install/turtlebot3_msgs/share/turtlebot3_msgs/environment/path.dsv
[0.974s] -- Up-to-date: /home/lee/Capstone/install/turtlebot3_msgs/share/turtlebot3_msgs/local_setup.bash
[0.974s] -- Up-to-date: /home/lee/Capstone/install/turtlebot3_msgs/share/turtlebot3_msgs/local_setup.sh
[0.974s] -- Up-to-date: /home/lee/Capstone/install/turtlebot3_msgs/share/turtlebot3_msgs/local_setup.zsh
[0.974s] -- Up-to-date: /home/lee/Capstone/install/turtlebot3_msgs/share/turtlebot3_msgs/local_setup.dsv
[0.975s] -- Installing: /home/lee/Capstone/install/turtlebot3_msgs/share/turtlebot3_msgs/package.dsv
[0.975s] -- Up-to-date: /home/lee/Capstone/install/turtlebot3_msgs/share/ament_index/resource_index/packages/turtlebot3_msgs
[0.975s] -- Up-to-date: /home/lee/Capstone/install/turtlebot3_msgs/share/turtlebot3_msgs/cmake/turtlebot3_msgs__rosidl_generator_cExport.cmake
[0.975s] -- Up-to-date: /home/lee/Capstone/install/turtlebot3_msgs/share/turtlebot3_msgs/cmake/turtlebot3_msgs__rosidl_generator_cExport-noconfig.cmake
[0.975s] -- Up-to-date: /home/lee/Capstone/install/turtlebot3_msgs/share/turtlebot3_msgs/cmake/turtlebot3_msgs__rosidl_typesupport_introspection_cExport.cmake
[0.975s] -- Up-to-date: /home/lee/Capstone/install/turtlebot3_msgs/share/turtlebot3_msgs/cmake/turtlebot3_msgs__rosidl_typesupport_introspection_cExport-noconfig.cmake
[0.976s] -- Up-to-date: /home/lee/Capstone/install/turtlebot3_msgs/share/turtlebot3_msgs/cmake/turtlebot3_msgs__rosidl_typesupport_cExport.cmake
[0.976s] -- Up-to-date: /home/lee/Capstone/install/turtlebot3_msgs/share/turtlebot3_msgs/cmake/turtlebot3_msgs__rosidl_typesupport_cExport-noconfig.cmake
[0.976s] -- Up-to-date: /home/lee/Capstone/install/turtlebot3_msgs/share/turtlebot3_msgs/cmake/turtlebot3_msgs__rosidl_generator_cppExport.cmake
[0.976s] -- Up-to-date: /home/lee/Capstone/install/turtlebot3_msgs/share/turtlebot3_msgs/cmake/turtlebot3_msgs__rosidl_typesupport_introspection_cppExport.cmake
[0.976s] -- Up-to-date: /home/lee/Capstone/install/turtlebot3_msgs/share/turtlebot3_msgs/cmake/turtlebot3_msgs__rosidl_typesupport_introspection_cppExport-noconfig.cmake
[0.976s] -- Up-to-date: /home/lee/Capstone/install/turtlebot3_msgs/share/turtlebot3_msgs/cmake/turtlebot3_msgs__rosidl_typesupport_cppExport.cmake
[0.978s] -- Up-to-date: /home/lee/Capstone/install/turtlebot3_msgs/share/turtlebot3_msgs/cmake/turtlebot3_msgs__rosidl_typesupport_cppExport-noconfig.cmake
[0.979s] -- Up-to-date: /home/lee/Capstone/install/turtlebot3_msgs/share/turtlebot3_msgs/cmake/rosidl_cmake-extras.cmake
[0.979s] -- Up-to-date: /home/lee/Capstone/install/turtlebot3_msgs/share/turtlebot3_msgs/cmake/ament_cmake_export_dependencies-extras.cmake
[0.979s] -- Up-to-date: /home/lee/Capstone/install/turtlebot3_msgs/share/turtlebot3_msgs/cmake/ament_cmake_export_libraries-extras.cmake
[0.979s] -- Up-to-date: /home/lee/Capstone/install/turtlebot3_msgs/share/turtlebot3_msgs/cmake/ament_cmake_export_targets-extras.cmake
[0.979s] -- Up-to-date: /home/lee/Capstone/install/turtlebot3_msgs/share/turtlebot3_msgs/cmake/ament_cmake_export_include_directories-extras.cmake
[0.979s] -- Up-to-date: /home/lee/Capstone/install/turtlebot3_msgs/share/turtlebot3_msgs/cmake/rosidl_cmake_export_typesupport_libraries-extras.cmake
[0.979s] -- Up-to-date: /home/lee/Capstone/install/turtlebot3_msgs/share/turtlebot3_msgs/cmake/rosidl_cmake_export_typesupport_targets-extras.cmake
[0.980s] -- Up-to-date: /home/lee/Capstone/install/turtlebot3_msgs/share/turtlebot3_msgs/cmake/turtlebot3_msgsConfig.cmake
[0.980s] -- Up-to-date: /home/lee/Capstone/install/turtlebot3_msgs/share/turtlebot3_msgs/cmake/turtlebot3_msgsConfig-version.cmake
[0.980s] -- Up-to-date: /home/lee/Capstone/install/turtlebot3_msgs/share/turtlebot3_msgs/package.xml
[1.022s] Invoked command in '/home/lee/Capstone/build/turtlebot3_msgs' returned '0': CMAKE_PREFIX_PATH=${CMAKE_PREFIX_PATH}:/home/lee/Capstone/install/turtlebot3_teleop:/home/lee/Capstone/install/turtlebot3_example:/home/lee/Capstone/install/teleop_simulation_pkg:/home/lee/Capstone/install/py_topic_pkg:/home/lee/Capstone/install/py_service_pkg:/home/lee/Capstone/install/py_first_pkg:/home/lee/Capstone/install/py_action_pkg:/home/lee/Capstone/install/hand_tracking_pkg:/home/lee/turtlebot3_ws/install/turtlebot3_teleop:/home/lee/turtlebot3_ws/install/turtlebot3_example:/home/lee/gcamp_ros2_ws/install/py_topic_pkg:/home/lee/gcamp_ros2_ws/install/py_service_pkg:/home/lee/gcamp_ros2_ws/install/py_first_pkg:/home/lee/gcamp_ros2_ws/install/py_action_pkg:/opt/ros/foxy /usr/bin/cmake --install /home/lee/Capstone/build/turtlebot3_msgs
