[0.036s] Invoking command in '/home/lee/Capstone/build/cpp_first_pkg': CMAKE_PREFIX_PATH=${CMAKE_PREFIX_PATH}:/home/lee/gcamp_ros2_ws/install/py_topic_pkg:/home/lee/gcamp_ros2_ws/install/py_service_pkg:/home/lee/gcamp_ros2_ws/install/py_first_pkg:/home/lee/gcamp_ros2_ws/install/py_action_pkg:/opt/ros/foxy /usr/bin/cmake /home/lee/Capstone/src/gcamp_ros2_basic/cpp_first_pkg -DCMAKE_INSTALL_PREFIX=/home/lee/Capstone/install/cpp_first_pkg
[0.642s] -- The C compiler identification is GNU 9.4.0
[0.642s] -- The CXX compiler identification is GNU 9.4.0
[0.642s] -- Check for working C compiler: /usr/bin/cc
[0.642s] -- Check for working C compiler: /usr/bin/cc -- works
[0.642s] -- Detecting C compiler ABI info
[0.642s] -- Detecting C compiler ABI info - done
[0.642s] -- Detecting C compile features
[0.642s] -- Detecting C compile features - done
[0.642s] -- Check for working CXX compiler: /usr/bin/c++
[0.642s] -- Check for working CXX compiler: /usr/bin/c++ -- works
[0.642s] -- Detecting CXX compiler ABI info
[0.642s] -- Detecting CXX compiler ABI info - done
[0.642s] -- Detecting CXX compile features
[0.642s] -- Detecting CXX compile features - done
[0.643s] -- Found ament_cmake: 0.9.12 (/opt/ros/foxy/share/ament_cmake/cmake)
[0.643s] -- Found PythonInterp: /usr/bin/python3 (found suitable version "3.8.10", minimum required is "3") 
[0.643s] -- Using PYTHON_EXECUTABLE: /usr/bin/python3
[0.643s] -- Found rclcpp: 2.4.3 (/opt/ros/foxy/share/rclcpp/cmake)
[0.643s] -- Using all available rosidl_typesupport_c: rosidl_typesupport_fastrtps_c;rosidl_typesupport_introspection_c
[0.643s] -- Found rosidl_adapter: 1.3.1 (/opt/ros/foxy/share/rosidl_adapter/cmake)
[0.643s] -- Found OpenSSL: /usr/lib/x86_64-linux-gnu/libcrypto.so (found version "1.1.1f")  
[0.643s] -- Found FastRTPS: /opt/ros/foxy/include  
[0.650s] -- Using all available rosidl_typesupport_cpp: rosidl_typesupport_fastrtps_cpp;rosidl_typesupport_introspection_cpp
[0.675s] -- Found rmw_implementation_cmake: 1.0.4 (/opt/ros/foxy/share/rmw_implementation_cmake/cmake)
[0.676s] -- Using RMW implementation 'rmw_fastrtps_cpp' as default
[0.677s] -- Looking for pthread.h
[0.731s] -- Looking for pthread.h - found
[0.731s] -- Performing Test CMAKE_HAVE_LIBC_PTHREAD
[0.779s] -- Performing Test CMAKE_HAVE_LIBC_PTHREAD - Failed
[0.779s] -- Looking for pthread_create in pthreads
[0.822s] -- Looking for pthread_create in pthreads - not found
[0.822s] -- Looking for pthread_create in pthread
[0.867s] -- Looking for pthread_create in pthread - found
[0.867s] -- Found Threads: TRUE  
[0.976s] -- Found ament_lint_auto: 0.9.8 (/opt/ros/foxy/share/ament_lint_auto/cmake)
[1.047s] -- Added test 'copyright' to check source files copyright and LICENSE
[1.048s] -- Added test 'cppcheck' to perform static code analysis on C / C++ code
[1.049s] -- Configured cppcheck include dirs: 
[1.049s] -- Configured cppcheck exclude dirs and/or files: 
[1.049s] -- Added test 'cpplint' to check C / C++ code against the Google style
[1.049s] -- Configured cpplint exclude dirs and/or files: 
[1.050s] -- Added test 'flake8' to check Python code syntax and style conventions
[1.051s] -- Added test 'lint_cmake' to check CMake code style
[1.051s] -- Added test 'pep257' to check Python code against some of the style conventions in PEP 257
[1.052s] -- Added test 'uncrustify' to check C / C++ code style
[1.052s] -- Configured uncrustify additional arguments: 
[1.053s] -- Added test 'xmllint' to check XML markup files
[1.059s] -- Configuring done
[1.072s] -- Generating done
[1.074s] -- Build files have been written to: /home/lee/Capstone/build/cpp_first_pkg
[1.082s] Invoked command in '/home/lee/Capstone/build/cpp_first_pkg' returned '0': CMAKE_PREFIX_PATH=${CMAKE_PREFIX_PATH}:/home/lee/gcamp_ros2_ws/install/py_topic_pkg:/home/lee/gcamp_ros2_ws/install/py_service_pkg:/home/lee/gcamp_ros2_ws/install/py_first_pkg:/home/lee/gcamp_ros2_ws/install/py_action_pkg:/opt/ros/foxy /usr/bin/cmake /home/lee/Capstone/src/gcamp_ros2_basic/cpp_first_pkg -DCMAKE_INSTALL_PREFIX=/home/lee/Capstone/install/cpp_first_pkg
[1.084s] Invoking command in '/home/lee/Capstone/build/cpp_first_pkg': CMAKE_PREFIX_PATH=${CMAKE_PREFIX_PATH}:/home/lee/gcamp_ros2_ws/install/py_topic_pkg:/home/lee/gcamp_ros2_ws/install/py_service_pkg:/home/lee/gcamp_ros2_ws/install/py_first_pkg:/home/lee/gcamp_ros2_ws/install/py_action_pkg:/opt/ros/foxy /usr/bin/cmake --build /home/lee/Capstone/build/cpp_first_pkg -- -j16 -l16
[1.111s] [35m[1mScanning dependencies of target lifecycle_node[0m
[1.111s] [35m[1mScanning dependencies of target simple_loop_node[0m
[1.112s] [35m[1mScanning dependencies of target simple_without_oop_node[0m
[1.112s] [35m[1mScanning dependencies of target simple_oop_node[0m
[1.112s] [35m[1mScanning dependencies of target simple_node[0m
[1.140s] [ 10%] [32mBuilding CXX object CMakeFiles/lifecycle_node.dir/src/lifecycle.cpp.o[0m
[1.141s] [ 20%] [32mBuilding CXX object CMakeFiles/simple_without_oop_node.dir/src/simple_without_oop.cpp.o[0m
[1.144s] [ 30%] [32mBuilding CXX object CMakeFiles/simple_oop_node.dir/src/simple_oop.cpp.o[0m
[1.144s] [ 40%] [32mBuilding CXX object CMakeFiles/simple_loop_node.dir/src/simple_loop.cpp.o[0m
[1.146s] [ 50%] [32mBuilding CXX object CMakeFiles/simple_node.dir/src/simple.cpp.o[0m
[3.330s] [ 60%] [32m[1mLinking CXX executable simple_oop_node[0m
[3.478s] [ 70%] [32m[1mLinking CXX executable simple_loop_node[0m
[3.657s] [ 70%] Built target simple_loop_node
[3.776s] [ 70%] Built target simple_oop_node
[3.848s] [ 80%] [32m[1mLinking CXX executable simple_node[0m
[4.202s] [ 80%] Built target simple_node
[4.335s] [ 90%] [32m[1mLinking CXX executable lifecycle_node[0m
[4.424s] [100%] [32m[1mLinking CXX executable simple_without_oop_node[0m
[4.592s] [100%] Built target lifecycle_node
[4.604s] [100%] Built target simple_without_oop_node
[4.616s] Invoked command in '/home/lee/Capstone/build/cpp_first_pkg' returned '0': CMAKE_PREFIX_PATH=${CMAKE_PREFIX_PATH}:/home/lee/gcamp_ros2_ws/install/py_topic_pkg:/home/lee/gcamp_ros2_ws/install/py_service_pkg:/home/lee/gcamp_ros2_ws/install/py_first_pkg:/home/lee/gcamp_ros2_ws/install/py_action_pkg:/opt/ros/foxy /usr/bin/cmake --build /home/lee/Capstone/build/cpp_first_pkg -- -j16 -l16
[4.652s] Invoking command in '/home/lee/Capstone/build/cpp_first_pkg': CMAKE_PREFIX_PATH=${CMAKE_PREFIX_PATH}:/home/lee/gcamp_ros2_ws/install/py_topic_pkg:/home/lee/gcamp_ros2_ws/install/py_service_pkg:/home/lee/gcamp_ros2_ws/install/py_first_pkg:/home/lee/gcamp_ros2_ws/install/py_action_pkg:/opt/ros/foxy /usr/bin/cmake --install /home/lee/Capstone/build/cpp_first_pkg
[4.662s] -- Install configuration: ""
[4.662s] -- Installing: /home/lee/Capstone/install/cpp_first_pkg/lib/cpp_first_pkg/lifecycle_node
[4.662s] -- Set runtime path of "/home/lee/Capstone/install/cpp_first_pkg/lib/cpp_first_pkg/lifecycle_node" to ""
[4.663s] -- Installing: /home/lee/Capstone/install/cpp_first_pkg/lib/cpp_first_pkg/simple_loop_node
[4.663s] -- Set runtime path of "/home/lee/Capstone/install/cpp_first_pkg/lib/cpp_first_pkg/simple_loop_node" to ""
[4.663s] -- Installing: /home/lee/Capstone/install/cpp_first_pkg/lib/cpp_first_pkg/simple_oop_node
[4.664s] -- Set runtime path of "/home/lee/Capstone/install/cpp_first_pkg/lib/cpp_first_pkg/simple_oop_node" to ""
[4.664s] -- Installing: /home/lee/Capstone/install/cpp_first_pkg/lib/cpp_first_pkg/simple_without_oop_node
[4.664s] -- Set runtime path of "/home/lee/Capstone/install/cpp_first_pkg/lib/cpp_first_pkg/simple_without_oop_node" to ""
[4.664s] -- Installing: /home/lee/Capstone/install/cpp_first_pkg/lib/cpp_first_pkg/simple_node
[4.665s] -- Set runtime path of "/home/lee/Capstone/install/cpp_first_pkg/lib/cpp_first_pkg/simple_node" to ""
[4.665s] -- Installing: /home/lee/Capstone/install/cpp_first_pkg/share/ament_index/resource_index/package_run_dependencies/cpp_first_pkg
[4.665s] -- Installing: /home/lee/Capstone/install/cpp_first_pkg/share/ament_index/resource_index/parent_prefix_path/cpp_first_pkg
[4.665s] -- Installing: /home/lee/Capstone/install/cpp_first_pkg/share/cpp_first_pkg/environment/ament_prefix_path.sh
[4.665s] -- Installing: /home/lee/Capstone/install/cpp_first_pkg/share/cpp_first_pkg/environment/ament_prefix_path.dsv
[4.666s] -- Installing: /home/lee/Capstone/install/cpp_first_pkg/share/cpp_first_pkg/environment/path.sh
[4.666s] -- Installing: /home/lee/Capstone/install/cpp_first_pkg/share/cpp_first_pkg/environment/path.dsv
[4.666s] -- Installing: /home/lee/Capstone/install/cpp_first_pkg/share/cpp_first_pkg/local_setup.bash
[4.666s] -- Installing: /home/lee/Capstone/install/cpp_first_pkg/share/cpp_first_pkg/local_setup.sh
[4.666s] -- Installing: /home/lee/Capstone/install/cpp_first_pkg/share/cpp_first_pkg/local_setup.zsh
[4.666s] -- Installing: /home/lee/Capstone/install/cpp_first_pkg/share/cpp_first_pkg/local_setup.dsv
[4.666s] -- Installing: /home/lee/Capstone/install/cpp_first_pkg/share/cpp_first_pkg/package.dsv
[4.666s] -- Installing: /home/lee/Capstone/install/cpp_first_pkg/share/ament_index/resource_index/packages/cpp_first_pkg
[4.667s] -- Installing: /home/lee/Capstone/install/cpp_first_pkg/share/cpp_first_pkg/cmake/cpp_first_pkgConfig.cmake
[4.667s] -- Installing: /home/lee/Capstone/install/cpp_first_pkg/share/cpp_first_pkg/cmake/cpp_first_pkgConfig-version.cmake
[4.667s] -- Installing: /home/lee/Capstone/install/cpp_first_pkg/share/cpp_first_pkg/package.xml
[4.667s] -- Installing: /home/lee/Capstone/install/cpp_first_pkg/share/cpp_first_pkg//launch
[4.667s] -- Installing: /home/lee/Capstone/install/cpp_first_pkg/share/cpp_first_pkg//launch/simple_node.launch.py
[4.670s] Invoked command in '/home/lee/Capstone/build/cpp_first_pkg' returned '0': CMAKE_PREFIX_PATH=${CMAKE_PREFIX_PATH}:/home/lee/gcamp_ros2_ws/install/py_topic_pkg:/home/lee/gcamp_ros2_ws/install/py_service_pkg:/home/lee/gcamp_ros2_ws/install/py_first_pkg:/home/lee/gcamp_ros2_ws/install/py_action_pkg:/opt/ros/foxy /usr/bin/cmake --install /home/lee/Capstone/build/cpp_first_pkg
