[0.173s] Invoking command in '/home/lee/Capstone/build/turtlebot3_fake_node': AMENT_PREFIX_PATH=/home/lee/Capstone/install/turtlebot3_msgs:${AMENT_PREFIX_PATH} CMAKE_PREFIX_PATH=/home/lee/Capstone/install/turtlebot3_msgs:/home/lee/turtlebot3_ws/install/turtlebot3:/home/lee/turtlebot3_ws/install/turtlebot3_simulations:/home/lee/turtlebot3_ws/install/turtlebot3_bringup:/home/lee/turtlebot3_ws/install/turtlebot3_node:/home/lee/turtlebot3_ws/install/turtlebot3_navigation2:/home/lee/turtlebot3_ws/install/turtlebot3_fake_node:/home/lee/turtlebot3_ws/install/turtlebot3_msgs:/home/lee/turtlebot3_ws/install/turtlebot3_gazebo:/home/lee/turtlebot3_ws/install/turtlebot3_description:/home/lee/turtlebot3_ws/install/turtlebot3_cartographer:/home/lee/gcamp_ros2_ws/install/gcamp_gazebo:/home/lee/gcamp_ros2_ws/install/cpp_service_pkg:/home/lee/gcamp_ros2_ws/install/cpp_action_pkg:/home/lee/gcamp_ros2_ws/install/custom_interfaces:/home/lee/gcamp_ros2_ws/install/cpp_topic_pkg:/home/lee/gcamp_ros2_ws/install/cpp_service_tutorial:/home/lee/gcamp_ros2_ws/install/cpp_param_pkg:/home/lee/gcamp_ros2_ws/install/cpp_first_pkg:/home/lee/turtlebot3_ws/install/turtlebot3_teleop:/home/lee/turtlebot3_ws/install/turtlebot3_example:/home/lee/gcamp_ros2_ws/install/py_topic_pkg:/home/lee/gcamp_ros2_ws/install/py_service_pkg:/home/lee/gcamp_ros2_ws/install/py_first_pkg:/home/lee/gcamp_ros2_ws/install/py_action_pkg:/opt/ros/foxy LD_LIBRARY_PATH=/home/lee/Capstone/install/turtlebot3_msgs/lib:${LD_LIBRARY_PATH} PYTHONPATH=/home/lee/Capstone/install/turtlebot3_msgs/lib/python3.8/site-packages:${PYTHONPATH} /usr/bin/cmake /home/lee/Capstone/src/turtlebot3_simulations/turtlebot3_fake_node -DCMAKE_INSTALL_PREFIX=/home/lee/Capstone/install/turtlebot3_fake_node
[0.208s] -- The C compiler identification is GNU 9.4.0
[0.246s] -- The CXX compiler identification is GNU 9.4.0
[0.249s] -- Check for working C compiler: /usr/bin/cc
[0.294s] -- Check for working C compiler: /usr/bin/cc -- works
[0.294s] -- Detecting C compiler ABI info
[0.345s] -- Detecting C compiler ABI info - done
[0.356s] -- Detecting C compile features
[0.356s] -- Detecting C compile features - done
[0.358s] -- Check for working CXX compiler: /usr/bin/c++
[0.411s] -- Check for working CXX compiler: /usr/bin/c++ -- works
[0.412s] -- Detecting CXX compiler ABI info
[0.467s] -- Detecting CXX compiler ABI info - done
[0.479s] -- Detecting CXX compile features
[0.479s] -- Detecting CXX compile features - done
[0.483s] -- Found ament_cmake: 0.9.12 (/opt/ros/foxy/share/ament_cmake/cmake)
[0.513s] -- Found PythonInterp: /usr/bin/python3 (found suitable version "3.8.10", minimum required is "3") 
[0.513s] -- Using PYTHON_EXECUTABLE: /usr/bin/python3
[0.659s] -- Found geometry_msgs: 2.0.5 (/opt/ros/foxy/share/geometry_msgs/cmake)
[0.686s] -- Using all available rosidl_typesupport_c: rosidl_typesupport_fastrtps_c;rosidl_typesupport_introspection_c
[0.692s] -- Found rosidl_adapter: 1.3.1 (/opt/ros/foxy/share/rosidl_adapter/cmake)
[0.750s] -- Found OpenSSL: /usr/lib/x86_64-linux-gnu/libcrypto.so (found version "1.1.1f")  
[0.777s] -- Found FastRTPS: /opt/ros/foxy/include  
[0.832s] -- Using all available rosidl_typesupport_cpp: rosidl_typesupport_fastrtps_cpp;rosidl_typesupport_introspection_cpp
[0.889s] -- Found nav_msgs: 2.0.5 (/opt/ros/foxy/share/nav_msgs/cmake)
[0.935s] -- Found rclcpp: 2.4.3 (/opt/ros/foxy/share/rclcpp/cmake)
[0.970s] -- Found rmw_implementation_cmake: 1.0.4 (/opt/ros/foxy/share/rmw_implementation_cmake/cmake)
[0.971s] -- Using RMW implementation 'rmw_fastrtps_cpp' as default
[0.972s] -- Looking for pthread.h
[1.017s] -- Looking for pthread.h - found
[1.017s] -- Performing Test CMAKE_HAVE_LIBC_PTHREAD
[1.065s] -- Performing Test CMAKE_HAVE_LIBC_PTHREAD - Failed
[1.066s] -- Looking for pthread_create in pthreads
[1.104s] -- Looking for pthread_create in pthreads - not found
[1.105s] -- Looking for pthread_create in pthread
[1.150s] -- Looking for pthread_create in pthread - found
[1.151s] -- Found Threads: TRUE  
[1.248s] -- Found sensor_msgs: 2.0.5 (/opt/ros/foxy/share/sensor_msgs/cmake)
[1.294s] -- Found tf2: 0.13.14 (/opt/ros/foxy/share/tf2/cmake)
[1.303s] -- Found tf2_msgs: 0.13.14 (/opt/ros/foxy/share/tf2_msgs/cmake)
[1.424s] -- Found turtlebot3_msgs: 2.2.1 (/home/lee/Capstone/install/turtlebot3_msgs/share/turtlebot3_msgs/cmake)
[1.528s] -- Configuring done
[1.536s] -- Generating done
[1.536s] -- Build files have been written to: /home/lee/Capstone/build/turtlebot3_fake_node
[1.542s] Invoked command in '/home/lee/Capstone/build/turtlebot3_fake_node' returned '0': AMENT_PREFIX_PATH=/home/lee/Capstone/install/turtlebot3_msgs:${AMENT_PREFIX_PATH} CMAKE_PREFIX_PATH=/home/lee/Capstone/install/turtlebot3_msgs:/home/lee/turtlebot3_ws/install/turtlebot3:/home/lee/turtlebot3_ws/install/turtlebot3_simulations:/home/lee/turtlebot3_ws/install/turtlebot3_bringup:/home/lee/turtlebot3_ws/install/turtlebot3_node:/home/lee/turtlebot3_ws/install/turtlebot3_navigation2:/home/lee/turtlebot3_ws/install/turtlebot3_fake_node:/home/lee/turtlebot3_ws/install/turtlebot3_msgs:/home/lee/turtlebot3_ws/install/turtlebot3_gazebo:/home/lee/turtlebot3_ws/install/turtlebot3_description:/home/lee/turtlebot3_ws/install/turtlebot3_cartographer:/home/lee/gcamp_ros2_ws/install/gcamp_gazebo:/home/lee/gcamp_ros2_ws/install/cpp_service_pkg:/home/lee/gcamp_ros2_ws/install/cpp_action_pkg:/home/lee/gcamp_ros2_ws/install/custom_interfaces:/home/lee/gcamp_ros2_ws/install/cpp_topic_pkg:/home/lee/gcamp_ros2_ws/install/cpp_service_tutorial:/home/lee/gcamp_ros2_ws/install/cpp_param_pkg:/home/lee/gcamp_ros2_ws/install/cpp_first_pkg:/home/lee/turtlebot3_ws/install/turtlebot3_teleop:/home/lee/turtlebot3_ws/install/turtlebot3_example:/home/lee/gcamp_ros2_ws/install/py_topic_pkg:/home/lee/gcamp_ros2_ws/install/py_service_pkg:/home/lee/gcamp_ros2_ws/install/py_first_pkg:/home/lee/gcamp_ros2_ws/install/py_action_pkg:/opt/ros/foxy LD_LIBRARY_PATH=/home/lee/Capstone/install/turtlebot3_msgs/lib:${LD_LIBRARY_PATH} PYTHONPATH=/home/lee/Capstone/install/turtlebot3_msgs/lib/python3.8/site-packages:${PYTHONPATH} /usr/bin/cmake /home/lee/Capstone/src/turtlebot3_simulations/turtlebot3_fake_node -DCMAKE_INSTALL_PREFIX=/home/lee/Capstone/install/turtlebot3_fake_node
[1.545s] Invoking command in '/home/lee/Capstone/build/turtlebot3_fake_node': AMENT_PREFIX_PATH=/home/lee/Capstone/install/turtlebot3_msgs:${AMENT_PREFIX_PATH} CMAKE_PREFIX_PATH=/home/lee/Capstone/install/turtlebot3_msgs:/home/lee/turtlebot3_ws/install/turtlebot3:/home/lee/turtlebot3_ws/install/turtlebot3_simulations:/home/lee/turtlebot3_ws/install/turtlebot3_bringup:/home/lee/turtlebot3_ws/install/turtlebot3_node:/home/lee/turtlebot3_ws/install/turtlebot3_navigation2:/home/lee/turtlebot3_ws/install/turtlebot3_fake_node:/home/lee/turtlebot3_ws/install/turtlebot3_msgs:/home/lee/turtlebot3_ws/install/turtlebot3_gazebo:/home/lee/turtlebot3_ws/install/turtlebot3_description:/home/lee/turtlebot3_ws/install/turtlebot3_cartographer:/home/lee/gcamp_ros2_ws/install/gcamp_gazebo:/home/lee/gcamp_ros2_ws/install/cpp_service_pkg:/home/lee/gcamp_ros2_ws/install/cpp_action_pkg:/home/lee/gcamp_ros2_ws/install/custom_interfaces:/home/lee/gcamp_ros2_ws/install/cpp_topic_pkg:/home/lee/gcamp_ros2_ws/install/cpp_service_tutorial:/home/lee/gcamp_ros2_ws/install/cpp_param_pkg:/home/lee/gcamp_ros2_ws/install/cpp_first_pkg:/home/lee/turtlebot3_ws/install/turtlebot3_teleop:/home/lee/turtlebot3_ws/install/turtlebot3_example:/home/lee/gcamp_ros2_ws/install/py_topic_pkg:/home/lee/gcamp_ros2_ws/install/py_service_pkg:/home/lee/gcamp_ros2_ws/install/py_first_pkg:/home/lee/gcamp_ros2_ws/install/py_action_pkg:/opt/ros/foxy LD_LIBRARY_PATH=/home/lee/Capstone/install/turtlebot3_msgs/lib:${LD_LIBRARY_PATH} PYTHONPATH=/home/lee/Capstone/install/turtlebot3_msgs/lib/python3.8/site-packages:${PYTHONPATH} /usr/bin/cmake --build /home/lee/Capstone/build/turtlebot3_fake_node -- -j16 -l16
[1.571s] [35m[1mScanning dependencies of target turtlebot3_fake_node[0m
[1.594s] [ 50%] [32mBuilding CXX object CMakeFiles/turtlebot3_fake_node.dir/src/turtlebot3_fake_node.cpp.o[0m
[6.240s] [100%] [32m[1mLinking CXX executable turtlebot3_fake_node[0m
[6.409s] [100%] Built target turtlebot3_fake_node
[6.420s] Invoked command in '/home/lee/Capstone/build/turtlebot3_fake_node' returned '0': AMENT_PREFIX_PATH=/home/lee/Capstone/install/turtlebot3_msgs:${AMENT_PREFIX_PATH} CMAKE_PREFIX_PATH=/home/lee/Capstone/install/turtlebot3_msgs:/home/lee/turtlebot3_ws/install/turtlebot3:/home/lee/turtlebot3_ws/install/turtlebot3_simulations:/home/lee/turtlebot3_ws/install/turtlebot3_bringup:/home/lee/turtlebot3_ws/install/turtlebot3_node:/home/lee/turtlebot3_ws/install/turtlebot3_navigation2:/home/lee/turtlebot3_ws/install/turtlebot3_fake_node:/home/lee/turtlebot3_ws/install/turtlebot3_msgs:/home/lee/turtlebot3_ws/install/turtlebot3_gazebo:/home/lee/turtlebot3_ws/install/turtlebot3_description:/home/lee/turtlebot3_ws/install/turtlebot3_cartographer:/home/lee/gcamp_ros2_ws/install/gcamp_gazebo:/home/lee/gcamp_ros2_ws/install/cpp_service_pkg:/home/lee/gcamp_ros2_ws/install/cpp_action_pkg:/home/lee/gcamp_ros2_ws/install/custom_interfaces:/home/lee/gcamp_ros2_ws/install/cpp_topic_pkg:/home/lee/gcamp_ros2_ws/install/cpp_service_tutorial:/home/lee/gcamp_ros2_ws/install/cpp_param_pkg:/home/lee/gcamp_ros2_ws/install/cpp_first_pkg:/home/lee/turtlebot3_ws/install/turtlebot3_teleop:/home/lee/turtlebot3_ws/install/turtlebot3_example:/home/lee/gcamp_ros2_ws/install/py_topic_pkg:/home/lee/gcamp_ros2_ws/install/py_service_pkg:/home/lee/gcamp_ros2_ws/install/py_first_pkg:/home/lee/gcamp_ros2_ws/install/py_action_pkg:/opt/ros/foxy LD_LIBRARY_PATH=/home/lee/Capstone/install/turtlebot3_msgs/lib:${LD_LIBRARY_PATH} PYTHONPATH=/home/lee/Capstone/install/turtlebot3_msgs/lib/python3.8/site-packages:${PYTHONPATH} /usr/bin/cmake --build /home/lee/Capstone/build/turtlebot3_fake_node -- -j16 -l16
[6.434s] Invoking command in '/home/lee/Capstone/build/turtlebot3_fake_node': AMENT_PREFIX_PATH=/home/lee/Capstone/install/turtlebot3_msgs:${AMENT_PREFIX_PATH} CMAKE_PREFIX_PATH=/home/lee/Capstone/install/turtlebot3_msgs:/home/lee/turtlebot3_ws/install/turtlebot3:/home/lee/turtlebot3_ws/install/turtlebot3_simulations:/home/lee/turtlebot3_ws/install/turtlebot3_bringup:/home/lee/turtlebot3_ws/install/turtlebot3_node:/home/lee/turtlebot3_ws/install/turtlebot3_navigation2:/home/lee/turtlebot3_ws/install/turtlebot3_fake_node:/home/lee/turtlebot3_ws/install/turtlebot3_msgs:/home/lee/turtlebot3_ws/install/turtlebot3_gazebo:/home/lee/turtlebot3_ws/install/turtlebot3_description:/home/lee/turtlebot3_ws/install/turtlebot3_cartographer:/home/lee/gcamp_ros2_ws/install/gcamp_gazebo:/home/lee/gcamp_ros2_ws/install/cpp_service_pkg:/home/lee/gcamp_ros2_ws/install/cpp_action_pkg:/home/lee/gcamp_ros2_ws/install/custom_interfaces:/home/lee/gcamp_ros2_ws/install/cpp_topic_pkg:/home/lee/gcamp_ros2_ws/install/cpp_service_tutorial:/home/lee/gcamp_ros2_ws/install/cpp_param_pkg:/home/lee/gcamp_ros2_ws/install/cpp_first_pkg:/home/lee/turtlebot3_ws/install/turtlebot3_teleop:/home/lee/turtlebot3_ws/install/turtlebot3_example:/home/lee/gcamp_ros2_ws/install/py_topic_pkg:/home/lee/gcamp_ros2_ws/install/py_service_pkg:/home/lee/gcamp_ros2_ws/install/py_first_pkg:/home/lee/gcamp_ros2_ws/install/py_action_pkg:/opt/ros/foxy LD_LIBRARY_PATH=/home/lee/Capstone/install/turtlebot3_msgs/lib:${LD_LIBRARY_PATH} PYTHONPATH=/home/lee/Capstone/install/turtlebot3_msgs/lib/python3.8/site-packages:${PYTHONPATH} /usr/bin/cmake --install /home/lee/Capstone/build/turtlebot3_fake_node
[6.440s] -- Install configuration: ""
[6.440s] -- Installing: /home/lee/Capstone/install/turtlebot3_fake_node/lib/turtlebot3_fake_node/turtlebot3_fake_node
[6.441s] -- Set runtime path of "/home/lee/Capstone/install/turtlebot3_fake_node/lib/turtlebot3_fake_node/turtlebot3_fake_node" to ""
[6.441s] -- Installing: /home/lee/Capstone/install/turtlebot3_fake_node/share/turtlebot3_fake_node/launch
[6.441s] -- Installing: /home/lee/Capstone/install/turtlebot3_fake_node/share/turtlebot3_fake_node/launch/turtlebot3_fake_node.launch.py
[6.441s] -- Installing: /home/lee/Capstone/install/turtlebot3_fake_node/share/turtlebot3_fake_node/launch/rviz2.launch.py
[6.441s] -- Installing: /home/lee/Capstone/install/turtlebot3_fake_node/share/turtlebot3_fake_node/param
[6.441s] -- Installing: /home/lee/Capstone/install/turtlebot3_fake_node/share/turtlebot3_fake_node/param/waffle.yaml
[6.441s] -- Installing: /home/lee/Capstone/install/turtlebot3_fake_node/share/turtlebot3_fake_node/param/burger.yaml
[6.441s] -- Installing: /home/lee/Capstone/install/turtlebot3_fake_node/share/turtlebot3_fake_node/param/waffle_pi.yaml
[6.441s] -- Installing: /home/lee/Capstone/install/turtlebot3_fake_node/share/turtlebot3_fake_node/rviz
[6.441s] -- Installing: /home/lee/Capstone/install/turtlebot3_fake_node/share/turtlebot3_fake_node/rviz/model.rviz
[6.441s] -- Installing: /home/lee/Capstone/install/turtlebot3_fake_node/include/
[6.441s] -- Installing: /home/lee/Capstone/install/turtlebot3_fake_node/include//turtlebot3_fake_node
[6.441s] -- Installing: /home/lee/Capstone/install/turtlebot3_fake_node/include//turtlebot3_fake_node/turtlebot3_fake_node.hpp
[6.441s] -- Installing: /home/lee/Capstone/install/turtlebot3_fake_node/share/ament_index/resource_index/package_run_dependencies/turtlebot3_fake_node
[6.441s] -- Installing: /home/lee/Capstone/install/turtlebot3_fake_node/share/ament_index/resource_index/parent_prefix_path/turtlebot3_fake_node
[6.441s] -- Installing: /home/lee/Capstone/install/turtlebot3_fake_node/share/turtlebot3_fake_node/environment/ament_prefix_path.sh
[6.441s] -- Installing: /home/lee/Capstone/install/turtlebot3_fake_node/share/turtlebot3_fake_node/environment/ament_prefix_path.dsv
[6.441s] -- Installing: /home/lee/Capstone/install/turtlebot3_fake_node/share/turtlebot3_fake_node/environment/path.sh
[6.442s] -- Installing: /home/lee/Capstone/install/turtlebot3_fake_node/share/turtlebot3_fake_node/environment/path.dsv
[6.442s] -- Installing: /home/lee/Capstone/install/turtlebot3_fake_node/share/turtlebot3_fake_node/local_setup.bash
[6.442s] -- Installing: /home/lee/Capstone/install/turtlebot3_fake_node/share/turtlebot3_fake_node/local_setup.sh
[6.442s] -- Installing: /home/lee/Capstone/install/turtlebot3_fake_node/share/turtlebot3_fake_node/local_setup.zsh
[6.442s] -- Installing: /home/lee/Capstone/install/turtlebot3_fake_node/share/turtlebot3_fake_node/local_setup.dsv
[6.442s] -- Installing: /home/lee/Capstone/install/turtlebot3_fake_node/share/turtlebot3_fake_node/package.dsv
[6.442s] -- Installing: /home/lee/Capstone/install/turtlebot3_fake_node/share/ament_index/resource_index/packages/turtlebot3_fake_node
[6.442s] -- Installing: /home/lee/Capstone/install/turtlebot3_fake_node/share/turtlebot3_fake_node/cmake/ament_cmake_export_include_directories-extras.cmake
[6.442s] -- Installing: /home/lee/Capstone/install/turtlebot3_fake_node/share/turtlebot3_fake_node/cmake/ament_cmake_export_dependencies-extras.cmake
[6.442s] -- Installing: /home/lee/Capstone/install/turtlebot3_fake_node/share/turtlebot3_fake_node/cmake/turtlebot3_fake_nodeConfig.cmake
[6.442s] -- Installing: /home/lee/Capstone/install/turtlebot3_fake_node/share/turtlebot3_fake_node/cmake/turtlebot3_fake_nodeConfig-version.cmake
[6.442s] -- Installing: /home/lee/Capstone/install/turtlebot3_fake_node/share/turtlebot3_fake_node/package.xml
[6.443s] Invoked command in '/home/lee/Capstone/build/turtlebot3_fake_node' returned '0': AMENT_PREFIX_PATH=/home/lee/Capstone/install/turtlebot3_msgs:${AMENT_PREFIX_PATH} CMAKE_PREFIX_PATH=/home/lee/Capstone/install/turtlebot3_msgs:/home/lee/turtlebot3_ws/install/turtlebot3:/home/lee/turtlebot3_ws/install/turtlebot3_simulations:/home/lee/turtlebot3_ws/install/turtlebot3_bringup:/home/lee/turtlebot3_ws/install/turtlebot3_node:/home/lee/turtlebot3_ws/install/turtlebot3_navigation2:/home/lee/turtlebot3_ws/install/turtlebot3_fake_node:/home/lee/turtlebot3_ws/install/turtlebot3_msgs:/home/lee/turtlebot3_ws/install/turtlebot3_gazebo:/home/lee/turtlebot3_ws/install/turtlebot3_description:/home/lee/turtlebot3_ws/install/turtlebot3_cartographer:/home/lee/gcamp_ros2_ws/install/gcamp_gazebo:/home/lee/gcamp_ros2_ws/install/cpp_service_pkg:/home/lee/gcamp_ros2_ws/install/cpp_action_pkg:/home/lee/gcamp_ros2_ws/install/custom_interfaces:/home/lee/gcamp_ros2_ws/install/cpp_topic_pkg:/home/lee/gcamp_ros2_ws/install/cpp_service_tutorial:/home/lee/gcamp_ros2_ws/install/cpp_param_pkg:/home/lee/gcamp_ros2_ws/install/cpp_first_pkg:/home/lee/turtlebot3_ws/install/turtlebot3_teleop:/home/lee/turtlebot3_ws/install/turtlebot3_example:/home/lee/gcamp_ros2_ws/install/py_topic_pkg:/home/lee/gcamp_ros2_ws/install/py_service_pkg:/home/lee/gcamp_ros2_ws/install/py_first_pkg:/home/lee/gcamp_ros2_ws/install/py_action_pkg:/opt/ros/foxy LD_LIBRARY_PATH=/home/lee/Capstone/install/turtlebot3_msgs/lib:${LD_LIBRARY_PATH} PYTHONPATH=/home/lee/Capstone/install/turtlebot3_msgs/lib/python3.8/site-packages:${PYTHONPATH} /usr/bin/cmake --install /home/lee/Capstone/build/turtlebot3_fake_node
