[0.011s] Invoking command in '/home/lee/Capstone/build/turtlebot3_gazebo': AMENT_PREFIX_PATH=/home/lee/Capstone/install/turtlebot3_description:${AMENT_PREFIX_PATH} CMAKE_PREFIX_PATH=/home/lee/Capstone/install/turtlebot3_description:/home/lee/turtlebot3_ws/install/turtlebot3:/home/lee/turtlebot3_ws/install/turtlebot3_simulations:/home/lee/turtlebot3_ws/install/turtlebot3_bringup:/home/lee/turtlebot3_ws/install/turtlebot3_node:/home/lee/turtlebot3_ws/install/turtlebot3_navigation2:/home/lee/turtlebot3_ws/install/turtlebot3_fake_node:/home/lee/turtlebot3_ws/install/turtlebot3_msgs:/home/lee/turtlebot3_ws/install/turtlebot3_gazebo:/home/lee/turtlebot3_ws/install/turtlebot3_description:/home/lee/turtlebot3_ws/install/turtlebot3_cartographer:/home/lee/gcamp_ros2_ws/install/gcamp_gazebo:/home/lee/gcamp_ros2_ws/install/cpp_service_pkg:/home/lee/gcamp_ros2_ws/install/cpp_action_pkg:/home/lee/gcamp_ros2_ws/install/custom_interfaces:/home/lee/gcamp_ros2_ws/install/cpp_topic_pkg:/home/lee/gcamp_ros2_ws/install/cpp_service_tutorial:/home/lee/gcamp_ros2_ws/install/cpp_param_pkg:/home/lee/gcamp_ros2_ws/install/cpp_first_pkg:/home/lee/turtlebot3_ws/install/turtlebot3_teleop:/home/lee/turtlebot3_ws/install/turtlebot3_example:/home/lee/gcamp_ros2_ws/install/py_topic_pkg:/home/lee/gcamp_ros2_ws/install/py_service_pkg:/home/lee/gcamp_ros2_ws/install/py_first_pkg:/home/lee/gcamp_ros2_ws/install/py_action_pkg:/opt/ros/foxy /usr/bin/cmake /home/lee/Capstone/src/turtlebot3_simulations/turtlebot3_gazebo -DCMAKE_INSTALL_PREFIX=/home/lee/Capstone/install/turtlebot3_gazebo
[0.058s] -- The C compiler identification is GNU 9.4.0
[0.095s] -- The CXX compiler identification is GNU 9.4.0
[0.101s] -- Check for working C compiler: /usr/bin/cc
[0.172s] -- Check for working C compiler: /usr/bin/cc -- works
[0.173s] -- Detecting C compiler ABI info
[0.226s] -- Detecting C compiler ABI info - done
[0.236s] -- Detecting C compile features
[0.237s] -- Detecting C compile features - done
[0.239s] -- Check for working CXX compiler: /usr/bin/c++
[0.291s] -- Check for working CXX compiler: /usr/bin/c++ -- works
[0.292s] -- Detecting CXX compiler ABI info
[0.337s] -- Detecting CXX compiler ABI info - done
[0.346s] -- Detecting CXX compile features
[0.347s] -- Detecting CXX compile features - done
[0.348s] -- Found ament_cmake: 0.9.12 (/opt/ros/foxy/share/ament_cmake/cmake)
[0.368s] -- Found PythonInterp: /usr/bin/python3 (found suitable version "3.8.10", minimum required is "3") 
[0.368s] -- Using PYTHON_EXECUTABLE: /usr/bin/python3
[0.523s] -- Found PkgConfig: /usr/bin/pkg-config (found version "0.29.1") 
[0.528s] -- Checking for module 'bullet>=2.82'
[0.544s] --   Found bullet, version 2.88
[0.630s] -- Found ccd: /usr/include (found suitable version "2.0", minimum required is "2.0") 
[0.669s] -- Found fcl: /usr/include (found suitable version "0.5.0", minimum required is "0.3.2") 
[0.713s] -- Found assimp: /usr/include (found version "5.0.0") 
[0.732s] -- Found DART: /usr/include (Required is at least version "6.6") found components: dart 
[0.935s] -- Found Boost: /usr/lib/x86_64-linux-gnu/cmake/Boost-1.71.0/BoostConfig.cmake (found suitable version "1.71.0", minimum required is "1.40.0") found components: thread system filesystem program_options regex iostreams date_time 
[0.954s] -- Found Protobuf: /usr/lib/x86_64-linux-gnu/libprotobuf.so;-lpthread (found version "3.6.1") 
[0.961s] -- Looking for ignition-math6 -- found version 6.15.1
[0.969s] -- Searching for dependencies of ignition-math6
[0.971s] -- Looking for OGRE...
[0.972s] -- OGRE_PREFIX_WATCH changed.
[0.976s] -- Checking for module 'OGRE'
[0.989s] --   Found OGRE, version 1.9.0
[1.011s] -- Found Ogre Ghadamon (1.9.0)
[1.017s] -- Found OGRE: optimized;/usr/lib/x86_64-linux-gnu/libOgreMain.so;debug;/usr/lib/x86_64-linux-gnu/libOgreMain.so
[1.024s] -- Looking for OGRE_Paging...
[1.030s] -- Found OGRE_Paging: optimized;/usr/lib/x86_64-linux-gnu/libOgrePaging.so;debug;/usr/lib/x86_64-linux-gnu/libOgrePaging.so
[1.030s] -- Looking for OGRE_Terrain...
[1.034s] -- Found OGRE_Terrain: optimized;/usr/lib/x86_64-linux-gnu/libOgreTerrain.so;debug;/usr/lib/x86_64-linux-gnu/libOgreTerrain.so
[1.034s] -- Looking for OGRE_Property...
[1.039s] -- Found OGRE_Property: optimized;/usr/lib/x86_64-linux-gnu/libOgreProperty.so;debug;/usr/lib/x86_64-linux-gnu/libOgreProperty.so
[1.039s] -- Looking for OGRE_RTShaderSystem...
[1.044s] -- Found OGRE_RTShaderSystem: optimized;/usr/lib/x86_64-linux-gnu/libOgreRTShaderSystem.so;debug;/usr/lib/x86_64-linux-gnu/libOgreRTShaderSystem.so
[1.044s] -- Looking for OGRE_Volume...
[1.048s] -- Found OGRE_Volume: optimized;/usr/lib/x86_64-linux-gnu/libOgreVolume.so;debug;/usr/lib/x86_64-linux-gnu/libOgreVolume.so
[1.049s] -- Looking for OGRE_Overlay...
[1.053s] -- Found OGRE_Overlay: optimized;/usr/lib/x86_64-linux-gnu/libOgreOverlay.so;debug;/usr/lib/x86_64-linux-gnu/libOgreOverlay.so
[1.154s] -- Looking for ignition-math6 -- found version 6.15.1
[1.156s] -- Looking for ignition-transport8 -- found version 8.5.0
[1.156s] -- Searching for dependencies of ignition-transport8
[1.181s] -- Config-file not installed for ZeroMQ -- checking for pkg-config
[1.185s] -- Checking for module 'libzmq >= 4'
[1.197s] --   Found libzmq , version 4.3.2
[1.222s] -- Found ZeroMQ: TRUE (Required is at least version "4") 
[1.225s] -- Checking for module 'uuid'
[1.237s] --   Found uuid, version 2.34.0
[1.262s] -- Found UUID: TRUE  
[1.265s] -- Looking for ignition-msgs5 -- found version 5.11.0
[1.265s] -- Searching for dependencies of ignition-msgs5
[1.278s] -- Found Protobuf: /usr/lib/x86_64-linux-gnu/libprotobuf.so;-lpthread (found suitable version "3.6.1", minimum required is "3") 
[1.279s] -- Looking for ignition-math6 -- found version 6.15.1
[1.282s] -- Checking for module 'tinyxml2'
[1.300s] --   Found tinyxml2, version 6.2.0
[1.338s] -- Looking for ignition-msgs5 -- found version 5.11.0
[1.342s] -- Looking for ignition-common3 -- found version 3.17.0
[1.342s] -- Searching for dependencies of ignition-common3
[1.343s] -- Looking for dlfcn.h - found
[1.345s] -- Looking for libdl - found
[1.347s] -- Found DL: TRUE  
[1.356s] -- Searching for <ignition-common3> component [graphics]
[1.360s] -- Looking for ignition-common3-graphics -- found version 3.17.0
[1.360s] -- Searching for dependencies of ignition-common3-graphics
[1.361s] -- Looking for ignition-math6 -- found version 6.15.1
[1.365s] -- Looking for ignition-fuel_tools4 -- found version 4.9.1
[1.366s] -- Searching for dependencies of ignition-fuel_tools4
[1.485s] -- Found CURL: /usr/lib/x86_64-linux-gnu/libcurl.so (found version "7.68.0")  
[1.496s] -- Checking for module 'jsoncpp'
[1.537s] --   Found jsoncpp, version 1.7.4
[1.598s] -- Found JSONCPP: TRUE  
[1.609s] -- Checking for module 'libzip'
[1.629s] --   Found libzip, version 1.5.1
[1.672s] -- Found ZIP: TRUE  
[1.673s] -- Looking for ignition-common3 -- found version 3.17.0
[1.673s] -- Looking for ignition-math6 -- found version 6.15.1
[1.674s] -- Looking for ignition-msgs5 -- found version 5.11.0
[1.680s] -- Found gazebo_ros_pkgs: 3.5.3 (/opt/ros/foxy/share/gazebo_ros_pkgs/cmake)
[1.683s] -- Found geometry_msgs: 2.0.5 (/opt/ros/foxy/share/geometry_msgs/cmake)
[1.710s] -- Using all available rosidl_typesupport_c: rosidl_typesupport_fastrtps_c;rosidl_typesupport_introspection_c
[1.717s] -- Found rosidl_adapter: 1.3.1 (/opt/ros/foxy/share/rosidl_adapter/cmake)
[1.778s] -- Found OpenSSL: /usr/lib/x86_64-linux-gnu/libcrypto.so (found version "1.1.1f")  
[1.798s] -- Found FastRTPS: /opt/ros/foxy/include  
[1.850s] -- Using all available rosidl_typesupport_cpp: rosidl_typesupport_fastrtps_cpp;rosidl_typesupport_introspection_cpp
[1.900s] -- Found nav_msgs: 2.0.5 (/opt/ros/foxy/share/nav_msgs/cmake)
[1.942s] -- Found rclcpp: 2.4.3 (/opt/ros/foxy/share/rclcpp/cmake)
[1.971s] -- Found rmw_implementation_cmake: 1.0.4 (/opt/ros/foxy/share/rmw_implementation_cmake/cmake)
[1.972s] -- Using RMW implementation 'rmw_fastrtps_cpp' as default
[1.973s] -- Found Threads: TRUE  
[2.055s] -- Found sensor_msgs: 2.0.5 (/opt/ros/foxy/share/sensor_msgs/cmake)
[2.096s] -- Found tf2: 0.13.14 (/opt/ros/foxy/share/tf2/cmake)
[2.142s] -- Configuring done
[2.157s] -- Generating done
[2.159s] -- Build files have been written to: /home/lee/Capstone/build/turtlebot3_gazebo
[2.165s] Invoked command in '/home/lee/Capstone/build/turtlebot3_gazebo' returned '0': AMENT_PREFIX_PATH=/home/lee/Capstone/install/turtlebot3_description:${AMENT_PREFIX_PATH} CMAKE_PREFIX_PATH=/home/lee/Capstone/install/turtlebot3_description:/home/lee/turtlebot3_ws/install/turtlebot3:/home/lee/turtlebot3_ws/install/turtlebot3_simulations:/home/lee/turtlebot3_ws/install/turtlebot3_bringup:/home/lee/turtlebot3_ws/install/turtlebot3_node:/home/lee/turtlebot3_ws/install/turtlebot3_navigation2:/home/lee/turtlebot3_ws/install/turtlebot3_fake_node:/home/lee/turtlebot3_ws/install/turtlebot3_msgs:/home/lee/turtlebot3_ws/install/turtlebot3_gazebo:/home/lee/turtlebot3_ws/install/turtlebot3_description:/home/lee/turtlebot3_ws/install/turtlebot3_cartographer:/home/lee/gcamp_ros2_ws/install/gcamp_gazebo:/home/lee/gcamp_ros2_ws/install/cpp_service_pkg:/home/lee/gcamp_ros2_ws/install/cpp_action_pkg:/home/lee/gcamp_ros2_ws/install/custom_interfaces:/home/lee/gcamp_ros2_ws/install/cpp_topic_pkg:/home/lee/gcamp_ros2_ws/install/cpp_service_tutorial:/home/lee/gcamp_ros2_ws/install/cpp_param_pkg:/home/lee/gcamp_ros2_ws/install/cpp_first_pkg:/home/lee/turtlebot3_ws/install/turtlebot3_teleop:/home/lee/turtlebot3_ws/install/turtlebot3_example:/home/lee/gcamp_ros2_ws/install/py_topic_pkg:/home/lee/gcamp_ros2_ws/install/py_service_pkg:/home/lee/gcamp_ros2_ws/install/py_first_pkg:/home/lee/gcamp_ros2_ws/install/py_action_pkg:/opt/ros/foxy /usr/bin/cmake /home/lee/Capstone/src/turtlebot3_simulations/turtlebot3_gazebo -DCMAKE_INSTALL_PREFIX=/home/lee/Capstone/install/turtlebot3_gazebo
[2.167s] Invoking command in '/home/lee/Capstone/build/turtlebot3_gazebo': AMENT_PREFIX_PATH=/home/lee/Capstone/install/turtlebot3_description:${AMENT_PREFIX_PATH} CMAKE_PREFIX_PATH=/home/lee/Capstone/install/turtlebot3_description:/home/lee/turtlebot3_ws/install/turtlebot3:/home/lee/turtlebot3_ws/install/turtlebot3_simulations:/home/lee/turtlebot3_ws/install/turtlebot3_bringup:/home/lee/turtlebot3_ws/install/turtlebot3_node:/home/lee/turtlebot3_ws/install/turtlebot3_navigation2:/home/lee/turtlebot3_ws/install/turtlebot3_fake_node:/home/lee/turtlebot3_ws/install/turtlebot3_msgs:/home/lee/turtlebot3_ws/install/turtlebot3_gazebo:/home/lee/turtlebot3_ws/install/turtlebot3_description:/home/lee/turtlebot3_ws/install/turtlebot3_cartographer:/home/lee/gcamp_ros2_ws/install/gcamp_gazebo:/home/lee/gcamp_ros2_ws/install/cpp_service_pkg:/home/lee/gcamp_ros2_ws/install/cpp_action_pkg:/home/lee/gcamp_ros2_ws/install/custom_interfaces:/home/lee/gcamp_ros2_ws/install/cpp_topic_pkg:/home/lee/gcamp_ros2_ws/install/cpp_service_tutorial:/home/lee/gcamp_ros2_ws/install/cpp_param_pkg:/home/lee/gcamp_ros2_ws/install/cpp_first_pkg:/home/lee/turtlebot3_ws/install/turtlebot3_teleop:/home/lee/turtlebot3_ws/install/turtlebot3_example:/home/lee/gcamp_ros2_ws/install/py_topic_pkg:/home/lee/gcamp_ros2_ws/install/py_service_pkg:/home/lee/gcamp_ros2_ws/install/py_first_pkg:/home/lee/gcamp_ros2_ws/install/py_action_pkg:/opt/ros/foxy /usr/bin/cmake --build /home/lee/Capstone/build/turtlebot3_gazebo -- -j16 -l16
[2.190s] [35m[1mScanning dependencies of target obstacles[0m
[2.190s] [35m[1mScanning dependencies of target turtlebot3_drive[0m
[2.191s] [35m[1mScanning dependencies of target obstacle2[0m
[2.191s] [35m[1mScanning dependencies of target obstacle1[0m
[2.216s] [ 12%] [32mBuilding CXX object CMakeFiles/turtlebot3_drive.dir/src/turtlebot3_drive.cpp.o[0m
[2.244s] [ 37%] [32mBuilding CXX object CMakeFiles/obstacle1.dir/models/turtlebot3_dqn_world/obstacle_plugin/obstacle1.cc.o[0m
[2.244s] [ 37%] [32mBuilding CXX object CMakeFiles/obstacles.dir/models/turtlebot3_dqn_world/obstacle_plugin/obstacles.cc.o[0m
[2.246s] [ 50%] [32mBuilding CXX object CMakeFiles/obstacle2.dir/models/turtlebot3_dqn_world/obstacle_plugin/obstacle2.cc.o[0m
[6.757s] [ 62%] [32m[1mLinking CXX executable turtlebot3_drive[0m
[7.142s] [ 62%] Built target turtlebot3_drive
[9.027s] [ 75%] [32m[1mLinking CXX shared library libobstacles.so[0m
[9.115s] [ 87%] [32m[1mLinking CXX shared library libobstacle2.so[0m
[9.236s] [ 87%] Built target obstacles
[9.320s] [ 87%] Built target obstacle2
[9.322s] [100%] [32m[1mLinking CXX shared library libobstacle1.so[0m
[9.479s] [100%] Built target obstacle1
[9.490s] Invoked command in '/home/lee/Capstone/build/turtlebot3_gazebo' returned '0': AMENT_PREFIX_PATH=/home/lee/Capstone/install/turtlebot3_description:${AMENT_PREFIX_PATH} CMAKE_PREFIX_PATH=/home/lee/Capstone/install/turtlebot3_description:/home/lee/turtlebot3_ws/install/turtlebot3:/home/lee/turtlebot3_ws/install/turtlebot3_simulations:/home/lee/turtlebot3_ws/install/turtlebot3_bringup:/home/lee/turtlebot3_ws/install/turtlebot3_node:/home/lee/turtlebot3_ws/install/turtlebot3_navigation2:/home/lee/turtlebot3_ws/install/turtlebot3_fake_node:/home/lee/turtlebot3_ws/install/turtlebot3_msgs:/home/lee/turtlebot3_ws/install/turtlebot3_gazebo:/home/lee/turtlebot3_ws/install/turtlebot3_description:/home/lee/turtlebot3_ws/install/turtlebot3_cartographer:/home/lee/gcamp_ros2_ws/install/gcamp_gazebo:/home/lee/gcamp_ros2_ws/install/cpp_service_pkg:/home/lee/gcamp_ros2_ws/install/cpp_action_pkg:/home/lee/gcamp_ros2_ws/install/custom_interfaces:/home/lee/gcamp_ros2_ws/install/cpp_topic_pkg:/home/lee/gcamp_ros2_ws/install/cpp_service_tutorial:/home/lee/gcamp_ros2_ws/install/cpp_param_pkg:/home/lee/gcamp_ros2_ws/install/cpp_first_pkg:/home/lee/turtlebot3_ws/install/turtlebot3_teleop:/home/lee/turtlebot3_ws/install/turtlebot3_example:/home/lee/gcamp_ros2_ws/install/py_topic_pkg:/home/lee/gcamp_ros2_ws/install/py_service_pkg:/home/lee/gcamp_ros2_ws/install/py_first_pkg:/home/lee/gcamp_ros2_ws/install/py_action_pkg:/opt/ros/foxy /usr/bin/cmake --build /home/lee/Capstone/build/turtlebot3_gazebo -- -j16 -l16
[9.511s] Invoking command in '/home/lee/Capstone/build/turtlebot3_gazebo': AMENT_PREFIX_PATH=/home/lee/Capstone/install/turtlebot3_description:${AMENT_PREFIX_PATH} CMAKE_PREFIX_PATH=/home/lee/Capstone/install/turtlebot3_description:/home/lee/turtlebot3_ws/install/turtlebot3:/home/lee/turtlebot3_ws/install/turtlebot3_simulations:/home/lee/turtlebot3_ws/install/turtlebot3_bringup:/home/lee/turtlebot3_ws/install/turtlebot3_node:/home/lee/turtlebot3_ws/install/turtlebot3_navigation2:/home/lee/turtlebot3_ws/install/turtlebot3_fake_node:/home/lee/turtlebot3_ws/install/turtlebot3_msgs:/home/lee/turtlebot3_ws/install/turtlebot3_gazebo:/home/lee/turtlebot3_ws/install/turtlebot3_description:/home/lee/turtlebot3_ws/install/turtlebot3_cartographer:/home/lee/gcamp_ros2_ws/install/gcamp_gazebo:/home/lee/gcamp_ros2_ws/install/cpp_service_pkg:/home/lee/gcamp_ros2_ws/install/cpp_action_pkg:/home/lee/gcamp_ros2_ws/install/custom_interfaces:/home/lee/gcamp_ros2_ws/install/cpp_topic_pkg:/home/lee/gcamp_ros2_ws/install/cpp_service_tutorial:/home/lee/gcamp_ros2_ws/install/cpp_param_pkg:/home/lee/gcamp_ros2_ws/install/cpp_first_pkg:/home/lee/turtlebot3_ws/install/turtlebot3_teleop:/home/lee/turtlebot3_ws/install/turtlebot3_example:/home/lee/gcamp_ros2_ws/install/py_topic_pkg:/home/lee/gcamp_ros2_ws/install/py_service_pkg:/home/lee/gcamp_ros2_ws/install/py_first_pkg:/home/lee/gcamp_ros2_ws/install/py_action_pkg:/opt/ros/foxy /usr/bin/cmake --install /home/lee/Capstone/build/turtlebot3_gazebo
[9.516s] -- Install configuration: ""
[9.516s] -- Installing: /home/lee/Capstone/install/turtlebot3_gazebo/lib/turtlebot3_gazebo/turtlebot3_drive
[9.518s] -- Set runtime path of "/home/lee/Capstone/install/turtlebot3_gazebo/lib/turtlebot3_gazebo/turtlebot3_drive" to ""
[9.518s] -- Installing: /home/lee/Capstone/install/turtlebot3_gazebo/share/turtlebot3_gazebo//launch
[9.518s] -- Installing: /home/lee/Capstone/install/turtlebot3_gazebo/share/turtlebot3_gazebo//launch/robot_state_publisher.launch.py
[9.518s] -- Installing: /home/lee/Capstone/install/turtlebot3_gazebo/share/turtlebot3_gazebo//launch/empty_world.launch.py
[9.518s] -- Installing: /home/lee/Capstone/install/turtlebot3_gazebo/share/turtlebot3_gazebo//launch/turtlebot3_dqn_stage1.launch.py
[9.518s] -- Installing: /home/lee/Capstone/install/turtlebot3_gazebo/share/turtlebot3_gazebo//launch/turtlebot3_dqn_stage2.launch.py
[9.518s] -- Installing: /home/lee/Capstone/install/turtlebot3_gazebo/share/turtlebot3_gazebo//launch/turtlebot3_world.launch.py
[9.518s] -- Installing: /home/lee/Capstone/install/turtlebot3_gazebo/share/turtlebot3_gazebo//launch/turtlebot3_autorace.launch.py
[9.518s] -- Installing: /home/lee/Capstone/install/turtlebot3_gazebo/share/turtlebot3_gazebo//launch/turtlebot3_dqn_stage3.launch.py
[9.518s] -- Installing: /home/lee/Capstone/install/turtlebot3_gazebo/share/turtlebot3_gazebo//launch/turtlebot3_dqn_stage4.launch.py
[9.518s] -- Installing: /home/lee/Capstone/install/turtlebot3_gazebo/share/turtlebot3_gazebo//launch/turtlebot3_house.launch.py
[9.518s] -- Installing: /home/lee/Capstone/install/turtlebot3_gazebo/share/turtlebot3_gazebo//models
[9.519s] -- Installing: /home/lee/Capstone/install/turtlebot3_gazebo/share/turtlebot3_gazebo//models/turtlebot3_waffle
[9.519s] -- Installing: /home/lee/Capstone/install/turtlebot3_gazebo/share/turtlebot3_gazebo//models/turtlebot3_waffle/model.config
[9.519s] -- Installing: /home/lee/Capstone/install/turtlebot3_gazebo/share/turtlebot3_gazebo//models/turtlebot3_waffle/meshes
[9.519s] -- Installing: /home/lee/Capstone/install/turtlebot3_gazebo/share/turtlebot3_gazebo//models/turtlebot3_waffle/meshes/lds.dae
[9.519s] -- Installing: /home/lee/Capstone/install/turtlebot3_gazebo/share/turtlebot3_gazebo//models/turtlebot3_waffle/meshes/waffle_base.dae
[9.519s] -- Installing: /home/lee/Capstone/install/turtlebot3_gazebo/share/turtlebot3_gazebo//models/turtlebot3_waffle/meshes/tire.dae
[9.519s] -- Installing: /home/lee/Capstone/install/turtlebot3_gazebo/share/turtlebot3_gazebo//models/turtlebot3_waffle/meshes/r200.dae
[9.519s] -- Installing: /home/lee/Capstone/install/turtlebot3_gazebo/share/turtlebot3_gazebo//models/turtlebot3_waffle/model.sdf
[9.519s] -- Installing: /home/lee/Capstone/install/turtlebot3_gazebo/share/turtlebot3_gazebo//models/turtlebot3_waffle/model-1_4.sdf
[9.519s] -- Installing: /home/lee/Capstone/install/turtlebot3_gazebo/share/turtlebot3_gazebo//models/turtlebot3_house
[9.519s] -- Installing: /home/lee/Capstone/install/turtlebot3_gazebo/share/turtlebot3_gazebo//models/turtlebot3_house/model.config
[9.519s] -- Installing: /home/lee/Capstone/install/turtlebot3_gazebo/share/turtlebot3_gazebo//models/turtlebot3_house/model.sdf
[9.519s] -- Installing: /home/lee/Capstone/install/turtlebot3_gazebo/share/turtlebot3_gazebo//models/turtlebot3_burger
[9.519s] -- Installing: /home/lee/Capstone/install/turtlebot3_gazebo/share/turtlebot3_gazebo//models/turtlebot3_burger/model.config
[9.519s] -- Installing: /home/lee/Capstone/install/turtlebot3_gazebo/share/turtlebot3_gazebo//models/turtlebot3_burger/meshes
[9.519s] -- Installing: /home/lee/Capstone/install/turtlebot3_gazebo/share/turtlebot3_gazebo//models/turtlebot3_burger/meshes/lds.dae
[9.519s] -- Installing: /home/lee/Capstone/install/turtlebot3_gazebo/share/turtlebot3_gazebo//models/turtlebot3_burger/meshes/tire.dae
[9.519s] -- Installing: /home/lee/Capstone/install/turtlebot3_gazebo/share/turtlebot3_gazebo//models/turtlebot3_burger/meshes/burger_base.dae
[9.519s] -- Installing: /home/lee/Capstone/install/turtlebot3_gazebo/share/turtlebot3_gazebo//models/turtlebot3_burger/model.sdf
[9.519s] -- Installing: /home/lee/Capstone/install/turtlebot3_gazebo/share/turtlebot3_gazebo//models/turtlebot3_burger/model-1_4.sdf
[9.520s] -- Installing: /home/lee/Capstone/install/turtlebot3_gazebo/share/turtlebot3_gazebo//models/turtlebot3_world
[9.520s] -- Installing: /home/lee/Capstone/install/turtlebot3_gazebo/share/turtlebot3_gazebo//models/turtlebot3_world/model.config
[9.520s] -- Installing: /home/lee/Capstone/install/turtlebot3_gazebo/share/turtlebot3_gazebo//models/turtlebot3_world/meshes
[9.520s] -- Installing: /home/lee/Capstone/install/turtlebot3_gazebo/share/turtlebot3_gazebo//models/turtlebot3_world/meshes/hexagon.dae
[9.520s] -- Installing: /home/lee/Capstone/install/turtlebot3_gazebo/share/turtlebot3_gazebo//models/turtlebot3_world/meshes/wall.dae
[9.520s] -- Installing: /home/lee/Capstone/install/turtlebot3_gazebo/share/turtlebot3_gazebo//models/turtlebot3_world/model.sdf
[9.520s] -- Installing: /home/lee/Capstone/install/turtlebot3_gazebo/share/turtlebot3_gazebo//models/turtlebot3_world/model-1_4.sdf
[9.520s] -- Installing: /home/lee/Capstone/install/turtlebot3_gazebo/share/turtlebot3_gazebo//models/turtlebot3_waffle_pi
[9.520s] -- Installing: /home/lee/Capstone/install/turtlebot3_gazebo/share/turtlebot3_gazebo//models/turtlebot3_waffle_pi/model.config
[9.520s] -- Installing: /home/lee/Capstone/install/turtlebot3_gazebo/share/turtlebot3_gazebo//models/turtlebot3_waffle_pi/meshes
[9.520s] -- Installing: /home/lee/Capstone/install/turtlebot3_gazebo/share/turtlebot3_gazebo//models/turtlebot3_waffle_pi/meshes/waffle_pi_base.dae
[9.520s] -- Installing: /home/lee/Capstone/install/turtlebot3_gazebo/share/turtlebot3_gazebo//models/turtlebot3_waffle_pi/meshes/lds.dae
[9.520s] -- Installing: /home/lee/Capstone/install/turtlebot3_gazebo/share/turtlebot3_gazebo//models/turtlebot3_waffle_pi/meshes/tire.dae
[9.520s] -- Installing: /home/lee/Capstone/install/turtlebot3_gazebo/share/turtlebot3_gazebo//models/turtlebot3_waffle_pi/model.sdf
[9.520s] -- Installing: /home/lee/Capstone/install/turtlebot3_gazebo/share/turtlebot3_gazebo//models/turtlebot3_waffle_pi/model-1_4_.sdf
[9.520s] -- Installing: /home/lee/Capstone/install/turtlebot3_gazebo/share/turtlebot3_gazebo//models/turtlebot3_dqn_world
[9.521s] -- Installing: /home/lee/Capstone/install/turtlebot3_gazebo/share/turtlebot3_gazebo//models/turtlebot3_dqn_world/inner_walls
[9.521s] -- Installing: /home/lee/Capstone/install/turtlebot3_gazebo/share/turtlebot3_gazebo//models/turtlebot3_dqn_world/inner_walls/model.config
[9.521s] -- Installing: /home/lee/Capstone/install/turtlebot3_gazebo/share/turtlebot3_gazebo//models/turtlebot3_dqn_world/inner_walls/model.sdf
[9.521s] -- Installing: /home/lee/Capstone/install/turtlebot3_gazebo/share/turtlebot3_gazebo//models/turtlebot3_dqn_world/model.config
[9.521s] -- Installing: /home/lee/Capstone/install/turtlebot3_gazebo/share/turtlebot3_gazebo//models/turtlebot3_dqn_world/obstacle2
[9.521s] -- Installing: /home/lee/Capstone/install/turtlebot3_gazebo/share/turtlebot3_gazebo//models/turtlebot3_dqn_world/obstacle2/model.config
[9.521s] -- Installing: /home/lee/Capstone/install/turtlebot3_gazebo/share/turtlebot3_gazebo//models/turtlebot3_dqn_world/obstacle2/model.sdf
[9.521s] -- Installing: /home/lee/Capstone/install/turtlebot3_gazebo/share/turtlebot3_gazebo//models/turtlebot3_dqn_world/goal_box
[9.521s] -- Installing: /home/lee/Capstone/install/turtlebot3_gazebo/share/turtlebot3_gazebo//models/turtlebot3_dqn_world/goal_box/model.config
[9.521s] -- Installing: /home/lee/Capstone/install/turtlebot3_gazebo/share/turtlebot3_gazebo//models/turtlebot3_dqn_world/goal_box/model.sdf
[9.521s] -- Installing: /home/lee/Capstone/install/turtlebot3_gazebo/share/turtlebot3_gazebo//models/turtlebot3_dqn_world/model.sdf
[9.521s] -- Installing: /home/lee/Capstone/install/turtlebot3_gazebo/share/turtlebot3_gazebo//models/turtlebot3_dqn_world/obstacle1
[9.521s] -- Installing: /home/lee/Capstone/install/turtlebot3_gazebo/share/turtlebot3_gazebo//models/turtlebot3_dqn_world/obstacle1/model.config
[9.521s] -- Installing: /home/lee/Capstone/install/turtlebot3_gazebo/share/turtlebot3_gazebo//models/turtlebot3_dqn_world/obstacle1/model.sdf
[9.521s] -- Installing: /home/lee/Capstone/install/turtlebot3_gazebo/share/turtlebot3_gazebo//models/turtlebot3_dqn_world/obstacle_plugin
[9.521s] -- Installing: /home/lee/Capstone/install/turtlebot3_gazebo/share/turtlebot3_gazebo//models/turtlebot3_dqn_world/obstacle_plugin/CMakeLists.txt
[9.521s] -- Installing: /home/lee/Capstone/install/turtlebot3_gazebo/share/turtlebot3_gazebo//models/turtlebot3_dqn_world/obstacle_plugin/obstacle1.cc
[9.521s] -- Installing: /home/lee/Capstone/install/turtlebot3_gazebo/share/turtlebot3_gazebo//models/turtlebot3_dqn_world/obstacle_plugin/obstacles.cc
[9.521s] -- Installing: /home/lee/Capstone/install/turtlebot3_gazebo/share/turtlebot3_gazebo//models/turtlebot3_dqn_world/obstacle_plugin/obstacle2.cc
[9.522s] -- Installing: /home/lee/Capstone/install/turtlebot3_gazebo/share/turtlebot3_gazebo//models/turtlebot3_dqn_world/obstacles
[9.522s] -- Installing: /home/lee/Capstone/install/turtlebot3_gazebo/share/turtlebot3_gazebo//models/turtlebot3_dqn_world/obstacles/model.config
[9.522s] -- Installing: /home/lee/Capstone/install/turtlebot3_gazebo/share/turtlebot3_gazebo//models/turtlebot3_dqn_world/obstacles/model.sdf
[9.522s] -- Installing: /home/lee/Capstone/install/turtlebot3_gazebo/share/turtlebot3_gazebo//models/turtlebot3_autorace
[9.522s] -- Installing: /home/lee/Capstone/install/turtlebot3_gazebo/share/turtlebot3_gazebo//models/turtlebot3_autorace/traffic_bar_up
[9.522s] -- Installing: /home/lee/Capstone/install/turtlebot3_gazebo/share/turtlebot3_gazebo//models/turtlebot3_autorace/traffic_bar_up/model.config
[9.522s] -- Installing: /home/lee/Capstone/install/turtlebot3_gazebo/share/turtlebot3_gazebo//models/turtlebot3_autorace/traffic_bar_up/model.sdf
[9.522s] -- Installing: /home/lee/Capstone/install/turtlebot3_gazebo/share/turtlebot3_gazebo//models/turtlebot3_autorace/traffic_bar_up/materials
[9.522s] -- Installing: /home/lee/Capstone/install/turtlebot3_gazebo/share/turtlebot3_gazebo//models/turtlebot3_autorace/traffic_bar_up/materials/textures
[9.522s] -- Installing: /home/lee/Capstone/install/turtlebot3_gazebo/share/turtlebot3_gazebo//models/turtlebot3_autorace/traffic_bar_up/materials/textures/traffic_bar.png
[9.522s] -- Installing: /home/lee/Capstone/install/turtlebot3_gazebo/share/turtlebot3_gazebo//models/turtlebot3_autorace/traffic_bar_up/materials/scripts
[9.522s] -- Installing: /home/lee/Capstone/install/turtlebot3_gazebo/share/turtlebot3_gazebo//models/turtlebot3_autorace/traffic_bar_up/materials/scripts/traffic_bar.material
[9.522s] -- Installing: /home/lee/Capstone/install/turtlebot3_gazebo/share/turtlebot3_gazebo//models/turtlebot3_autorace/model.config
[9.522s] -- Installing: /home/lee/Capstone/install/turtlebot3_gazebo/share/turtlebot3_gazebo//models/turtlebot3_autorace/ground
[9.522s] -- Installing: /home/lee/Capstone/install/turtlebot3_gazebo/share/turtlebot3_gazebo//models/turtlebot3_autorace/ground/model.config
[9.522s] -- Installing: /home/lee/Capstone/install/turtlebot3_gazebo/share/turtlebot3_gazebo//models/turtlebot3_autorace/ground/model.sdf
[9.523s] -- Installing: /home/lee/Capstone/install/turtlebot3_gazebo/share/turtlebot3_gazebo//models/turtlebot3_autorace/traffic_tunnel
[9.523s] -- Installing: /home/lee/Capstone/install/turtlebot3_gazebo/share/turtlebot3_gazebo//models/turtlebot3_autorace/traffic_tunnel/model.config
[9.523s] -- Installing: /home/lee/Capstone/install/turtlebot3_gazebo/share/turtlebot3_gazebo//models/turtlebot3_autorace/traffic_tunnel/model.sdf
[9.523s] -- Installing: /home/lee/Capstone/install/turtlebot3_gazebo/share/turtlebot3_gazebo//models/turtlebot3_autorace/traffic_tunnel/materials
[9.523s] -- Installing: /home/lee/Capstone/install/turtlebot3_gazebo/share/turtlebot3_gazebo//models/turtlebot3_autorace/traffic_tunnel/materials/textures
[9.523s] -- Installing: /home/lee/Capstone/install/turtlebot3_gazebo/share/turtlebot3_gazebo//models/turtlebot3_autorace/traffic_tunnel/materials/textures/tunnel.png
[9.523s] -- Installing: /home/lee/Capstone/install/turtlebot3_gazebo/share/turtlebot3_gazebo//models/turtlebot3_autorace/traffic_tunnel/materials/scripts
[9.523s] -- Installing: /home/lee/Capstone/install/turtlebot3_gazebo/share/turtlebot3_gazebo//models/turtlebot3_autorace/traffic_tunnel/materials/scripts/tunnel.material
[9.523s] -- Installing: /home/lee/Capstone/install/turtlebot3_gazebo/share/turtlebot3_gazebo//models/turtlebot3_autorace/traffic_stop
[9.523s] -- Installing: /home/lee/Capstone/install/turtlebot3_gazebo/share/turtlebot3_gazebo//models/turtlebot3_autorace/traffic_stop/model.config
[9.523s] -- Installing: /home/lee/Capstone/install/turtlebot3_gazebo/share/turtlebot3_gazebo//models/turtlebot3_autorace/traffic_stop/model.sdf
[9.523s] -- Installing: /home/lee/Capstone/install/turtlebot3_gazebo/share/turtlebot3_gazebo//models/turtlebot3_autorace/traffic_stop/materials
[9.523s] -- Installing: /home/lee/Capstone/install/turtlebot3_gazebo/share/turtlebot3_gazebo//models/turtlebot3_autorace/traffic_stop/materials/textures
[9.523s] -- Installing: /home/lee/Capstone/install/turtlebot3_gazebo/share/turtlebot3_gazebo//models/turtlebot3_autorace/traffic_stop/materials/textures/traffic_stop.png
[9.523s] -- Installing: /home/lee/Capstone/install/turtlebot3_gazebo/share/turtlebot3_gazebo//models/turtlebot3_autorace/traffic_stop/materials/scripts
[9.523s] -- Installing: /home/lee/Capstone/install/turtlebot3_gazebo/share/turtlebot3_gazebo//models/turtlebot3_autorace/traffic_stop/materials/scripts/traffic_stop.material
[9.523s] -- Installing: /home/lee/Capstone/install/turtlebot3_gazebo/share/turtlebot3_gazebo//models/turtlebot3_autorace/traffic_parking
[9.523s] -- Installing: /home/lee/Capstone/install/turtlebot3_gazebo/share/turtlebot3_gazebo//models/turtlebot3_autorace/traffic_parking/model.config
[9.524s] -- Installing: /home/lee/Capstone/install/turtlebot3_gazebo/share/turtlebot3_gazebo//models/turtlebot3_autorace/traffic_parking/model.sdf
[9.524s] -- Installing: /home/lee/Capstone/install/turtlebot3_gazebo/share/turtlebot3_gazebo//models/turtlebot3_autorace/traffic_parking/materials
[9.524s] -- Installing: /home/lee/Capstone/install/turtlebot3_gazebo/share/turtlebot3_gazebo//models/turtlebot3_autorace/traffic_parking/materials/textures
[9.524s] -- Installing: /home/lee/Capstone/install/turtlebot3_gazebo/share/turtlebot3_gazebo//models/turtlebot3_autorace/traffic_parking/materials/textures/traffic_parking.png
[9.524s] -- Installing: /home/lee/Capstone/install/turtlebot3_gazebo/share/turtlebot3_gazebo//models/turtlebot3_autorace/traffic_parking/materials/scripts
[9.524s] -- Installing: /home/lee/Capstone/install/turtlebot3_gazebo/share/turtlebot3_gazebo//models/turtlebot3_autorace/traffic_parking/materials/scripts/traffic_parking.material
[9.524s] -- Installing: /home/lee/Capstone/install/turtlebot3_gazebo/share/turtlebot3_gazebo//models/turtlebot3_autorace/course
[9.524s] -- Installing: /home/lee/Capstone/install/turtlebot3_gazebo/share/turtlebot3_gazebo//models/turtlebot3_autorace/course/model.config
[9.524s] -- Installing: /home/lee/Capstone/install/turtlebot3_gazebo/share/turtlebot3_gazebo//models/turtlebot3_autorace/course/model.sdf
[9.524s] -- Installing: /home/lee/Capstone/install/turtlebot3_gazebo/share/turtlebot3_gazebo//models/turtlebot3_autorace/course/materials
[9.524s] -- Installing: /home/lee/Capstone/install/turtlebot3_gazebo/share/turtlebot3_gazebo//models/turtlebot3_autorace/course/materials/textures
[9.524s] -- Installing: /home/lee/Capstone/install/turtlebot3_gazebo/share/turtlebot3_gazebo//models/turtlebot3_autorace/course/materials/textures/course.png
[9.524s] -- Installing: /home/lee/Capstone/install/turtlebot3_gazebo/share/turtlebot3_gazebo//models/turtlebot3_autorace/course/materials/scripts
[9.524s] -- Installing: /home/lee/Capstone/install/turtlebot3_gazebo/share/turtlebot3_gazebo//models/turtlebot3_autorace/course/materials/scripts/course.material
[9.524s] -- Installing: /home/lee/Capstone/install/turtlebot3_gazebo/share/turtlebot3_gazebo//models/turtlebot3_autorace/traffic_light_green
[9.524s] -- Installing: /home/lee/Capstone/install/turtlebot3_gazebo/share/turtlebot3_gazebo//models/turtlebot3_autorace/traffic_light_green/model.config
[9.524s] -- Installing: /home/lee/Capstone/install/turtlebot3_gazebo/share/turtlebot3_gazebo//models/turtlebot3_autorace/traffic_light_green/model.sdf
[9.524s] -- Installing: /home/lee/Capstone/install/turtlebot3_gazebo/share/turtlebot3_gazebo//models/turtlebot3_autorace/tunnel_wall
[9.524s] -- Installing: /home/lee/Capstone/install/turtlebot3_gazebo/share/turtlebot3_gazebo//models/turtlebot3_autorace/tunnel_wall/model.config
[9.525s] -- Installing: /home/lee/Capstone/install/turtlebot3_gazebo/share/turtlebot3_gazebo//models/turtlebot3_autorace/tunnel_wall/model.sdf
[9.525s] -- Installing: /home/lee/Capstone/install/turtlebot3_gazebo/share/turtlebot3_gazebo//models/turtlebot3_autorace/tunnel_obstacles
[9.525s] -- Installing: /home/lee/Capstone/install/turtlebot3_gazebo/share/turtlebot3_gazebo//models/turtlebot3_autorace/tunnel_obstacles/model.config
[9.525s] -- Installing: /home/lee/Capstone/install/turtlebot3_gazebo/share/turtlebot3_gazebo//models/turtlebot3_autorace/tunnel_obstacles/model.sdf
[9.525s] -- Installing: /home/lee/Capstone/install/turtlebot3_gazebo/share/turtlebot3_gazebo//models/turtlebot3_autorace/traffic_light_yellow
[9.525s] -- Installing: /home/lee/Capstone/install/turtlebot3_gazebo/share/turtlebot3_gazebo//models/turtlebot3_autorace/traffic_light_yellow/model.config
[9.525s] -- Installing: /home/lee/Capstone/install/turtlebot3_gazebo/share/turtlebot3_gazebo//models/turtlebot3_autorace/traffic_light_yellow/model.sdf
[9.525s] -- Installing: /home/lee/Capstone/install/turtlebot3_gazebo/share/turtlebot3_gazebo//models/turtlebot3_autorace/traffic_light_red
[9.525s] -- Installing: /home/lee/Capstone/install/turtlebot3_gazebo/share/turtlebot3_gazebo//models/turtlebot3_autorace/traffic_light_red/model.config
[9.525s] -- Installing: /home/lee/Capstone/install/turtlebot3_gazebo/share/turtlebot3_gazebo//models/turtlebot3_autorace/traffic_light_red/model.sdf
[9.525s] -- Installing: /home/lee/Capstone/install/turtlebot3_gazebo/share/turtlebot3_gazebo//models/turtlebot3_autorace/lights
[9.525s] -- Installing: /home/lee/Capstone/install/turtlebot3_gazebo/share/turtlebot3_gazebo//models/turtlebot3_autorace/lights/model.config
[9.525s] -- Installing: /home/lee/Capstone/install/turtlebot3_gazebo/share/turtlebot3_gazebo//models/turtlebot3_autorace/lights/model.sdf
[9.525s] -- Installing: /home/lee/Capstone/install/turtlebot3_gazebo/share/turtlebot3_gazebo//models/turtlebot3_autorace/traffic_bar_down
[9.525s] -- Installing: /home/lee/Capstone/install/turtlebot3_gazebo/share/turtlebot3_gazebo//models/turtlebot3_autorace/traffic_bar_down/model.config
[9.525s] -- Installing: /home/lee/Capstone/install/turtlebot3_gazebo/share/turtlebot3_gazebo//models/turtlebot3_autorace/traffic_bar_down/model.sdf
[9.525s] -- Installing: /home/lee/Capstone/install/turtlebot3_gazebo/share/turtlebot3_gazebo//models/turtlebot3_autorace/traffic_bar_down/materials
[9.525s] -- Installing: /home/lee/Capstone/install/turtlebot3_gazebo/share/turtlebot3_gazebo//models/turtlebot3_autorace/traffic_bar_down/materials/textures
[9.525s] -- Installing: /home/lee/Capstone/install/turtlebot3_gazebo/share/turtlebot3_gazebo//models/turtlebot3_autorace/traffic_bar_down/materials/textures/traffic_bar.png
[9.525s] -- Installing: /home/lee/Capstone/install/turtlebot3_gazebo/share/turtlebot3_gazebo//models/turtlebot3_autorace/traffic_bar_down/materials/scripts
[9.525s] -- Installing: /home/lee/Capstone/install/turtlebot3_gazebo/share/turtlebot3_gazebo//models/turtlebot3_autorace/traffic_bar_down/materials/scripts/traffic_bar.material
[9.526s] -- Installing: /home/lee/Capstone/install/turtlebot3_gazebo/share/turtlebot3_gazebo//rviz
[9.526s] -- Installing: /home/lee/Capstone/install/turtlebot3_gazebo/share/turtlebot3_gazebo//rviz/tb3_gazebo.rviz
[9.526s] -- Installing: /home/lee/Capstone/install/turtlebot3_gazebo/share/turtlebot3_gazebo//worlds
[9.526s] -- Installing: /home/lee/Capstone/install/turtlebot3_gazebo/share/turtlebot3_gazebo//worlds/empty_worlds
[9.526s] -- Installing: /home/lee/Capstone/install/turtlebot3_gazebo/share/turtlebot3_gazebo//worlds/empty_worlds/waffle.model
[9.526s] -- Installing: /home/lee/Capstone/install/turtlebot3_gazebo/share/turtlebot3_gazebo//worlds/empty_worlds/waffle_pi.model
[9.526s] -- Installing: /home/lee/Capstone/install/turtlebot3_gazebo/share/turtlebot3_gazebo//worlds/empty_worlds/burger.model
[9.526s] -- Installing: /home/lee/Capstone/install/turtlebot3_gazebo/share/turtlebot3_gazebo//worlds/turtlebot3_autoraces
[9.526s] -- Installing: /home/lee/Capstone/install/turtlebot3_gazebo/share/turtlebot3_gazebo//worlds/turtlebot3_autoraces/waffle.model
[9.526s] -- Installing: /home/lee/Capstone/install/turtlebot3_gazebo/share/turtlebot3_gazebo//worlds/turtlebot3_autoraces/waffle_pi.model
[9.526s] -- Installing: /home/lee/Capstone/install/turtlebot3_gazebo/share/turtlebot3_gazebo//worlds/turtlebot3_autoraces/burger.model
[9.526s] -- Installing: /home/lee/Capstone/install/turtlebot3_gazebo/share/turtlebot3_gazebo//worlds/turtlebot3_worlds
[9.526s] -- Installing: /home/lee/Capstone/install/turtlebot3_gazebo/share/turtlebot3_gazebo//worlds/turtlebot3_worlds/waffle.model
[9.526s] -- Installing: /home/lee/Capstone/install/turtlebot3_gazebo/share/turtlebot3_gazebo//worlds/turtlebot3_worlds/waffle_pi.model
[9.526s] -- Installing: /home/lee/Capstone/install/turtlebot3_gazebo/share/turtlebot3_gazebo//worlds/turtlebot3_worlds/burger.model
[9.526s] -- Installing: /home/lee/Capstone/install/turtlebot3_gazebo/share/turtlebot3_gazebo//worlds/turtlebot3_dqn_stage2
[9.526s] -- Installing: /home/lee/Capstone/install/turtlebot3_gazebo/share/turtlebot3_gazebo//worlds/turtlebot3_dqn_stage2/waffle.model
[9.526s] -- Installing: /home/lee/Capstone/install/turtlebot3_gazebo/share/turtlebot3_gazebo//worlds/turtlebot3_dqn_stage2/waffle_pi.model
[9.526s] -- Installing: /home/lee/Capstone/install/turtlebot3_gazebo/share/turtlebot3_gazebo//worlds/turtlebot3_dqn_stage2/burger.model
[9.526s] -- Installing: /home/lee/Capstone/install/turtlebot3_gazebo/share/turtlebot3_gazebo//worlds/turtlebot3_dqn_stage3
[9.527s] -- Installing: /home/lee/Capstone/install/turtlebot3_gazebo/share/turtlebot3_gazebo//worlds/turtlebot3_dqn_stage3/waffle.model
[9.527s] -- Installing: /home/lee/Capstone/install/turtlebot3_gazebo/share/turtlebot3_gazebo//worlds/turtlebot3_dqn_stage3/waffle_pi.model
[9.527s] -- Installing: /home/lee/Capstone/install/turtlebot3_gazebo/share/turtlebot3_gazebo//worlds/turtlebot3_dqn_stage3/burger.model
[9.527s] -- Installing: /home/lee/Capstone/install/turtlebot3_gazebo/share/turtlebot3_gazebo//worlds/turtlebot3_dqn_stage1
[9.527s] -- Installing: /home/lee/Capstone/install/turtlebot3_gazebo/share/turtlebot3_gazebo//worlds/turtlebot3_dqn_stage1/waffle.model
[9.527s] -- Installing: /home/lee/Capstone/install/turtlebot3_gazebo/share/turtlebot3_gazebo//worlds/turtlebot3_dqn_stage1/waffle_pi.model
[9.528s] -- Installing: /home/lee/Capstone/install/turtlebot3_gazebo/share/turtlebot3_gazebo//worlds/turtlebot3_dqn_stage1/burger.model
[9.528s] -- Installing: /home/lee/Capstone/install/turtlebot3_gazebo/share/turtlebot3_gazebo//worlds/turtlebot3_houses
[9.528s] -- Installing: /home/lee/Capstone/install/turtlebot3_gazebo/share/turtlebot3_gazebo//worlds/turtlebot3_houses/waffle.model
[9.528s] -- Installing: /home/lee/Capstone/install/turtlebot3_gazebo/share/turtlebot3_gazebo//worlds/turtlebot3_houses/waffle_pi.model
[9.528s] -- Installing: /home/lee/Capstone/install/turtlebot3_gazebo/share/turtlebot3_gazebo//worlds/turtlebot3_houses/burger.model
[9.528s] -- Installing: /home/lee/Capstone/install/turtlebot3_gazebo/share/turtlebot3_gazebo//worlds/turtlebot3_dqn_stage4
[9.528s] -- Installing: /home/lee/Capstone/install/turtlebot3_gazebo/share/turtlebot3_gazebo//worlds/turtlebot3_dqn_stage4/waffle.model
[9.529s] -- Installing: /home/lee/Capstone/install/turtlebot3_gazebo/share/turtlebot3_gazebo//worlds/turtlebot3_dqn_stage4/waffle_pi.model
[9.529s] -- Installing: /home/lee/Capstone/install/turtlebot3_gazebo/share/turtlebot3_gazebo//worlds/turtlebot3_dqn_stage4/burger.model
[9.529s] -- Installing: /home/lee/Capstone/install/turtlebot3_gazebo/include/
[9.529s] -- Installing: /home/lee/Capstone/install/turtlebot3_gazebo/include//turtlebot3_gazebo
[9.529s] -- Installing: /home/lee/Capstone/install/turtlebot3_gazebo/include//turtlebot3_gazebo/turtlebot3_drive.hpp
[9.529s] -- Installing: /home/lee/Capstone/install/turtlebot3_gazebo/share/ament_index/resource_index/package_run_dependencies/turtlebot3_gazebo
[9.529s] -- Installing: /home/lee/Capstone/install/turtlebot3_gazebo/share/ament_index/resource_index/parent_prefix_path/turtlebot3_gazebo
[9.529s] -- Installing: /home/lee/Capstone/install/turtlebot3_gazebo/share/turtlebot3_gazebo/environment/ament_prefix_path.sh
[9.529s] -- Installing: /home/lee/Capstone/install/turtlebot3_gazebo/share/turtlebot3_gazebo/environment/ament_prefix_path.dsv
[9.529s] -- Installing: /home/lee/Capstone/install/turtlebot3_gazebo/share/turtlebot3_gazebo/environment/path.sh
[9.529s] -- Installing: /home/lee/Capstone/install/turtlebot3_gazebo/share/turtlebot3_gazebo/environment/path.dsv
[9.529s] -- Installing: /home/lee/Capstone/install/turtlebot3_gazebo/share/turtlebot3_gazebo/local_setup.bash
[9.529s] -- Installing: /home/lee/Capstone/install/turtlebot3_gazebo/share/turtlebot3_gazebo/local_setup.sh
[9.529s] -- Installing: /home/lee/Capstone/install/turtlebot3_gazebo/share/turtlebot3_gazebo/local_setup.zsh
[9.529s] -- Installing: /home/lee/Capstone/install/turtlebot3_gazebo/share/turtlebot3_gazebo/local_setup.dsv
[9.529s] -- Installing: /home/lee/Capstone/install/turtlebot3_gazebo/share/turtlebot3_gazebo/package.dsv
[9.529s] -- Installing: /home/lee/Capstone/install/turtlebot3_gazebo/share/ament_index/resource_index/packages/turtlebot3_gazebo
[9.529s] -- Installing: /home/lee/Capstone/install/turtlebot3_gazebo/share/turtlebot3_gazebo/cmake/ament_cmake_export_include_directories-extras.cmake
[9.529s] -- Installing: /home/lee/Capstone/install/turtlebot3_gazebo/share/turtlebot3_gazebo/cmake/ament_cmake_export_dependencies-extras.cmake
[9.529s] -- Installing: /home/lee/Capstone/install/turtlebot3_gazebo/share/turtlebot3_gazebo/cmake/turtlebot3_gazeboConfig.cmake
[9.530s] -- Installing: /home/lee/Capstone/install/turtlebot3_gazebo/share/turtlebot3_gazebo/cmake/turtlebot3_gazeboConfig-version.cmake
[9.530s] -- Installing: /home/lee/Capstone/install/turtlebot3_gazebo/share/turtlebot3_gazebo/package.xml
[9.530s] Invoked command in '/home/lee/Capstone/build/turtlebot3_gazebo' returned '0': AMENT_PREFIX_PATH=/home/lee/Capstone/install/turtlebot3_description:${AMENT_PREFIX_PATH} CMAKE_PREFIX_PATH=/home/lee/Capstone/install/turtlebot3_description:/home/lee/turtlebot3_ws/install/turtlebot3:/home/lee/turtlebot3_ws/install/turtlebot3_simulations:/home/lee/turtlebot3_ws/install/turtlebot3_bringup:/home/lee/turtlebot3_ws/install/turtlebot3_node:/home/lee/turtlebot3_ws/install/turtlebot3_navigation2:/home/lee/turtlebot3_ws/install/turtlebot3_fake_node:/home/lee/turtlebot3_ws/install/turtlebot3_msgs:/home/lee/turtlebot3_ws/install/turtlebot3_gazebo:/home/lee/turtlebot3_ws/install/turtlebot3_description:/home/lee/turtlebot3_ws/install/turtlebot3_cartographer:/home/lee/gcamp_ros2_ws/install/gcamp_gazebo:/home/lee/gcamp_ros2_ws/install/cpp_service_pkg:/home/lee/gcamp_ros2_ws/install/cpp_action_pkg:/home/lee/gcamp_ros2_ws/install/custom_interfaces:/home/lee/gcamp_ros2_ws/install/cpp_topic_pkg:/home/lee/gcamp_ros2_ws/install/cpp_service_tutorial:/home/lee/gcamp_ros2_ws/install/cpp_param_pkg:/home/lee/gcamp_ros2_ws/install/cpp_first_pkg:/home/lee/turtlebot3_ws/install/turtlebot3_teleop:/home/lee/turtlebot3_ws/install/turtlebot3_example:/home/lee/gcamp_ros2_ws/install/py_topic_pkg:/home/lee/gcamp_ros2_ws/install/py_service_pkg:/home/lee/gcamp_ros2_ws/install/py_first_pkg:/home/lee/gcamp_ros2_ws/install/py_action_pkg:/opt/ros/foxy /usr/bin/cmake --install /home/lee/Capstone/build/turtlebot3_gazebo
