running egg_info
creating ../../build/py_service_pkg/py_service_pkg.egg-info
writing ../../build/py_service_pkg/py_service_pkg.egg-info/PKG-INFO
writing dependency_links to ../../build/py_service_pkg/py_service_pkg.egg-info/dependency_links.txt
writing entry points to ../../build/py_service_pkg/py_service_pkg.egg-info/entry_points.txt
writing requirements to ../../build/py_service_pkg/py_service_pkg.egg-info/requires.txt
writing top-level names to ../../build/py_service_pkg/py_service_pkg.egg-info/top_level.txt
writing manifest file '../../build/py_service_pkg/py_service_pkg.egg-info/SOURCES.txt'
reading manifest file '../../build/py_service_pkg/py_service_pkg.egg-info/SOURCES.txt'
writing manifest file '../../build/py_service_pkg/py_service_pkg.egg-info/SOURCES.txt'
running build
running build_py
creating /home/lee/Capstone/src/build/py_service_pkg/build
creating /home/lee/Capstone/src/build/py_service_pkg/build/lib
creating /home/lee/Capstone/src/build/py_service_pkg/build/lib/py_service_pkg
copying py_service_pkg/custom_srv_client.py -> /home/lee/Capstone/src/build/py_service_pkg/build/lib/py_service_pkg
copying py_service_pkg/custom_srv_server.py -> /home/lee/Capstone/src/build/py_service_pkg/build/lib/py_service_pkg
copying py_service_pkg/robot_turning_client.py -> /home/lee/Capstone/src/build/py_service_pkg/build/lib/py_service_pkg
copying py_service_pkg/spawn_model.py -> /home/lee/Capstone/src/build/py_service_pkg/build/lib/py_service_pkg
copying py_service_pkg/robot_turning_srv.py -> /home/lee/Capstone/src/build/py_service_pkg/build/lib/py_service_pkg
copying py_service_pkg/basic_srv_client.py -> /home/lee/Capstone/src/build/py_service_pkg/build/lib/py_service_pkg
copying py_service_pkg/basic_srv_server.py -> /home/lee/Capstone/src/build/py_service_pkg/build/lib/py_service_pkg
copying py_service_pkg/spawn_skidbot.py -> /home/lee/Capstone/src/build/py_service_pkg/build/lib/py_service_pkg
copying py_service_pkg/__init__.py -> /home/lee/Capstone/src/build/py_service_pkg/build/lib/py_service_pkg
running install
running install_lib
creating /home/lee/Capstone/src/install/py_service_pkg/lib/python3.8/site-packages/py_service_pkg
copying /home/lee/Capstone/src/build/py_service_pkg/build/lib/py_service_pkg/custom_srv_client.py -> /home/lee/Capstone/src/install/py_service_pkg/lib/python3.8/site-packages/py_service_pkg
copying /home/lee/Capstone/src/build/py_service_pkg/build/lib/py_service_pkg/custom_srv_server.py -> /home/lee/Capstone/src/install/py_service_pkg/lib/python3.8/site-packages/py_service_pkg
copying /home/lee/Capstone/src/build/py_service_pkg/build/lib/py_service_pkg/robot_turning_client.py -> /home/lee/Capstone/src/install/py_service_pkg/lib/python3.8/site-packages/py_service_pkg
copying /home/lee/Capstone/src/build/py_service_pkg/build/lib/py_service_pkg/spawn_model.py -> /home/lee/Capstone/src/install/py_service_pkg/lib/python3.8/site-packages/py_service_pkg
copying /home/lee/Capstone/src/build/py_service_pkg/build/lib/py_service_pkg/robot_turning_srv.py -> /home/lee/Capstone/src/install/py_service_pkg/lib/python3.8/site-packages/py_service_pkg
copying /home/lee/Capstone/src/build/py_service_pkg/build/lib/py_service_pkg/basic_srv_client.py -> /home/lee/Capstone/src/install/py_service_pkg/lib/python3.8/site-packages/py_service_pkg
copying /home/lee/Capstone/src/build/py_service_pkg/build/lib/py_service_pkg/basic_srv_server.py -> /home/lee/Capstone/src/install/py_service_pkg/lib/python3.8/site-packages/py_service_pkg
copying /home/lee/Capstone/src/build/py_service_pkg/build/lib/py_service_pkg/spawn_skidbot.py -> /home/lee/Capstone/src/install/py_service_pkg/lib/python3.8/site-packages/py_service_pkg
copying /home/lee/Capstone/src/build/py_service_pkg/build/lib/py_service_pkg/__init__.py -> /home/lee/Capstone/src/install/py_service_pkg/lib/python3.8/site-packages/py_service_pkg
byte-compiling /home/lee/Capstone/src/install/py_service_pkg/lib/python3.8/site-packages/py_service_pkg/custom_srv_client.py to custom_srv_client.cpython-38.pyc
byte-compiling /home/lee/Capstone/src/install/py_service_pkg/lib/python3.8/site-packages/py_service_pkg/custom_srv_server.py to custom_srv_server.cpython-38.pyc
byte-compiling /home/lee/Capstone/src/install/py_service_pkg/lib/python3.8/site-packages/py_service_pkg/robot_turning_client.py to robot_turning_client.cpython-38.pyc
byte-compiling /home/lee/Capstone/src/install/py_service_pkg/lib/python3.8/site-packages/py_service_pkg/spawn_model.py to spawn_model.cpython-38.pyc
byte-compiling /home/lee/Capstone/src/install/py_service_pkg/lib/python3.8/site-packages/py_service_pkg/robot_turning_srv.py to robot_turning_srv.cpython-38.pyc
byte-compiling /home/lee/Capstone/src/install/py_service_pkg/lib/python3.8/site-packages/py_service_pkg/basic_srv_client.py to basic_srv_client.cpython-38.pyc
byte-compiling /home/lee/Capstone/src/install/py_service_pkg/lib/python3.8/site-packages/py_service_pkg/basic_srv_server.py to basic_srv_server.cpython-38.pyc
byte-compiling /home/lee/Capstone/src/install/py_service_pkg/lib/python3.8/site-packages/py_service_pkg/spawn_skidbot.py to spawn_skidbot.cpython-38.pyc
byte-compiling /home/lee/Capstone/src/install/py_service_pkg/lib/python3.8/site-packages/py_service_pkg/__init__.py to __init__.cpython-38.pyc
running install_data
creating /home/lee/Capstone/src/install/py_service_pkg/share/ament_index
creating /home/lee/Capstone/src/install/py_service_pkg/share/ament_index/resource_index
creating /home/lee/Capstone/src/install/py_service_pkg/share/ament_index/resource_index/packages
copying resource/py_service_pkg -> /home/lee/Capstone/src/install/py_service_pkg/share/ament_index/resource_index/packages
copying package.xml -> /home/lee/Capstone/src/install/py_service_pkg/share/py_service_pkg
running install_egg_info
Copying ../../build/py_service_pkg/py_service_pkg.egg-info to /home/lee/Capstone/src/install/py_service_pkg/lib/python3.8/site-packages/py_service_pkg-0.0.0-py3.8.egg-info
running install_scripts
Installing basic_client script to /home/lee/Capstone/src/install/py_service_pkg/lib/py_service_pkg
Installing basic_server script to /home/lee/Capstone/src/install/py_service_pkg/lib/py_service_pkg
Installing custom_srv_client script to /home/lee/Capstone/src/install/py_service_pkg/lib/py_service_pkg
Installing custom_srv_server script to /home/lee/Capstone/src/install/py_service_pkg/lib/py_service_pkg
Installing gazebo_model_spawner script to /home/lee/Capstone/src/install/py_service_pkg/lib/py_service_pkg
Installing robot_turning_client script to /home/lee/Capstone/src/install/py_service_pkg/lib/py_service_pkg
Installing robot_turning_server script to /home/lee/Capstone/src/install/py_service_pkg/lib/py_service_pkg
Installing spawn_skidbot script to /home/lee/Capstone/src/install/py_service_pkg/lib/py_service_pkg
writing list of installed files to '/home/lee/Capstone/src/build/py_service_pkg/install.log'
