[0.046s] Invoking command in '/home/lee/Capstone/build/cpp_topic_pkg': CMAKE_PREFIX_PATH=${CMAKE_PREFIX_PATH}:/home/lee/Capstone/install/turtlebot3_teleop:/home/lee/Capstone/install/hand_tracking_pkg:/home/lee/Capstone/main/install/hand_tracking_pkg:/opt/ros/foxy /usr/bin/cmake --build /home/lee/Capstone/build/cpp_topic_pkg -- -j16 -l16
[0.621s] [ 14%] Built target topic_pub_oop_node
[0.621s] [ 57%] Built target topic_sub_oop_node
[0.621s] [ 57%] Built target laser_sub_node
[0.621s] [ 57%] Built target parking_node
[0.622s] [ 71%] Built target cmd_vel_pub_node
[0.622s] [ 85%] Built target topic_pub_node
[0.622s] [100%] Built target topic_sub_node
[0.627s] Invoked command in '/home/lee/Capstone/build/cpp_topic_pkg' returned '0': CMAKE_PREFIX_PATH=${CMAKE_PREFIX_PATH}:/home/lee/Capstone/install/turtlebot3_teleop:/home/lee/Capstone/install/hand_tracking_pkg:/home/lee/Capstone/main/install/hand_tracking_pkg:/opt/ros/foxy /usr/bin/cmake --build /home/lee/Capstone/build/cpp_topic_pkg -- -j16 -l16
[0.671s] Invoking command in '/home/lee/Capstone/build/cpp_topic_pkg': CMAKE_PREFIX_PATH=${CMAKE_PREFIX_PATH}:/home/lee/Capstone/install/turtlebot3_teleop:/home/lee/Capstone/install/hand_tracking_pkg:/home/lee/Capstone/main/install/hand_tracking_pkg:/opt/ros/foxy /usr/bin/cmake --install /home/lee/Capstone/build/cpp_topic_pkg
[0.686s] -- Install configuration: ""
[0.686s] -- Up-to-date: /home/lee/Capstone/install/cpp_topic_pkg/lib/cpp_topic_pkg/cmd_vel_pub_node
[0.686s] -- Up-to-date: /home/lee/Capstone/install/cpp_topic_pkg/lib/cpp_topic_pkg/laser_sub_node
[0.687s] -- Up-to-date: /home/lee/Capstone/install/cpp_topic_pkg/lib/cpp_topic_pkg/parking_node
[0.687s] -- Up-to-date: /home/lee/Capstone/install/cpp_topic_pkg/lib/cpp_topic_pkg/topic_pub_node
[0.688s] -- Up-to-date: /home/lee/Capstone/install/cpp_topic_pkg/lib/cpp_topic_pkg/topic_pub_oop_node
[0.688s] -- Up-to-date: /home/lee/Capstone/install/cpp_topic_pkg/lib/cpp_topic_pkg/topic_sub_node
[0.688s] -- Up-to-date: /home/lee/Capstone/install/cpp_topic_pkg/lib/cpp_topic_pkg/topic_sub_oop_node
[0.688s] -- Up-to-date: /home/lee/Capstone/install/cpp_topic_pkg/share/ament_index/resource_index/package_run_dependencies/cpp_topic_pkg
[0.688s] -- Up-to-date: /home/lee/Capstone/install/cpp_topic_pkg/share/ament_index/resource_index/parent_prefix_path/cpp_topic_pkg
[0.688s] -- Up-to-date: /home/lee/Capstone/install/cpp_topic_pkg/share/cpp_topic_pkg/environment/ament_prefix_path.sh
[0.688s] -- Up-to-date: /home/lee/Capstone/install/cpp_topic_pkg/share/cpp_topic_pkg/environment/ament_prefix_path.dsv
[0.688s] -- Up-to-date: /home/lee/Capstone/install/cpp_topic_pkg/share/cpp_topic_pkg/environment/path.sh
[0.688s] -- Up-to-date: /home/lee/Capstone/install/cpp_topic_pkg/share/cpp_topic_pkg/environment/path.dsv
[0.688s] -- Up-to-date: /home/lee/Capstone/install/cpp_topic_pkg/share/cpp_topic_pkg/local_setup.bash
[0.688s] -- Up-to-date: /home/lee/Capstone/install/cpp_topic_pkg/share/cpp_topic_pkg/local_setup.sh
[0.688s] -- Up-to-date: /home/lee/Capstone/install/cpp_topic_pkg/share/cpp_topic_pkg/local_setup.zsh
[0.688s] -- Up-to-date: /home/lee/Capstone/install/cpp_topic_pkg/share/cpp_topic_pkg/local_setup.dsv
[0.688s] -- Installing: /home/lee/Capstone/install/cpp_topic_pkg/share/cpp_topic_pkg/package.dsv
[0.688s] -- Up-to-date: /home/lee/Capstone/install/cpp_topic_pkg/share/ament_index/resource_index/packages/cpp_topic_pkg
[0.688s] -- Up-to-date: /home/lee/Capstone/install/cpp_topic_pkg/share/cpp_topic_pkg/cmake/cpp_topic_pkgConfig.cmake
[0.688s] -- Up-to-date: /home/lee/Capstone/install/cpp_topic_pkg/share/cpp_topic_pkg/cmake/cpp_topic_pkgConfig-version.cmake
[0.688s] -- Up-to-date: /home/lee/Capstone/install/cpp_topic_pkg/share/cpp_topic_pkg/package.xml
[0.719s] Invoked command in '/home/lee/Capstone/build/cpp_topic_pkg' returned '0': CMAKE_PREFIX_PATH=${CMAKE_PREFIX_PATH}:/home/lee/Capstone/install/turtlebot3_teleop:/home/lee/Capstone/install/hand_tracking_pkg:/home/lee/Capstone/main/install/hand_tracking_pkg:/opt/ros/foxy /usr/bin/cmake --install /home/lee/Capstone/build/cpp_topic_pkg
