[1.085s] Invoking command in '/home/lee/Capstone/src/gcamp_ros2_basic/py_action_pkg': AMENT_PREFIX_PATH=/home/lee/Capstone/src/install/custom_interfaces:${AMENT_PREFIX_PATH} CMAKE_PREFIX_PATH=/home/lee/Capstone/src/install/custom_interfaces:${CMAKE_PREFIX_PATH} LD_LIBRARY_PATH=/home/lee/Capstone/src/install/custom_interfaces/lib:${LD_LIBRARY_PATH} PYTHONPATH=/home/lee/Capstone/src/build/py_action_pkg/prefix_override:/home/lee/Capstone/src/install/py_action_pkg/lib/python3.8/site-packages:/home/lee/Capstone/src/install/custom_interfaces/lib/python3.8/site-packages:${PYTHONPATH} /usr/bin/python3 -W ignore:setup.py install is deprecated setup.py egg_info --egg-base ../../build/py_action_pkg build --build-base /home/lee/Capstone/src/build/py_action_pkg/build install --record /home/lee/Capstone/src/build/py_action_pkg/install.log --install-scripts $base/lib/py_action_pkg --single-version-externally-managed install_data
[1.299s] running egg_info
[1.299s] creating ../../build/py_action_pkg/py_action_pkg.egg-info
[1.299s] writing ../../build/py_action_pkg/py_action_pkg.egg-info/PKG-INFO
[1.299s] writing dependency_links to ../../build/py_action_pkg/py_action_pkg.egg-info/dependency_links.txt
[1.299s] writing entry points to ../../build/py_action_pkg/py_action_pkg.egg-info/entry_points.txt
[1.299s] writing requirements to ../../build/py_action_pkg/py_action_pkg.egg-info/requires.txt
[1.299s] writing top-level names to ../../build/py_action_pkg/py_action_pkg.egg-info/top_level.txt
[1.300s] writing manifest file '../../build/py_action_pkg/py_action_pkg.egg-info/SOURCES.txt'
[1.321s] reading manifest file '../../build/py_action_pkg/py_action_pkg.egg-info/SOURCES.txt'
[1.321s] writing manifest file '../../build/py_action_pkg/py_action_pkg.egg-info/SOURCES.txt'
[1.321s] running build
[1.321s] running build_py
[1.321s] creating /home/lee/Capstone/src/build/py_action_pkg/build
[1.321s] creating /home/lee/Capstone/src/build/py_action_pkg/build/lib
[1.321s] creating /home/lee/Capstone/src/build/py_action_pkg/build/lib/py_action_pkg
[1.321s] copying py_action_pkg/robot_controller.py -> /home/lee/Capstone/src/build/py_action_pkg/build/lib/py_action_pkg
[1.321s] copying py_action_pkg/maze_action_server.py -> /home/lee/Capstone/src/build/py_action_pkg/build/lib/py_action_pkg
[1.322s] copying py_action_pkg/fibonacci_action_server.py -> /home/lee/Capstone/src/build/py_action_pkg/build/lib/py_action_pkg
[1.322s] copying py_action_pkg/image_sub.py -> /home/lee/Capstone/src/build/py_action_pkg/build/lib/py_action_pkg
[1.322s] copying py_action_pkg/fibonacci_action_client_cancel.py -> /home/lee/Capstone/src/build/py_action_pkg/build/lib/py_action_pkg
[1.322s] copying py_action_pkg/fibonacci_action_server_cancel.py -> /home/lee/Capstone/src/build/py_action_pkg/build/lib/py_action_pkg
[1.322s] copying py_action_pkg/fibonacci_action_client.py -> /home/lee/Capstone/src/build/py_action_pkg/build/lib/py_action_pkg
[1.322s] copying py_action_pkg/maze_action_client.py -> /home/lee/Capstone/src/build/py_action_pkg/build/lib/py_action_pkg
[1.322s] copying py_action_pkg/odom_sub.py -> /home/lee/Capstone/src/build/py_action_pkg/build/lib/py_action_pkg
[1.322s] copying py_action_pkg/__init__.py -> /home/lee/Capstone/src/build/py_action_pkg/build/lib/py_action_pkg
[1.322s] running install
[1.322s] running install_lib
[1.323s] creating /home/lee/Capstone/src/install/py_action_pkg/lib/python3.8/site-packages/py_action_pkg
[1.323s] copying /home/lee/Capstone/src/build/py_action_pkg/build/lib/py_action_pkg/robot_controller.py -> /home/lee/Capstone/src/install/py_action_pkg/lib/python3.8/site-packages/py_action_pkg
[1.323s] copying /home/lee/Capstone/src/build/py_action_pkg/build/lib/py_action_pkg/maze_action_server.py -> /home/lee/Capstone/src/install/py_action_pkg/lib/python3.8/site-packages/py_action_pkg
[1.323s] copying /home/lee/Capstone/src/build/py_action_pkg/build/lib/py_action_pkg/fibonacci_action_server.py -> /home/lee/Capstone/src/install/py_action_pkg/lib/python3.8/site-packages/py_action_pkg
[1.323s] copying /home/lee/Capstone/src/build/py_action_pkg/build/lib/py_action_pkg/image_sub.py -> /home/lee/Capstone/src/install/py_action_pkg/lib/python3.8/site-packages/py_action_pkg
[1.323s] copying /home/lee/Capstone/src/build/py_action_pkg/build/lib/py_action_pkg/fibonacci_action_client_cancel.py -> /home/lee/Capstone/src/install/py_action_pkg/lib/python3.8/site-packages/py_action_pkg
[1.323s] copying /home/lee/Capstone/src/build/py_action_pkg/build/lib/py_action_pkg/fibonacci_action_server_cancel.py -> /home/lee/Capstone/src/install/py_action_pkg/lib/python3.8/site-packages/py_action_pkg
[1.324s] copying /home/lee/Capstone/src/build/py_action_pkg/build/lib/py_action_pkg/fibonacci_action_client.py -> /home/lee/Capstone/src/install/py_action_pkg/lib/python3.8/site-packages/py_action_pkg
[1.324s] copying /home/lee/Capstone/src/build/py_action_pkg/build/lib/py_action_pkg/maze_action_client.py -> /home/lee/Capstone/src/install/py_action_pkg/lib/python3.8/site-packages/py_action_pkg
[1.324s] copying /home/lee/Capstone/src/build/py_action_pkg/build/lib/py_action_pkg/odom_sub.py -> /home/lee/Capstone/src/install/py_action_pkg/lib/python3.8/site-packages/py_action_pkg
[1.324s] copying /home/lee/Capstone/src/build/py_action_pkg/build/lib/py_action_pkg/__init__.py -> /home/lee/Capstone/src/install/py_action_pkg/lib/python3.8/site-packages/py_action_pkg
[1.324s] byte-compiling /home/lee/Capstone/src/install/py_action_pkg/lib/python3.8/site-packages/py_action_pkg/robot_controller.py to robot_controller.cpython-38.pyc
[1.325s] byte-compiling /home/lee/Capstone/src/install/py_action_pkg/lib/python3.8/site-packages/py_action_pkg/maze_action_server.py to maze_action_server.cpython-38.pyc
[1.326s] byte-compiling /home/lee/Capstone/src/install/py_action_pkg/lib/python3.8/site-packages/py_action_pkg/fibonacci_action_server.py to fibonacci_action_server.cpython-38.pyc
[1.326s] byte-compiling /home/lee/Capstone/src/install/py_action_pkg/lib/python3.8/site-packages/py_action_pkg/image_sub.py to image_sub.cpython-38.pyc
[1.326s] byte-compiling /home/lee/Capstone/src/install/py_action_pkg/lib/python3.8/site-packages/py_action_pkg/fibonacci_action_client_cancel.py to fibonacci_action_client_cancel.cpython-38.pyc
[1.327s] byte-compiling /home/lee/Capstone/src/install/py_action_pkg/lib/python3.8/site-packages/py_action_pkg/fibonacci_action_server_cancel.py to fibonacci_action_server_cancel.cpython-38.pyc
[1.327s] byte-compiling /home/lee/Capstone/src/install/py_action_pkg/lib/python3.8/site-packages/py_action_pkg/fibonacci_action_client.py to fibonacci_action_client.cpython-38.pyc
[1.327s] byte-compiling /home/lee/Capstone/src/install/py_action_pkg/lib/python3.8/site-packages/py_action_pkg/maze_action_client.py to maze_action_client.cpython-38.pyc
[1.327s] byte-compiling /home/lee/Capstone/src/install/py_action_pkg/lib/python3.8/site-packages/py_action_pkg/odom_sub.py to odom_sub.cpython-38.pyc
[1.328s] byte-compiling /home/lee/Capstone/src/install/py_action_pkg/lib/python3.8/site-packages/py_action_pkg/__init__.py to __init__.cpython-38.pyc
[1.328s] running install_data
[1.328s] creating /home/lee/Capstone/src/install/py_action_pkg/share/ament_index
[1.328s] creating /home/lee/Capstone/src/install/py_action_pkg/share/ament_index/resource_index
[1.328s] creating /home/lee/Capstone/src/install/py_action_pkg/share/ament_index/resource_index/packages
[1.328s] copying resource/py_action_pkg -> /home/lee/Capstone/src/install/py_action_pkg/share/ament_index/resource_index/packages
[1.328s] copying package.xml -> /home/lee/Capstone/src/install/py_action_pkg/share/py_action_pkg
[1.328s] creating /home/lee/Capstone/src/install/py_action_pkg/share/py_action_pkg/launch
[1.328s] copying launch/maze_action_srv.launch.py -> /home/lee/Capstone/src/install/py_action_pkg/share/py_action_pkg/launch
[1.328s] running install_egg_info
[1.330s] Copying ../../build/py_action_pkg/py_action_pkg.egg-info to /home/lee/Capstone/src/install/py_action_pkg/lib/python3.8/site-packages/py_action_pkg-0.0.0-py3.8.egg-info
[1.330s] running install_scripts
[1.342s] Installing fibonacci_action_client script to /home/lee/Capstone/src/install/py_action_pkg/lib/py_action_pkg
[1.342s] Installing fibonacci_action_client_cancel script to /home/lee/Capstone/src/install/py_action_pkg/lib/py_action_pkg
[1.342s] Installing fibonacci_action_server script to /home/lee/Capstone/src/install/py_action_pkg/lib/py_action_pkg
[1.342s] Installing fibonacci_action_server_cancel script to /home/lee/Capstone/src/install/py_action_pkg/lib/py_action_pkg
[1.342s] Installing img_subscriber_node script to /home/lee/Capstone/src/install/py_action_pkg/lib/py_action_pkg
[1.342s] Installing maze_action_client script to /home/lee/Capstone/src/install/py_action_pkg/lib/py_action_pkg
[1.343s] Installing maze_action_server script to /home/lee/Capstone/src/install/py_action_pkg/lib/py_action_pkg
[1.343s] Installing odom_sub_node script to /home/lee/Capstone/src/install/py_action_pkg/lib/py_action_pkg
[1.343s] Installing robot_controller script to /home/lee/Capstone/src/install/py_action_pkg/lib/py_action_pkg
[1.343s] writing list of installed files to '/home/lee/Capstone/src/build/py_action_pkg/install.log'
[1.362s] Invoked command in '/home/lee/Capstone/src/gcamp_ros2_basic/py_action_pkg' returned '0': AMENT_PREFIX_PATH=/home/lee/Capstone/src/install/custom_interfaces:${AMENT_PREFIX_PATH} CMAKE_PREFIX_PATH=/home/lee/Capstone/src/install/custom_interfaces:${CMAKE_PREFIX_PATH} LD_LIBRARY_PATH=/home/lee/Capstone/src/install/custom_interfaces/lib:${LD_LIBRARY_PATH} PYTHONPATH=/home/lee/Capstone/src/build/py_action_pkg/prefix_override:/home/lee/Capstone/src/install/py_action_pkg/lib/python3.8/site-packages:/home/lee/Capstone/src/install/custom_interfaces/lib/python3.8/site-packages:${PYTHONPATH} /usr/bin/python3 -W ignore:setup.py install is deprecated setup.py egg_info --egg-base ../../build/py_action_pkg build --build-base /home/lee/Capstone/src/build/py_action_pkg/build install --record /home/lee/Capstone/src/build/py_action_pkg/install.log --install-scripts $base/lib/py_action_pkg --single-version-externally-managed install_data
