[0.197s] Invoking command in '/home/lee/Capstone/src/build/cpp_service_tutorial': CMAKE_PREFIX_PATH=${CMAKE_PREFIX_PATH}:/home/lee/turtlebot3_ws/install/turtlebot3_teleop:/home/lee/turtlebot3_ws/install/turtlebot3_example:/home/lee/gcamp_ros2_ws/install/py_topic_pkg:/home/lee/gcamp_ros2_ws/install/py_service_pkg:/home/lee/gcamp_ros2_ws/install/py_first_pkg:/home/lee/gcamp_ros2_ws/install/py_action_pkg:/opt/ros/foxy /usr/bin/cmake /home/lee/Capstone/src/gcamp_ros2_basic/cpp_service_tutorial -DCMAKE_INSTALL_PREFIX=/home/lee/Capstone/src/install/cpp_service_tutorial
[0.741s] -- The C compiler identification is GNU 9.4.0
[0.741s] -- The CXX compiler identification is GNU 9.4.0
[0.741s] -- Check for working C compiler: /usr/bin/cc
[0.741s] -- Check for working C compiler: /usr/bin/cc -- works
[0.741s] -- Detecting C compiler ABI info
[0.741s] -- Detecting C compiler ABI info - done
[0.741s] -- Detecting C compile features
[0.741s] -- Detecting C compile features - done
[0.741s] -- Check for working CXX compiler: /usr/bin/c++
[0.741s] -- Check for working CXX compiler: /usr/bin/c++ -- works
[0.741s] -- Detecting CXX compiler ABI info
[0.741s] -- Detecting CXX compiler ABI info - done
[0.741s] -- Detecting CXX compile features
[0.742s] -- Detecting CXX compile features - done
[0.742s] -- Found ament_cmake: 0.9.12 (/opt/ros/foxy/share/ament_cmake/cmake)
[0.742s] -- Found PythonInterp: /usr/bin/python3 (found suitable version "3.8.10", minimum required is "3") 
[0.742s] -- Using PYTHON_EXECUTABLE: /usr/bin/python3
[0.748s] -- Found std_msgs: 2.0.5 (/opt/ros/foxy/share/std_msgs/cmake)
[0.779s] -- Using all available rosidl_typesupport_c: rosidl_typesupport_fastrtps_c;rosidl_typesupport_introspection_c
[0.790s] -- Found rosidl_adapter: 1.3.1 (/opt/ros/foxy/share/rosidl_adapter/cmake)
[0.880s] -- Found OpenSSL: /usr/lib/x86_64-linux-gnu/libcrypto.so (found version "1.1.1f")  
[0.908s] -- Found FastRTPS: /opt/ros/foxy/include  
[0.994s] -- Using all available rosidl_typesupport_cpp: rosidl_typesupport_fastrtps_cpp;rosidl_typesupport_introspection_cpp
[1.032s] -- Found std_srvs: 2.0.5 (/opt/ros/foxy/share/std_srvs/cmake)
[1.040s] -- Found rclcpp: 2.4.3 (/opt/ros/foxy/share/rclcpp/cmake)
[1.081s] -- Found rmw_implementation_cmake: 1.0.4 (/opt/ros/foxy/share/rmw_implementation_cmake/cmake)
[1.083s] -- Using RMW implementation 'rmw_fastrtps_cpp' as default
[1.084s] -- Looking for pthread.h
[1.139s] -- Looking for pthread.h - found
[1.139s] -- Performing Test CMAKE_HAVE_LIBC_PTHREAD
[1.189s] -- Performing Test CMAKE_HAVE_LIBC_PTHREAD - Failed
[1.189s] -- Looking for pthread_create in pthreads
[1.231s] -- Looking for pthread_create in pthreads - not found
[1.231s] -- Looking for pthread_create in pthread
[1.287s] -- Looking for pthread_create in pthread - found
[1.288s] -- Found Threads: TRUE  
[1.388s] -- Found gazebo_msgs: 3.5.3 (/opt/ros/foxy/share/gazebo_msgs/cmake)
[1.550s] -- Found ament_lint_auto: 0.9.8 (/opt/ros/foxy/share/ament_lint_auto/cmake)
[1.637s] -- Added test 'cppcheck' to perform static code analysis on C / C++ code
[1.637s] -- Configured cppcheck include dirs: 
[1.637s] -- Configured cppcheck exclude dirs and/or files: 
[1.638s] -- Added test 'lint_cmake' to check CMake code style
[1.639s] -- Added test 'uncrustify' to check C / C++ code style
[1.639s] -- Configured uncrustify additional arguments: 
[1.640s] -- Added test 'xmllint' to check XML markup files
[1.642s] -- Configuring done
[1.656s] -- Generating done
[1.657s] -- Build files have been written to: /home/lee/Capstone/src/build/cpp_service_tutorial
[1.665s] Invoked command in '/home/lee/Capstone/src/build/cpp_service_tutorial' returned '0': CMAKE_PREFIX_PATH=${CMAKE_PREFIX_PATH}:/home/lee/turtlebot3_ws/install/turtlebot3_teleop:/home/lee/turtlebot3_ws/install/turtlebot3_example:/home/lee/gcamp_ros2_ws/install/py_topic_pkg:/home/lee/gcamp_ros2_ws/install/py_service_pkg:/home/lee/gcamp_ros2_ws/install/py_first_pkg:/home/lee/gcamp_ros2_ws/install/py_action_pkg:/opt/ros/foxy /usr/bin/cmake /home/lee/Capstone/src/gcamp_ros2_basic/cpp_service_tutorial -DCMAKE_INSTALL_PREFIX=/home/lee/Capstone/src/install/cpp_service_tutorial
[1.668s] Invoking command in '/home/lee/Capstone/src/build/cpp_service_tutorial': CMAKE_PREFIX_PATH=${CMAKE_PREFIX_PATH}:/home/lee/turtlebot3_ws/install/turtlebot3_teleop:/home/lee/turtlebot3_ws/install/turtlebot3_example:/home/lee/gcamp_ros2_ws/install/py_topic_pkg:/home/lee/gcamp_ros2_ws/install/py_service_pkg:/home/lee/gcamp_ros2_ws/install/py_first_pkg:/home/lee/gcamp_ros2_ws/install/py_action_pkg:/opt/ros/foxy /usr/bin/cmake --build /home/lee/Capstone/src/build/cpp_service_tutorial -- -j16 -l16
[1.696s] [35m[1mScanning dependencies of target srv_server_node[0m
[1.696s] [35m[1mScanning dependencies of target srv_client_node[0m
[1.696s] [35m[1mScanning dependencies of target cpp_simple_service_client_node[0m
[1.726s] [ 12%] [32mBuilding CXX object CMakeFiles/srv_server_node.dir/src/srv_server.cpp.o[0m
[1.731s] [ 25%] [32mBuilding CXX object CMakeFiles/srv_client_node.dir/src/srv_client.cpp.o[0m
[1.744s] [35m[1mScanning dependencies of target cpp_simple_service_dummy_server_node[0m
[1.759s] [ 37%] [32mBuilding CXX object CMakeFiles/cpp_simple_service_client_node.dir/src/cpp_simple_service_client.cpp.o[0m
[1.771s] [ 50%] [32mBuilding CXX object CMakeFiles/cpp_simple_service_dummy_server_node.dir/src/cpp_simple_service_dummy_server.cpp.o[0m
[4.317s] [ 62%] [32m[1mLinking CXX executable cpp_simple_service_dummy_server_node[0m
[4.878s] [ 62%] Built target cpp_simple_service_dummy_server_node
[5.080s] [ 75%] [32m[1mLinking CXX executable srv_server_node[0m
[5.712s] [ 75%] Built target srv_server_node
[5.894s] [ 87%] [32m[1mLinking CXX executable cpp_simple_service_client_node[0m
[6.070s] [100%] [32m[1mLinking CXX executable srv_client_node[0m
[6.137s] [100%] Built target cpp_simple_service_client_node
[6.288s] [100%] Built target srv_client_node
[6.299s] Invoked command in '/home/lee/Capstone/src/build/cpp_service_tutorial' returned '0': CMAKE_PREFIX_PATH=${CMAKE_PREFIX_PATH}:/home/lee/turtlebot3_ws/install/turtlebot3_teleop:/home/lee/turtlebot3_ws/install/turtlebot3_example:/home/lee/gcamp_ros2_ws/install/py_topic_pkg:/home/lee/gcamp_ros2_ws/install/py_service_pkg:/home/lee/gcamp_ros2_ws/install/py_first_pkg:/home/lee/gcamp_ros2_ws/install/py_action_pkg:/opt/ros/foxy /usr/bin/cmake --build /home/lee/Capstone/src/build/cpp_service_tutorial -- -j16 -l16
[6.328s] Invoking command in '/home/lee/Capstone/src/build/cpp_service_tutorial': CMAKE_PREFIX_PATH=${CMAKE_PREFIX_PATH}:/home/lee/turtlebot3_ws/install/turtlebot3_teleop:/home/lee/turtlebot3_ws/install/turtlebot3_example:/home/lee/gcamp_ros2_ws/install/py_topic_pkg:/home/lee/gcamp_ros2_ws/install/py_service_pkg:/home/lee/gcamp_ros2_ws/install/py_first_pkg:/home/lee/gcamp_ros2_ws/install/py_action_pkg:/opt/ros/foxy /usr/bin/cmake --install /home/lee/Capstone/src/build/cpp_service_tutorial
[6.336s] -- Install configuration: ""
[6.337s] -- Installing: /home/lee/Capstone/src/install/cpp_service_tutorial/lib/cpp_service_tutorial/cpp_simple_service_client_node
[6.337s] -- Set runtime path of "/home/lee/Capstone/src/install/cpp_service_tutorial/lib/cpp_service_tutorial/cpp_simple_service_client_node" to ""
[6.337s] -- Installing: /home/lee/Capstone/src/install/cpp_service_tutorial/lib/cpp_service_tutorial/cpp_simple_service_dummy_server_node
[6.338s] -- Set runtime path of "/home/lee/Capstone/src/install/cpp_service_tutorial/lib/cpp_service_tutorial/cpp_simple_service_dummy_server_node" to ""
[6.338s] -- Installing: /home/lee/Capstone/src/install/cpp_service_tutorial/lib/cpp_service_tutorial/srv_server_node
[6.338s] -- Set runtime path of "/home/lee/Capstone/src/install/cpp_service_tutorial/lib/cpp_service_tutorial/srv_server_node" to ""
[6.338s] -- Installing: /home/lee/Capstone/src/install/cpp_service_tutorial/lib/cpp_service_tutorial/srv_client_node
[6.339s] -- Set runtime path of "/home/lee/Capstone/src/install/cpp_service_tutorial/lib/cpp_service_tutorial/srv_client_node" to ""
[6.339s] -- Installing: /home/lee/Capstone/src/install/cpp_service_tutorial/share/ament_index/resource_index/package_run_dependencies/cpp_service_tutorial
[6.339s] -- Installing: /home/lee/Capstone/src/install/cpp_service_tutorial/share/ament_index/resource_index/parent_prefix_path/cpp_service_tutorial
[6.339s] -- Installing: /home/lee/Capstone/src/install/cpp_service_tutorial/share/cpp_service_tutorial/environment/ament_prefix_path.sh
[6.339s] -- Installing: /home/lee/Capstone/src/install/cpp_service_tutorial/share/cpp_service_tutorial/environment/ament_prefix_path.dsv
[6.339s] -- Installing: /home/lee/Capstone/src/install/cpp_service_tutorial/share/cpp_service_tutorial/environment/path.sh
[6.339s] -- Installing: /home/lee/Capstone/src/install/cpp_service_tutorial/share/cpp_service_tutorial/environment/path.dsv
[6.339s] -- Installing: /home/lee/Capstone/src/install/cpp_service_tutorial/share/cpp_service_tutorial/local_setup.bash
[6.339s] -- Installing: /home/lee/Capstone/src/install/cpp_service_tutorial/share/cpp_service_tutorial/local_setup.sh
[6.339s] -- Installing: /home/lee/Capstone/src/install/cpp_service_tutorial/share/cpp_service_tutorial/local_setup.zsh
[6.339s] -- Installing: /home/lee/Capstone/src/install/cpp_service_tutorial/share/cpp_service_tutorial/local_setup.dsv
[6.340s] -- Installing: /home/lee/Capstone/src/install/cpp_service_tutorial/share/cpp_service_tutorial/package.dsv
[6.340s] -- Installing: /home/lee/Capstone/src/install/cpp_service_tutorial/share/ament_index/resource_index/packages/cpp_service_tutorial
[6.340s] -- Installing: /home/lee/Capstone/src/install/cpp_service_tutorial/share/cpp_service_tutorial/cmake/cpp_service_tutorialConfig.cmake
[6.340s] -- Installing: /home/lee/Capstone/src/install/cpp_service_tutorial/share/cpp_service_tutorial/cmake/cpp_service_tutorialConfig-version.cmake
[6.340s] -- Installing: /home/lee/Capstone/src/install/cpp_service_tutorial/share/cpp_service_tutorial/package.xml
[6.342s] Invoked command in '/home/lee/Capstone/src/build/cpp_service_tutorial' returned '0': CMAKE_PREFIX_PATH=${CMAKE_PREFIX_PATH}:/home/lee/turtlebot3_ws/install/turtlebot3_teleop:/home/lee/turtlebot3_ws/install/turtlebot3_example:/home/lee/gcamp_ros2_ws/install/py_topic_pkg:/home/lee/gcamp_ros2_ws/install/py_service_pkg:/home/lee/gcamp_ros2_ws/install/py_first_pkg:/home/lee/gcamp_ros2_ws/install/py_action_pkg:/opt/ros/foxy /usr/bin/cmake --install /home/lee/Capstone/src/build/cpp_service_tutorial
