[0.536s] Invoking command in '/home/lee/Capstone/src/gcamp_ros2_basic/py_service_pkg': AMENT_PREFIX_PATH=/home/lee/Capstone/install/custom_interfaces:${AMENT_PREFIX_PATH} CMAKE_PREFIX_PATH=/home/lee/Capstone/install/custom_interfaces:${CMAKE_PREFIX_PATH} LD_LIBRARY_PATH=/home/lee/Capstone/install/custom_interfaces/lib:${LD_LIBRARY_PATH} PYTHONPATH=/home/lee/Capstone/build/py_service_pkg/prefix_override:/home/lee/Capstone/install/py_service_pkg/lib/python3.8/site-packages:/home/lee/Capstone/install/custom_interfaces/lib/python3.8/site-packages:${PYTHONPATH} /usr/bin/python3 -W ignore:setup.py install is deprecated setup.py egg_info --egg-base ../../../build/py_service_pkg build --build-base /home/lee/Capstone/build/py_service_pkg/build install --record /home/lee/Capstone/build/py_service_pkg/install.log --install-scripts $base/lib/py_service_pkg --single-version-externally-managed install_data
[0.663s] running egg_info
[0.663s] creating ../../../build/py_service_pkg/py_service_pkg.egg-info
[0.663s] writing ../../../build/py_service_pkg/py_service_pkg.egg-info/PKG-INFO
[0.663s] writing dependency_links to ../../../build/py_service_pkg/py_service_pkg.egg-info/dependency_links.txt
[0.663s] writing entry points to ../../../build/py_service_pkg/py_service_pkg.egg-info/entry_points.txt
[0.663s] writing requirements to ../../../build/py_service_pkg/py_service_pkg.egg-info/requires.txt
[0.664s] writing top-level names to ../../../build/py_service_pkg/py_service_pkg.egg-info/top_level.txt
[0.664s] writing manifest file '../../../build/py_service_pkg/py_service_pkg.egg-info/SOURCES.txt'
[0.684s] reading manifest file '../../../build/py_service_pkg/py_service_pkg.egg-info/SOURCES.txt'
[0.685s] writing manifest file '../../../build/py_service_pkg/py_service_pkg.egg-info/SOURCES.txt'
[0.685s] running build
[0.685s] running build_py
[0.686s] creating /home/lee/Capstone/build/py_service_pkg/build
[0.686s] creating /home/lee/Capstone/build/py_service_pkg/build/lib
[0.686s] creating /home/lee/Capstone/build/py_service_pkg/build/lib/py_service_pkg
[0.686s] copying py_service_pkg/custom_srv_client.py -> /home/lee/Capstone/build/py_service_pkg/build/lib/py_service_pkg
[0.686s] copying py_service_pkg/custom_srv_server.py -> /home/lee/Capstone/build/py_service_pkg/build/lib/py_service_pkg
[0.686s] copying py_service_pkg/robot_turning_client.py -> /home/lee/Capstone/build/py_service_pkg/build/lib/py_service_pkg
[0.687s] copying py_service_pkg/spawn_model.py -> /home/lee/Capstone/build/py_service_pkg/build/lib/py_service_pkg
[0.687s] copying py_service_pkg/robot_turning_srv.py -> /home/lee/Capstone/build/py_service_pkg/build/lib/py_service_pkg
[0.687s] copying py_service_pkg/basic_srv_client.py -> /home/lee/Capstone/build/py_service_pkg/build/lib/py_service_pkg
[0.687s] copying py_service_pkg/basic_srv_server.py -> /home/lee/Capstone/build/py_service_pkg/build/lib/py_service_pkg
[0.687s] copying py_service_pkg/spawn_skidbot.py -> /home/lee/Capstone/build/py_service_pkg/build/lib/py_service_pkg
[0.687s] copying py_service_pkg/__init__.py -> /home/lee/Capstone/build/py_service_pkg/build/lib/py_service_pkg
[0.687s] running install
[0.687s] running install_lib
[0.688s] creating /home/lee/Capstone/install/py_service_pkg/lib/python3.8/site-packages/py_service_pkg
[0.688s] copying /home/lee/Capstone/build/py_service_pkg/build/lib/py_service_pkg/custom_srv_client.py -> /home/lee/Capstone/install/py_service_pkg/lib/python3.8/site-packages/py_service_pkg
[0.688s] copying /home/lee/Capstone/build/py_service_pkg/build/lib/py_service_pkg/custom_srv_server.py -> /home/lee/Capstone/install/py_service_pkg/lib/python3.8/site-packages/py_service_pkg
[0.688s] copying /home/lee/Capstone/build/py_service_pkg/build/lib/py_service_pkg/robot_turning_client.py -> /home/lee/Capstone/install/py_service_pkg/lib/python3.8/site-packages/py_service_pkg
[0.688s] copying /home/lee/Capstone/build/py_service_pkg/build/lib/py_service_pkg/spawn_model.py -> /home/lee/Capstone/install/py_service_pkg/lib/python3.8/site-packages/py_service_pkg
[0.688s] copying /home/lee/Capstone/build/py_service_pkg/build/lib/py_service_pkg/robot_turning_srv.py -> /home/lee/Capstone/install/py_service_pkg/lib/python3.8/site-packages/py_service_pkg
[0.688s] copying /home/lee/Capstone/build/py_service_pkg/build/lib/py_service_pkg/basic_srv_client.py -> /home/lee/Capstone/install/py_service_pkg/lib/python3.8/site-packages/py_service_pkg
[0.688s] copying /home/lee/Capstone/build/py_service_pkg/build/lib/py_service_pkg/basic_srv_server.py -> /home/lee/Capstone/install/py_service_pkg/lib/python3.8/site-packages/py_service_pkg
[0.689s] copying /home/lee/Capstone/build/py_service_pkg/build/lib/py_service_pkg/spawn_skidbot.py -> /home/lee/Capstone/install/py_service_pkg/lib/python3.8/site-packages/py_service_pkg
[0.689s] copying /home/lee/Capstone/build/py_service_pkg/build/lib/py_service_pkg/__init__.py -> /home/lee/Capstone/install/py_service_pkg/lib/python3.8/site-packages/py_service_pkg
[0.689s] byte-compiling /home/lee/Capstone/install/py_service_pkg/lib/python3.8/site-packages/py_service_pkg/custom_srv_client.py to custom_srv_client.cpython-38.pyc
[0.689s] byte-compiling /home/lee/Capstone/install/py_service_pkg/lib/python3.8/site-packages/py_service_pkg/custom_srv_server.py to custom_srv_server.cpython-38.pyc
[0.689s] byte-compiling /home/lee/Capstone/install/py_service_pkg/lib/python3.8/site-packages/py_service_pkg/robot_turning_client.py to robot_turning_client.cpython-38.pyc
[0.689s] byte-compiling /home/lee/Capstone/install/py_service_pkg/lib/python3.8/site-packages/py_service_pkg/spawn_model.py to spawn_model.cpython-38.pyc
[0.689s] byte-compiling /home/lee/Capstone/install/py_service_pkg/lib/python3.8/site-packages/py_service_pkg/robot_turning_srv.py to robot_turning_srv.cpython-38.pyc
[0.689s] byte-compiling /home/lee/Capstone/install/py_service_pkg/lib/python3.8/site-packages/py_service_pkg/basic_srv_client.py to basic_srv_client.cpython-38.pyc
[0.690s] byte-compiling /home/lee/Capstone/install/py_service_pkg/lib/python3.8/site-packages/py_service_pkg/basic_srv_server.py to basic_srv_server.cpython-38.pyc
[0.690s] byte-compiling /home/lee/Capstone/install/py_service_pkg/lib/python3.8/site-packages/py_service_pkg/spawn_skidbot.py to spawn_skidbot.cpython-38.pyc
[0.690s] byte-compiling /home/lee/Capstone/install/py_service_pkg/lib/python3.8/site-packages/py_service_pkg/__init__.py to __init__.cpython-38.pyc
[0.690s] running install_data
[0.690s] creating /home/lee/Capstone/install/py_service_pkg/share/ament_index
[0.690s] creating /home/lee/Capstone/install/py_service_pkg/share/ament_index/resource_index
[0.690s] creating /home/lee/Capstone/install/py_service_pkg/share/ament_index/resource_index/packages
[0.690s] copying resource/py_service_pkg -> /home/lee/Capstone/install/py_service_pkg/share/ament_index/resource_index/packages
[0.690s] copying package.xml -> /home/lee/Capstone/install/py_service_pkg/share/py_service_pkg
[0.690s] running install_egg_info
[0.691s] Copying ../../../build/py_service_pkg/py_service_pkg.egg-info to /home/lee/Capstone/install/py_service_pkg/lib/python3.8/site-packages/py_service_pkg-0.0.0-py3.8.egg-info
[0.691s] running install_scripts
[0.702s] Installing basic_client script to /home/lee/Capstone/install/py_service_pkg/lib/py_service_pkg
[0.702s] Installing basic_server script to /home/lee/Capstone/install/py_service_pkg/lib/py_service_pkg
[0.702s] Installing custom_srv_client script to /home/lee/Capstone/install/py_service_pkg/lib/py_service_pkg
[0.702s] Installing custom_srv_server script to /home/lee/Capstone/install/py_service_pkg/lib/py_service_pkg
[0.703s] Installing gazebo_model_spawner script to /home/lee/Capstone/install/py_service_pkg/lib/py_service_pkg
[0.703s] Installing robot_turning_client script to /home/lee/Capstone/install/py_service_pkg/lib/py_service_pkg
[0.703s] Installing robot_turning_server script to /home/lee/Capstone/install/py_service_pkg/lib/py_service_pkg
[0.703s] Installing spawn_skidbot script to /home/lee/Capstone/install/py_service_pkg/lib/py_service_pkg
[0.703s] writing list of installed files to '/home/lee/Capstone/build/py_service_pkg/install.log'
[0.719s] Invoked command in '/home/lee/Capstone/src/gcamp_ros2_basic/py_service_pkg' returned '0': AMENT_PREFIX_PATH=/home/lee/Capstone/install/custom_interfaces:${AMENT_PREFIX_PATH} CMAKE_PREFIX_PATH=/home/lee/Capstone/install/custom_interfaces:${CMAKE_PREFIX_PATH} LD_LIBRARY_PATH=/home/lee/Capstone/install/custom_interfaces/lib:${LD_LIBRARY_PATH} PYTHONPATH=/home/lee/Capstone/build/py_service_pkg/prefix_override:/home/lee/Capstone/install/py_service_pkg/lib/python3.8/site-packages:/home/lee/Capstone/install/custom_interfaces/lib/python3.8/site-packages:${PYTHONPATH} /usr/bin/python3 -W ignore:setup.py install is deprecated setup.py egg_info --egg-base ../../../build/py_service_pkg build --build-base /home/lee/Capstone/build/py_service_pkg/build install --record /home/lee/Capstone/build/py_service_pkg/install.log --install-scripts $base/lib/py_service_pkg --single-version-externally-managed install_data
