[0.056s] Invoking command in '/home/lee/Capstone/build/turtlebot3_cartographer': CMAKE_PREFIX_PATH=${CMAKE_PREFIX_PATH}:/home/lee/turtlebot3_ws/install/turtlebot3_teleop:/home/lee/turtlebot3_ws/install/turtlebot3_example:/home/lee/gcamp_ros2_ws/install/py_topic_pkg:/home/lee/gcamp_ros2_ws/install/py_service_pkg:/home/lee/gcamp_ros2_ws/install/py_first_pkg:/home/lee/gcamp_ros2_ws/install/py_action_pkg:/opt/ros/foxy /usr/bin/cmake /home/lee/Capstone/src/turtlebot3/turtlebot3_cartographer -DCMAKE_INSTALL_PREFIX=/home/lee/Capstone/install/turtlebot3_cartographer
[0.819s] -- The C compiler identification is GNU 9.4.0
[0.819s] -- The CXX compiler identification is GNU 9.4.0
[0.819s] -- Check for working C compiler: /usr/bin/cc
[0.819s] -- Check for working C compiler: /usr/bin/cc -- works
[0.819s] -- Detecting C compiler ABI info
[0.819s] -- Detecting C compiler ABI info - done
[0.819s] -- Detecting C compile features
[0.819s] -- Detecting C compile features - done
[0.819s] -- Check for working CXX compiler: /usr/bin/c++
[0.819s] -- Check for working CXX compiler: /usr/bin/c++ -- works
[0.819s] -- Detecting CXX compiler ABI info
[0.819s] -- Detecting CXX compiler ABI info - done
[0.819s] -- Detecting CXX compile features
[0.819s] -- Detecting CXX compile features - done
[0.819s] -- Found ament_cmake: 0.9.12 (/opt/ros/foxy/share/ament_cmake/cmake)
[0.819s] -- Found PythonInterp: /usr/bin/python3 (found suitable version "3.8.10", minimum required is "3") 
[0.819s] -- Using PYTHON_EXECUTABLE: /usr/bin/python3
[0.819s] -- Configuring done
[0.819s] -- Generating done
[0.819s] -- Build files have been written to: /home/lee/Capstone/build/turtlebot3_cartographer
[0.833s] Invoked command in '/home/lee/Capstone/build/turtlebot3_cartographer' returned '0': CMAKE_PREFIX_PATH=${CMAKE_PREFIX_PATH}:/home/lee/turtlebot3_ws/install/turtlebot3_teleop:/home/lee/turtlebot3_ws/install/turtlebot3_example:/home/lee/gcamp_ros2_ws/install/py_topic_pkg:/home/lee/gcamp_ros2_ws/install/py_service_pkg:/home/lee/gcamp_ros2_ws/install/py_first_pkg:/home/lee/gcamp_ros2_ws/install/py_action_pkg:/opt/ros/foxy /usr/bin/cmake /home/lee/Capstone/src/turtlebot3/turtlebot3_cartographer -DCMAKE_INSTALL_PREFIX=/home/lee/Capstone/install/turtlebot3_cartographer
[0.834s] Invoking command in '/home/lee/Capstone/build/turtlebot3_cartographer': CMAKE_PREFIX_PATH=${CMAKE_PREFIX_PATH}:/home/lee/turtlebot3_ws/install/turtlebot3_teleop:/home/lee/turtlebot3_ws/install/turtlebot3_example:/home/lee/gcamp_ros2_ws/install/py_topic_pkg:/home/lee/gcamp_ros2_ws/install/py_service_pkg:/home/lee/gcamp_ros2_ws/install/py_first_pkg:/home/lee/gcamp_ros2_ws/install/py_action_pkg:/opt/ros/foxy /usr/bin/cmake --build /home/lee/Capstone/build/turtlebot3_cartographer -- -j16 -l16
[0.858s] Invoked command in '/home/lee/Capstone/build/turtlebot3_cartographer' returned '0': CMAKE_PREFIX_PATH=${CMAKE_PREFIX_PATH}:/home/lee/turtlebot3_ws/install/turtlebot3_teleop:/home/lee/turtlebot3_ws/install/turtlebot3_example:/home/lee/gcamp_ros2_ws/install/py_topic_pkg:/home/lee/gcamp_ros2_ws/install/py_service_pkg:/home/lee/gcamp_ros2_ws/install/py_first_pkg:/home/lee/gcamp_ros2_ws/install/py_action_pkg:/opt/ros/foxy /usr/bin/cmake --build /home/lee/Capstone/build/turtlebot3_cartographer -- -j16 -l16
[0.924s] Invoking command in '/home/lee/Capstone/build/turtlebot3_cartographer': CMAKE_PREFIX_PATH=${CMAKE_PREFIX_PATH}:/home/lee/turtlebot3_ws/install/turtlebot3_teleop:/home/lee/turtlebot3_ws/install/turtlebot3_example:/home/lee/gcamp_ros2_ws/install/py_topic_pkg:/home/lee/gcamp_ros2_ws/install/py_service_pkg:/home/lee/gcamp_ros2_ws/install/py_first_pkg:/home/lee/gcamp_ros2_ws/install/py_action_pkg:/opt/ros/foxy /usr/bin/cmake --install /home/lee/Capstone/build/turtlebot3_cartographer
[0.964s] -- Install configuration: ""
[0.965s] -- Installing: /home/lee/Capstone/install/turtlebot3_cartographer/share/turtlebot3_cartographer/config
[0.965s] -- Installing: /home/lee/Capstone/install/turtlebot3_cartographer/share/turtlebot3_cartographer/config/turtlebot3_lds_2d.lua
[0.965s] -- Installing: /home/lee/Capstone/install/turtlebot3_cartographer/share/turtlebot3_cartographer/launch
[0.965s] -- Installing: /home/lee/Capstone/install/turtlebot3_cartographer/share/turtlebot3_cartographer/launch/occupancy_grid.launch.py
[0.965s] -- Installing: /home/lee/Capstone/install/turtlebot3_cartographer/share/turtlebot3_cartographer/launch/cartographer.launch.py
[0.965s] -- Installing: /home/lee/Capstone/install/turtlebot3_cartographer/share/turtlebot3_cartographer/rviz
[0.965s] -- Installing: /home/lee/Capstone/install/turtlebot3_cartographer/share/turtlebot3_cartographer/rviz/tb3_cartographer.rviz
[0.965s] -- Installing: /home/lee/Capstone/install/turtlebot3_cartographer/share/ament_index/resource_index/package_run_dependencies/turtlebot3_cartographer
[0.965s] -- Installing: /home/lee/Capstone/install/turtlebot3_cartographer/share/ament_index/resource_index/parent_prefix_path/turtlebot3_cartographer
[0.965s] -- Installing: /home/lee/Capstone/install/turtlebot3_cartographer/share/turtlebot3_cartographer/environment/ament_prefix_path.sh
[0.965s] -- Installing: /home/lee/Capstone/install/turtlebot3_cartographer/share/turtlebot3_cartographer/environment/ament_prefix_path.dsv
[0.965s] -- Installing: /home/lee/Capstone/install/turtlebot3_cartographer/share/turtlebot3_cartographer/environment/path.sh
[0.965s] -- Installing: /home/lee/Capstone/install/turtlebot3_cartographer/share/turtlebot3_cartographer/environment/path.dsv
[0.965s] -- Installing: /home/lee/Capstone/install/turtlebot3_cartographer/share/turtlebot3_cartographer/local_setup.bash
[0.965s] -- Installing: /home/lee/Capstone/install/turtlebot3_cartographer/share/turtlebot3_cartographer/local_setup.sh
[0.965s] -- Installing: /home/lee/Capstone/install/turtlebot3_cartographer/share/turtlebot3_cartographer/local_setup.zsh
[0.965s] -- Installing: /home/lee/Capstone/install/turtlebot3_cartographer/share/turtlebot3_cartographer/local_setup.dsv
[0.965s] -- Installing: /home/lee/Capstone/install/turtlebot3_cartographer/share/turtlebot3_cartographer/package.dsv
[0.966s] -- Installing: /home/lee/Capstone/install/turtlebot3_cartographer/share/ament_index/resource_index/packages/turtlebot3_cartographer
[0.966s] -- Installing: /home/lee/Capstone/install/turtlebot3_cartographer/share/turtlebot3_cartographer/cmake/turtlebot3_cartographerConfig.cmake
[0.966s] -- Installing: /home/lee/Capstone/install/turtlebot3_cartographer/share/turtlebot3_cartographer/cmake/turtlebot3_cartographerConfig-version.cmake
[0.966s] -- Installing: /home/lee/Capstone/install/turtlebot3_cartographer/share/turtlebot3_cartographer/package.xml
[0.986s] Invoked command in '/home/lee/Capstone/build/turtlebot3_cartographer' returned '0': CMAKE_PREFIX_PATH=${CMAKE_PREFIX_PATH}:/home/lee/turtlebot3_ws/install/turtlebot3_teleop:/home/lee/turtlebot3_ws/install/turtlebot3_example:/home/lee/gcamp_ros2_ws/install/py_topic_pkg:/home/lee/gcamp_ros2_ws/install/py_service_pkg:/home/lee/gcamp_ros2_ws/install/py_first_pkg:/home/lee/gcamp_ros2_ws/install/py_action_pkg:/opt/ros/foxy /usr/bin/cmake --install /home/lee/Capstone/build/turtlebot3_cartographer
