[0.036s] Invoking command in '/home/lee/Capstone/build/cpp_param_pkg': CMAKE_PREFIX_PATH=${CMAKE_PREFIX_PATH}:/home/lee/gcamp_ros2_ws/install/py_topic_pkg:/home/lee/gcamp_ros2_ws/install/py_service_pkg:/home/lee/gcamp_ros2_ws/install/py_first_pkg:/home/lee/gcamp_ros2_ws/install/py_action_pkg:/opt/ros/foxy /usr/bin/cmake /home/lee/Capstone/src/gcamp_ros2_basic/cpp_param_pkg -DCMAKE_INSTALL_PREFIX=/home/lee/Capstone/install/cpp_param_pkg
[0.634s] -- The C compiler identification is GNU 9.4.0
[0.634s] -- The CXX compiler identification is GNU 9.4.0
[0.635s] -- Check for working C compiler: /usr/bin/cc
[0.635s] -- Check for working C compiler: /usr/bin/cc -- works
[0.635s] -- Detecting C compiler ABI info
[0.635s] -- Detecting C compiler ABI info - done
[0.635s] -- Detecting C compile features
[0.637s] -- Detecting C compile features - done
[0.637s] -- Check for working CXX compiler: /usr/bin/c++
[0.637s] -- Check for working CXX compiler: /usr/bin/c++ -- works
[0.637s] -- Detecting CXX compiler ABI info
[0.637s] -- Detecting CXX compiler ABI info - done
[0.637s] -- Detecting CXX compile features
[0.638s] -- Detecting CXX compile features - done
[0.638s] -- Found ament_cmake: 0.9.12 (/opt/ros/foxy/share/ament_cmake/cmake)
[0.638s] -- Found PythonInterp: /usr/bin/python3 (found suitable version "3.8.10", minimum required is "3") 
[0.638s] -- Using PYTHON_EXECUTABLE: /usr/bin/python3
[0.638s] -- Found rclcpp: 2.4.3 (/opt/ros/foxy/share/rclcpp/cmake)
[0.639s] -- Using all available rosidl_typesupport_c: rosidl_typesupport_fastrtps_c;rosidl_typesupport_introspection_c
[0.639s] -- Found rosidl_adapter: 1.3.1 (/opt/ros/foxy/share/rosidl_adapter/cmake)
[0.639s] -- Found OpenSSL: /usr/lib/x86_64-linux-gnu/libcrypto.so (found version "1.1.1f")  
[0.639s] -- Found FastRTPS: /opt/ros/foxy/include  
[0.639s] -- Using all available rosidl_typesupport_cpp: rosidl_typesupport_fastrtps_cpp;rosidl_typesupport_introspection_cpp
[0.656s] -- Found rmw_implementation_cmake: 1.0.4 (/opt/ros/foxy/share/rmw_implementation_cmake/cmake)
[0.657s] -- Using RMW implementation 'rmw_fastrtps_cpp' as default
[0.658s] -- Looking for pthread.h
[0.716s] -- Looking for pthread.h - found
[0.717s] -- Performing Test CMAKE_HAVE_LIBC_PTHREAD
[0.787s] -- Performing Test CMAKE_HAVE_LIBC_PTHREAD - Failed
[0.787s] -- Looking for pthread_create in pthreads
[0.833s] -- Looking for pthread_create in pthreads - not found
[0.833s] -- Looking for pthread_create in pthread
[0.888s] -- Looking for pthread_create in pthread - found
[0.889s] -- Found Threads: TRUE  
[1.063s] -- Found ament_lint_auto: 0.9.8 (/opt/ros/foxy/share/ament_lint_auto/cmake)
[1.151s] -- Added test 'copyright' to check source files copyright and LICENSE
[1.152s] -- Added test 'cppcheck' to perform static code analysis on C / C++ code
[1.152s] -- Configured cppcheck include dirs: 
[1.152s] -- Configured cppcheck exclude dirs and/or files: 
[1.153s] -- Added test 'cpplint' to check C / C++ code against the Google style
[1.153s] -- Configured cpplint exclude dirs and/or files: 
[1.154s] -- Added test 'lint_cmake' to check CMake code style
[1.155s] -- Added test 'uncrustify' to check C / C++ code style
[1.155s] -- Configured uncrustify additional arguments: 
[1.156s] -- Added test 'xmllint' to check XML markup files
[1.159s] -- Configuring done
[1.167s] -- Generating done
[1.170s] -- Build files have been written to: /home/lee/Capstone/build/cpp_param_pkg
[1.179s] Invoked command in '/home/lee/Capstone/build/cpp_param_pkg' returned '0': CMAKE_PREFIX_PATH=${CMAKE_PREFIX_PATH}:/home/lee/gcamp_ros2_ws/install/py_topic_pkg:/home/lee/gcamp_ros2_ws/install/py_service_pkg:/home/lee/gcamp_ros2_ws/install/py_first_pkg:/home/lee/gcamp_ros2_ws/install/py_action_pkg:/opt/ros/foxy /usr/bin/cmake /home/lee/Capstone/src/gcamp_ros2_basic/cpp_param_pkg -DCMAKE_INSTALL_PREFIX=/home/lee/Capstone/install/cpp_param_pkg
[1.181s] Invoking command in '/home/lee/Capstone/build/cpp_param_pkg': CMAKE_PREFIX_PATH=${CMAKE_PREFIX_PATH}:/home/lee/gcamp_ros2_ws/install/py_topic_pkg:/home/lee/gcamp_ros2_ws/install/py_service_pkg:/home/lee/gcamp_ros2_ws/install/py_first_pkg:/home/lee/gcamp_ros2_ws/install/py_action_pkg:/opt/ros/foxy /usr/bin/cmake --build /home/lee/Capstone/build/cpp_param_pkg -- -j16 -l16
[1.219s] [35m[1mScanning dependencies of target param_tutorial[0m
[1.250s] [ 50%] [32mBuilding CXX object CMakeFiles/param_tutorial.dir/src/param_tutorial.cpp.o[0m
[2.931s] [01m[K/home/lee/Capstone/src/gcamp_ros2_basic/cpp_param_pkg/src/param_tutorial.cpp:[m[K In constructor ‘[01m[KParamNode::ParamNode()[m[K’:
[2.931s] [01m[K/home/lee/Capstone/src/gcamp_ros2_basic/cpp_param_pkg/src/param_tutorial.cpp:17:13:[m[K [01;35m[Kwarning: [m[Kunused variable ‘[01m[Kmy_int[m[K’ [[01;35m[K-Wunused-variable[m[K]
[2.931s]    17 |         int [01;35m[Kmy_int[m[K = int_param.as_int();
[2.931s]       |             [01;35m[K^~~~~~[m[K
[3.959s] [100%] [32m[1mLinking CXX executable param_tutorial[0m
[4.189s] [100%] Built target param_tutorial
[4.210s] Invoked command in '/home/lee/Capstone/build/cpp_param_pkg' returned '0': CMAKE_PREFIX_PATH=${CMAKE_PREFIX_PATH}:/home/lee/gcamp_ros2_ws/install/py_topic_pkg:/home/lee/gcamp_ros2_ws/install/py_service_pkg:/home/lee/gcamp_ros2_ws/install/py_first_pkg:/home/lee/gcamp_ros2_ws/install/py_action_pkg:/opt/ros/foxy /usr/bin/cmake --build /home/lee/Capstone/build/cpp_param_pkg -- -j16 -l16
[4.267s] Invoking command in '/home/lee/Capstone/build/cpp_param_pkg': CMAKE_PREFIX_PATH=${CMAKE_PREFIX_PATH}:/home/lee/gcamp_ros2_ws/install/py_topic_pkg:/home/lee/gcamp_ros2_ws/install/py_service_pkg:/home/lee/gcamp_ros2_ws/install/py_first_pkg:/home/lee/gcamp_ros2_ws/install/py_action_pkg:/opt/ros/foxy /usr/bin/cmake --install /home/lee/Capstone/build/cpp_param_pkg
[4.288s] -- Install configuration: ""
[4.288s] -- Installing: /home/lee/Capstone/install/cpp_param_pkg/lib/cpp_param_pkg/param_tutorial
[4.290s] -- Set runtime path of "/home/lee/Capstone/install/cpp_param_pkg/lib/cpp_param_pkg/param_tutorial" to ""
[4.290s] -- Installing: /home/lee/Capstone/install/cpp_param_pkg/share/ament_index/resource_index/package_run_dependencies/cpp_param_pkg
[4.291s] -- Installing: /home/lee/Capstone/install/cpp_param_pkg/share/ament_index/resource_index/parent_prefix_path/cpp_param_pkg
[4.291s] -- Installing: /home/lee/Capstone/install/cpp_param_pkg/share/cpp_param_pkg/environment/ament_prefix_path.sh
[4.291s] -- Installing: /home/lee/Capstone/install/cpp_param_pkg/share/cpp_param_pkg/environment/ament_prefix_path.dsv
[4.291s] -- Installing: /home/lee/Capstone/install/cpp_param_pkg/share/cpp_param_pkg/environment/path.sh
[4.291s] -- Installing: /home/lee/Capstone/install/cpp_param_pkg/share/cpp_param_pkg/environment/path.dsv
[4.291s] -- Installing: /home/lee/Capstone/install/cpp_param_pkg/share/cpp_param_pkg/local_setup.bash
[4.291s] -- Installing: /home/lee/Capstone/install/cpp_param_pkg/share/cpp_param_pkg/local_setup.sh
[4.291s] -- Installing: /home/lee/Capstone/install/cpp_param_pkg/share/cpp_param_pkg/local_setup.zsh
[4.291s] -- Installing: /home/lee/Capstone/install/cpp_param_pkg/share/cpp_param_pkg/local_setup.dsv
[4.291s] -- Installing: /home/lee/Capstone/install/cpp_param_pkg/share/cpp_param_pkg/package.dsv
[4.291s] -- Installing: /home/lee/Capstone/install/cpp_param_pkg/share/ament_index/resource_index/packages/cpp_param_pkg
[4.291s] -- Installing: /home/lee/Capstone/install/cpp_param_pkg/share/cpp_param_pkg/cmake/cpp_param_pkgConfig.cmake
[4.291s] -- Installing: /home/lee/Capstone/install/cpp_param_pkg/share/cpp_param_pkg/cmake/cpp_param_pkgConfig-version.cmake
[4.291s] -- Installing: /home/lee/Capstone/install/cpp_param_pkg/share/cpp_param_pkg/package.xml
[4.297s] Invoked command in '/home/lee/Capstone/build/cpp_param_pkg' returned '0': CMAKE_PREFIX_PATH=${CMAKE_PREFIX_PATH}:/home/lee/gcamp_ros2_ws/install/py_topic_pkg:/home/lee/gcamp_ros2_ws/install/py_service_pkg:/home/lee/gcamp_ros2_ws/install/py_first_pkg:/home/lee/gcamp_ros2_ws/install/py_action_pkg:/opt/ros/foxy /usr/bin/cmake --install /home/lee/Capstone/build/cpp_param_pkg
