running egg_info
writing ../../../build/py_topic_pkg/py_topic_pkg.egg-info/PKG-INFO
writing dependency_links to ../../../build/py_topic_pkg/py_topic_pkg.egg-info/dependency_links.txt
writing entry points to ../../../build/py_topic_pkg/py_topic_pkg.egg-info/entry_points.txt
writing requirements to ../../../build/py_topic_pkg/py_topic_pkg.egg-info/requires.txt
writing top-level names to ../../../build/py_topic_pkg/py_topic_pkg.egg-info/top_level.txt
reading manifest file '../../../build/py_topic_pkg/py_topic_pkg.egg-info/SOURCES.txt'
writing manifest file '../../../build/py_topic_pkg/py_topic_pkg.egg-info/SOURCES.txt'
running build
running build_py
running install
running install_lib
running install_data
running install_egg_info
removing '/home/lee/Capstone/install/py_topic_pkg/lib/python3.8/site-packages/py_topic_pkg-0.0.0-py3.8.egg-info' (and everything under it)
Copying ../../../build/py_topic_pkg/py_topic_pkg.egg-info to /home/lee/Capstone/install/py_topic_pkg/lib/python3.8/site-packages/py_topic_pkg-0.0.0-py3.8.egg-info
running install_scripts
Installing cmd_vel_pub_node script to /home/lee/Capstone/install/py_topic_pkg/lib/py_topic_pkg
Installing endless_cmd_vel_pub_node script to /home/lee/Capstone/install/py_topic_pkg/lib/py_topic_pkg
Installing laser_raw_node script to /home/lee/Capstone/install/py_topic_pkg/lib/py_topic_pkg
Installing laser_sub_node script to /home/lee/Capstone/install/py_topic_pkg/lib/py_topic_pkg
Installing parking_node script to /home/lee/Capstone/install/py_topic_pkg/lib/py_topic_pkg
writing list of installed files to '/home/lee/Capstone/build/py_topic_pkg/install.log'
