[0.188s] Invoking command in '/home/lee/Capstone/build/cpp_first_pkg': CMAKE_PREFIX_PATH=${CMAKE_PREFIX_PATH}:/home/lee/turtlebot3_ws/install/turtlebot3_teleop:/home/lee/turtlebot3_ws/install/turtlebot3_example:/home/lee/gcamp_ros2_ws/install/py_topic_pkg:/home/lee/gcamp_ros2_ws/install/py_service_pkg:/home/lee/gcamp_ros2_ws/install/py_first_pkg:/home/lee/gcamp_ros2_ws/install/py_action_pkg:/opt/ros/foxy /usr/bin/cmake --build /home/lee/Capstone/build/cpp_first_pkg -- -j16 -l16
[0.716s] [ 20%] Built target lifecycle_node
[0.716s] [ 40%] Built target simple_node
[0.716s] [ 60%] Built target simple_oop_node
[0.716s] [ 80%] Built target simple_without_oop_node
[0.716s] [100%] Built target simple_loop_node
[0.727s] Invoked command in '/home/lee/Capstone/build/cpp_first_pkg' returned '0': CMAKE_PREFIX_PATH=${CMAKE_PREFIX_PATH}:/home/lee/turtlebot3_ws/install/turtlebot3_teleop:/home/lee/turtlebot3_ws/install/turtlebot3_example:/home/lee/gcamp_ros2_ws/install/py_topic_pkg:/home/lee/gcamp_ros2_ws/install/py_service_pkg:/home/lee/gcamp_ros2_ws/install/py_first_pkg:/home/lee/gcamp_ros2_ws/install/py_action_pkg:/opt/ros/foxy /usr/bin/cmake --build /home/lee/Capstone/build/cpp_first_pkg -- -j16 -l16
[0.788s] Invoking command in '/home/lee/Capstone/build/cpp_first_pkg': CMAKE_PREFIX_PATH=${CMAKE_PREFIX_PATH}:/home/lee/turtlebot3_ws/install/turtlebot3_teleop:/home/lee/turtlebot3_ws/install/turtlebot3_example:/home/lee/gcamp_ros2_ws/install/py_topic_pkg:/home/lee/gcamp_ros2_ws/install/py_service_pkg:/home/lee/gcamp_ros2_ws/install/py_first_pkg:/home/lee/gcamp_ros2_ws/install/py_action_pkg:/opt/ros/foxy /usr/bin/cmake --install /home/lee/Capstone/build/cpp_first_pkg
[0.813s] -- Install configuration: ""
[0.813s] -- Up-to-date: /home/lee/Capstone/install/cpp_first_pkg/lib/cpp_first_pkg/lifecycle_node
[0.813s] -- Up-to-date: /home/lee/Capstone/install/cpp_first_pkg/lib/cpp_first_pkg/simple_loop_node
[0.813s] -- Up-to-date: /home/lee/Capstone/install/cpp_first_pkg/lib/cpp_first_pkg/simple_oop_node
[0.813s] -- Up-to-date: /home/lee/Capstone/install/cpp_first_pkg/lib/cpp_first_pkg/simple_without_oop_node
[0.813s] -- Up-to-date: /home/lee/Capstone/install/cpp_first_pkg/lib/cpp_first_pkg/simple_node
[0.813s] -- Up-to-date: /home/lee/Capstone/install/cpp_first_pkg/share/ament_index/resource_index/package_run_dependencies/cpp_first_pkg
[0.813s] -- Up-to-date: /home/lee/Capstone/install/cpp_first_pkg/share/ament_index/resource_index/parent_prefix_path/cpp_first_pkg
[0.813s] -- Up-to-date: /home/lee/Capstone/install/cpp_first_pkg/share/cpp_first_pkg/environment/ament_prefix_path.sh
[0.814s] -- Up-to-date: /home/lee/Capstone/install/cpp_first_pkg/share/cpp_first_pkg/environment/ament_prefix_path.dsv
[0.814s] -- Up-to-date: /home/lee/Capstone/install/cpp_first_pkg/share/cpp_first_pkg/environment/path.sh
[0.814s] -- Up-to-date: /home/lee/Capstone/install/cpp_first_pkg/share/cpp_first_pkg/environment/path.dsv
[0.814s] -- Up-to-date: /home/lee/Capstone/install/cpp_first_pkg/share/cpp_first_pkg/local_setup.bash
[0.815s] -- Up-to-date: /home/lee/Capstone/install/cpp_first_pkg/share/cpp_first_pkg/local_setup.sh
[0.815s] -- Up-to-date: /home/lee/Capstone/install/cpp_first_pkg/share/cpp_first_pkg/local_setup.zsh
[0.815s] -- Up-to-date: /home/lee/Capstone/install/cpp_first_pkg/share/cpp_first_pkg/local_setup.dsv
[0.815s] -- Installing: /home/lee/Capstone/install/cpp_first_pkg/share/cpp_first_pkg/package.dsv
[0.815s] -- Up-to-date: /home/lee/Capstone/install/cpp_first_pkg/share/ament_index/resource_index/packages/cpp_first_pkg
[0.815s] -- Up-to-date: /home/lee/Capstone/install/cpp_first_pkg/share/cpp_first_pkg/cmake/cpp_first_pkgConfig.cmake
[0.816s] -- Up-to-date: /home/lee/Capstone/install/cpp_first_pkg/share/cpp_first_pkg/cmake/cpp_first_pkgConfig-version.cmake
[0.816s] -- Up-to-date: /home/lee/Capstone/install/cpp_first_pkg/share/cpp_first_pkg/package.xml
[0.816s] -- Up-to-date: /home/lee/Capstone/install/cpp_first_pkg/share/cpp_first_pkg//launch
[0.816s] -- Up-to-date: /home/lee/Capstone/install/cpp_first_pkg/share/cpp_first_pkg//launch/simple_node.launch.py
[0.856s] Invoked command in '/home/lee/Capstone/build/cpp_first_pkg' returned '0': CMAKE_PREFIX_PATH=${CMAKE_PREFIX_PATH}:/home/lee/turtlebot3_ws/install/turtlebot3_teleop:/home/lee/turtlebot3_ws/install/turtlebot3_example:/home/lee/gcamp_ros2_ws/install/py_topic_pkg:/home/lee/gcamp_ros2_ws/install/py_service_pkg:/home/lee/gcamp_ros2_ws/install/py_first_pkg:/home/lee/gcamp_ros2_ws/install/py_action_pkg:/opt/ros/foxy /usr/bin/cmake --install /home/lee/Capstone/build/cpp_first_pkg
