[0.200s] Invoking command in '/home/lee/Capstone/src/build/gcamp_gazebo': CMAKE_PREFIX_PATH=${CMAKE_PREFIX_PATH}:/home/lee/turtlebot3_ws/install/turtlebot3_teleop:/home/lee/turtlebot3_ws/install/turtlebot3_example:/home/lee/gcamp_ros2_ws/install/py_topic_pkg:/home/lee/gcamp_ros2_ws/install/py_service_pkg:/home/lee/gcamp_ros2_ws/install/py_first_pkg:/home/lee/gcamp_ros2_ws/install/py_action_pkg:/opt/ros/foxy /usr/bin/cmake /home/lee/Capstone/src/gcamp_ros2_basic/gcamp_gazebo -DCMAKE_INSTALL_PREFIX=/home/lee/Capstone/src/install/gcamp_gazebo
[0.736s] -- The C compiler identification is GNU 9.4.0
[0.736s] -- The CXX compiler identification is GNU 9.4.0
[0.736s] -- Check for working C compiler: /usr/bin/cc
[0.736s] -- Check for working C compiler: /usr/bin/cc -- works
[0.736s] -- Detecting C compiler ABI info
[0.736s] -- Detecting C compiler ABI info - done
[0.736s] -- Detecting C compile features
[0.736s] -- Detecting C compile features - done
[0.736s] -- Check for working CXX compiler: /usr/bin/c++
[0.736s] -- Check for working CXX compiler: /usr/bin/c++ -- works
[0.736s] -- Detecting CXX compiler ABI info
[0.736s] -- Detecting CXX compiler ABI info - done
[0.736s] -- Detecting CXX compile features
[0.736s] -- Detecting CXX compile features - done
[0.736s] -- Found ament_cmake: 0.9.12 (/opt/ros/foxy/share/ament_cmake/cmake)
[0.736s] -- Found PythonInterp: /usr/bin/python3 (found suitable version "3.8.10", minimum required is "3") 
[0.737s] -- Using PYTHON_EXECUTABLE: /usr/bin/python3
[0.767s] -- Found ament_lint_auto: 0.9.8 (/opt/ros/foxy/share/ament_lint_auto/cmake)
[0.857s] -- Added test 'copyright' to check source files copyright and LICENSE
[0.857s] -- Added test 'flake8' to check Python code syntax and style conventions
[0.858s] -- Added test 'lint_cmake' to check CMake code style
[0.858s] -- Added test 'pep257' to check Python code against some of the style conventions in PEP 257
[0.860s] -- Added test 'xmllint' to check XML markup files
[0.864s] -- Configuring done
[0.865s] -- Generating done
[0.865s] -- Build files have been written to: /home/lee/Capstone/src/build/gcamp_gazebo
[0.885s] Invoked command in '/home/lee/Capstone/src/build/gcamp_gazebo' returned '0': CMAKE_PREFIX_PATH=${CMAKE_PREFIX_PATH}:/home/lee/turtlebot3_ws/install/turtlebot3_teleop:/home/lee/turtlebot3_ws/install/turtlebot3_example:/home/lee/gcamp_ros2_ws/install/py_topic_pkg:/home/lee/gcamp_ros2_ws/install/py_service_pkg:/home/lee/gcamp_ros2_ws/install/py_first_pkg:/home/lee/gcamp_ros2_ws/install/py_action_pkg:/opt/ros/foxy /usr/bin/cmake /home/lee/Capstone/src/gcamp_ros2_basic/gcamp_gazebo -DCMAKE_INSTALL_PREFIX=/home/lee/Capstone/src/install/gcamp_gazebo
[0.885s] Invoking command in '/home/lee/Capstone/src/build/gcamp_gazebo': CMAKE_PREFIX_PATH=${CMAKE_PREFIX_PATH}:/home/lee/turtlebot3_ws/install/turtlebot3_teleop:/home/lee/turtlebot3_ws/install/turtlebot3_example:/home/lee/gcamp_ros2_ws/install/py_topic_pkg:/home/lee/gcamp_ros2_ws/install/py_service_pkg:/home/lee/gcamp_ros2_ws/install/py_first_pkg:/home/lee/gcamp_ros2_ws/install/py_action_pkg:/opt/ros/foxy /usr/bin/cmake --build /home/lee/Capstone/src/build/gcamp_gazebo -- -j16 -l16
[0.911s] Invoked command in '/home/lee/Capstone/src/build/gcamp_gazebo' returned '0': CMAKE_PREFIX_PATH=${CMAKE_PREFIX_PATH}:/home/lee/turtlebot3_ws/install/turtlebot3_teleop:/home/lee/turtlebot3_ws/install/turtlebot3_example:/home/lee/gcamp_ros2_ws/install/py_topic_pkg:/home/lee/gcamp_ros2_ws/install/py_service_pkg:/home/lee/gcamp_ros2_ws/install/py_first_pkg:/home/lee/gcamp_ros2_ws/install/py_action_pkg:/opt/ros/foxy /usr/bin/cmake --build /home/lee/Capstone/src/build/gcamp_gazebo -- -j16 -l16
[0.934s] Invoking command in '/home/lee/Capstone/src/build/gcamp_gazebo': CMAKE_PREFIX_PATH=${CMAKE_PREFIX_PATH}:/home/lee/turtlebot3_ws/install/turtlebot3_teleop:/home/lee/turtlebot3_ws/install/turtlebot3_example:/home/lee/gcamp_ros2_ws/install/py_topic_pkg:/home/lee/gcamp_ros2_ws/install/py_service_pkg:/home/lee/gcamp_ros2_ws/install/py_first_pkg:/home/lee/gcamp_ros2_ws/install/py_action_pkg:/opt/ros/foxy /usr/bin/cmake --install /home/lee/Capstone/src/build/gcamp_gazebo
[0.941s] -- Install configuration: ""
[0.941s] -- Installing: /home/lee/Capstone/src/install/gcamp_gazebo/share/gcamp_gazebo/launch
[0.941s] -- Installing: /home/lee/Capstone/src/install/gcamp_gazebo/share/gcamp_gazebo/launch/second_launch.launch.py
[0.941s] -- Installing: /home/lee/Capstone/src/install/gcamp_gazebo/share/gcamp_gazebo/launch/gcamp_world.launch.py
[0.941s] -- Installing: /home/lee/Capstone/src/install/gcamp_gazebo/share/gcamp_gazebo/launch/empty_world.launch.py
[0.941s] -- Installing: /home/lee/Capstone/src/install/gcamp_gazebo/share/gcamp_gazebo/launch/skid_robot_world.launch.py
[0.942s] -- Installing: /home/lee/Capstone/src/install/gcamp_gazebo/share/gcamp_gazebo/launch/tinybot_description.launch.py
[0.942s] -- Installing: /home/lee/Capstone/src/install/gcamp_gazebo/share/gcamp_gazebo/launch/first_launch.launch.py
[0.942s] -- Installing: /home/lee/Capstone/src/install/gcamp_gazebo/share/gcamp_gazebo/launch/spawn_entity.launch.py
[0.942s] -- Installing: /home/lee/Capstone/src/install/gcamp_gazebo/share/gcamp_gazebo/launch/maze_world.launch.py
[0.942s] -- Installing: /home/lee/Capstone/src/install/gcamp_gazebo/share/gcamp_gazebo/launch/gcamp_world_windows.launch.py
[0.942s] -- Installing: /home/lee/Capstone/src/install/gcamp_gazebo/share/gcamp_gazebo/launch/diffbot_description.launch.py
[0.942s] -- Installing: /home/lee/Capstone/src/install/gcamp_gazebo/share/gcamp_gazebo/launch/skidbot_description.launch.py
[0.942s] -- Installing: /home/lee/Capstone/src/install/gcamp_gazebo/share/gcamp_gazebo/worlds
[0.942s] -- Installing: /home/lee/Capstone/src/install/gcamp_gazebo/share/gcamp_gazebo/worlds/bocbot_office.world
[0.942s] -- Installing: /home/lee/Capstone/src/install/gcamp_gazebo/share/gcamp_gazebo/worlds/maze_world.world
[0.942s] -- Installing: /home/lee/Capstone/src/install/gcamp_gazebo/share/gcamp_gazebo/worlds/gcamp_world.world
[0.942s] -- Installing: /home/lee/Capstone/src/install/gcamp_gazebo/share/gcamp_gazebo/urdf
[0.942s] -- Installing: /home/lee/Capstone/src/install/gcamp_gazebo/share/gcamp_gazebo/urdf/skidbot2.urdf.xacro
[0.942s] -- Installing: /home/lee/Capstone/src/install/gcamp_gazebo/share/gcamp_gazebo/urdf/skidbot.urdf
[0.943s] -- Installing: /home/lee/Capstone/src/install/gcamp_gazebo/share/gcamp_gazebo/urdf/tinybot_diff.urdf
[0.943s] -- Installing: /home/lee/Capstone/src/install/gcamp_gazebo/share/gcamp_gazebo/urdf/diffbot.gazebo
[0.943s] -- Installing: /home/lee/Capstone/src/install/gcamp_gazebo/share/gcamp_gazebo/urdf/skidbot.gazebo
[0.943s] -- Installing: /home/lee/Capstone/src/install/gcamp_gazebo/share/gcamp_gazebo/urdf/tinybot_diff.urdf.xacro
[0.943s] -- Installing: /home/lee/Capstone/src/install/gcamp_gazebo/share/gcamp_gazebo/urdf/turtlebot.sdf
[0.943s] -- Installing: /home/lee/Capstone/src/install/gcamp_gazebo/share/gcamp_gazebo/urdf/sambot.urdf
[0.943s] -- Installing: /home/lee/Capstone/src/install/gcamp_gazebo/share/gcamp_gazebo/urdf/skidbot.urdf.xacro
[0.943s] -- Installing: /home/lee/Capstone/src/install/gcamp_gazebo/share/gcamp_gazebo/urdf/diffbot.urdf.xacro
[0.943s] -- Installing: /home/lee/Capstone/src/install/gcamp_gazebo/share/gcamp_gazebo/urdf/skidbot2.gazebo
[0.943s] -- Installing: /home/lee/Capstone/src/install/gcamp_gazebo/share/gcamp_gazebo/urdf/tinybot_diff.gazebo
[0.943s] -- Installing: /home/lee/Capstone/src/install/gcamp_gazebo/share/gcamp_gazebo/urdf/diffbot.urdf
[0.943s] -- Installing: /home/lee/Capstone/src/install/gcamp_gazebo/share/gcamp_gazebo/urdf/skidbot2.urdf
[0.943s] -- Installing: /home/lee/Capstone/src/install/gcamp_gazebo/share/gcamp_gazebo/rviz
[0.943s] -- Installing: /home/lee/Capstone/src/install/gcamp_gazebo/share/gcamp_gazebo/rviz/description.rviz
[0.943s] -- Installing: /home/lee/Capstone/src/install/gcamp_gazebo/share/gcamp_gazebo/rviz/tinybot.rviz
[0.943s] -- Installing: /home/lee/Capstone/src/install/gcamp_gazebo/share/gcamp_gazebo/rviz/skidbot.rviz
[0.943s] -- Installing: /home/lee/Capstone/src/install/gcamp_gazebo/share/gcamp_gazebo/rviz/diffbot.rviz
[0.944s] -- Installing: /home/lee/Capstone/src/install/gcamp_gazebo/share/ament_index/resource_index/package_run_dependencies/gcamp_gazebo
[0.944s] -- Installing: /home/lee/Capstone/src/install/gcamp_gazebo/share/ament_index/resource_index/parent_prefix_path/gcamp_gazebo
[0.944s] -- Installing: /home/lee/Capstone/src/install/gcamp_gazebo/share/gcamp_gazebo/environment/ament_prefix_path.sh
[0.944s] -- Installing: /home/lee/Capstone/src/install/gcamp_gazebo/share/gcamp_gazebo/environment/ament_prefix_path.dsv
[0.944s] -- Installing: /home/lee/Capstone/src/install/gcamp_gazebo/share/gcamp_gazebo/environment/path.sh
[0.944s] -- Installing: /home/lee/Capstone/src/install/gcamp_gazebo/share/gcamp_gazebo/environment/path.dsv
[0.944s] -- Installing: /home/lee/Capstone/src/install/gcamp_gazebo/share/gcamp_gazebo/local_setup.bash
[0.944s] -- Installing: /home/lee/Capstone/src/install/gcamp_gazebo/share/gcamp_gazebo/local_setup.sh
[0.944s] -- Installing: /home/lee/Capstone/src/install/gcamp_gazebo/share/gcamp_gazebo/local_setup.zsh
[0.944s] -- Installing: /home/lee/Capstone/src/install/gcamp_gazebo/share/gcamp_gazebo/local_setup.dsv
[0.944s] -- Installing: /home/lee/Capstone/src/install/gcamp_gazebo/share/gcamp_gazebo/package.dsv
[0.944s] -- Installing: /home/lee/Capstone/src/install/gcamp_gazebo/share/ament_index/resource_index/packages/gcamp_gazebo
[0.944s] -- Installing: /home/lee/Capstone/src/install/gcamp_gazebo/share/gcamp_gazebo/cmake/gcamp_gazeboConfig.cmake
[0.944s] -- Installing: /home/lee/Capstone/src/install/gcamp_gazebo/share/gcamp_gazebo/cmake/gcamp_gazeboConfig-version.cmake
[0.944s] -- Installing: /home/lee/Capstone/src/install/gcamp_gazebo/share/gcamp_gazebo/package.xml
[0.946s] Invoked command in '/home/lee/Capstone/src/build/gcamp_gazebo' returned '0': CMAKE_PREFIX_PATH=${CMAKE_PREFIX_PATH}:/home/lee/turtlebot3_ws/install/turtlebot3_teleop:/home/lee/turtlebot3_ws/install/turtlebot3_example:/home/lee/gcamp_ros2_ws/install/py_topic_pkg:/home/lee/gcamp_ros2_ws/install/py_service_pkg:/home/lee/gcamp_ros2_ws/install/py_first_pkg:/home/lee/gcamp_ros2_ws/install/py_action_pkg:/opt/ros/foxy /usr/bin/cmake --install /home/lee/Capstone/src/build/gcamp_gazebo
