[0.055s] Invoking command in '/home/lee/Capstone/src/build/turtlebot3_msgs': CMAKE_PREFIX_PATH=${CMAKE_PREFIX_PATH}:/home/lee/turtlebot3_ws/install/turtlebot3_teleop:/home/lee/turtlebot3_ws/install/turtlebot3_example:/home/lee/gcamp_ros2_ws/install/py_topic_pkg:/home/lee/gcamp_ros2_ws/install/py_service_pkg:/home/lee/gcamp_ros2_ws/install/py_first_pkg:/home/lee/gcamp_ros2_ws/install/py_action_pkg:/opt/ros/foxy /usr/bin/cmake /home/lee/Capstone/src/turtlebot3_msgs -DCMAKE_INSTALL_PREFIX=/home/lee/Capstone/src/install/turtlebot3_msgs
[0.759s] -- The C compiler identification is GNU 9.4.0
[0.759s] -- The CXX compiler identification is GNU 9.4.0
[0.759s] -- Check for working C compiler: /usr/bin/cc
[0.759s] -- Check for working C compiler: /usr/bin/cc -- works
[0.759s] -- Detecting C compiler ABI info
[0.759s] -- Detecting C compiler ABI info - done
[0.759s] -- Detecting C compile features
[0.759s] -- Detecting C compile features - done
[0.759s] -- Check for working CXX compiler: /usr/bin/c++
[0.760s] -- Check for working CXX compiler: /usr/bin/c++ -- works
[0.760s] -- Detecting CXX compiler ABI info
[0.760s] -- Detecting CXX compiler ABI info - done
[0.760s] -- Detecting CXX compile features
[0.760s] -- Detecting CXX compile features - done
[0.760s] -- Found action_msgs: 1.0.0 (/opt/ros/foxy/share/action_msgs/cmake)
[0.760s] -- Found PythonInterp: /usr/bin/python3 (found suitable version "3.8.10", minimum required is "3") 
[0.760s] -- Using PYTHON_EXECUTABLE: /usr/bin/python3
[0.760s] -- Using all available rosidl_typesupport_c: rosidl_typesupport_fastrtps_c;rosidl_typesupport_introspection_c
[0.760s] -- Found rosidl_adapter: 1.3.1 (/opt/ros/foxy/share/rosidl_adapter/cmake)
[0.760s] -- Found OpenSSL: /usr/lib/x86_64-linux-gnu/libcrypto.so (found version "1.1.1f")  
[0.760s] -- Found FastRTPS: /opt/ros/foxy/include  
[0.760s] -- Using all available rosidl_typesupport_cpp: rosidl_typesupport_fastrtps_cpp;rosidl_typesupport_introspection_cpp
[0.793s] -- Found rosidl_default_generators: 1.0.1 (/opt/ros/foxy/share/rosidl_default_generators/cmake)
[0.808s] -- Found std_msgs: 2.0.5 (/opt/ros/foxy/share/std_msgs/cmake)
[0.855s] -- Found PythonInterp: /usr/bin/python3 (found version "3.8.10") 
[1.034s] -- Found ament_cmake_cppcheck: 0.9.8 (/opt/ros/foxy/share/ament_cmake_cppcheck/cmake)
[1.036s] -- Found ament_cmake_cpplint: 0.9.8 (/opt/ros/foxy/share/ament_cmake_cpplint/cmake)
[1.038s] -- Found ament_cmake_uncrustify: 0.9.8 (/opt/ros/foxy/share/ament_cmake_uncrustify/cmake)
[1.041s] -- Found ament_cmake_ros: 0.9.2 (/opt/ros/foxy/share/ament_cmake_ros/cmake)
[1.193s] -- Using all available rosidl_typesupport_c: rosidl_typesupport_fastrtps_c;rosidl_typesupport_introspection_c
[1.249s] -- Using all available rosidl_typesupport_cpp: rosidl_typesupport_fastrtps_cpp;rosidl_typesupport_introspection_cpp
[1.275s] -- Found PythonInterp: /usr/bin/python3 (found suitable version "3.8.10", minimum required is "3.5") 
[1.277s] -- Found python_cmake_module: 0.8.1 (/opt/ros/foxy/share/python_cmake_module/cmake)
[1.302s] -- Found PythonLibs: /usr/lib/x86_64-linux-gnu/libpython3.8.so (found suitable version "3.8.10", minimum required is "3.5") 
[1.302s] -- Using PYTHON_EXECUTABLE: /usr/bin/python3
[1.303s] -- Using PYTHON_INCLUDE_DIRS: /usr/include/python3.8
[1.303s] -- Using PYTHON_LIBRARIES: /usr/lib/x86_64-linux-gnu/libpython3.8.so
[1.323s] -- Found PythonExtra: .so  
[1.408s] -- Found ament_cmake_flake8: 0.9.8 (/opt/ros/foxy/share/ament_cmake_flake8/cmake)
[1.410s] -- Found ament_cmake_pep257: 0.9.8 (/opt/ros/foxy/share/ament_cmake_pep257/cmake)
[1.417s] -- Configuring done
[1.454s] -- Generating done
[1.456s] -- Build files have been written to: /home/lee/Capstone/src/build/turtlebot3_msgs
[1.463s] Invoked command in '/home/lee/Capstone/src/build/turtlebot3_msgs' returned '0': CMAKE_PREFIX_PATH=${CMAKE_PREFIX_PATH}:/home/lee/turtlebot3_ws/install/turtlebot3_teleop:/home/lee/turtlebot3_ws/install/turtlebot3_example:/home/lee/gcamp_ros2_ws/install/py_topic_pkg:/home/lee/gcamp_ros2_ws/install/py_service_pkg:/home/lee/gcamp_ros2_ws/install/py_first_pkg:/home/lee/gcamp_ros2_ws/install/py_action_pkg:/opt/ros/foxy /usr/bin/cmake /home/lee/Capstone/src/turtlebot3_msgs -DCMAKE_INSTALL_PREFIX=/home/lee/Capstone/src/install/turtlebot3_msgs
[1.466s] Invoking command in '/home/lee/Capstone/src/build/turtlebot3_msgs': CMAKE_PREFIX_PATH=${CMAKE_PREFIX_PATH}:/home/lee/turtlebot3_ws/install/turtlebot3_teleop:/home/lee/turtlebot3_ws/install/turtlebot3_example:/home/lee/gcamp_ros2_ws/install/py_topic_pkg:/home/lee/gcamp_ros2_ws/install/py_service_pkg:/home/lee/gcamp_ros2_ws/install/py_first_pkg:/home/lee/gcamp_ros2_ws/install/py_action_pkg:/opt/ros/foxy /usr/bin/cmake --build /home/lee/Capstone/src/build/turtlebot3_msgs -- -j16 -l16
[1.502s] [  1%] [34m[1mGenerating C code for ROS interfaces[0m
[1.504s] [35m[1mScanning dependencies of target turtlebot3_msgs__cpp[0m
[1.515s] [  2%] [34m[1mGenerating C++ code for ROS interfaces[0m
[3.008s] [35m[1mScanning dependencies of target turtlebot3_msgs__rosidl_generator_c[0m
[3.024s] [  2%] Built target turtlebot3_msgs__cpp
[3.059s] [  4%] [34m[1mGenerating C++ type support dispatch for ROS interfaces[0m
[3.086s] [  5%] [32mBuilding C object CMakeFiles/turtlebot3_msgs__rosidl_generator_c.dir/rosidl_generator_c/turtlebot3_msgs/msg/detail/sensor_state__functions.c.o[0m
[3.095s] [  7%] [32mBuilding C object CMakeFiles/turtlebot3_msgs__rosidl_generator_c.dir/rosidl_generator_c/turtlebot3_msgs/msg/detail/sound__functions.c.o[0m
[3.100s] [  8%] [34m[1mGenerating C++ introspection for ROS interfaces[0m
[3.101s] [  9%] [34m[1mGenerating C++ type support for eProsima Fast-RTPS[0m
[3.130s] [ 12%] [32mBuilding C object CMakeFiles/turtlebot3_msgs__rosidl_generator_c.dir/rosidl_generator_c/turtlebot3_msgs/srv/detail/sound__functions.c.o[0m
[3.131s] [ 12%] [32mBuilding C object CMakeFiles/turtlebot3_msgs__rosidl_generator_c.dir/rosidl_generator_c/turtlebot3_msgs/msg/detail/version_info__functions.c.o[0m
[3.166s] [ 14%] [32mBuilding C object CMakeFiles/turtlebot3_msgs__rosidl_generator_c.dir/rosidl_generator_c/turtlebot3_msgs/srv/detail/dqn__functions.c.o[0m
[3.247s] [ 15%] [32mBuilding C object CMakeFiles/turtlebot3_msgs__rosidl_generator_c.dir/rosidl_generator_c/turtlebot3_msgs/action/detail/patrol__functions.c.o[0m
[3.626s] [ 16%] [32m[1mLinking C shared library libturtlebot3_msgs__rosidl_generator_c.so[0m
[3.799s] [ 16%] Built target turtlebot3_msgs__rosidl_generator_c
[3.854s] [ 18%] [34m[1mGenerating C type support dispatch for ROS interfaces[0m
[3.866s] [ 19%] [34m[1mGenerating C introspection for ROS interfaces[0m
[4.387s] [35m[1mScanning dependencies of target turtlebot3_msgs__rosidl_typesupport_cpp[0m
[4.469s] [ 21%] [32mBuilding CXX object CMakeFiles/turtlebot3_msgs__rosidl_typesupport_cpp.dir/rosidl_typesupport_cpp/turtlebot3_msgs/msg/sensor_state__type_support.cpp.o[0m
[4.507s] [ 22%] [32mBuilding CXX object CMakeFiles/turtlebot3_msgs__rosidl_typesupport_cpp.dir/rosidl_typesupport_cpp/turtlebot3_msgs/msg/sound__type_support.cpp.o[0m
[4.512s] [ 23%] [32mBuilding CXX object CMakeFiles/turtlebot3_msgs__rosidl_typesupport_cpp.dir/rosidl_typesupport_cpp/turtlebot3_msgs/msg/version_info__type_support.cpp.o[0m
[4.534s] [ 25%] [32mBuilding CXX object CMakeFiles/turtlebot3_msgs__rosidl_typesupport_cpp.dir/rosidl_typesupport_cpp/turtlebot3_msgs/srv/dqn__type_support.cpp.o[0m
[4.547s] [ 26%] [32mBuilding CXX object CMakeFiles/turtlebot3_msgs__rosidl_typesupport_cpp.dir/rosidl_typesupport_cpp/turtlebot3_msgs/srv/sound__type_support.cpp.o[0m
[4.618s] [ 28%] [32mBuilding CXX object CMakeFiles/turtlebot3_msgs__rosidl_typesupport_cpp.dir/rosidl_typesupport_cpp/turtlebot3_msgs/action/patrol__type_support.cpp.o[0m
[4.640s] [35m[1mScanning dependencies of target turtlebot3_msgs__rosidl_typesupport_introspection_cpp[0m
[4.730s] [ 29%] [32mBuilding CXX object CMakeFiles/turtlebot3_msgs__rosidl_typesupport_introspection_cpp.dir/rosidl_typesupport_introspection_cpp/turtlebot3_msgs/msg/detail/sensor_state__type_support.cpp.o[0m
[4.755s] [ 30%] [32mBuilding CXX object CMakeFiles/turtlebot3_msgs__rosidl_typesupport_introspection_cpp.dir/rosidl_typesupport_introspection_cpp/turtlebot3_msgs/msg/detail/version_info__type_support.cpp.o[0m
[4.771s] [ 32%] [32mBuilding CXX object CMakeFiles/turtlebot3_msgs__rosidl_typesupport_introspection_cpp.dir/rosidl_typesupport_introspection_cpp/turtlebot3_msgs/msg/detail/sound__type_support.cpp.o[0m
[4.772s] [ 33%] [32mBuilding CXX object CMakeFiles/turtlebot3_msgs__rosidl_typesupport_introspection_cpp.dir/rosidl_typesupport_introspection_cpp/turtlebot3_msgs/srv/detail/sound__type_support.cpp.o[0m
[4.814s] [ 35%] [32mBuilding CXX object CMakeFiles/turtlebot3_msgs__rosidl_typesupport_introspection_cpp.dir/rosidl_typesupport_introspection_cpp/turtlebot3_msgs/action/detail/patrol__type_support.cpp.o[0m
[4.831s] [ 36%] [32mBuilding CXX object CMakeFiles/turtlebot3_msgs__rosidl_typesupport_introspection_cpp.dir/rosidl_typesupport_introspection_cpp/turtlebot3_msgs/srv/detail/dqn__type_support.cpp.o[0m
[5.063s] [35m[1mScanning dependencies of target turtlebot3_msgs__rosidl_typesupport_fastrtps_cpp[0m
[5.101s] [ 38%] [32mBuilding CXX object CMakeFiles/turtlebot3_msgs__rosidl_typesupport_fastrtps_cpp.dir/rosidl_typesupport_fastrtps_cpp/turtlebot3_msgs/msg/detail/dds_fastrtps/sensor_state__type_support.cpp.o[0m
[5.120s] [ 39%] [32mBuilding CXX object CMakeFiles/turtlebot3_msgs__rosidl_typesupport_fastrtps_cpp.dir/rosidl_typesupport_fastrtps_cpp/turtlebot3_msgs/msg/detail/dds_fastrtps/sound__type_support.cpp.o[0m
[5.141s] [ 40%] [32mBuilding CXX object CMakeFiles/turtlebot3_msgs__rosidl_typesupport_fastrtps_cpp.dir/rosidl_typesupport_fastrtps_cpp/turtlebot3_msgs/msg/detail/dds_fastrtps/version_info__type_support.cpp.o[0m
[5.326s] [35m[1mScanning dependencies of target turtlebot3_msgs__rosidl_typesupport_c[0m
[5.336s] [ 42%] [32mBuilding CXX object CMakeFiles/turtlebot3_msgs__rosidl_typesupport_fastrtps_cpp.dir/rosidl_typesupport_fastrtps_cpp/turtlebot3_msgs/srv/detail/dds_fastrtps/sound__type_support.cpp.o[0m
[5.367s] [ 43%] [32mBuilding CXX object CMakeFiles/turtlebot3_msgs__rosidl_typesupport_fastrtps_cpp.dir/rosidl_typesupport_fastrtps_cpp/turtlebot3_msgs/srv/detail/dds_fastrtps/dqn__type_support.cpp.o[0m
[5.380s] [ 45%] [32mBuilding CXX object CMakeFiles/turtlebot3_msgs__rosidl_typesupport_c.dir/rosidl_typesupport_c/turtlebot3_msgs/msg/sensor_state__type_support.cpp.o[0m
[5.387s] [ 46%] [32mBuilding CXX object CMakeFiles/turtlebot3_msgs__rosidl_typesupport_fastrtps_cpp.dir/rosidl_typesupport_fastrtps_cpp/turtlebot3_msgs/action/detail/dds_fastrtps/patrol__type_support.cpp.o[0m
[5.396s] [ 47%] [32mBuilding CXX object CMakeFiles/turtlebot3_msgs__rosidl_typesupport_c.dir/rosidl_typesupport_c/turtlebot3_msgs/msg/sound__type_support.cpp.o[0m
[5.434s] [ 49%] [32mBuilding CXX object CMakeFiles/turtlebot3_msgs__rosidl_typesupport_c.dir/rosidl_typesupport_c/turtlebot3_msgs/msg/version_info__type_support.cpp.o[0m
[5.472s] [ 50%] [32mBuilding CXX object CMakeFiles/turtlebot3_msgs__rosidl_typesupport_c.dir/rosidl_typesupport_c/turtlebot3_msgs/srv/sound__type_support.cpp.o[0m
[5.504s] [ 52%] [32mBuilding CXX object CMakeFiles/turtlebot3_msgs__rosidl_typesupport_c.dir/rosidl_typesupport_c/turtlebot3_msgs/action/patrol__type_support.cpp.o[0m
[5.506s] [ 53%] [32mBuilding CXX object CMakeFiles/turtlebot3_msgs__rosidl_typesupport_c.dir/rosidl_typesupport_c/turtlebot3_msgs/srv/dqn__type_support.cpp.o[0m
[5.560s] [ 54%] [32m[1mLinking CXX shared library libturtlebot3_msgs__rosidl_typesupport_cpp.so[0m
[5.603s] [35m[1mScanning dependencies of target turtlebot3_msgs__rosidl_typesupport_introspection_c[0m
[5.611s] [ 56%] [32m[1mLinking CXX shared library libturtlebot3_msgs__rosidl_typesupport_c.so[0m
[5.677s] [ 57%] [32m[1mLinking CXX shared library libturtlebot3_msgs__rosidl_typesupport_introspection_cpp.so[0m
[5.689s] [ 59%] [32mBuilding C object CMakeFiles/turtlebot3_msgs__rosidl_typesupport_introspection_c.dir/rosidl_typesupport_introspection_c/turtlebot3_msgs/srv/detail/sound__type_support.c.o[0m
[5.692s] [ 60%] [32mBuilding C object CMakeFiles/turtlebot3_msgs__rosidl_typesupport_introspection_c.dir/rosidl_typesupport_introspection_c/turtlebot3_msgs/msg/detail/sensor_state__type_support.c.o[0m
[5.699s] [ 61%] [32mBuilding C object CMakeFiles/turtlebot3_msgs__rosidl_typesupport_introspection_c.dir/rosidl_typesupport_introspection_c/turtlebot3_msgs/msg/detail/version_info__type_support.c.o[0m
[5.706s] [ 63%] [32mBuilding C object CMakeFiles/turtlebot3_msgs__rosidl_typesupport_introspection_c.dir/rosidl_typesupport_introspection_c/turtlebot3_msgs/msg/detail/sound__type_support.c.o[0m
[5.710s] [ 63%] Built target turtlebot3_msgs__rosidl_typesupport_cpp
[5.721s] [ 64%] [32mBuilding C object CMakeFiles/turtlebot3_msgs__rosidl_typesupport_introspection_c.dir/rosidl_typesupport_introspection_c/turtlebot3_msgs/srv/detail/dqn__type_support.c.o[0m
[5.754s] [ 64%] Built target turtlebot3_msgs__rosidl_typesupport_c
[5.814s] [ 66%] [32mBuilding C object CMakeFiles/turtlebot3_msgs__rosidl_typesupport_introspection_c.dir/rosidl_typesupport_introspection_c/turtlebot3_msgs/action/detail/patrol__type_support.c.o[0m
[5.849s] [ 66%] Built target turtlebot3_msgs__rosidl_typesupport_introspection_cpp
[5.897s] [ 67%] [32m[1mLinking C shared library libturtlebot3_msgs__rosidl_typesupport_introspection_c.so[0m
[5.935s] [ 67%] Built target turtlebot3_msgs__rosidl_typesupport_introspection_c
[6.105s] [ 69%] [32m[1mLinking CXX shared library libturtlebot3_msgs__rosidl_typesupport_fastrtps_cpp.so[0m
[6.207s] [ 69%] Built target turtlebot3_msgs__rosidl_typesupport_fastrtps_cpp
[6.216s] [ 70%] [34m[1mGenerating C type support for eProsima Fast-RTPS[0m
[6.804s] [35m[1mScanning dependencies of target turtlebot3_msgs__rosidl_typesupport_fastrtps_c[0m
[6.829s] [ 76%] [32mBuilding CXX object CMakeFiles/turtlebot3_msgs__rosidl_typesupport_fastrtps_c.dir/rosidl_typesupport_fastrtps_c/turtlebot3_msgs/msg/detail/version_info__type_support_c.cpp.o[0m
[6.830s] [ 76%] [32mBuilding CXX object CMakeFiles/turtlebot3_msgs__rosidl_typesupport_fastrtps_c.dir/rosidl_typesupport_fastrtps_c/turtlebot3_msgs/srv/detail/sound__type_support_c.cpp.o[0m
[6.830s] [ 76%] [32mBuilding CXX object CMakeFiles/turtlebot3_msgs__rosidl_typesupport_fastrtps_c.dir/rosidl_typesupport_fastrtps_c/turtlebot3_msgs/msg/detail/sound__type_support_c.cpp.o[0m
[6.830s] [ 76%] [32mBuilding CXX object CMakeFiles/turtlebot3_msgs__rosidl_typesupport_fastrtps_c.dir/rosidl_typesupport_fastrtps_c/turtlebot3_msgs/msg/detail/sensor_state__type_support_c.cpp.o[0m
[6.837s] [ 77%] [32mBuilding CXX object CMakeFiles/turtlebot3_msgs__rosidl_typesupport_fastrtps_c.dir/rosidl_typesupport_fastrtps_c/turtlebot3_msgs/srv/detail/dqn__type_support_c.cpp.o[0m
[6.837s] [ 78%] [32mBuilding CXX object CMakeFiles/turtlebot3_msgs__rosidl_typesupport_fastrtps_c.dir/rosidl_typesupport_fastrtps_c/turtlebot3_msgs/action/detail/patrol__type_support_c.cpp.o[0m
[7.231s] [ 80%] [32m[1mLinking CXX shared library libturtlebot3_msgs__rosidl_typesupport_fastrtps_c.so[0m
[7.303s] [ 80%] Built target turtlebot3_msgs__rosidl_typesupport_fastrtps_c
[7.311s] [35m[1mScanning dependencies of target turtlebot3_msgs[0m
[7.318s] [ 80%] Built target turtlebot3_msgs
[7.326s] [35m[1mScanning dependencies of target turtlebot3_msgs__py[0m
[7.347s] [ 81%] [34m[1mGenerating Python code for ROS interfaces[0m
[8.811s] [ 81%] Built target turtlebot3_msgs__py
[8.818s] [35m[1mScanning dependencies of target turtlebot3_msgs__python[0m
[8.835s] [ 83%] [32mBuilding C object CMakeFiles/turtlebot3_msgs__python.dir/rosidl_generator_py/turtlebot3_msgs/msg/_sensor_state_s.c.o[0m
[8.836s] [ 85%] [32mBuilding C object CMakeFiles/turtlebot3_msgs__python.dir/rosidl_generator_py/turtlebot3_msgs/action/_patrol_s.c.o[0m
[8.836s] [ 85%] [32mBuilding C object CMakeFiles/turtlebot3_msgs__python.dir/rosidl_generator_py/turtlebot3_msgs/srv/_sound_s.c.o[0m
[8.836s] [ 88%] [32mBuilding C object CMakeFiles/turtlebot3_msgs__python.dir/rosidl_generator_py/turtlebot3_msgs/msg/_sound_s.c.o[0m
[8.836s] [ 88%] [32mBuilding C object CMakeFiles/turtlebot3_msgs__python.dir/rosidl_generator_py/turtlebot3_msgs/msg/_version_info_s.c.o[0m
[8.836s] [ 90%] [32mBuilding C object CMakeFiles/turtlebot3_msgs__python.dir/rosidl_generator_py/turtlebot3_msgs/srv/_dqn_s.c.o[0m
[8.952s] [ 91%] [32m[1mLinking C shared library rosidl_generator_py/turtlebot3_msgs/libturtlebot3_msgs__python.so[0m
[9.002s] [ 91%] Built target turtlebot3_msgs__python
[9.013s] [35m[1mScanning dependencies of target turtlebot3_msgs__rosidl_typesupport_introspection_c__pyext[0m
[9.013s] [35m[1mScanning dependencies of target turtlebot3_msgs__rosidl_typesupport_c__pyext[0m
[9.013s] [35m[1mScanning dependencies of target turtlebot3_msgs__rosidl_typesupport_fastrtps_c__pyext[0m
[9.031s] [ 94%] [32mBuilding C object CMakeFiles/turtlebot3_msgs__rosidl_typesupport_c__pyext.dir/rosidl_generator_py/turtlebot3_msgs/_turtlebot3_msgs_s.ep.rosidl_typesupport_c.c.o[0m
[9.031s] [ 94%] [32mBuilding C object CMakeFiles/turtlebot3_msgs__rosidl_typesupport_introspection_c__pyext.dir/rosidl_generator_py/turtlebot3_msgs/_turtlebot3_msgs_s.ep.rosidl_typesupport_introspection_c.c.o[0m
[9.033s] [ 95%] [32mBuilding C object CMakeFiles/turtlebot3_msgs__rosidl_typesupport_fastrtps_c__pyext.dir/rosidl_generator_py/turtlebot3_msgs/_turtlebot3_msgs_s.ep.rosidl_typesupport_fastrtps_c.c.o[0m
[9.153s] [ 97%] [32m[1mLinking CXX shared library rosidl_generator_py/turtlebot3_msgs/turtlebot3_msgs_s__rosidl_typesupport_fastrtps_c.cpython-38-x86_64-linux-gnu.so[0m
[9.160s] [100%] [32m[1mLinking C shared library rosidl_generator_py/turtlebot3_msgs/turtlebot3_msgs_s__rosidl_typesupport_c.cpython-38-x86_64-linux-gnu.so[0m
[9.160s] [100%] [32m[1mLinking C shared library rosidl_generator_py/turtlebot3_msgs/turtlebot3_msgs_s__rosidl_typesupport_introspection_c.cpython-38-x86_64-linux-gnu.so[0m
[9.207s] [100%] Built target turtlebot3_msgs__rosidl_typesupport_c__pyext
[9.208s] [100%] Built target turtlebot3_msgs__rosidl_typesupport_introspection_c__pyext
[9.211s] [100%] Built target turtlebot3_msgs__rosidl_typesupport_fastrtps_c__pyext
[9.407s] Invoked command in '/home/lee/Capstone/src/build/turtlebot3_msgs' returned '0': CMAKE_PREFIX_PATH=${CMAKE_PREFIX_PATH}:/home/lee/turtlebot3_ws/install/turtlebot3_teleop:/home/lee/turtlebot3_ws/install/turtlebot3_example:/home/lee/gcamp_ros2_ws/install/py_topic_pkg:/home/lee/gcamp_ros2_ws/install/py_service_pkg:/home/lee/gcamp_ros2_ws/install/py_first_pkg:/home/lee/gcamp_ros2_ws/install/py_action_pkg:/opt/ros/foxy /usr/bin/cmake --build /home/lee/Capstone/src/build/turtlebot3_msgs -- -j16 -l16
[9.511s] Invoking command in '/home/lee/Capstone/src/build/turtlebot3_msgs': CMAKE_PREFIX_PATH=${CMAKE_PREFIX_PATH}:/home/lee/turtlebot3_ws/install/turtlebot3_teleop:/home/lee/turtlebot3_ws/install/turtlebot3_example:/home/lee/gcamp_ros2_ws/install/py_topic_pkg:/home/lee/gcamp_ros2_ws/install/py_service_pkg:/home/lee/gcamp_ros2_ws/install/py_first_pkg:/home/lee/gcamp_ros2_ws/install/py_action_pkg:/opt/ros/foxy /usr/bin/cmake --install /home/lee/Capstone/src/build/turtlebot3_msgs
[9.519s] -- Install configuration: ""
[9.520s] -- Installing: /home/lee/Capstone/src/install/turtlebot3_msgs/share/ament_index/resource_index/rosidl_interfaces/turtlebot3_msgs
[9.520s] -- Installing: /home/lee/Capstone/src/install/turtlebot3_msgs/include/turtlebot3_msgs
[9.520s] -- Installing: /home/lee/Capstone/src/install/turtlebot3_msgs/include/turtlebot3_msgs/action
[9.520s] -- Installing: /home/lee/Capstone/src/install/turtlebot3_msgs/include/turtlebot3_msgs/action/patrol.h
[9.520s] -- Installing: /home/lee/Capstone/src/install/turtlebot3_msgs/include/turtlebot3_msgs/action/detail
[9.520s] -- Installing: /home/lee/Capstone/src/install/turtlebot3_msgs/include/turtlebot3_msgs/action/detail/patrol__struct.h
[9.520s] -- Installing: /home/lee/Capstone/src/install/turtlebot3_msgs/include/turtlebot3_msgs/action/detail/patrol__functions.h
[9.520s] -- Installing: /home/lee/Capstone/src/install/turtlebot3_msgs/include/turtlebot3_msgs/action/detail/patrol__type_support.h
[9.520s] -- Installing: /home/lee/Capstone/src/install/turtlebot3_msgs/include/turtlebot3_msgs/action/detail/patrol__functions.c
[9.521s] -- Installing: /home/lee/Capstone/src/install/turtlebot3_msgs/include/turtlebot3_msgs/srv
[9.521s] -- Installing: /home/lee/Capstone/src/install/turtlebot3_msgs/include/turtlebot3_msgs/srv/detail
[9.521s] -- Installing: /home/lee/Capstone/src/install/turtlebot3_msgs/include/turtlebot3_msgs/srv/detail/sound__functions.c
[9.521s] -- Installing: /home/lee/Capstone/src/install/turtlebot3_msgs/include/turtlebot3_msgs/srv/detail/dqn__struct.h
[9.521s] -- Installing: /home/lee/Capstone/src/install/turtlebot3_msgs/include/turtlebot3_msgs/srv/detail/sound__functions.h
[9.521s] -- Installing: /home/lee/Capstone/src/install/turtlebot3_msgs/include/turtlebot3_msgs/srv/detail/sound__type_support.h
[9.521s] -- Installing: /home/lee/Capstone/src/install/turtlebot3_msgs/include/turtlebot3_msgs/srv/detail/dqn__functions.c
[9.521s] -- Installing: /home/lee/Capstone/src/install/turtlebot3_msgs/include/turtlebot3_msgs/srv/detail/dqn__functions.h
[9.521s] -- Installing: /home/lee/Capstone/src/install/turtlebot3_msgs/include/turtlebot3_msgs/srv/detail/sound__struct.h
[9.521s] -- Installing: /home/lee/Capstone/src/install/turtlebot3_msgs/include/turtlebot3_msgs/srv/detail/dqn__type_support.h
[9.522s] -- Installing: /home/lee/Capstone/src/install/turtlebot3_msgs/include/turtlebot3_msgs/srv/dqn.h
[9.522s] -- Installing: /home/lee/Capstone/src/install/turtlebot3_msgs/include/turtlebot3_msgs/srv/sound.h
[9.522s] -- Installing: /home/lee/Capstone/src/install/turtlebot3_msgs/include/turtlebot3_msgs/msg
[9.522s] -- Installing: /home/lee/Capstone/src/install/turtlebot3_msgs/include/turtlebot3_msgs/msg/sensor_state.h
[9.522s] -- Installing: /home/lee/Capstone/src/install/turtlebot3_msgs/include/turtlebot3_msgs/msg/version_info.h
[9.522s] -- Installing: /home/lee/Capstone/src/install/turtlebot3_msgs/include/turtlebot3_msgs/msg/detail
[9.522s] -- Installing: /home/lee/Capstone/src/install/turtlebot3_msgs/include/turtlebot3_msgs/msg/detail/sound__functions.c
[9.522s] -- Installing: /home/lee/Capstone/src/install/turtlebot3_msgs/include/turtlebot3_msgs/msg/detail/sensor_state__functions.c
[9.522s] -- Installing: /home/lee/Capstone/src/install/turtlebot3_msgs/include/turtlebot3_msgs/msg/detail/version_info__functions.h
[9.522s] -- Installing: /home/lee/Capstone/src/install/turtlebot3_msgs/include/turtlebot3_msgs/msg/detail/version_info__struct.h
[9.523s] -- Installing: /home/lee/Capstone/src/install/turtlebot3_msgs/include/turtlebot3_msgs/msg/detail/sound__functions.h
[9.523s] -- Installing: /home/lee/Capstone/src/install/turtlebot3_msgs/include/turtlebot3_msgs/msg/detail/sound__type_support.h
[9.523s] -- Installing: /home/lee/Capstone/src/install/turtlebot3_msgs/include/turtlebot3_msgs/msg/detail/sensor_state__struct.h
[9.523s] -- Installing: /home/lee/Capstone/src/install/turtlebot3_msgs/include/turtlebot3_msgs/msg/detail/sensor_state__functions.h
[9.523s] -- Installing: /home/lee/Capstone/src/install/turtlebot3_msgs/include/turtlebot3_msgs/msg/detail/version_info__functions.c
[9.523s] -- Installing: /home/lee/Capstone/src/install/turtlebot3_msgs/include/turtlebot3_msgs/msg/detail/sound__struct.h
[9.523s] -- Installing: /home/lee/Capstone/src/install/turtlebot3_msgs/include/turtlebot3_msgs/msg/detail/version_info__type_support.h
[9.523s] -- Installing: /home/lee/Capstone/src/install/turtlebot3_msgs/include/turtlebot3_msgs/msg/detail/sensor_state__type_support.h
[9.523s] -- Installing: /home/lee/Capstone/src/install/turtlebot3_msgs/include/turtlebot3_msgs/msg/rosidl_generator_c__visibility_control.h
[9.523s] -- Installing: /home/lee/Capstone/src/install/turtlebot3_msgs/include/turtlebot3_msgs/msg/sound.h
[9.523s] -- Installing: /home/lee/Capstone/src/install/turtlebot3_msgs/share/turtlebot3_msgs/environment/library_path.sh
[9.524s] -- Installing: /home/lee/Capstone/src/install/turtlebot3_msgs/share/turtlebot3_msgs/environment/library_path.dsv
[9.524s] -- Installing: /home/lee/Capstone/src/install/turtlebot3_msgs/lib/libturtlebot3_msgs__rosidl_generator_c.so
[9.524s] -- Set runtime path of "/home/lee/Capstone/src/install/turtlebot3_msgs/lib/libturtlebot3_msgs__rosidl_generator_c.so" to ""
[9.524s] -- Up-to-date: /home/lee/Capstone/src/install/turtlebot3_msgs/include/turtlebot3_msgs
[9.524s] -- Up-to-date: /home/lee/Capstone/src/install/turtlebot3_msgs/include/turtlebot3_msgs/action
[9.524s] -- Up-to-date: /home/lee/Capstone/src/install/turtlebot3_msgs/include/turtlebot3_msgs/action/detail
[9.524s] -- Installing: /home/lee/Capstone/src/install/turtlebot3_msgs/include/turtlebot3_msgs/action/detail/patrol__rosidl_typesupport_fastrtps_c.h
[9.524s] -- Up-to-date: /home/lee/Capstone/src/install/turtlebot3_msgs/include/turtlebot3_msgs/srv
[9.524s] -- Up-to-date: /home/lee/Capstone/src/install/turtlebot3_msgs/include/turtlebot3_msgs/srv/detail
[9.525s] -- Installing: /home/lee/Capstone/src/install/turtlebot3_msgs/include/turtlebot3_msgs/srv/detail/dqn__rosidl_typesupport_fastrtps_c.h
[9.525s] -- Installing: /home/lee/Capstone/src/install/turtlebot3_msgs/include/turtlebot3_msgs/srv/detail/sound__rosidl_typesupport_fastrtps_c.h
[9.525s] -- Up-to-date: /home/lee/Capstone/src/install/turtlebot3_msgs/include/turtlebot3_msgs/msg
[9.525s] -- Installing: /home/lee/Capstone/src/install/turtlebot3_msgs/include/turtlebot3_msgs/msg/rosidl_typesupport_fastrtps_c__visibility_control.h
[9.525s] -- Up-to-date: /home/lee/Capstone/src/install/turtlebot3_msgs/include/turtlebot3_msgs/msg/detail
[9.525s] -- Installing: /home/lee/Capstone/src/install/turtlebot3_msgs/include/turtlebot3_msgs/msg/detail/version_info__rosidl_typesupport_fastrtps_c.h
[9.525s] -- Installing: /home/lee/Capstone/src/install/turtlebot3_msgs/include/turtlebot3_msgs/msg/detail/sound__rosidl_typesupport_fastrtps_c.h
[9.525s] -- Installing: /home/lee/Capstone/src/install/turtlebot3_msgs/include/turtlebot3_msgs/msg/detail/sensor_state__rosidl_typesupport_fastrtps_c.h
[9.525s] -- Installing: /home/lee/Capstone/src/install/turtlebot3_msgs/lib/libturtlebot3_msgs__rosidl_typesupport_fastrtps_c.so
[9.526s] -- Set runtime path of "/home/lee/Capstone/src/install/turtlebot3_msgs/lib/libturtlebot3_msgs__rosidl_typesupport_fastrtps_c.so" to ""
[9.526s] -- Up-to-date: /home/lee/Capstone/src/install/turtlebot3_msgs/include/turtlebot3_msgs
[9.526s] -- Up-to-date: /home/lee/Capstone/src/install/turtlebot3_msgs/include/turtlebot3_msgs/action
[9.526s] -- Up-to-date: /home/lee/Capstone/src/install/turtlebot3_msgs/include/turtlebot3_msgs/action/detail
[9.526s] -- Installing: /home/lee/Capstone/src/install/turtlebot3_msgs/include/turtlebot3_msgs/action/detail/patrol__rosidl_typesupport_fastrtps_cpp.hpp
[9.526s] -- Installing: /home/lee/Capstone/src/install/turtlebot3_msgs/include/turtlebot3_msgs/action/detail/dds_fastrtps
[9.526s] -- Up-to-date: /home/lee/Capstone/src/install/turtlebot3_msgs/include/turtlebot3_msgs/srv
[9.526s] -- Up-to-date: /home/lee/Capstone/src/install/turtlebot3_msgs/include/turtlebot3_msgs/srv/detail
[9.526s] -- Installing: /home/lee/Capstone/src/install/turtlebot3_msgs/include/turtlebot3_msgs/srv/detail/sound__rosidl_typesupport_fastrtps_cpp.hpp
[9.526s] -- Installing: /home/lee/Capstone/src/install/turtlebot3_msgs/include/turtlebot3_msgs/srv/detail/dds_fastrtps
[9.526s] -- Installing: /home/lee/Capstone/src/install/turtlebot3_msgs/include/turtlebot3_msgs/srv/detail/dqn__rosidl_typesupport_fastrtps_cpp.hpp
[9.526s] -- Up-to-date: /home/lee/Capstone/src/install/turtlebot3_msgs/include/turtlebot3_msgs/msg
[9.527s] -- Installing: /home/lee/Capstone/src/install/turtlebot3_msgs/include/turtlebot3_msgs/msg/rosidl_typesupport_fastrtps_cpp__visibility_control.h
[9.527s] -- Up-to-date: /home/lee/Capstone/src/install/turtlebot3_msgs/include/turtlebot3_msgs/msg/detail
[9.527s] -- Installing: /home/lee/Capstone/src/install/turtlebot3_msgs/include/turtlebot3_msgs/msg/detail/sound__rosidl_typesupport_fastrtps_cpp.hpp
[9.527s] -- Installing: /home/lee/Capstone/src/install/turtlebot3_msgs/include/turtlebot3_msgs/msg/detail/sensor_state__rosidl_typesupport_fastrtps_cpp.hpp
[9.527s] -- Installing: /home/lee/Capstone/src/install/turtlebot3_msgs/include/turtlebot3_msgs/msg/detail/dds_fastrtps
[9.527s] -- Installing: /home/lee/Capstone/src/install/turtlebot3_msgs/include/turtlebot3_msgs/msg/detail/version_info__rosidl_typesupport_fastrtps_cpp.hpp
[9.527s] -- Installing: /home/lee/Capstone/src/install/turtlebot3_msgs/lib/libturtlebot3_msgs__rosidl_typesupport_fastrtps_cpp.so
[9.527s] -- Set runtime path of "/home/lee/Capstone/src/install/turtlebot3_msgs/lib/libturtlebot3_msgs__rosidl_typesupport_fastrtps_cpp.so" to ""
[9.527s] -- Up-to-date: /home/lee/Capstone/src/install/turtlebot3_msgs/include/turtlebot3_msgs
[9.527s] -- Up-to-date: /home/lee/Capstone/src/install/turtlebot3_msgs/include/turtlebot3_msgs/action
[9.527s] -- Up-to-date: /home/lee/Capstone/src/install/turtlebot3_msgs/include/turtlebot3_msgs/action/detail
[9.527s] -- Installing: /home/lee/Capstone/src/install/turtlebot3_msgs/include/turtlebot3_msgs/action/detail/patrol__rosidl_typesupport_introspection_c.h
[9.527s] -- Installing: /home/lee/Capstone/src/install/turtlebot3_msgs/include/turtlebot3_msgs/action/detail/patrol__type_support.c
[9.527s] -- Up-to-date: /home/lee/Capstone/src/install/turtlebot3_msgs/include/turtlebot3_msgs/srv
[9.528s] -- Up-to-date: /home/lee/Capstone/src/install/turtlebot3_msgs/include/turtlebot3_msgs/srv/detail
[9.528s] -- Installing: /home/lee/Capstone/src/install/turtlebot3_msgs/include/turtlebot3_msgs/srv/detail/sound__rosidl_typesupport_introspection_c.h
[9.528s] -- Installing: /home/lee/Capstone/src/install/turtlebot3_msgs/include/turtlebot3_msgs/srv/detail/dqn__type_support.c
[9.528s] -- Installing: /home/lee/Capstone/src/install/turtlebot3_msgs/include/turtlebot3_msgs/srv/detail/dqn__rosidl_typesupport_introspection_c.h
[9.528s] -- Installing: /home/lee/Capstone/src/install/turtlebot3_msgs/include/turtlebot3_msgs/srv/detail/sound__type_support.c
[9.528s] -- Up-to-date: /home/lee/Capstone/src/install/turtlebot3_msgs/include/turtlebot3_msgs/msg
[9.528s] -- Installing: /home/lee/Capstone/src/install/turtlebot3_msgs/include/turtlebot3_msgs/msg/rosidl_typesupport_introspection_c__visibility_control.h
[9.528s] -- Up-to-date: /home/lee/Capstone/src/install/turtlebot3_msgs/include/turtlebot3_msgs/msg/detail
[9.528s] -- Installing: /home/lee/Capstone/src/install/turtlebot3_msgs/include/turtlebot3_msgs/msg/detail/sound__rosidl_typesupport_introspection_c.h
[9.528s] -- Installing: /home/lee/Capstone/src/install/turtlebot3_msgs/include/turtlebot3_msgs/msg/detail/version_info__type_support.c
[9.528s] -- Installing: /home/lee/Capstone/src/install/turtlebot3_msgs/include/turtlebot3_msgs/msg/detail/sensor_state__rosidl_typesupport_introspection_c.h
[9.528s] -- Installing: /home/lee/Capstone/src/install/turtlebot3_msgs/include/turtlebot3_msgs/msg/detail/version_info__rosidl_typesupport_introspection_c.h
[9.528s] -- Installing: /home/lee/Capstone/src/install/turtlebot3_msgs/include/turtlebot3_msgs/msg/detail/sensor_state__type_support.c
[9.529s] -- Installing: /home/lee/Capstone/src/install/turtlebot3_msgs/include/turtlebot3_msgs/msg/detail/sound__type_support.c
[9.529s] -- Installing: /home/lee/Capstone/src/install/turtlebot3_msgs/lib/libturtlebot3_msgs__rosidl_typesupport_introspection_c.so
[9.529s] -- Set runtime path of "/home/lee/Capstone/src/install/turtlebot3_msgs/lib/libturtlebot3_msgs__rosidl_typesupport_introspection_c.so" to ""
[9.529s] -- Installing: /home/lee/Capstone/src/install/turtlebot3_msgs/lib/libturtlebot3_msgs__rosidl_typesupport_c.so
[9.529s] -- Set runtime path of "/home/lee/Capstone/src/install/turtlebot3_msgs/lib/libturtlebot3_msgs__rosidl_typesupport_c.so" to ""
[9.529s] -- Up-to-date: /home/lee/Capstone/src/install/turtlebot3_msgs/include/turtlebot3_msgs
[9.529s] -- Up-to-date: /home/lee/Capstone/src/install/turtlebot3_msgs/include/turtlebot3_msgs/action
[9.529s] -- Installing: /home/lee/Capstone/src/install/turtlebot3_msgs/include/turtlebot3_msgs/action/patrol.hpp
[9.529s] -- Up-to-date: /home/lee/Capstone/src/install/turtlebot3_msgs/include/turtlebot3_msgs/action/detail
[9.529s] -- Installing: /home/lee/Capstone/src/install/turtlebot3_msgs/include/turtlebot3_msgs/action/detail/patrol__builder.hpp
[9.529s] -- Installing: /home/lee/Capstone/src/install/turtlebot3_msgs/include/turtlebot3_msgs/action/detail/patrol__struct.hpp
[9.529s] -- Installing: /home/lee/Capstone/src/install/turtlebot3_msgs/include/turtlebot3_msgs/action/detail/patrol__type_support.hpp
[9.529s] -- Installing: /home/lee/Capstone/src/install/turtlebot3_msgs/include/turtlebot3_msgs/action/detail/patrol__traits.hpp
[9.529s] -- Up-to-date: /home/lee/Capstone/src/install/turtlebot3_msgs/include/turtlebot3_msgs/srv
[9.530s] -- Up-to-date: /home/lee/Capstone/src/install/turtlebot3_msgs/include/turtlebot3_msgs/srv/detail
[9.530s] -- Installing: /home/lee/Capstone/src/install/turtlebot3_msgs/include/turtlebot3_msgs/srv/detail/dqn__traits.hpp
[9.530s] -- Installing: /home/lee/Capstone/src/install/turtlebot3_msgs/include/turtlebot3_msgs/srv/detail/sound__struct.hpp
[9.530s] -- Installing: /home/lee/Capstone/src/install/turtlebot3_msgs/include/turtlebot3_msgs/srv/detail/dqn__struct.hpp
[9.530s] -- Installing: /home/lee/Capstone/src/install/turtlebot3_msgs/include/turtlebot3_msgs/srv/detail/sound__traits.hpp
[9.530s] -- Installing: /home/lee/Capstone/src/install/turtlebot3_msgs/include/turtlebot3_msgs/srv/detail/sound__builder.hpp
[9.530s] -- Installing: /home/lee/Capstone/src/install/turtlebot3_msgs/include/turtlebot3_msgs/srv/detail/dqn__builder.hpp
[9.530s] -- Installing: /home/lee/Capstone/src/install/turtlebot3_msgs/include/turtlebot3_msgs/srv/detail/dqn__type_support.hpp
[9.530s] -- Installing: /home/lee/Capstone/src/install/turtlebot3_msgs/include/turtlebot3_msgs/srv/detail/sound__type_support.hpp
[9.530s] -- Installing: /home/lee/Capstone/src/install/turtlebot3_msgs/include/turtlebot3_msgs/srv/dqn.hpp
[9.530s] -- Installing: /home/lee/Capstone/src/install/turtlebot3_msgs/include/turtlebot3_msgs/srv/sound.hpp
[9.530s] -- Up-to-date: /home/lee/Capstone/src/install/turtlebot3_msgs/include/turtlebot3_msgs/msg
[9.531s] -- Installing: /home/lee/Capstone/src/install/turtlebot3_msgs/include/turtlebot3_msgs/msg/version_info.hpp
[9.531s] -- Up-to-date: /home/lee/Capstone/src/install/turtlebot3_msgs/include/turtlebot3_msgs/msg/detail
[9.531s] -- Installing: /home/lee/Capstone/src/install/turtlebot3_msgs/include/turtlebot3_msgs/msg/detail/sound__struct.hpp
[9.531s] -- Installing: /home/lee/Capstone/src/install/turtlebot3_msgs/include/turtlebot3_msgs/msg/detail/version_info__struct.hpp
[9.531s] -- Installing: /home/lee/Capstone/src/install/turtlebot3_msgs/include/turtlebot3_msgs/msg/detail/sensor_state__type_support.hpp
[9.531s] -- Installing: /home/lee/Capstone/src/install/turtlebot3_msgs/include/turtlebot3_msgs/msg/detail/version_info__traits.hpp
[9.531s] -- Installing: /home/lee/Capstone/src/install/turtlebot3_msgs/include/turtlebot3_msgs/msg/detail/sensor_state__builder.hpp
[9.531s] -- Installing: /home/lee/Capstone/src/install/turtlebot3_msgs/include/turtlebot3_msgs/msg/detail/version_info__type_support.hpp
[9.531s] -- Installing: /home/lee/Capstone/src/install/turtlebot3_msgs/include/turtlebot3_msgs/msg/detail/sound__traits.hpp
[9.531s] -- Installing: /home/lee/Capstone/src/install/turtlebot3_msgs/include/turtlebot3_msgs/msg/detail/sound__builder.hpp
[9.531s] -- Installing: /home/lee/Capstone/src/install/turtlebot3_msgs/include/turtlebot3_msgs/msg/detail/sensor_state__traits.hpp
[9.531s] -- Installing: /home/lee/Capstone/src/install/turtlebot3_msgs/include/turtlebot3_msgs/msg/detail/sound__type_support.hpp
[9.531s] -- Installing: /home/lee/Capstone/src/install/turtlebot3_msgs/include/turtlebot3_msgs/msg/detail/version_info__builder.hpp
[9.532s] -- Installing: /home/lee/Capstone/src/install/turtlebot3_msgs/include/turtlebot3_msgs/msg/detail/sensor_state__struct.hpp
[9.532s] -- Installing: /home/lee/Capstone/src/install/turtlebot3_msgs/include/turtlebot3_msgs/msg/sound.hpp
[9.532s] -- Installing: /home/lee/Capstone/src/install/turtlebot3_msgs/include/turtlebot3_msgs/msg/rosidl_generator_cpp__visibility_control.hpp
[9.532s] -- Installing: /home/lee/Capstone/src/install/turtlebot3_msgs/include/turtlebot3_msgs/msg/sensor_state.hpp
[9.532s] -- Up-to-date: /home/lee/Capstone/src/install/turtlebot3_msgs/include/turtlebot3_msgs
[9.532s] -- Up-to-date: /home/lee/Capstone/src/install/turtlebot3_msgs/include/turtlebot3_msgs/action
[9.532s] -- Up-to-date: /home/lee/Capstone/src/install/turtlebot3_msgs/include/turtlebot3_msgs/action/detail
[9.532s] -- Installing: /home/lee/Capstone/src/install/turtlebot3_msgs/include/turtlebot3_msgs/action/detail/patrol__type_support.cpp
[9.532s] -- Installing: /home/lee/Capstone/src/install/turtlebot3_msgs/include/turtlebot3_msgs/action/detail/patrol__rosidl_typesupport_introspection_cpp.hpp
[9.532s] -- Up-to-date: /home/lee/Capstone/src/install/turtlebot3_msgs/include/turtlebot3_msgs/srv
[9.532s] -- Up-to-date: /home/lee/Capstone/src/install/turtlebot3_msgs/include/turtlebot3_msgs/srv/detail
[9.532s] -- Installing: /home/lee/Capstone/src/install/turtlebot3_msgs/include/turtlebot3_msgs/srv/detail/dqn__type_support.cpp
[9.532s] -- Installing: /home/lee/Capstone/src/install/turtlebot3_msgs/include/turtlebot3_msgs/srv/detail/sound__type_support.cpp
[9.532s] -- Installing: /home/lee/Capstone/src/install/turtlebot3_msgs/include/turtlebot3_msgs/srv/detail/dqn__rosidl_typesupport_introspection_cpp.hpp
[9.533s] -- Installing: /home/lee/Capstone/src/install/turtlebot3_msgs/include/turtlebot3_msgs/srv/detail/sound__rosidl_typesupport_introspection_cpp.hpp
[9.533s] -- Up-to-date: /home/lee/Capstone/src/install/turtlebot3_msgs/include/turtlebot3_msgs/msg
[9.533s] -- Up-to-date: /home/lee/Capstone/src/install/turtlebot3_msgs/include/turtlebot3_msgs/msg/detail
[9.533s] -- Installing: /home/lee/Capstone/src/install/turtlebot3_msgs/include/turtlebot3_msgs/msg/detail/sensor_state__type_support.cpp
[9.533s] -- Installing: /home/lee/Capstone/src/install/turtlebot3_msgs/include/turtlebot3_msgs/msg/detail/sound__type_support.cpp
[9.533s] -- Installing: /home/lee/Capstone/src/install/turtlebot3_msgs/include/turtlebot3_msgs/msg/detail/version_info__type_support.cpp
[9.533s] -- Installing: /home/lee/Capstone/src/install/turtlebot3_msgs/include/turtlebot3_msgs/msg/detail/sensor_state__rosidl_typesupport_introspection_cpp.hpp
[9.533s] -- Installing: /home/lee/Capstone/src/install/turtlebot3_msgs/include/turtlebot3_msgs/msg/detail/sound__rosidl_typesupport_introspection_cpp.hpp
[9.533s] -- Installing: /home/lee/Capstone/src/install/turtlebot3_msgs/include/turtlebot3_msgs/msg/detail/version_info__rosidl_typesupport_introspection_cpp.hpp
[9.533s] -- Installing: /home/lee/Capstone/src/install/turtlebot3_msgs/lib/libturtlebot3_msgs__rosidl_typesupport_introspection_cpp.so
[9.533s] -- Set runtime path of "/home/lee/Capstone/src/install/turtlebot3_msgs/lib/libturtlebot3_msgs__rosidl_typesupport_introspection_cpp.so" to ""
[9.533s] -- Installing: /home/lee/Capstone/src/install/turtlebot3_msgs/lib/libturtlebot3_msgs__rosidl_typesupport_cpp.so
[9.533s] -- Set runtime path of "/home/lee/Capstone/src/install/turtlebot3_msgs/lib/libturtlebot3_msgs__rosidl_typesupport_cpp.so" to ""
[9.533s] -- Installing: /home/lee/Capstone/src/install/turtlebot3_msgs/share/turtlebot3_msgs/environment/pythonpath.sh
[9.534s] -- Installing: /home/lee/Capstone/src/install/turtlebot3_msgs/share/turtlebot3_msgs/environment/pythonpath.dsv
[9.534s] -- Installing: /home/lee/Capstone/src/install/turtlebot3_msgs/lib/python3.8/site-packages/turtlebot3_msgs/__init__.py
[9.550s] Compiling '/home/lee/Capstone/src/install/turtlebot3_msgs/lib/python3.8/site-packages/turtlebot3_msgs/__init__.py'...
[9.553s] -- Installing: /home/lee/Capstone/src/install/turtlebot3_msgs/lib/python3.8/site-packages/turtlebot3_msgs/msg
[9.554s] -- Installing: /home/lee/Capstone/src/install/turtlebot3_msgs/lib/python3.8/site-packages/turtlebot3_msgs/msg/_sound_s.c
[9.554s] -- Installing: /home/lee/Capstone/src/install/turtlebot3_msgs/lib/python3.8/site-packages/turtlebot3_msgs/msg/_sound.py
[9.554s] -- Installing: /home/lee/Capstone/src/install/turtlebot3_msgs/lib/python3.8/site-packages/turtlebot3_msgs/msg/_version_info_s.c
[9.554s] -- Installing: /home/lee/Capstone/src/install/turtlebot3_msgs/lib/python3.8/site-packages/turtlebot3_msgs/msg/_sensor_state_s.c
[9.554s] -- Installing: /home/lee/Capstone/src/install/turtlebot3_msgs/lib/python3.8/site-packages/turtlebot3_msgs/msg/_version_info.py
[9.554s] -- Installing: /home/lee/Capstone/src/install/turtlebot3_msgs/lib/python3.8/site-packages/turtlebot3_msgs/msg/_sensor_state.py
[9.554s] -- Installing: /home/lee/Capstone/src/install/turtlebot3_msgs/lib/python3.8/site-packages/turtlebot3_msgs/msg/__init__.py
[9.554s] -- Installing: /home/lee/Capstone/src/install/turtlebot3_msgs/lib/python3.8/site-packages/turtlebot3_msgs/srv
[9.554s] -- Installing: /home/lee/Capstone/src/install/turtlebot3_msgs/lib/python3.8/site-packages/turtlebot3_msgs/srv/_sound_s.c
[9.554s] -- Installing: /home/lee/Capstone/src/install/turtlebot3_msgs/lib/python3.8/site-packages/turtlebot3_msgs/srv/_sound.py
[9.554s] -- Installing: /home/lee/Capstone/src/install/turtlebot3_msgs/lib/python3.8/site-packages/turtlebot3_msgs/srv/_dqn.py
[9.555s] -- Installing: /home/lee/Capstone/src/install/turtlebot3_msgs/lib/python3.8/site-packages/turtlebot3_msgs/srv/_dqn_s.c
[9.555s] -- Installing: /home/lee/Capstone/src/install/turtlebot3_msgs/lib/python3.8/site-packages/turtlebot3_msgs/srv/__init__.py
[9.555s] -- Installing: /home/lee/Capstone/src/install/turtlebot3_msgs/lib/python3.8/site-packages/turtlebot3_msgs/action
[9.555s] -- Installing: /home/lee/Capstone/src/install/turtlebot3_msgs/lib/python3.8/site-packages/turtlebot3_msgs/action/_patrol_s.c
[9.555s] -- Installing: /home/lee/Capstone/src/install/turtlebot3_msgs/lib/python3.8/site-packages/turtlebot3_msgs/action/_patrol.py
[9.555s] -- Installing: /home/lee/Capstone/src/install/turtlebot3_msgs/lib/python3.8/site-packages/turtlebot3_msgs/action/__init__.py
[9.555s] -- Installing: /home/lee/Capstone/src/install/turtlebot3_msgs/lib/python3.8/site-packages/turtlebot3_msgs/turtlebot3_msgs_s__rosidl_typesupport_fastrtps_c.cpython-38-x86_64-linux-gnu.so
[9.555s] -- Set runtime path of "/home/lee/Capstone/src/install/turtlebot3_msgs/lib/python3.8/site-packages/turtlebot3_msgs/turtlebot3_msgs_s__rosidl_typesupport_fastrtps_c.cpython-38-x86_64-linux-gnu.so" to ""
[9.556s] -- Installing: /home/lee/Capstone/src/install/turtlebot3_msgs/lib/python3.8/site-packages/turtlebot3_msgs/turtlebot3_msgs_s__rosidl_typesupport_introspection_c.cpython-38-x86_64-linux-gnu.so
[9.556s] -- Set runtime path of "/home/lee/Capstone/src/install/turtlebot3_msgs/lib/python3.8/site-packages/turtlebot3_msgs/turtlebot3_msgs_s__rosidl_typesupport_introspection_c.cpython-38-x86_64-linux-gnu.so" to ""
[9.556s] -- Installing: /home/lee/Capstone/src/install/turtlebot3_msgs/lib/python3.8/site-packages/turtlebot3_msgs/turtlebot3_msgs_s__rosidl_typesupport_c.cpython-38-x86_64-linux-gnu.so
[9.557s] -- Set runtime path of "/home/lee/Capstone/src/install/turtlebot3_msgs/lib/python3.8/site-packages/turtlebot3_msgs/turtlebot3_msgs_s__rosidl_typesupport_c.cpython-38-x86_64-linux-gnu.so" to ""
[9.557s] -- Installing: /home/lee/Capstone/src/install/turtlebot3_msgs/lib/libturtlebot3_msgs__python.so
[9.557s] -- Set runtime path of "/home/lee/Capstone/src/install/turtlebot3_msgs/lib/libturtlebot3_msgs__python.so" to ""
[9.557s] -- Installing: /home/lee/Capstone/src/install/turtlebot3_msgs/share/turtlebot3_msgs/msg/SensorState.idl
[9.557s] -- Installing: /home/lee/Capstone/src/install/turtlebot3_msgs/share/turtlebot3_msgs/msg/Sound.idl
[9.557s] -- Installing: /home/lee/Capstone/src/install/turtlebot3_msgs/share/turtlebot3_msgs/msg/VersionInfo.idl
[9.557s] -- Installing: /home/lee/Capstone/src/install/turtlebot3_msgs/share/turtlebot3_msgs/srv/Sound.idl
[9.557s] -- Installing: /home/lee/Capstone/src/install/turtlebot3_msgs/share/turtlebot3_msgs/srv/Dqn.idl
[9.558s] -- Installing: /home/lee/Capstone/src/install/turtlebot3_msgs/share/turtlebot3_msgs/action/Patrol.idl
[9.558s] -- Installing: /home/lee/Capstone/src/install/turtlebot3_msgs/share/turtlebot3_msgs/msg/SensorState.msg
[9.558s] -- Installing: /home/lee/Capstone/src/install/turtlebot3_msgs/share/turtlebot3_msgs/msg/Sound.msg
[9.558s] -- Installing: /home/lee/Capstone/src/install/turtlebot3_msgs/share/turtlebot3_msgs/msg/VersionInfo.msg
[9.558s] -- Installing: /home/lee/Capstone/src/install/turtlebot3_msgs/share/turtlebot3_msgs/srv/Sound.srv
[9.558s] -- Installing: /home/lee/Capstone/src/install/turtlebot3_msgs/share/turtlebot3_msgs/srv/Sound_Request.msg
[9.558s] -- Installing: /home/lee/Capstone/src/install/turtlebot3_msgs/share/turtlebot3_msgs/srv/Sound_Response.msg
[9.558s] -- Installing: /home/lee/Capstone/src/install/turtlebot3_msgs/share/turtlebot3_msgs/srv/Dqn.srv
[9.558s] -- Installing: /home/lee/Capstone/src/install/turtlebot3_msgs/share/turtlebot3_msgs/srv/Dqn_Request.msg
[9.558s] -- Installing: /home/lee/Capstone/src/install/turtlebot3_msgs/share/turtlebot3_msgs/srv/Dqn_Response.msg
[9.558s] -- Installing: /home/lee/Capstone/src/install/turtlebot3_msgs/share/turtlebot3_msgs/action/Patrol.action
[9.558s] -- Installing: /home/lee/Capstone/src/install/turtlebot3_msgs/share/ament_index/resource_index/package_run_dependencies/turtlebot3_msgs
[9.559s] -- Installing: /home/lee/Capstone/src/install/turtlebot3_msgs/share/ament_index/resource_index/parent_prefix_path/turtlebot3_msgs
[9.559s] -- Installing: /home/lee/Capstone/src/install/turtlebot3_msgs/share/turtlebot3_msgs/environment/ament_prefix_path.sh
[9.559s] -- Installing: /home/lee/Capstone/src/install/turtlebot3_msgs/share/turtlebot3_msgs/environment/ament_prefix_path.dsv
[9.559s] -- Installing: /home/lee/Capstone/src/install/turtlebot3_msgs/share/turtlebot3_msgs/environment/path.sh
[9.559s] -- Installing: /home/lee/Capstone/src/install/turtlebot3_msgs/share/turtlebot3_msgs/environment/path.dsv
[9.559s] -- Installing: /home/lee/Capstone/src/install/turtlebot3_msgs/share/turtlebot3_msgs/local_setup.bash
[9.559s] -- Installing: /home/lee/Capstone/src/install/turtlebot3_msgs/share/turtlebot3_msgs/local_setup.sh
[9.559s] -- Installing: /home/lee/Capstone/src/install/turtlebot3_msgs/share/turtlebot3_msgs/local_setup.zsh
[9.559s] -- Installing: /home/lee/Capstone/src/install/turtlebot3_msgs/share/turtlebot3_msgs/local_setup.dsv
[9.559s] -- Installing: /home/lee/Capstone/src/install/turtlebot3_msgs/share/turtlebot3_msgs/package.dsv
[9.560s] -- Installing: /home/lee/Capstone/src/install/turtlebot3_msgs/share/ament_index/resource_index/packages/turtlebot3_msgs
[9.560s] -- Installing: /home/lee/Capstone/src/install/turtlebot3_msgs/share/turtlebot3_msgs/cmake/turtlebot3_msgs__rosidl_generator_cExport.cmake
[9.560s] -- Installing: /home/lee/Capstone/src/install/turtlebot3_msgs/share/turtlebot3_msgs/cmake/turtlebot3_msgs__rosidl_generator_cExport-noconfig.cmake
[9.560s] -- Installing: /home/lee/Capstone/src/install/turtlebot3_msgs/share/turtlebot3_msgs/cmake/turtlebot3_msgs__rosidl_typesupport_introspection_cExport.cmake
[9.560s] -- Installing: /home/lee/Capstone/src/install/turtlebot3_msgs/share/turtlebot3_msgs/cmake/turtlebot3_msgs__rosidl_typesupport_introspection_cExport-noconfig.cmake
[9.560s] -- Installing: /home/lee/Capstone/src/install/turtlebot3_msgs/share/turtlebot3_msgs/cmake/turtlebot3_msgs__rosidl_typesupport_cExport.cmake
[9.560s] -- Installing: /home/lee/Capstone/src/install/turtlebot3_msgs/share/turtlebot3_msgs/cmake/turtlebot3_msgs__rosidl_typesupport_cExport-noconfig.cmake
[9.561s] -- Installing: /home/lee/Capstone/src/install/turtlebot3_msgs/share/turtlebot3_msgs/cmake/turtlebot3_msgs__rosidl_generator_cppExport.cmake
[9.561s] -- Installing: /home/lee/Capstone/src/install/turtlebot3_msgs/share/turtlebot3_msgs/cmake/turtlebot3_msgs__rosidl_typesupport_introspection_cppExport.cmake
[9.561s] -- Installing: /home/lee/Capstone/src/install/turtlebot3_msgs/share/turtlebot3_msgs/cmake/turtlebot3_msgs__rosidl_typesupport_introspection_cppExport-noconfig.cmake
[9.561s] -- Installing: /home/lee/Capstone/src/install/turtlebot3_msgs/share/turtlebot3_msgs/cmake/turtlebot3_msgs__rosidl_typesupport_cppExport.cmake
[9.561s] -- Installing: /home/lee/Capstone/src/install/turtlebot3_msgs/share/turtlebot3_msgs/cmake/turtlebot3_msgs__rosidl_typesupport_cppExport-noconfig.cmake
[9.561s] -- Installing: /home/lee/Capstone/src/install/turtlebot3_msgs/share/turtlebot3_msgs/cmake/rosidl_cmake-extras.cmake
[9.561s] -- Installing: /home/lee/Capstone/src/install/turtlebot3_msgs/share/turtlebot3_msgs/cmake/ament_cmake_export_dependencies-extras.cmake
[9.561s] -- Installing: /home/lee/Capstone/src/install/turtlebot3_msgs/share/turtlebot3_msgs/cmake/ament_cmake_export_libraries-extras.cmake
[9.561s] -- Installing: /home/lee/Capstone/src/install/turtlebot3_msgs/share/turtlebot3_msgs/cmake/ament_cmake_export_targets-extras.cmake
[9.562s] -- Installing: /home/lee/Capstone/src/install/turtlebot3_msgs/share/turtlebot3_msgs/cmake/ament_cmake_export_include_directories-extras.cmake
[9.562s] -- Installing: /home/lee/Capstone/src/install/turtlebot3_msgs/share/turtlebot3_msgs/cmake/rosidl_cmake_export_typesupport_libraries-extras.cmake
[9.562s] -- Installing: /home/lee/Capstone/src/install/turtlebot3_msgs/share/turtlebot3_msgs/cmake/rosidl_cmake_export_typesupport_targets-extras.cmake
[9.562s] -- Installing: /home/lee/Capstone/src/install/turtlebot3_msgs/share/turtlebot3_msgs/cmake/turtlebot3_msgsConfig.cmake
[9.562s] -- Installing: /home/lee/Capstone/src/install/turtlebot3_msgs/share/turtlebot3_msgs/cmake/turtlebot3_msgsConfig-version.cmake
[9.562s] -- Installing: /home/lee/Capstone/src/install/turtlebot3_msgs/share/turtlebot3_msgs/package.xml
[9.565s] Invoked command in '/home/lee/Capstone/src/build/turtlebot3_msgs' returned '0': CMAKE_PREFIX_PATH=${CMAKE_PREFIX_PATH}:/home/lee/turtlebot3_ws/install/turtlebot3_teleop:/home/lee/turtlebot3_ws/install/turtlebot3_example:/home/lee/gcamp_ros2_ws/install/py_topic_pkg:/home/lee/gcamp_ros2_ws/install/py_service_pkg:/home/lee/gcamp_ros2_ws/install/py_first_pkg:/home/lee/gcamp_ros2_ws/install/py_action_pkg:/opt/ros/foxy /usr/bin/cmake --install /home/lee/Capstone/src/build/turtlebot3_msgs
