[0.021s] Invoking command in '/home/lee/Capstone/build/cpp_action_pkg': AMENT_PREFIX_PATH=/home/lee/Capstone/install/custom_interfaces:${AMENT_PREFIX_PATH} CMAKE_PREFIX_PATH=/home/lee/Capstone/install/custom_interfaces:/home/lee/gcamp_ros2_ws/install/gcamp_gazebo:/home/lee/gcamp_ros2_ws/install/cpp_service_pkg:/home/lee/gcamp_ros2_ws/install/cpp_action_pkg:/home/lee/gcamp_ros2_ws/install/custom_interfaces:/home/lee/gcamp_ros2_ws/install/cpp_topic_pkg:/home/lee/gcamp_ros2_ws/install/cpp_service_tutorial:/home/lee/gcamp_ros2_ws/install/cpp_param_pkg:/home/lee/gcamp_ros2_ws/install/cpp_first_pkg:/home/lee/gcamp_ros2_ws/install/py_topic_pkg:/home/lee/gcamp_ros2_ws/install/py_service_pkg:/home/lee/gcamp_ros2_ws/install/py_first_pkg:/home/lee/gcamp_ros2_ws/install/py_action_pkg:/opt/ros/foxy LD_LIBRARY_PATH=/home/lee/Capstone/install/custom_interfaces/lib:${LD_LIBRARY_PATH} PYTHONPATH=/home/lee/Capstone/install/custom_interfaces/lib/python3.8/site-packages:${PYTHONPATH} /usr/bin/cmake /home/lee/Capstone/src/gcamp_ros2_basic/cpp_action_pkg -DCMAKE_INSTALL_PREFIX=/home/lee/Capstone/install/cpp_action_pkg
[0.161s] -- The C compiler identification is GNU 9.4.0
[0.161s] -- The CXX compiler identification is GNU 9.4.0
[0.161s] -- Check for working C compiler: /usr/bin/cc
[0.161s] -- Check for working C compiler: /usr/bin/cc -- works
[0.161s] -- Detecting C compiler ABI info
[0.166s] -- Detecting C compiler ABI info - done
[0.173s] -- Detecting C compile features
[0.173s] -- Detecting C compile features - done
[0.174s] -- Check for working CXX compiler: /usr/bin/c++
[0.220s] -- Check for working CXX compiler: /usr/bin/c++ -- works
[0.221s] -- Detecting CXX compiler ABI info
[0.267s] -- Detecting CXX compiler ABI info - done
[0.278s] -- Detecting CXX compile features
[0.278s] -- Detecting CXX compile features - done
[0.280s] -- Found ament_cmake: 0.9.12 (/opt/ros/foxy/share/ament_cmake/cmake)
[0.299s] -- Found PythonInterp: /usr/bin/python3 (found suitable version "3.8.10", minimum required is "3") 
[0.299s] -- Using PYTHON_EXECUTABLE: /usr/bin/python3
[0.428s] -- Found rclcpp: 2.4.3 (/opt/ros/foxy/share/rclcpp/cmake)
[0.460s] -- Using all available rosidl_typesupport_c: rosidl_typesupport_fastrtps_c;rosidl_typesupport_introspection_c
[0.465s] -- Found rosidl_adapter: 1.3.1 (/opt/ros/foxy/share/rosidl_adapter/cmake)
[0.526s] -- Found OpenSSL: /usr/lib/x86_64-linux-gnu/libcrypto.so (found version "1.1.1f")  
[0.548s] -- Found FastRTPS: /opt/ros/foxy/include  
[0.600s] -- Using all available rosidl_typesupport_cpp: rosidl_typesupport_fastrtps_cpp;rosidl_typesupport_introspection_cpp
[0.638s] -- Found rmw_implementation_cmake: 1.0.4 (/opt/ros/foxy/share/rmw_implementation_cmake/cmake)
[0.639s] -- Using RMW implementation 'rmw_fastrtps_cpp' as default
[0.639s] -- Looking for pthread.h
[0.684s] -- Looking for pthread.h - found
[0.684s] -- Performing Test CMAKE_HAVE_LIBC_PTHREAD
[0.728s] -- Performing Test CMAKE_HAVE_LIBC_PTHREAD - Failed
[0.728s] -- Looking for pthread_create in pthreads
[0.762s] -- Looking for pthread_create in pthreads - not found
[0.762s] -- Looking for pthread_create in pthread
[0.801s] -- Looking for pthread_create in pthread - found
[0.801s] -- Found Threads: TRUE  
[0.889s] -- Found rclcpp_action: 2.4.3 (/opt/ros/foxy/share/rclcpp_action/cmake)
[0.934s] -- Found rclcpp_components: 2.4.3 (/opt/ros/foxy/share/rclcpp_components/cmake)
[0.969s] -- Found custom_interfaces: 0.0.0 (/home/lee/Capstone/install/custom_interfaces/share/custom_interfaces/cmake)
[1.000s] -- Found ament_lint_auto: 0.9.8 (/opt/ros/foxy/share/ament_lint_auto/cmake)
[1.048s] -- Added test 'copyright' to check source files copyright and LICENSE
[1.049s] -- Added test 'cppcheck' to perform static code analysis on C / C++ code
[1.049s] -- Configured cppcheck include dirs: 
[1.049s] -- Configured cppcheck exclude dirs and/or files: 
[1.049s] -- Added test 'cpplint' to check C / C++ code against the Google style
[1.049s] -- Configured cpplint exclude dirs and/or files: 
[1.050s] -- Added test 'lint_cmake' to check CMake code style
[1.050s] -- Added test 'uncrustify' to check C / C++ code style
[1.050s] -- Configured uncrustify additional arguments: 
[1.050s] -- Added test 'xmllint' to check XML markup files
[1.052s] -- Configuring done
[1.063s] -- Generating done
[1.064s] -- Build files have been written to: /home/lee/Capstone/build/cpp_action_pkg
[1.070s] Invoked command in '/home/lee/Capstone/build/cpp_action_pkg' returned '0': AMENT_PREFIX_PATH=/home/lee/Capstone/install/custom_interfaces:${AMENT_PREFIX_PATH} CMAKE_PREFIX_PATH=/home/lee/Capstone/install/custom_interfaces:/home/lee/gcamp_ros2_ws/install/gcamp_gazebo:/home/lee/gcamp_ros2_ws/install/cpp_service_pkg:/home/lee/gcamp_ros2_ws/install/cpp_action_pkg:/home/lee/gcamp_ros2_ws/install/custom_interfaces:/home/lee/gcamp_ros2_ws/install/cpp_topic_pkg:/home/lee/gcamp_ros2_ws/install/cpp_service_tutorial:/home/lee/gcamp_ros2_ws/install/cpp_param_pkg:/home/lee/gcamp_ros2_ws/install/cpp_first_pkg:/home/lee/gcamp_ros2_ws/install/py_topic_pkg:/home/lee/gcamp_ros2_ws/install/py_service_pkg:/home/lee/gcamp_ros2_ws/install/py_first_pkg:/home/lee/gcamp_ros2_ws/install/py_action_pkg:/opt/ros/foxy LD_LIBRARY_PATH=/home/lee/Capstone/install/custom_interfaces/lib:${LD_LIBRARY_PATH} PYTHONPATH=/home/lee/Capstone/install/custom_interfaces/lib/python3.8/site-packages:${PYTHONPATH} /usr/bin/cmake /home/lee/Capstone/src/gcamp_ros2_basic/cpp_action_pkg -DCMAKE_INSTALL_PREFIX=/home/lee/Capstone/install/cpp_action_pkg
[1.071s] Invoking command in '/home/lee/Capstone/build/cpp_action_pkg': AMENT_PREFIX_PATH=/home/lee/Capstone/install/custom_interfaces:${AMENT_PREFIX_PATH} CMAKE_PREFIX_PATH=/home/lee/Capstone/install/custom_interfaces:/home/lee/gcamp_ros2_ws/install/gcamp_gazebo:/home/lee/gcamp_ros2_ws/install/cpp_service_pkg:/home/lee/gcamp_ros2_ws/install/cpp_action_pkg:/home/lee/gcamp_ros2_ws/install/custom_interfaces:/home/lee/gcamp_ros2_ws/install/cpp_topic_pkg:/home/lee/gcamp_ros2_ws/install/cpp_service_tutorial:/home/lee/gcamp_ros2_ws/install/cpp_param_pkg:/home/lee/gcamp_ros2_ws/install/cpp_first_pkg:/home/lee/gcamp_ros2_ws/install/py_topic_pkg:/home/lee/gcamp_ros2_ws/install/py_service_pkg:/home/lee/gcamp_ros2_ws/install/py_first_pkg:/home/lee/gcamp_ros2_ws/install/py_action_pkg:/opt/ros/foxy LD_LIBRARY_PATH=/home/lee/Capstone/install/custom_interfaces/lib:${LD_LIBRARY_PATH} PYTHONPATH=/home/lee/Capstone/install/custom_interfaces/lib/python3.8/site-packages:${PYTHONPATH} /usr/bin/cmake --build /home/lee/Capstone/build/cpp_action_pkg -- -j16 -l16
[1.093s] [35m[1mScanning dependencies of target fibonacci_action_server_oop_node[0m
[1.093s] [35m[1mScanning dependencies of target fibonacci_action_server_node[0m
[1.093s] [35m[1mScanning dependencies of target fibonacci_action_client_node[0m
[1.093s] [35m[1mScanning dependencies of target fibonacci_action_client_oop_node[0m
[1.118s] [ 12%] [32mBuilding CXX object CMakeFiles/fibonacci_action_server_oop_node.dir/src/fibonacci_action_server_oop.cpp.o[0m
[1.120s] [ 50%] [32mBuilding CXX object CMakeFiles/fibonacci_action_server_node.dir/src/fibonacci_action_server.cpp.o[0m
[1.120s] [ 50%] [32mBuilding CXX object CMakeFiles/fibonacci_action_client_oop_node.dir/src/fibonacci_action_client_oop.cpp.o[0m
[1.120s] [ 50%] [32mBuilding CXX object CMakeFiles/fibonacci_action_client_node.dir/src/fibonacci_action_client.cpp.o[0m
[3.090s] [ 62%] [32m[1mLinking CXX executable fibonacci_action_server_node[0m
[3.192s] [ 62%] Built target fibonacci_action_server_node
[3.269s] [ 75%] [32m[1mLinking CXX executable fibonacci_action_client_node[0m
[3.336s] [ 87%] [32m[1mLinking CXX executable fibonacci_action_server_oop_node[0m
[3.375s] [ 87%] Built target fibonacci_action_client_node
[3.427s] [ 87%] Built target fibonacci_action_server_oop_node
[3.429s] [100%] [32m[1mLinking CXX executable fibonacci_action_client_oop_node[0m
[3.525s] [100%] Built target fibonacci_action_client_oop_node
[3.531s] Invoked command in '/home/lee/Capstone/build/cpp_action_pkg' returned '0': AMENT_PREFIX_PATH=/home/lee/Capstone/install/custom_interfaces:${AMENT_PREFIX_PATH} CMAKE_PREFIX_PATH=/home/lee/Capstone/install/custom_interfaces:/home/lee/gcamp_ros2_ws/install/gcamp_gazebo:/home/lee/gcamp_ros2_ws/install/cpp_service_pkg:/home/lee/gcamp_ros2_ws/install/cpp_action_pkg:/home/lee/gcamp_ros2_ws/install/custom_interfaces:/home/lee/gcamp_ros2_ws/install/cpp_topic_pkg:/home/lee/gcamp_ros2_ws/install/cpp_service_tutorial:/home/lee/gcamp_ros2_ws/install/cpp_param_pkg:/home/lee/gcamp_ros2_ws/install/cpp_first_pkg:/home/lee/gcamp_ros2_ws/install/py_topic_pkg:/home/lee/gcamp_ros2_ws/install/py_service_pkg:/home/lee/gcamp_ros2_ws/install/py_first_pkg:/home/lee/gcamp_ros2_ws/install/py_action_pkg:/opt/ros/foxy LD_LIBRARY_PATH=/home/lee/Capstone/install/custom_interfaces/lib:${LD_LIBRARY_PATH} PYTHONPATH=/home/lee/Capstone/install/custom_interfaces/lib/python3.8/site-packages:${PYTHONPATH} /usr/bin/cmake --build /home/lee/Capstone/build/cpp_action_pkg -- -j16 -l16
[3.548s] Invoking command in '/home/lee/Capstone/build/cpp_action_pkg': AMENT_PREFIX_PATH=/home/lee/Capstone/install/custom_interfaces:${AMENT_PREFIX_PATH} CMAKE_PREFIX_PATH=/home/lee/Capstone/install/custom_interfaces:/home/lee/gcamp_ros2_ws/install/gcamp_gazebo:/home/lee/gcamp_ros2_ws/install/cpp_service_pkg:/home/lee/gcamp_ros2_ws/install/cpp_action_pkg:/home/lee/gcamp_ros2_ws/install/custom_interfaces:/home/lee/gcamp_ros2_ws/install/cpp_topic_pkg:/home/lee/gcamp_ros2_ws/install/cpp_service_tutorial:/home/lee/gcamp_ros2_ws/install/cpp_param_pkg:/home/lee/gcamp_ros2_ws/install/cpp_first_pkg:/home/lee/gcamp_ros2_ws/install/py_topic_pkg:/home/lee/gcamp_ros2_ws/install/py_service_pkg:/home/lee/gcamp_ros2_ws/install/py_first_pkg:/home/lee/gcamp_ros2_ws/install/py_action_pkg:/opt/ros/foxy LD_LIBRARY_PATH=/home/lee/Capstone/install/custom_interfaces/lib:${LD_LIBRARY_PATH} PYTHONPATH=/home/lee/Capstone/install/custom_interfaces/lib/python3.8/site-packages:${PYTHONPATH} /usr/bin/cmake --install /home/lee/Capstone/build/cpp_action_pkg
[3.553s] -- Install configuration: ""
[3.553s] -- Installing: /home/lee/Capstone/install/cpp_action_pkg/lib/cpp_action_pkg/fibonacci_action_client_node
[3.554s] -- Set runtime path of "/home/lee/Capstone/install/cpp_action_pkg/lib/cpp_action_pkg/fibonacci_action_client_node" to ""
[3.554s] -- Installing: /home/lee/Capstone/install/cpp_action_pkg/lib/cpp_action_pkg/fibonacci_action_client_oop_node
[3.555s] -- Set runtime path of "/home/lee/Capstone/install/cpp_action_pkg/lib/cpp_action_pkg/fibonacci_action_client_oop_node" to ""
[3.555s] -- Installing: /home/lee/Capstone/install/cpp_action_pkg/lib/cpp_action_pkg/fibonacci_action_server_node
[3.555s] -- Set runtime path of "/home/lee/Capstone/install/cpp_action_pkg/lib/cpp_action_pkg/fibonacci_action_server_node" to ""
[3.555s] -- Installing: /home/lee/Capstone/install/cpp_action_pkg/lib/cpp_action_pkg/fibonacci_action_server_oop_node
[3.555s] -- Set runtime path of "/home/lee/Capstone/install/cpp_action_pkg/lib/cpp_action_pkg/fibonacci_action_server_oop_node" to ""
[3.556s] -- Installing: /home/lee/Capstone/install/cpp_action_pkg/share/ament_index/resource_index/package_run_dependencies/cpp_action_pkg
[3.556s] -- Installing: /home/lee/Capstone/install/cpp_action_pkg/share/ament_index/resource_index/parent_prefix_path/cpp_action_pkg
[3.556s] -- Installing: /home/lee/Capstone/install/cpp_action_pkg/share/cpp_action_pkg/environment/ament_prefix_path.sh
[3.556s] -- Installing: /home/lee/Capstone/install/cpp_action_pkg/share/cpp_action_pkg/environment/ament_prefix_path.dsv
[3.556s] -- Installing: /home/lee/Capstone/install/cpp_action_pkg/share/cpp_action_pkg/environment/path.sh
[3.556s] -- Installing: /home/lee/Capstone/install/cpp_action_pkg/share/cpp_action_pkg/environment/path.dsv
[3.556s] -- Installing: /home/lee/Capstone/install/cpp_action_pkg/share/cpp_action_pkg/local_setup.bash
[3.556s] -- Installing: /home/lee/Capstone/install/cpp_action_pkg/share/cpp_action_pkg/local_setup.sh
[3.556s] -- Installing: /home/lee/Capstone/install/cpp_action_pkg/share/cpp_action_pkg/local_setup.zsh
[3.556s] -- Installing: /home/lee/Capstone/install/cpp_action_pkg/share/cpp_action_pkg/local_setup.dsv
[3.556s] -- Installing: /home/lee/Capstone/install/cpp_action_pkg/share/cpp_action_pkg/package.dsv
[3.556s] -- Installing: /home/lee/Capstone/install/cpp_action_pkg/share/ament_index/resource_index/packages/cpp_action_pkg
[3.556s] -- Installing: /home/lee/Capstone/install/cpp_action_pkg/share/cpp_action_pkg/cmake/cpp_action_pkgConfig.cmake
[3.556s] -- Installing: /home/lee/Capstone/install/cpp_action_pkg/share/cpp_action_pkg/cmake/cpp_action_pkgConfig-version.cmake
[3.556s] -- Installing: /home/lee/Capstone/install/cpp_action_pkg/share/cpp_action_pkg/package.xml
[3.558s] Invoked command in '/home/lee/Capstone/build/cpp_action_pkg' returned '0': AMENT_PREFIX_PATH=/home/lee/Capstone/install/custom_interfaces:${AMENT_PREFIX_PATH} CMAKE_PREFIX_PATH=/home/lee/Capstone/install/custom_interfaces:/home/lee/gcamp_ros2_ws/install/gcamp_gazebo:/home/lee/gcamp_ros2_ws/install/cpp_service_pkg:/home/lee/gcamp_ros2_ws/install/cpp_action_pkg:/home/lee/gcamp_ros2_ws/install/custom_interfaces:/home/lee/gcamp_ros2_ws/install/cpp_topic_pkg:/home/lee/gcamp_ros2_ws/install/cpp_service_tutorial:/home/lee/gcamp_ros2_ws/install/cpp_param_pkg:/home/lee/gcamp_ros2_ws/install/cpp_first_pkg:/home/lee/gcamp_ros2_ws/install/py_topic_pkg:/home/lee/gcamp_ros2_ws/install/py_service_pkg:/home/lee/gcamp_ros2_ws/install/py_first_pkg:/home/lee/gcamp_ros2_ws/install/py_action_pkg:/opt/ros/foxy LD_LIBRARY_PATH=/home/lee/Capstone/install/custom_interfaces/lib:${LD_LIBRARY_PATH} PYTHONPATH=/home/lee/Capstone/install/custom_interfaces/lib/python3.8/site-packages:${PYTHONPATH} /usr/bin/cmake --install /home/lee/Capstone/build/cpp_action_pkg
