[0.069s] Invoking command in '/home/lee/Capstone/build/turtlebot3_cartographer': CMAKE_PREFIX_PATH=${CMAKE_PREFIX_PATH}:/home/lee/Capstone/install/turtlebot3_teleop:/home/lee/Capstone/install/turtlebot3_example:/home/lee/Capstone/install/teleop_simulation_pkg:/home/lee/Capstone/install/py_topic_pkg:/home/lee/Capstone/install/py_service_pkg:/home/lee/Capstone/install/py_first_pkg:/home/lee/Capstone/install/py_action_pkg:/home/lee/Capstone/install/hand_tracking_pkg:/home/lee/turtlebot3_ws/install/turtlebot3_teleop:/home/lee/turtlebot3_ws/install/turtlebot3_example:/home/lee/gcamp_ros2_ws/install/py_topic_pkg:/home/lee/gcamp_ros2_ws/install/py_service_pkg:/home/lee/gcamp_ros2_ws/install/py_first_pkg:/home/lee/gcamp_ros2_ws/install/py_action_pkg:/opt/ros/foxy /usr/bin/cmake --build /home/lee/Capstone/build/turtlebot3_cartographer -- -j16 -l16
[0.797s] Invoked command in '/home/lee/Capstone/build/turtlebot3_cartographer' returned '0': CMAKE_PREFIX_PATH=${CMAKE_PREFIX_PATH}:/home/lee/Capstone/install/turtlebot3_teleop:/home/lee/Capstone/install/turtlebot3_example:/home/lee/Capstone/install/teleop_simulation_pkg:/home/lee/Capstone/install/py_topic_pkg:/home/lee/Capstone/install/py_service_pkg:/home/lee/Capstone/install/py_first_pkg:/home/lee/Capstone/install/py_action_pkg:/home/lee/Capstone/install/hand_tracking_pkg:/home/lee/turtlebot3_ws/install/turtlebot3_teleop:/home/lee/turtlebot3_ws/install/turtlebot3_example:/home/lee/gcamp_ros2_ws/install/py_topic_pkg:/home/lee/gcamp_ros2_ws/install/py_service_pkg:/home/lee/gcamp_ros2_ws/install/py_first_pkg:/home/lee/gcamp_ros2_ws/install/py_action_pkg:/opt/ros/foxy /usr/bin/cmake --build /home/lee/Capstone/build/turtlebot3_cartographer -- -j16 -l16
[0.843s] Invoking command in '/home/lee/Capstone/build/turtlebot3_cartographer': CMAKE_PREFIX_PATH=${CMAKE_PREFIX_PATH}:/home/lee/Capstone/install/turtlebot3_teleop:/home/lee/Capstone/install/turtlebot3_example:/home/lee/Capstone/install/teleop_simulation_pkg:/home/lee/Capstone/install/py_topic_pkg:/home/lee/Capstone/install/py_service_pkg:/home/lee/Capstone/install/py_first_pkg:/home/lee/Capstone/install/py_action_pkg:/home/lee/Capstone/install/hand_tracking_pkg:/home/lee/turtlebot3_ws/install/turtlebot3_teleop:/home/lee/turtlebot3_ws/install/turtlebot3_example:/home/lee/gcamp_ros2_ws/install/py_topic_pkg:/home/lee/gcamp_ros2_ws/install/py_service_pkg:/home/lee/gcamp_ros2_ws/install/py_first_pkg:/home/lee/gcamp_ros2_ws/install/py_action_pkg:/opt/ros/foxy /usr/bin/cmake --install /home/lee/Capstone/build/turtlebot3_cartographer
[0.865s] -- Install configuration: ""
[0.865s] -- Up-to-date: /home/lee/Capstone/install/turtlebot3_cartographer/share/turtlebot3_cartographer/config
[0.865s] -- Up-to-date: /home/lee/Capstone/install/turtlebot3_cartographer/share/turtlebot3_cartographer/config/turtlebot3_lds_2d.lua
[0.865s] -- Up-to-date: /home/lee/Capstone/install/turtlebot3_cartographer/share/turtlebot3_cartographer/launch
[0.865s] -- Up-to-date: /home/lee/Capstone/install/turtlebot3_cartographer/share/turtlebot3_cartographer/launch/occupancy_grid.launch.py
[0.865s] -- Up-to-date: /home/lee/Capstone/install/turtlebot3_cartographer/share/turtlebot3_cartographer/launch/cartographer.launch.py
[0.865s] -- Up-to-date: /home/lee/Capstone/install/turtlebot3_cartographer/share/turtlebot3_cartographer/rviz
[0.865s] -- Up-to-date: /home/lee/Capstone/install/turtlebot3_cartographer/share/turtlebot3_cartographer/rviz/tb3_cartographer.rviz
[0.865s] -- Up-to-date: /home/lee/Capstone/install/turtlebot3_cartographer/share/ament_index/resource_index/package_run_dependencies/turtlebot3_cartographer
[0.865s] -- Up-to-date: /home/lee/Capstone/install/turtlebot3_cartographer/share/ament_index/resource_index/parent_prefix_path/turtlebot3_cartographer
[0.865s] -- Up-to-date: /home/lee/Capstone/install/turtlebot3_cartographer/share/turtlebot3_cartographer/environment/ament_prefix_path.sh
[0.865s] -- Up-to-date: /home/lee/Capstone/install/turtlebot3_cartographer/share/turtlebot3_cartographer/environment/ament_prefix_path.dsv
[0.865s] -- Up-to-date: /home/lee/Capstone/install/turtlebot3_cartographer/share/turtlebot3_cartographer/environment/path.sh
[0.866s] -- Up-to-date: /home/lee/Capstone/install/turtlebot3_cartographer/share/turtlebot3_cartographer/environment/path.dsv
[0.866s] -- Up-to-date: /home/lee/Capstone/install/turtlebot3_cartographer/share/turtlebot3_cartographer/local_setup.bash
[0.866s] -- Up-to-date: /home/lee/Capstone/install/turtlebot3_cartographer/share/turtlebot3_cartographer/local_setup.sh
[0.866s] -- Up-to-date: /home/lee/Capstone/install/turtlebot3_cartographer/share/turtlebot3_cartographer/local_setup.zsh
[0.866s] -- Up-to-date: /home/lee/Capstone/install/turtlebot3_cartographer/share/turtlebot3_cartographer/local_setup.dsv
[0.866s] -- Installing: /home/lee/Capstone/install/turtlebot3_cartographer/share/turtlebot3_cartographer/package.dsv
[0.866s] -- Up-to-date: /home/lee/Capstone/install/turtlebot3_cartographer/share/ament_index/resource_index/packages/turtlebot3_cartographer
[0.866s] -- Up-to-date: /home/lee/Capstone/install/turtlebot3_cartographer/share/turtlebot3_cartographer/cmake/turtlebot3_cartographerConfig.cmake
[0.866s] -- Up-to-date: /home/lee/Capstone/install/turtlebot3_cartographer/share/turtlebot3_cartographer/cmake/turtlebot3_cartographerConfig-version.cmake
[0.867s] -- Up-to-date: /home/lee/Capstone/install/turtlebot3_cartographer/share/turtlebot3_cartographer/package.xml
[0.880s] Invoked command in '/home/lee/Capstone/build/turtlebot3_cartographer' returned '0': CMAKE_PREFIX_PATH=${CMAKE_PREFIX_PATH}:/home/lee/Capstone/install/turtlebot3_teleop:/home/lee/Capstone/install/turtlebot3_example:/home/lee/Capstone/install/teleop_simulation_pkg:/home/lee/Capstone/install/py_topic_pkg:/home/lee/Capstone/install/py_service_pkg:/home/lee/Capstone/install/py_first_pkg:/home/lee/Capstone/install/py_action_pkg:/home/lee/Capstone/install/hand_tracking_pkg:/home/lee/turtlebot3_ws/install/turtlebot3_teleop:/home/lee/turtlebot3_ws/install/turtlebot3_example:/home/lee/gcamp_ros2_ws/install/py_topic_pkg:/home/lee/gcamp_ros2_ws/install/py_service_pkg:/home/lee/gcamp_ros2_ws/install/py_first_pkg:/home/lee/gcamp_ros2_ws/install/py_action_pkg:/opt/ros/foxy /usr/bin/cmake --install /home/lee/Capstone/build/turtlebot3_cartographer
