[0.179s] Invoking command in '/home/lee/Capstone/build/turtlebot3_fake_node': AMENT_PREFIX_PATH=/home/lee/Capstone/install/turtlebot3_msgs:${AMENT_PREFIX_PATH} CMAKE_PREFIX_PATH=/home/lee/Capstone/install/turtlebot3_msgs:/home/lee/turtlebot3_ws/install/turtlebot3:/home/lee/turtlebot3_ws/install/turtlebot3_simulations:/home/lee/turtlebot3_ws/install/turtlebot3_bringup:/home/lee/turtlebot3_ws/install/turtlebot3_node:/home/lee/turtlebot3_ws/install/turtlebot3_navigation2:/home/lee/turtlebot3_ws/install/turtlebot3_fake_node:/home/lee/turtlebot3_ws/install/turtlebot3_msgs:/home/lee/turtlebot3_ws/install/turtlebot3_gazebo:/home/lee/turtlebot3_ws/install/turtlebot3_description:/home/lee/turtlebot3_ws/install/turtlebot3_cartographer:/home/lee/gcamp_ros2_ws/install/gcamp_gazebo:/home/lee/gcamp_ros2_ws/install/cpp_service_pkg:/home/lee/gcamp_ros2_ws/install/cpp_action_pkg:/home/lee/gcamp_ros2_ws/install/custom_interfaces:/home/lee/gcamp_ros2_ws/install/cpp_topic_pkg:/home/lee/gcamp_ros2_ws/install/cpp_service_tutorial:/home/lee/gcamp_ros2_ws/install/cpp_param_pkg:/home/lee/gcamp_ros2_ws/install/cpp_first_pkg:/home/lee/turtlebot3_ws/install/turtlebot3_teleop:/home/lee/turtlebot3_ws/install/turtlebot3_example:/home/lee/gcamp_ros2_ws/install/py_topic_pkg:/home/lee/gcamp_ros2_ws/install/py_service_pkg:/home/lee/gcamp_ros2_ws/install/py_first_pkg:/home/lee/gcamp_ros2_ws/install/py_action_pkg:/opt/ros/foxy LD_LIBRARY_PATH=/home/lee/Capstone/install/turtlebot3_msgs/lib:${LD_LIBRARY_PATH} PYTHONPATH=/home/lee/Capstone/install/turtlebot3_msgs/lib/python3.8/site-packages:${PYTHONPATH} /usr/bin/cmake --build /home/lee/Capstone/build/turtlebot3_fake_node -- -j16 -l16
[0.219s] [100%] Built target turtlebot3_fake_node
[0.242s] Invoked command in '/home/lee/Capstone/build/turtlebot3_fake_node' returned '0': AMENT_PREFIX_PATH=/home/lee/Capstone/install/turtlebot3_msgs:${AMENT_PREFIX_PATH} CMAKE_PREFIX_PATH=/home/lee/Capstone/install/turtlebot3_msgs:/home/lee/turtlebot3_ws/install/turtlebot3:/home/lee/turtlebot3_ws/install/turtlebot3_simulations:/home/lee/turtlebot3_ws/install/turtlebot3_bringup:/home/lee/turtlebot3_ws/install/turtlebot3_node:/home/lee/turtlebot3_ws/install/turtlebot3_navigation2:/home/lee/turtlebot3_ws/install/turtlebot3_fake_node:/home/lee/turtlebot3_ws/install/turtlebot3_msgs:/home/lee/turtlebot3_ws/install/turtlebot3_gazebo:/home/lee/turtlebot3_ws/install/turtlebot3_description:/home/lee/turtlebot3_ws/install/turtlebot3_cartographer:/home/lee/gcamp_ros2_ws/install/gcamp_gazebo:/home/lee/gcamp_ros2_ws/install/cpp_service_pkg:/home/lee/gcamp_ros2_ws/install/cpp_action_pkg:/home/lee/gcamp_ros2_ws/install/custom_interfaces:/home/lee/gcamp_ros2_ws/install/cpp_topic_pkg:/home/lee/gcamp_ros2_ws/install/cpp_service_tutorial:/home/lee/gcamp_ros2_ws/install/cpp_param_pkg:/home/lee/gcamp_ros2_ws/install/cpp_first_pkg:/home/lee/turtlebot3_ws/install/turtlebot3_teleop:/home/lee/turtlebot3_ws/install/turtlebot3_example:/home/lee/gcamp_ros2_ws/install/py_topic_pkg:/home/lee/gcamp_ros2_ws/install/py_service_pkg:/home/lee/gcamp_ros2_ws/install/py_first_pkg:/home/lee/gcamp_ros2_ws/install/py_action_pkg:/opt/ros/foxy LD_LIBRARY_PATH=/home/lee/Capstone/install/turtlebot3_msgs/lib:${LD_LIBRARY_PATH} PYTHONPATH=/home/lee/Capstone/install/turtlebot3_msgs/lib/python3.8/site-packages:${PYTHONPATH} /usr/bin/cmake --build /home/lee/Capstone/build/turtlebot3_fake_node -- -j16 -l16
[0.520s] Invoking command in '/home/lee/Capstone/build/turtlebot3_fake_node': AMENT_PREFIX_PATH=/home/lee/Capstone/install/turtlebot3_msgs:${AMENT_PREFIX_PATH} CMAKE_PREFIX_PATH=/home/lee/Capstone/install/turtlebot3_msgs:/home/lee/turtlebot3_ws/install/turtlebot3:/home/lee/turtlebot3_ws/install/turtlebot3_simulations:/home/lee/turtlebot3_ws/install/turtlebot3_bringup:/home/lee/turtlebot3_ws/install/turtlebot3_node:/home/lee/turtlebot3_ws/install/turtlebot3_navigation2:/home/lee/turtlebot3_ws/install/turtlebot3_fake_node:/home/lee/turtlebot3_ws/install/turtlebot3_msgs:/home/lee/turtlebot3_ws/install/turtlebot3_gazebo:/home/lee/turtlebot3_ws/install/turtlebot3_description:/home/lee/turtlebot3_ws/install/turtlebot3_cartographer:/home/lee/gcamp_ros2_ws/install/gcamp_gazebo:/home/lee/gcamp_ros2_ws/install/cpp_service_pkg:/home/lee/gcamp_ros2_ws/install/cpp_action_pkg:/home/lee/gcamp_ros2_ws/install/custom_interfaces:/home/lee/gcamp_ros2_ws/install/cpp_topic_pkg:/home/lee/gcamp_ros2_ws/install/cpp_service_tutorial:/home/lee/gcamp_ros2_ws/install/cpp_param_pkg:/home/lee/gcamp_ros2_ws/install/cpp_first_pkg:/home/lee/turtlebot3_ws/install/turtlebot3_teleop:/home/lee/turtlebot3_ws/install/turtlebot3_example:/home/lee/gcamp_ros2_ws/install/py_topic_pkg:/home/lee/gcamp_ros2_ws/install/py_service_pkg:/home/lee/gcamp_ros2_ws/install/py_first_pkg:/home/lee/gcamp_ros2_ws/install/py_action_pkg:/opt/ros/foxy LD_LIBRARY_PATH=/home/lee/Capstone/install/turtlebot3_msgs/lib:${LD_LIBRARY_PATH} PYTHONPATH=/home/lee/Capstone/install/turtlebot3_msgs/lib/python3.8/site-packages:${PYTHONPATH} /usr/bin/cmake --install /home/lee/Capstone/build/turtlebot3_fake_node
[0.530s] -- Install configuration: ""
[0.530s] -- Up-to-date: /home/lee/Capstone/install/turtlebot3_fake_node/lib/turtlebot3_fake_node/turtlebot3_fake_node
[0.530s] -- Up-to-date: /home/lee/Capstone/install/turtlebot3_fake_node/share/turtlebot3_fake_node/launch
[0.530s] -- Up-to-date: /home/lee/Capstone/install/turtlebot3_fake_node/share/turtlebot3_fake_node/launch/turtlebot3_fake_node.launch.py
[0.530s] -- Up-to-date: /home/lee/Capstone/install/turtlebot3_fake_node/share/turtlebot3_fake_node/launch/rviz2.launch.py
[0.530s] -- Up-to-date: /home/lee/Capstone/install/turtlebot3_fake_node/share/turtlebot3_fake_node/param
[0.530s] -- Up-to-date: /home/lee/Capstone/install/turtlebot3_fake_node/share/turtlebot3_fake_node/param/waffle.yaml
[0.530s] -- Up-to-date: /home/lee/Capstone/install/turtlebot3_fake_node/share/turtlebot3_fake_node/param/burger.yaml
[0.530s] -- Up-to-date: /home/lee/Capstone/install/turtlebot3_fake_node/share/turtlebot3_fake_node/param/waffle_pi.yaml
[0.530s] -- Up-to-date: /home/lee/Capstone/install/turtlebot3_fake_node/share/turtlebot3_fake_node/rviz
[0.530s] -- Up-to-date: /home/lee/Capstone/install/turtlebot3_fake_node/share/turtlebot3_fake_node/rviz/model.rviz
[0.531s] -- Up-to-date: /home/lee/Capstone/install/turtlebot3_fake_node/include/
[0.531s] -- Up-to-date: /home/lee/Capstone/install/turtlebot3_fake_node/include//turtlebot3_fake_node
[0.531s] -- Up-to-date: /home/lee/Capstone/install/turtlebot3_fake_node/include//turtlebot3_fake_node/turtlebot3_fake_node.hpp
[0.531s] -- Up-to-date: /home/lee/Capstone/install/turtlebot3_fake_node/share/ament_index/resource_index/package_run_dependencies/turtlebot3_fake_node
[0.531s] -- Up-to-date: /home/lee/Capstone/install/turtlebot3_fake_node/share/ament_index/resource_index/parent_prefix_path/turtlebot3_fake_node
[0.531s] -- Up-to-date: /home/lee/Capstone/install/turtlebot3_fake_node/share/turtlebot3_fake_node/environment/ament_prefix_path.sh
[0.531s] -- Up-to-date: /home/lee/Capstone/install/turtlebot3_fake_node/share/turtlebot3_fake_node/environment/ament_prefix_path.dsv
[0.531s] -- Up-to-date: /home/lee/Capstone/install/turtlebot3_fake_node/share/turtlebot3_fake_node/environment/path.sh
[0.531s] -- Up-to-date: /home/lee/Capstone/install/turtlebot3_fake_node/share/turtlebot3_fake_node/environment/path.dsv
[0.531s] -- Up-to-date: /home/lee/Capstone/install/turtlebot3_fake_node/share/turtlebot3_fake_node/local_setup.bash
[0.531s] -- Up-to-date: /home/lee/Capstone/install/turtlebot3_fake_node/share/turtlebot3_fake_node/local_setup.sh
[0.531s] -- Up-to-date: /home/lee/Capstone/install/turtlebot3_fake_node/share/turtlebot3_fake_node/local_setup.zsh
[0.531s] -- Up-to-date: /home/lee/Capstone/install/turtlebot3_fake_node/share/turtlebot3_fake_node/local_setup.dsv
[0.531s] -- Installing: /home/lee/Capstone/install/turtlebot3_fake_node/share/turtlebot3_fake_node/package.dsv
[0.531s] -- Up-to-date: /home/lee/Capstone/install/turtlebot3_fake_node/share/ament_index/resource_index/packages/turtlebot3_fake_node
[0.531s] -- Up-to-date: /home/lee/Capstone/install/turtlebot3_fake_node/share/turtlebot3_fake_node/cmake/ament_cmake_export_include_directories-extras.cmake
[0.531s] -- Up-to-date: /home/lee/Capstone/install/turtlebot3_fake_node/share/turtlebot3_fake_node/cmake/ament_cmake_export_dependencies-extras.cmake
[0.531s] -- Up-to-date: /home/lee/Capstone/install/turtlebot3_fake_node/share/turtlebot3_fake_node/cmake/turtlebot3_fake_nodeConfig.cmake
[0.531s] -- Up-to-date: /home/lee/Capstone/install/turtlebot3_fake_node/share/turtlebot3_fake_node/cmake/turtlebot3_fake_nodeConfig-version.cmake
[0.531s] -- Up-to-date: /home/lee/Capstone/install/turtlebot3_fake_node/share/turtlebot3_fake_node/package.xml
[0.553s] Invoked command in '/home/lee/Capstone/build/turtlebot3_fake_node' returned '0': AMENT_PREFIX_PATH=/home/lee/Capstone/install/turtlebot3_msgs:${AMENT_PREFIX_PATH} CMAKE_PREFIX_PATH=/home/lee/Capstone/install/turtlebot3_msgs:/home/lee/turtlebot3_ws/install/turtlebot3:/home/lee/turtlebot3_ws/install/turtlebot3_simulations:/home/lee/turtlebot3_ws/install/turtlebot3_bringup:/home/lee/turtlebot3_ws/install/turtlebot3_node:/home/lee/turtlebot3_ws/install/turtlebot3_navigation2:/home/lee/turtlebot3_ws/install/turtlebot3_fake_node:/home/lee/turtlebot3_ws/install/turtlebot3_msgs:/home/lee/turtlebot3_ws/install/turtlebot3_gazebo:/home/lee/turtlebot3_ws/install/turtlebot3_description:/home/lee/turtlebot3_ws/install/turtlebot3_cartographer:/home/lee/gcamp_ros2_ws/install/gcamp_gazebo:/home/lee/gcamp_ros2_ws/install/cpp_service_pkg:/home/lee/gcamp_ros2_ws/install/cpp_action_pkg:/home/lee/gcamp_ros2_ws/install/custom_interfaces:/home/lee/gcamp_ros2_ws/install/cpp_topic_pkg:/home/lee/gcamp_ros2_ws/install/cpp_service_tutorial:/home/lee/gcamp_ros2_ws/install/cpp_param_pkg:/home/lee/gcamp_ros2_ws/install/cpp_first_pkg:/home/lee/turtlebot3_ws/install/turtlebot3_teleop:/home/lee/turtlebot3_ws/install/turtlebot3_example:/home/lee/gcamp_ros2_ws/install/py_topic_pkg:/home/lee/gcamp_ros2_ws/install/py_service_pkg:/home/lee/gcamp_ros2_ws/install/py_first_pkg:/home/lee/gcamp_ros2_ws/install/py_action_pkg:/opt/ros/foxy LD_LIBRARY_PATH=/home/lee/Capstone/install/turtlebot3_msgs/lib:${LD_LIBRARY_PATH} PYTHONPATH=/home/lee/Capstone/install/turtlebot3_msgs/lib/python3.8/site-packages:${PYTHONPATH} /usr/bin/cmake --install /home/lee/Capstone/build/turtlebot3_fake_node
