[0.035s] Invoking command in '/home/lee/Capstone/build/cpp_service_tutorial': CMAKE_PREFIX_PATH=${CMAKE_PREFIX_PATH}:/home/lee/gcamp_ros2_ws/install/py_topic_pkg:/home/lee/gcamp_ros2_ws/install/py_service_pkg:/home/lee/gcamp_ros2_ws/install/py_first_pkg:/home/lee/gcamp_ros2_ws/install/py_action_pkg:/opt/ros/foxy /usr/bin/cmake /home/lee/Capstone/src/gcamp_ros2_basic/cpp_service_tutorial -DCMAKE_INSTALL_PREFIX=/home/lee/Capstone/install/cpp_service_tutorial
[0.637s] -- The C compiler identification is GNU 9.4.0
[0.637s] -- The CXX compiler identification is GNU 9.4.0
[0.638s] -- Check for working C compiler: /usr/bin/cc
[0.638s] -- Check for working C compiler: /usr/bin/cc -- works
[0.638s] -- Detecting C compiler ABI info
[0.638s] -- Detecting C compiler ABI info - done
[0.638s] -- Detecting C compile features
[0.638s] -- Detecting C compile features - done
[0.638s] -- Check for working CXX compiler: /usr/bin/c++
[0.638s] -- Check for working CXX compiler: /usr/bin/c++ -- works
[0.638s] -- Detecting CXX compiler ABI info
[0.638s] -- Detecting CXX compiler ABI info - done
[0.638s] -- Detecting CXX compile features
[0.638s] -- Detecting CXX compile features - done
[0.638s] -- Found ament_cmake: 0.9.12 (/opt/ros/foxy/share/ament_cmake/cmake)
[0.638s] -- Found PythonInterp: /usr/bin/python3 (found suitable version "3.8.10", minimum required is "3") 
[0.638s] -- Using PYTHON_EXECUTABLE: /usr/bin/python3
[0.638s] -- Found std_msgs: 2.0.5 (/opt/ros/foxy/share/std_msgs/cmake)
[0.638s] -- Using all available rosidl_typesupport_c: rosidl_typesupport_fastrtps_c;rosidl_typesupport_introspection_c
[0.638s] -- Found rosidl_adapter: 1.3.1 (/opt/ros/foxy/share/rosidl_adapter/cmake)
[0.638s] -- Found OpenSSL: /usr/lib/x86_64-linux-gnu/libcrypto.so (found version "1.1.1f")  
[0.638s] -- Found FastRTPS: /opt/ros/foxy/include  
[0.638s] -- Using all available rosidl_typesupport_cpp: rosidl_typesupport_fastrtps_cpp;rosidl_typesupport_introspection_cpp
[0.645s] -- Found std_srvs: 2.0.5 (/opt/ros/foxy/share/std_srvs/cmake)
[0.646s] -- Found rclcpp: 2.4.3 (/opt/ros/foxy/share/rclcpp/cmake)
[0.674s] -- Found rmw_implementation_cmake: 1.0.4 (/opt/ros/foxy/share/rmw_implementation_cmake/cmake)
[0.675s] -- Using RMW implementation 'rmw_fastrtps_cpp' as default
[0.675s] -- Looking for pthread.h
[0.734s] -- Looking for pthread.h - found
[0.734s] -- Performing Test CMAKE_HAVE_LIBC_PTHREAD
[0.798s] -- Performing Test CMAKE_HAVE_LIBC_PTHREAD - Failed
[0.799s] -- Looking for pthread_create in pthreads
[0.845s] -- Looking for pthread_create in pthreads - not found
[0.845s] -- Looking for pthread_create in pthread
[0.904s] -- Looking for pthread_create in pthread - found
[0.908s] -- Found Threads: TRUE  
[1.002s] -- Found gazebo_msgs: 3.5.3 (/opt/ros/foxy/share/gazebo_msgs/cmake)
[1.206s] -- Found ament_lint_auto: 0.9.8 (/opt/ros/foxy/share/ament_lint_auto/cmake)
[1.301s] -- Added test 'cppcheck' to perform static code analysis on C / C++ code
[1.301s] -- Configured cppcheck include dirs: 
[1.301s] -- Configured cppcheck exclude dirs and/or files: 
[1.302s] -- Added test 'lint_cmake' to check CMake code style
[1.303s] -- Added test 'uncrustify' to check C / C++ code style
[1.303s] -- Configured uncrustify additional arguments: 
[1.303s] -- Added test 'xmllint' to check XML markup files
[1.307s] -- Configuring done
[1.334s] -- Generating done
[1.336s] -- Build files have been written to: /home/lee/Capstone/build/cpp_service_tutorial
[1.349s] Invoked command in '/home/lee/Capstone/build/cpp_service_tutorial' returned '0': CMAKE_PREFIX_PATH=${CMAKE_PREFIX_PATH}:/home/lee/gcamp_ros2_ws/install/py_topic_pkg:/home/lee/gcamp_ros2_ws/install/py_service_pkg:/home/lee/gcamp_ros2_ws/install/py_first_pkg:/home/lee/gcamp_ros2_ws/install/py_action_pkg:/opt/ros/foxy /usr/bin/cmake /home/lee/Capstone/src/gcamp_ros2_basic/cpp_service_tutorial -DCMAKE_INSTALL_PREFIX=/home/lee/Capstone/install/cpp_service_tutorial
[1.350s] Invoking command in '/home/lee/Capstone/build/cpp_service_tutorial': CMAKE_PREFIX_PATH=${CMAKE_PREFIX_PATH}:/home/lee/gcamp_ros2_ws/install/py_topic_pkg:/home/lee/gcamp_ros2_ws/install/py_service_pkg:/home/lee/gcamp_ros2_ws/install/py_first_pkg:/home/lee/gcamp_ros2_ws/install/py_action_pkg:/opt/ros/foxy /usr/bin/cmake --build /home/lee/Capstone/build/cpp_service_tutorial -- -j16 -l16
[1.405s] [35m[1mScanning dependencies of target srv_server_node[0m
[1.428s] [35m[1mScanning dependencies of target srv_client_node[0m
[1.447s] [35m[1mScanning dependencies of target cpp_simple_service_dummy_server_node[0m
[1.476s] [ 12%] [32mBuilding CXX object CMakeFiles/srv_server_node.dir/src/srv_server.cpp.o[0m
[1.476s] [35m[1mScanning dependencies of target cpp_simple_service_client_node[0m
[1.524s] [ 25%] [32mBuilding CXX object CMakeFiles/cpp_simple_service_dummy_server_node.dir/src/cpp_simple_service_dummy_server.cpp.o[0m
[1.524s] [ 37%] [32mBuilding CXX object CMakeFiles/srv_client_node.dir/src/srv_client.cpp.o[0m
[1.532s] [ 50%] [32mBuilding CXX object CMakeFiles/cpp_simple_service_client_node.dir/src/cpp_simple_service_client.cpp.o[0m
[4.216s] [ 62%] [32m[1mLinking CXX executable srv_server_node[0m
[4.523s] [ 62%] Built target srv_server_node
[4.647s] [ 75%] [32m[1mLinking CXX executable cpp_simple_service_dummy_server_node[0m
[4.721s] [ 87%] [32m[1mLinking CXX executable srv_client_node[0m
[4.828s] [ 87%] Built target cpp_simple_service_dummy_server_node
[4.943s] [ 87%] Built target srv_client_node
[5.466s] [100%] [32m[1mLinking CXX executable cpp_simple_service_client_node[0m
[5.644s] [100%] Built target cpp_simple_service_client_node
[5.652s] Invoked command in '/home/lee/Capstone/build/cpp_service_tutorial' returned '0': CMAKE_PREFIX_PATH=${CMAKE_PREFIX_PATH}:/home/lee/gcamp_ros2_ws/install/py_topic_pkg:/home/lee/gcamp_ros2_ws/install/py_service_pkg:/home/lee/gcamp_ros2_ws/install/py_first_pkg:/home/lee/gcamp_ros2_ws/install/py_action_pkg:/opt/ros/foxy /usr/bin/cmake --build /home/lee/Capstone/build/cpp_service_tutorial -- -j16 -l16
[5.675s] Invoking command in '/home/lee/Capstone/build/cpp_service_tutorial': CMAKE_PREFIX_PATH=${CMAKE_PREFIX_PATH}:/home/lee/gcamp_ros2_ws/install/py_topic_pkg:/home/lee/gcamp_ros2_ws/install/py_service_pkg:/home/lee/gcamp_ros2_ws/install/py_first_pkg:/home/lee/gcamp_ros2_ws/install/py_action_pkg:/opt/ros/foxy /usr/bin/cmake --install /home/lee/Capstone/build/cpp_service_tutorial
[5.681s] -- Install configuration: ""
[5.681s] -- Installing: /home/lee/Capstone/install/cpp_service_tutorial/lib/cpp_service_tutorial/cpp_simple_service_client_node
[5.681s] -- Set runtime path of "/home/lee/Capstone/install/cpp_service_tutorial/lib/cpp_service_tutorial/cpp_simple_service_client_node" to ""
[5.682s] -- Installing: /home/lee/Capstone/install/cpp_service_tutorial/lib/cpp_service_tutorial/cpp_simple_service_dummy_server_node
[5.682s] -- Set runtime path of "/home/lee/Capstone/install/cpp_service_tutorial/lib/cpp_service_tutorial/cpp_simple_service_dummy_server_node" to ""
[5.682s] -- Installing: /home/lee/Capstone/install/cpp_service_tutorial/lib/cpp_service_tutorial/srv_server_node
[5.682s] -- Set runtime path of "/home/lee/Capstone/install/cpp_service_tutorial/lib/cpp_service_tutorial/srv_server_node" to ""
[5.682s] -- Installing: /home/lee/Capstone/install/cpp_service_tutorial/lib/cpp_service_tutorial/srv_client_node
[5.682s] -- Set runtime path of "/home/lee/Capstone/install/cpp_service_tutorial/lib/cpp_service_tutorial/srv_client_node" to ""
[5.682s] -- Installing: /home/lee/Capstone/install/cpp_service_tutorial/share/ament_index/resource_index/package_run_dependencies/cpp_service_tutorial
[5.683s] -- Installing: /home/lee/Capstone/install/cpp_service_tutorial/share/ament_index/resource_index/parent_prefix_path/cpp_service_tutorial
[5.683s] -- Installing: /home/lee/Capstone/install/cpp_service_tutorial/share/cpp_service_tutorial/environment/ament_prefix_path.sh
[5.683s] -- Installing: /home/lee/Capstone/install/cpp_service_tutorial/share/cpp_service_tutorial/environment/ament_prefix_path.dsv
[5.683s] -- Installing: /home/lee/Capstone/install/cpp_service_tutorial/share/cpp_service_tutorial/environment/path.sh
[5.683s] -- Installing: /home/lee/Capstone/install/cpp_service_tutorial/share/cpp_service_tutorial/environment/path.dsv
[5.683s] -- Installing: /home/lee/Capstone/install/cpp_service_tutorial/share/cpp_service_tutorial/local_setup.bash
[5.683s] -- Installing: /home/lee/Capstone/install/cpp_service_tutorial/share/cpp_service_tutorial/local_setup.sh
[5.683s] -- Installing: /home/lee/Capstone/install/cpp_service_tutorial/share/cpp_service_tutorial/local_setup.zsh
[5.683s] -- Installing: /home/lee/Capstone/install/cpp_service_tutorial/share/cpp_service_tutorial/local_setup.dsv
[5.683s] -- Installing: /home/lee/Capstone/install/cpp_service_tutorial/share/cpp_service_tutorial/package.dsv
[5.683s] -- Installing: /home/lee/Capstone/install/cpp_service_tutorial/share/ament_index/resource_index/packages/cpp_service_tutorial
[5.683s] -- Installing: /home/lee/Capstone/install/cpp_service_tutorial/share/cpp_service_tutorial/cmake/cpp_service_tutorialConfig.cmake
[5.683s] -- Installing: /home/lee/Capstone/install/cpp_service_tutorial/share/cpp_service_tutorial/cmake/cpp_service_tutorialConfig-version.cmake
[5.683s] -- Installing: /home/lee/Capstone/install/cpp_service_tutorial/share/cpp_service_tutorial/package.xml
[5.689s] Invoked command in '/home/lee/Capstone/build/cpp_service_tutorial' returned '0': CMAKE_PREFIX_PATH=${CMAKE_PREFIX_PATH}:/home/lee/gcamp_ros2_ws/install/py_topic_pkg:/home/lee/gcamp_ros2_ws/install/py_service_pkg:/home/lee/gcamp_ros2_ws/install/py_first_pkg:/home/lee/gcamp_ros2_ws/install/py_action_pkg:/opt/ros/foxy /usr/bin/cmake --install /home/lee/Capstone/build/cpp_service_tutorial
