[1.126s] Invoking command in '/home/lee/Capstone/src/gcamp_ros2_basic/py_topic_pkg': PYTHONPATH=/home/lee/Capstone/build/py_topic_pkg/prefix_override:/home/lee/Capstone/install/py_topic_pkg/lib/python3.8/site-packages:${PYTHONPATH} /usr/bin/python3 -W ignore:setup.py install is deprecated setup.py egg_info --egg-base ../../../build/py_topic_pkg build --build-base /home/lee/Capstone/build/py_topic_pkg/build install --record /home/lee/Capstone/build/py_topic_pkg/install.log --install-scripts $base/lib/py_topic_pkg --single-version-externally-managed install_data
[1.280s] running egg_info
[1.281s] writing ../../../build/py_topic_pkg/py_topic_pkg.egg-info/PKG-INFO
[1.281s] writing dependency_links to ../../../build/py_topic_pkg/py_topic_pkg.egg-info/dependency_links.txt
[1.281s] writing entry points to ../../../build/py_topic_pkg/py_topic_pkg.egg-info/entry_points.txt
[1.281s] writing requirements to ../../../build/py_topic_pkg/py_topic_pkg.egg-info/requires.txt
[1.281s] writing top-level names to ../../../build/py_topic_pkg/py_topic_pkg.egg-info/top_level.txt
[1.299s] reading manifest file '../../../build/py_topic_pkg/py_topic_pkg.egg-info/SOURCES.txt'
[1.299s] writing manifest file '../../../build/py_topic_pkg/py_topic_pkg.egg-info/SOURCES.txt'
[1.299s] running build
[1.300s] running build_py
[1.300s] running install
[1.300s] running install_lib
[1.301s] running install_data
[1.301s] running install_egg_info
[1.302s] removing '/home/lee/Capstone/install/py_topic_pkg/lib/python3.8/site-packages/py_topic_pkg-0.0.0-py3.8.egg-info' (and everything under it)
[1.302s] Copying ../../../build/py_topic_pkg/py_topic_pkg.egg-info to /home/lee/Capstone/install/py_topic_pkg/lib/python3.8/site-packages/py_topic_pkg-0.0.0-py3.8.egg-info
[1.302s] running install_scripts
[1.312s] Installing cmd_vel_pub_node script to /home/lee/Capstone/install/py_topic_pkg/lib/py_topic_pkg
[1.312s] Installing endless_cmd_vel_pub_node script to /home/lee/Capstone/install/py_topic_pkg/lib/py_topic_pkg
[1.312s] Installing laser_raw_node script to /home/lee/Capstone/install/py_topic_pkg/lib/py_topic_pkg
[1.312s] Installing laser_sub_node script to /home/lee/Capstone/install/py_topic_pkg/lib/py_topic_pkg
[1.312s] Installing parking_node script to /home/lee/Capstone/install/py_topic_pkg/lib/py_topic_pkg
[1.312s] writing list of installed files to '/home/lee/Capstone/build/py_topic_pkg/install.log'
[1.495s] Invoked command in '/home/lee/Capstone/src/gcamp_ros2_basic/py_topic_pkg' returned '0': PYTHONPATH=/home/lee/Capstone/build/py_topic_pkg/prefix_override:/home/lee/Capstone/install/py_topic_pkg/lib/python3.8/site-packages:${PYTHONPATH} /usr/bin/python3 -W ignore:setup.py install is deprecated setup.py egg_info --egg-base ../../../build/py_topic_pkg build --build-base /home/lee/Capstone/build/py_topic_pkg/build install --record /home/lee/Capstone/build/py_topic_pkg/install.log --install-scripts $base/lib/py_topic_pkg --single-version-externally-managed install_data
