[1.057s] Invoking command in '/home/lee/Capstone/src/gcamp_ros2_basic/py_topic_pkg': PYTHONPATH=/home/lee/Capstone/src/build/py_topic_pkg/prefix_override:/home/lee/Capstone/src/install/py_topic_pkg/lib/python3.8/site-packages:${PYTHONPATH} /usr/bin/python3 -W ignore:setup.py install is deprecated setup.py egg_info --egg-base ../../build/py_topic_pkg build --build-base /home/lee/Capstone/src/build/py_topic_pkg/build install --record /home/lee/Capstone/src/build/py_topic_pkg/install.log --install-scripts $base/lib/py_topic_pkg --single-version-externally-managed install_data
[1.224s] running egg_info
[1.224s] creating ../../build/py_topic_pkg/py_topic_pkg.egg-info
[1.224s] writing ../../build/py_topic_pkg/py_topic_pkg.egg-info/PKG-INFO
[1.225s] writing dependency_links to ../../build/py_topic_pkg/py_topic_pkg.egg-info/dependency_links.txt
[1.225s] writing entry points to ../../build/py_topic_pkg/py_topic_pkg.egg-info/entry_points.txt
[1.225s] writing requirements to ../../build/py_topic_pkg/py_topic_pkg.egg-info/requires.txt
[1.225s] writing top-level names to ../../build/py_topic_pkg/py_topic_pkg.egg-info/top_level.txt
[1.226s] writing manifest file '../../build/py_topic_pkg/py_topic_pkg.egg-info/SOURCES.txt'
[1.252s] reading manifest file '../../build/py_topic_pkg/py_topic_pkg.egg-info/SOURCES.txt'
[1.252s] writing manifest file '../../build/py_topic_pkg/py_topic_pkg.egg-info/SOURCES.txt'
[1.253s] running build
[1.253s] running build_py
[1.253s] creating /home/lee/Capstone/src/build/py_topic_pkg/build
[1.253s] creating /home/lee/Capstone/src/build/py_topic_pkg/build/lib
[1.253s] creating /home/lee/Capstone/src/build/py_topic_pkg/build/lib/py_topic_pkg
[1.253s] copying py_topic_pkg/laser_sub.py -> /home/lee/Capstone/src/build/py_topic_pkg/build/lib/py_topic_pkg
[1.253s] copying py_topic_pkg/endless_cmd_vel_pub.py -> /home/lee/Capstone/src/build/py_topic_pkg/build/lib/py_topic_pkg
[1.253s] copying py_topic_pkg/laser_raw.py -> /home/lee/Capstone/src/build/py_topic_pkg/build/lib/py_topic_pkg
[1.253s] copying py_topic_pkg/parking.py -> /home/lee/Capstone/src/build/py_topic_pkg/build/lib/py_topic_pkg
[1.253s] copying py_topic_pkg/__init__.py -> /home/lee/Capstone/src/build/py_topic_pkg/build/lib/py_topic_pkg
[1.253s] copying py_topic_pkg/cmd_vel_pub.py -> /home/lee/Capstone/src/build/py_topic_pkg/build/lib/py_topic_pkg
[1.253s] running install
[1.254s] running install_lib
[1.255s] creating /home/lee/Capstone/src/install/py_topic_pkg/lib/python3.8/site-packages/py_topic_pkg
[1.255s] copying /home/lee/Capstone/src/build/py_topic_pkg/build/lib/py_topic_pkg/laser_sub.py -> /home/lee/Capstone/src/install/py_topic_pkg/lib/python3.8/site-packages/py_topic_pkg
[1.255s] copying /home/lee/Capstone/src/build/py_topic_pkg/build/lib/py_topic_pkg/endless_cmd_vel_pub.py -> /home/lee/Capstone/src/install/py_topic_pkg/lib/python3.8/site-packages/py_topic_pkg
[1.255s] copying /home/lee/Capstone/src/build/py_topic_pkg/build/lib/py_topic_pkg/laser_raw.py -> /home/lee/Capstone/src/install/py_topic_pkg/lib/python3.8/site-packages/py_topic_pkg
[1.255s] copying /home/lee/Capstone/src/build/py_topic_pkg/build/lib/py_topic_pkg/parking.py -> /home/lee/Capstone/src/install/py_topic_pkg/lib/python3.8/site-packages/py_topic_pkg
[1.255s] copying /home/lee/Capstone/src/build/py_topic_pkg/build/lib/py_topic_pkg/__init__.py -> /home/lee/Capstone/src/install/py_topic_pkg/lib/python3.8/site-packages/py_topic_pkg
[1.255s] copying /home/lee/Capstone/src/build/py_topic_pkg/build/lib/py_topic_pkg/cmd_vel_pub.py -> /home/lee/Capstone/src/install/py_topic_pkg/lib/python3.8/site-packages/py_topic_pkg
[1.256s] byte-compiling /home/lee/Capstone/src/install/py_topic_pkg/lib/python3.8/site-packages/py_topic_pkg/laser_sub.py to laser_sub.cpython-38.pyc
[1.257s] byte-compiling /home/lee/Capstone/src/install/py_topic_pkg/lib/python3.8/site-packages/py_topic_pkg/endless_cmd_vel_pub.py to endless_cmd_vel_pub.cpython-38.pyc
[1.257s] byte-compiling /home/lee/Capstone/src/install/py_topic_pkg/lib/python3.8/site-packages/py_topic_pkg/laser_raw.py to laser_raw.cpython-38.pyc
[1.258s] byte-compiling /home/lee/Capstone/src/install/py_topic_pkg/lib/python3.8/site-packages/py_topic_pkg/parking.py to parking.cpython-38.pyc
[1.258s] byte-compiling /home/lee/Capstone/src/install/py_topic_pkg/lib/python3.8/site-packages/py_topic_pkg/__init__.py to __init__.cpython-38.pyc
[1.258s] byte-compiling /home/lee/Capstone/src/install/py_topic_pkg/lib/python3.8/site-packages/py_topic_pkg/cmd_vel_pub.py to cmd_vel_pub.cpython-38.pyc
[1.259s] running install_data
[1.259s] creating /home/lee/Capstone/src/install/py_topic_pkg/share/ament_index
[1.259s] creating /home/lee/Capstone/src/install/py_topic_pkg/share/ament_index/resource_index
[1.259s] creating /home/lee/Capstone/src/install/py_topic_pkg/share/ament_index/resource_index/packages
[1.259s] copying resource/py_topic_pkg -> /home/lee/Capstone/src/install/py_topic_pkg/share/ament_index/resource_index/packages
[1.259s] copying package.xml -> /home/lee/Capstone/src/install/py_topic_pkg/share/py_topic_pkg
[1.260s] creating /home/lee/Capstone/src/install/py_topic_pkg/share/py_topic_pkg/launch
[1.260s] copying launch/cmd_vel_pub.launch.py -> /home/lee/Capstone/src/install/py_topic_pkg/share/py_topic_pkg/launch
[1.260s] running install_egg_info
[1.261s] Copying ../../build/py_topic_pkg/py_topic_pkg.egg-info to /home/lee/Capstone/src/install/py_topic_pkg/lib/python3.8/site-packages/py_topic_pkg-0.0.0-py3.8.egg-info
[1.262s] running install_scripts
[1.279s] Installing cmd_vel_pub_node script to /home/lee/Capstone/src/install/py_topic_pkg/lib/py_topic_pkg
[1.279s] Installing endless_cmd_vel_pub_node script to /home/lee/Capstone/src/install/py_topic_pkg/lib/py_topic_pkg
[1.279s] Installing laser_raw_node script to /home/lee/Capstone/src/install/py_topic_pkg/lib/py_topic_pkg
[1.279s] Installing laser_sub_node script to /home/lee/Capstone/src/install/py_topic_pkg/lib/py_topic_pkg
[1.279s] Installing parking_node script to /home/lee/Capstone/src/install/py_topic_pkg/lib/py_topic_pkg
[1.279s] writing list of installed files to '/home/lee/Capstone/src/build/py_topic_pkg/install.log'
[1.297s] Invoked command in '/home/lee/Capstone/src/gcamp_ros2_basic/py_topic_pkg' returned '0': PYTHONPATH=/home/lee/Capstone/src/build/py_topic_pkg/prefix_override:/home/lee/Capstone/src/install/py_topic_pkg/lib/python3.8/site-packages:${PYTHONPATH} /usr/bin/python3 -W ignore:setup.py install is deprecated setup.py egg_info --egg-base ../../build/py_topic_pkg build --build-base /home/lee/Capstone/src/build/py_topic_pkg/build install --record /home/lee/Capstone/src/build/py_topic_pkg/install.log --install-scripts $base/lib/py_topic_pkg --single-version-externally-managed install_data
