[0.059s] Invoking command in '/home/lee/Capstone/build/turtlebot3_msgs': CMAKE_PREFIX_PATH=${CMAKE_PREFIX_PATH}:/home/lee/turtlebot3_ws/install/turtlebot3_teleop:/home/lee/turtlebot3_ws/install/turtlebot3_example:/home/lee/gcamp_ros2_ws/install/py_topic_pkg:/home/lee/gcamp_ros2_ws/install/py_service_pkg:/home/lee/gcamp_ros2_ws/install/py_first_pkg:/home/lee/gcamp_ros2_ws/install/py_action_pkg:/opt/ros/foxy /usr/bin/cmake /home/lee/Capstone/src/turtlebot3_msgs -DCMAKE_INSTALL_PREFIX=/home/lee/Capstone/install/turtlebot3_msgs
[0.811s] -- The C compiler identification is GNU 9.4.0
[0.811s] -- The CXX compiler identification is GNU 9.4.0
[0.811s] -- Check for working C compiler: /usr/bin/cc
[0.813s] -- Check for working C compiler: /usr/bin/cc -- works
[0.813s] -- Detecting C compiler ABI info
[0.814s] -- Detecting C compiler ABI info - done
[0.814s] -- Detecting C compile features
[0.814s] -- Detecting C compile features - done
[0.815s] -- Check for working CXX compiler: /usr/bin/c++
[0.815s] -- Check for working CXX compiler: /usr/bin/c++ -- works
[0.816s] -- Detecting CXX compiler ABI info
[0.816s] -- Detecting CXX compiler ABI info - done
[0.817s] -- Detecting CXX compile features
[0.817s] -- Detecting CXX compile features - done
[0.818s] -- Found action_msgs: 1.0.0 (/opt/ros/foxy/share/action_msgs/cmake)
[0.818s] -- Found PythonInterp: /usr/bin/python3 (found suitable version "3.8.10", minimum required is "3") 
[0.819s] -- Using PYTHON_EXECUTABLE: /usr/bin/python3
[0.820s] -- Using all available rosidl_typesupport_c: rosidl_typesupport_fastrtps_c;rosidl_typesupport_introspection_c
[0.820s] -- Found rosidl_adapter: 1.3.1 (/opt/ros/foxy/share/rosidl_adapter/cmake)
[0.820s] -- Found OpenSSL: /usr/lib/x86_64-linux-gnu/libcrypto.so (found version "1.1.1f")  
[0.820s] -- Found FastRTPS: /opt/ros/foxy/include  
[0.822s] -- Using all available rosidl_typesupport_cpp: rosidl_typesupport_fastrtps_cpp;rosidl_typesupport_introspection_cpp
[0.822s] -- Found rosidl_default_generators: 1.0.1 (/opt/ros/foxy/share/rosidl_default_generators/cmake)
[0.822s] -- Found std_msgs: 2.0.5 (/opt/ros/foxy/share/std_msgs/cmake)
[0.822s] -- Found PythonInterp: /usr/bin/python3 (found version "3.8.10") 
[0.861s] -- Found ament_cmake_cppcheck: 0.9.8 (/opt/ros/foxy/share/ament_cmake_cppcheck/cmake)
[0.862s] -- Found ament_cmake_cpplint: 0.9.8 (/opt/ros/foxy/share/ament_cmake_cpplint/cmake)
[0.866s] -- Found ament_cmake_uncrustify: 0.9.8 (/opt/ros/foxy/share/ament_cmake_uncrustify/cmake)
[0.867s] -- Found ament_cmake_ros: 0.9.2 (/opt/ros/foxy/share/ament_cmake_ros/cmake)
[1.024s] -- Using all available rosidl_typesupport_c: rosidl_typesupport_fastrtps_c;rosidl_typesupport_introspection_c
[1.073s] -- Using all available rosidl_typesupport_cpp: rosidl_typesupport_fastrtps_cpp;rosidl_typesupport_introspection_cpp
[1.102s] -- Found PythonInterp: /usr/bin/python3 (found suitable version "3.8.10", minimum required is "3.5") 
[1.104s] -- Found python_cmake_module: 0.8.1 (/opt/ros/foxy/share/python_cmake_module/cmake)
[1.145s] -- Found PythonLibs: /usr/lib/x86_64-linux-gnu/libpython3.8.so (found suitable version "3.8.10", minimum required is "3.5") 
[1.146s] -- Using PYTHON_EXECUTABLE: /usr/bin/python3
[1.146s] -- Using PYTHON_INCLUDE_DIRS: /usr/include/python3.8
[1.146s] -- Using PYTHON_LIBRARIES: /usr/lib/x86_64-linux-gnu/libpython3.8.so
[1.162s] -- Found PythonExtra: .so  
[1.236s] -- Found ament_cmake_flake8: 0.9.8 (/opt/ros/foxy/share/ament_cmake_flake8/cmake)
[1.238s] -- Found ament_cmake_pep257: 0.9.8 (/opt/ros/foxy/share/ament_cmake_pep257/cmake)
[1.243s] -- Configuring done
[1.281s] -- Generating done
[1.282s] -- Build files have been written to: /home/lee/Capstone/build/turtlebot3_msgs
[1.491s] Invoked command in '/home/lee/Capstone/build/turtlebot3_msgs' returned '0': CMAKE_PREFIX_PATH=${CMAKE_PREFIX_PATH}:/home/lee/turtlebot3_ws/install/turtlebot3_teleop:/home/lee/turtlebot3_ws/install/turtlebot3_example:/home/lee/gcamp_ros2_ws/install/py_topic_pkg:/home/lee/gcamp_ros2_ws/install/py_service_pkg:/home/lee/gcamp_ros2_ws/install/py_first_pkg:/home/lee/gcamp_ros2_ws/install/py_action_pkg:/opt/ros/foxy /usr/bin/cmake /home/lee/Capstone/src/turtlebot3_msgs -DCMAKE_INSTALL_PREFIX=/home/lee/Capstone/install/turtlebot3_msgs
[1.493s] Invoking command in '/home/lee/Capstone/build/turtlebot3_msgs': CMAKE_PREFIX_PATH=${CMAKE_PREFIX_PATH}:/home/lee/turtlebot3_ws/install/turtlebot3_teleop:/home/lee/turtlebot3_ws/install/turtlebot3_example:/home/lee/gcamp_ros2_ws/install/py_topic_pkg:/home/lee/gcamp_ros2_ws/install/py_service_pkg:/home/lee/gcamp_ros2_ws/install/py_first_pkg:/home/lee/gcamp_ros2_ws/install/py_action_pkg:/opt/ros/foxy /usr/bin/cmake --build /home/lee/Capstone/build/turtlebot3_msgs -- -j16 -l16
[1.516s] [  1%] [34m[1mGenerating C code for ROS interfaces[0m
[1.517s] [35m[1mScanning dependencies of target turtlebot3_msgs__cpp[0m
[1.524s] [  2%] [34m[1mGenerating C++ code for ROS interfaces[0m
[2.005s] [  2%] Built target turtlebot3_msgs__cpp
[2.011s] [  4%] [34m[1mGenerating C++ type support dispatch for ROS interfaces[0m
[2.011s] [  5%] [34m[1mGenerating C++ introspection for ROS interfaces[0m
[2.011s] [  7%] [34m[1mGenerating C++ type support for eProsima Fast-RTPS[0m
[2.016s] [35m[1mScanning dependencies of target turtlebot3_msgs__rosidl_generator_c[0m
[2.025s] [  8%] [32mBuilding C object CMakeFiles/turtlebot3_msgs__rosidl_generator_c.dir/rosidl_generator_c/turtlebot3_msgs/msg/detail/sound__functions.c.o[0m
[2.025s] [  9%] [32mBuilding C object CMakeFiles/turtlebot3_msgs__rosidl_generator_c.dir/rosidl_generator_c/turtlebot3_msgs/msg/detail/sensor_state__functions.c.o[0m
[2.027s] [ 11%] [32mBuilding C object CMakeFiles/turtlebot3_msgs__rosidl_generator_c.dir/rosidl_generator_c/turtlebot3_msgs/srv/detail/dqn__functions.c.o[0m
[2.028s] [ 12%] [32mBuilding C object CMakeFiles/turtlebot3_msgs__rosidl_generator_c.dir/rosidl_generator_c/turtlebot3_msgs/msg/detail/version_info__functions.c.o[0m
[2.028s] [ 14%] [32mBuilding C object CMakeFiles/turtlebot3_msgs__rosidl_generator_c.dir/rosidl_generator_c/turtlebot3_msgs/srv/detail/sound__functions.c.o[0m
[2.028s] [ 15%] [32mBuilding C object CMakeFiles/turtlebot3_msgs__rosidl_generator_c.dir/rosidl_generator_c/turtlebot3_msgs/action/detail/patrol__functions.c.o[0m
[2.118s] [ 16%] [32m[1mLinking C shared library libturtlebot3_msgs__rosidl_generator_c.so[0m
[2.142s] [ 16%] Built target turtlebot3_msgs__rosidl_generator_c
[2.148s] [ 19%] [34m[1mGenerating C type support dispatch for ROS interfaces[0m
[2.148s] [ 19%] [34m[1mGenerating C introspection for ROS interfaces[0m
[2.337s] [35m[1mScanning dependencies of target turtlebot3_msgs__rosidl_typesupport_cpp[0m
[2.346s] [ 21%] [32mBuilding CXX object CMakeFiles/turtlebot3_msgs__rosidl_typesupport_cpp.dir/rosidl_typesupport_cpp/turtlebot3_msgs/msg/sensor_state__type_support.cpp.o[0m
[2.348s] [ 22%] [32mBuilding CXX object CMakeFiles/turtlebot3_msgs__rosidl_typesupport_cpp.dir/rosidl_typesupport_cpp/turtlebot3_msgs/msg/sound__type_support.cpp.o[0m
[2.349s] [ 25%] [32mBuilding CXX object CMakeFiles/turtlebot3_msgs__rosidl_typesupport_cpp.dir/rosidl_typesupport_cpp/turtlebot3_msgs/msg/version_info__type_support.cpp.o[0m
[2.349s] [ 25%] [32mBuilding CXX object CMakeFiles/turtlebot3_msgs__rosidl_typesupport_cpp.dir/rosidl_typesupport_cpp/turtlebot3_msgs/srv/sound__type_support.cpp.o[0m
[2.349s] [ 26%] [32mBuilding CXX object CMakeFiles/turtlebot3_msgs__rosidl_typesupport_cpp.dir/rosidl_typesupport_cpp/turtlebot3_msgs/action/patrol__type_support.cpp.o[0m
[2.349s] [ 28%] [32mBuilding CXX object CMakeFiles/turtlebot3_msgs__rosidl_typesupport_cpp.dir/rosidl_typesupport_cpp/turtlebot3_msgs/srv/dqn__type_support.cpp.o[0m
[2.390s] [35m[1mScanning dependencies of target turtlebot3_msgs__rosidl_typesupport_introspection_cpp[0m
[2.403s] [ 29%] [32mBuilding CXX object CMakeFiles/turtlebot3_msgs__rosidl_typesupport_introspection_cpp.dir/rosidl_typesupport_introspection_cpp/turtlebot3_msgs/srv/detail/sound__type_support.cpp.o[0m
[2.404s] [ 33%] [32mBuilding CXX object CMakeFiles/turtlebot3_msgs__rosidl_typesupport_introspection_cpp.dir/rosidl_typesupport_introspection_cpp/turtlebot3_msgs/msg/detail/version_info__type_support.cpp.o[0m
[2.404s] [ 33%] [32mBuilding CXX object CMakeFiles/turtlebot3_msgs__rosidl_typesupport_introspection_cpp.dir/rosidl_typesupport_introspection_cpp/turtlebot3_msgs/msg/detail/sensor_state__type_support.cpp.o[0m
[2.404s] [ 35%] [32mBuilding CXX object CMakeFiles/turtlebot3_msgs__rosidl_typesupport_introspection_cpp.dir/rosidl_typesupport_introspection_cpp/turtlebot3_msgs/srv/detail/dqn__type_support.cpp.o[0m
[2.404s] [ 35%] [32mBuilding CXX object CMakeFiles/turtlebot3_msgs__rosidl_typesupport_introspection_cpp.dir/rosidl_typesupport_introspection_cpp/turtlebot3_msgs/msg/detail/sound__type_support.cpp.o[0m
[2.413s] [ 36%] [32mBuilding CXX object CMakeFiles/turtlebot3_msgs__rosidl_typesupport_introspection_cpp.dir/rosidl_typesupport_introspection_cpp/turtlebot3_msgs/action/detail/patrol__type_support.cpp.o[0m
[2.563s] [35m[1mScanning dependencies of target turtlebot3_msgs__rosidl_typesupport_fastrtps_cpp[0m
[2.585s] [ 38%] [32mBuilding CXX object CMakeFiles/turtlebot3_msgs__rosidl_typesupport_fastrtps_cpp.dir/rosidl_typesupport_fastrtps_cpp/turtlebot3_msgs/msg/detail/dds_fastrtps/sensor_state__type_support.cpp.o[0m
[2.585s] [35m[1mScanning dependencies of target turtlebot3_msgs__rosidl_typesupport_c[0m
[2.590s] [ 39%] [32mBuilding CXX object CMakeFiles/turtlebot3_msgs__rosidl_typesupport_fastrtps_cpp.dir/rosidl_typesupport_fastrtps_cpp/turtlebot3_msgs/msg/detail/dds_fastrtps/version_info__type_support.cpp.o[0m
[2.598s] [ 40%] [32mBuilding CXX object CMakeFiles/turtlebot3_msgs__rosidl_typesupport_fastrtps_cpp.dir/rosidl_typesupport_fastrtps_cpp/turtlebot3_msgs/msg/detail/dds_fastrtps/sound__type_support.cpp.o[0m
[2.609s] [ 42%] [32mBuilding CXX object CMakeFiles/turtlebot3_msgs__rosidl_typesupport_c.dir/rosidl_typesupport_c/turtlebot3_msgs/msg/sensor_state__type_support.cpp.o[0m
[2.618s] [ 43%] [32mBuilding CXX object CMakeFiles/turtlebot3_msgs__rosidl_typesupport_fastrtps_cpp.dir/rosidl_typesupport_fastrtps_cpp/turtlebot3_msgs/srv/detail/dds_fastrtps/sound__type_support.cpp.o[0m
[2.652s] [ 45%] [32mBuilding CXX object CMakeFiles/turtlebot3_msgs__rosidl_typesupport_c.dir/rosidl_typesupport_c/turtlebot3_msgs/msg/sound__type_support.cpp.o[0m
[2.657s] [ 46%] [32mBuilding CXX object CMakeFiles/turtlebot3_msgs__rosidl_typesupport_c.dir/rosidl_typesupport_c/turtlebot3_msgs/msg/version_info__type_support.cpp.o[0m
[2.659s] [ 47%] [32mBuilding CXX object CMakeFiles/turtlebot3_msgs__rosidl_typesupport_fastrtps_cpp.dir/rosidl_typesupport_fastrtps_cpp/turtlebot3_msgs/action/detail/dds_fastrtps/patrol__type_support.cpp.o[0m
[2.659s] [ 49%] [32mBuilding CXX object CMakeFiles/turtlebot3_msgs__rosidl_typesupport_fastrtps_cpp.dir/rosidl_typesupport_fastrtps_cpp/turtlebot3_msgs/srv/detail/dds_fastrtps/dqn__type_support.cpp.o[0m
[2.660s] [ 50%] [32m[1mLinking CXX shared library libturtlebot3_msgs__rosidl_typesupport_cpp.so[0m
[2.661s] [ 52%] [32mBuilding CXX object CMakeFiles/turtlebot3_msgs__rosidl_typesupport_c.dir/rosidl_typesupport_c/turtlebot3_msgs/srv/sound__type_support.cpp.o[0m
[2.662s] [ 53%] [32mBuilding CXX object CMakeFiles/turtlebot3_msgs__rosidl_typesupport_c.dir/rosidl_typesupport_c/turtlebot3_msgs/action/patrol__type_support.cpp.o[0m
[2.663s] [ 54%] [32mBuilding CXX object CMakeFiles/turtlebot3_msgs__rosidl_typesupport_c.dir/rosidl_typesupport_c/turtlebot3_msgs/srv/dqn__type_support.cpp.o[0m
[2.711s] [ 56%] [32m[1mLinking CXX shared library libturtlebot3_msgs__rosidl_typesupport_c.so[0m
[2.718s] [ 56%] Built target turtlebot3_msgs__rosidl_typesupport_cpp
[2.725s] [35m[1mScanning dependencies of target turtlebot3_msgs__rosidl_typesupport_introspection_c[0m
[2.729s] [ 57%] [32m[1mLinking CXX shared library libturtlebot3_msgs__rosidl_typesupport_introspection_cpp.so[0m
[2.739s] [ 59%] [32mBuilding C object CMakeFiles/turtlebot3_msgs__rosidl_typesupport_introspection_c.dir/rosidl_typesupport_introspection_c/turtlebot3_msgs/msg/detail/sensor_state__type_support.c.o[0m
[2.739s] [ 61%] [32mBuilding C object CMakeFiles/turtlebot3_msgs__rosidl_typesupport_introspection_c.dir/rosidl_typesupport_introspection_c/turtlebot3_msgs/msg/detail/sound__type_support.c.o[0m
[2.739s] [ 61%] [32mBuilding C object CMakeFiles/turtlebot3_msgs__rosidl_typesupport_introspection_c.dir/rosidl_typesupport_introspection_c/turtlebot3_msgs/srv/detail/sound__type_support.c.o[0m
[2.740s] [ 63%] [32mBuilding C object CMakeFiles/turtlebot3_msgs__rosidl_typesupport_introspection_c.dir/rosidl_typesupport_introspection_c/turtlebot3_msgs/msg/detail/version_info__type_support.c.o[0m
[2.741s] [ 64%] [32mBuilding C object CMakeFiles/turtlebot3_msgs__rosidl_typesupport_introspection_c.dir/rosidl_typesupport_introspection_c/turtlebot3_msgs/srv/detail/dqn__type_support.c.o[0m
[2.741s] [ 66%] [32mBuilding C object CMakeFiles/turtlebot3_msgs__rosidl_typesupport_introspection_c.dir/rosidl_typesupport_introspection_c/turtlebot3_msgs/action/detail/patrol__type_support.c.o[0m
[2.754s] [ 66%] Built target turtlebot3_msgs__rosidl_typesupport_c
[2.782s] [ 67%] [32m[1mLinking C shared library libturtlebot3_msgs__rosidl_typesupport_introspection_c.so[0m
[2.804s] [ 67%] Built target turtlebot3_msgs__rosidl_typesupport_introspection_cpp
[2.809s] [ 67%] Built target turtlebot3_msgs__rosidl_typesupport_introspection_c
[3.012s] [ 69%] [32m[1mLinking CXX shared library libturtlebot3_msgs__rosidl_typesupport_fastrtps_cpp.so[0m
[3.061s] [ 69%] Built target turtlebot3_msgs__rosidl_typesupport_fastrtps_cpp
[3.067s] [ 70%] [34m[1mGenerating C type support for eProsima Fast-RTPS[0m
[3.449s] [35m[1mScanning dependencies of target turtlebot3_msgs__rosidl_typesupport_fastrtps_c[0m
[3.464s] [ 71%] [32mBuilding CXX object CMakeFiles/turtlebot3_msgs__rosidl_typesupport_fastrtps_c.dir/rosidl_typesupport_fastrtps_c/turtlebot3_msgs/msg/detail/sensor_state__type_support_c.cpp.o[0m
[3.467s] [ 73%] [32mBuilding CXX object CMakeFiles/turtlebot3_msgs__rosidl_typesupport_fastrtps_c.dir/rosidl_typesupport_fastrtps_c/turtlebot3_msgs/srv/detail/dqn__type_support_c.cpp.o[0m
[3.467s] [ 76%] [32mBuilding CXX object CMakeFiles/turtlebot3_msgs__rosidl_typesupport_fastrtps_c.dir/rosidl_typesupport_fastrtps_c/turtlebot3_msgs/msg/detail/sound__type_support_c.cpp.o[0m
[3.467s] [ 76%] [32mBuilding CXX object CMakeFiles/turtlebot3_msgs__rosidl_typesupport_fastrtps_c.dir/rosidl_typesupport_fastrtps_c/turtlebot3_msgs/msg/detail/version_info__type_support_c.cpp.o[0m
[3.467s] [ 77%] [32mBuilding CXX object CMakeFiles/turtlebot3_msgs__rosidl_typesupport_fastrtps_c.dir/rosidl_typesupport_fastrtps_c/turtlebot3_msgs/srv/detail/sound__type_support_c.cpp.o[0m
[3.468s] [ 78%] [32mBuilding CXX object CMakeFiles/turtlebot3_msgs__rosidl_typesupport_fastrtps_c.dir/rosidl_typesupport_fastrtps_c/turtlebot3_msgs/action/detail/patrol__type_support_c.cpp.o[0m
[3.805s] [ 80%] [32m[1mLinking CXX shared library libturtlebot3_msgs__rosidl_typesupport_fastrtps_c.so[0m
[3.867s] [ 80%] Built target turtlebot3_msgs__rosidl_typesupport_fastrtps_c
[3.874s] [35m[1mScanning dependencies of target turtlebot3_msgs[0m
[3.881s] [ 80%] Built target turtlebot3_msgs
[3.889s] [35m[1mScanning dependencies of target turtlebot3_msgs__py[0m
[3.897s] [ 81%] [34m[1mGenerating Python code for ROS interfaces[0m
[4.896s] [ 81%] Built target turtlebot3_msgs__py
[4.903s] [35m[1mScanning dependencies of target turtlebot3_msgs__python[0m
[4.920s] [ 83%] [32mBuilding C object CMakeFiles/turtlebot3_msgs__python.dir/rosidl_generator_py/turtlebot3_msgs/msg/_sensor_state_s.c.o[0m
[4.922s] [ 84%] [32mBuilding C object CMakeFiles/turtlebot3_msgs__python.dir/rosidl_generator_py/turtlebot3_msgs/msg/_sound_s.c.o[0m
[4.922s] [ 88%] [32mBuilding C object CMakeFiles/turtlebot3_msgs__python.dir/rosidl_generator_py/turtlebot3_msgs/srv/_sound_s.c.o[0m
[4.922s] [ 88%] [32mBuilding C object CMakeFiles/turtlebot3_msgs__python.dir/rosidl_generator_py/turtlebot3_msgs/msg/_version_info_s.c.o[0m
[4.923s] [ 88%] [32mBuilding C object CMakeFiles/turtlebot3_msgs__python.dir/rosidl_generator_py/turtlebot3_msgs/srv/_dqn_s.c.o[0m
[4.923s] [ 90%] [32mBuilding C object CMakeFiles/turtlebot3_msgs__python.dir/rosidl_generator_py/turtlebot3_msgs/action/_patrol_s.c.o[0m
[5.037s] [ 91%] [32m[1mLinking C shared library rosidl_generator_py/turtlebot3_msgs/libturtlebot3_msgs__python.so[0m
[5.066s] [ 91%] Built target turtlebot3_msgs__python
[5.073s] [35m[1mScanning dependencies of target turtlebot3_msgs__rosidl_typesupport_introspection_c__pyext[0m
[5.073s] [35m[1mScanning dependencies of target turtlebot3_msgs__rosidl_typesupport_fastrtps_c__pyext[0m
[5.075s] [35m[1mScanning dependencies of target turtlebot3_msgs__rosidl_typesupport_c__pyext[0m
[5.086s] [ 92%] [32mBuilding C object CMakeFiles/turtlebot3_msgs__rosidl_typesupport_fastrtps_c__pyext.dir/rosidl_generator_py/turtlebot3_msgs/_turtlebot3_msgs_s.ep.rosidl_typesupport_fastrtps_c.c.o[0m
[5.086s] [ 94%] [32mBuilding C object CMakeFiles/turtlebot3_msgs__rosidl_typesupport_introspection_c__pyext.dir/rosidl_generator_py/turtlebot3_msgs/_turtlebot3_msgs_s.ep.rosidl_typesupport_introspection_c.c.o[0m
[5.091s] [ 95%] [32mBuilding C object CMakeFiles/turtlebot3_msgs__rosidl_typesupport_c__pyext.dir/rosidl_generator_py/turtlebot3_msgs/_turtlebot3_msgs_s.ep.rosidl_typesupport_c.c.o[0m
[5.160s] [ 98%] [32m[1mLinking CXX shared library rosidl_generator_py/turtlebot3_msgs/turtlebot3_msgs_s__rosidl_typesupport_fastrtps_c.cpython-38-x86_64-linux-gnu.so[0m
[5.160s] [ 98%] [32m[1mLinking C shared library rosidl_generator_py/turtlebot3_msgs/turtlebot3_msgs_s__rosidl_typesupport_introspection_c.cpython-38-x86_64-linux-gnu.so[0m
[5.186s] [ 98%] Built target turtlebot3_msgs__rosidl_typesupport_introspection_c__pyext
[5.202s] [100%] [32m[1mLinking C shared library rosidl_generator_py/turtlebot3_msgs/turtlebot3_msgs_s__rosidl_typesupport_c.cpython-38-x86_64-linux-gnu.so[0m
[5.205s] [100%] Built target turtlebot3_msgs__rosidl_typesupport_fastrtps_c__pyext
[5.227s] [100%] Built target turtlebot3_msgs__rosidl_typesupport_c__pyext
[5.235s] Invoked command in '/home/lee/Capstone/build/turtlebot3_msgs' returned '0': CMAKE_PREFIX_PATH=${CMAKE_PREFIX_PATH}:/home/lee/turtlebot3_ws/install/turtlebot3_teleop:/home/lee/turtlebot3_ws/install/turtlebot3_example:/home/lee/gcamp_ros2_ws/install/py_topic_pkg:/home/lee/gcamp_ros2_ws/install/py_service_pkg:/home/lee/gcamp_ros2_ws/install/py_first_pkg:/home/lee/gcamp_ros2_ws/install/py_action_pkg:/opt/ros/foxy /usr/bin/cmake --build /home/lee/Capstone/build/turtlebot3_msgs -- -j16 -l16
[5.298s] Invoking command in '/home/lee/Capstone/build/turtlebot3_msgs': CMAKE_PREFIX_PATH=${CMAKE_PREFIX_PATH}:/home/lee/turtlebot3_ws/install/turtlebot3_teleop:/home/lee/turtlebot3_ws/install/turtlebot3_example:/home/lee/gcamp_ros2_ws/install/py_topic_pkg:/home/lee/gcamp_ros2_ws/install/py_service_pkg:/home/lee/gcamp_ros2_ws/install/py_first_pkg:/home/lee/gcamp_ros2_ws/install/py_action_pkg:/opt/ros/foxy /usr/bin/cmake --install /home/lee/Capstone/build/turtlebot3_msgs
[5.303s] -- Install configuration: ""
[5.304s] -- Installing: /home/lee/Capstone/install/turtlebot3_msgs/share/ament_index/resource_index/rosidl_interfaces/turtlebot3_msgs
[5.304s] -- Installing: /home/lee/Capstone/install/turtlebot3_msgs/include/turtlebot3_msgs
[5.304s] -- Installing: /home/lee/Capstone/install/turtlebot3_msgs/include/turtlebot3_msgs/action
[5.304s] -- Installing: /home/lee/Capstone/install/turtlebot3_msgs/include/turtlebot3_msgs/action/patrol.h
[5.304s] -- Installing: /home/lee/Capstone/install/turtlebot3_msgs/include/turtlebot3_msgs/action/detail
[5.304s] -- Installing: /home/lee/Capstone/install/turtlebot3_msgs/include/turtlebot3_msgs/action/detail/patrol__struct.h
[5.304s] -- Installing: /home/lee/Capstone/install/turtlebot3_msgs/include/turtlebot3_msgs/action/detail/patrol__functions.h
[5.305s] -- Installing: /home/lee/Capstone/install/turtlebot3_msgs/include/turtlebot3_msgs/action/detail/patrol__type_support.h
[5.305s] -- Installing: /home/lee/Capstone/install/turtlebot3_msgs/include/turtlebot3_msgs/action/detail/patrol__functions.c
[5.305s] -- Installing: /home/lee/Capstone/install/turtlebot3_msgs/include/turtlebot3_msgs/srv
[5.305s] -- Installing: /home/lee/Capstone/install/turtlebot3_msgs/include/turtlebot3_msgs/srv/detail
[5.305s] -- Installing: /home/lee/Capstone/install/turtlebot3_msgs/include/turtlebot3_msgs/srv/detail/sound__functions.c
[5.305s] -- Installing: /home/lee/Capstone/install/turtlebot3_msgs/include/turtlebot3_msgs/srv/detail/dqn__struct.h
[5.305s] -- Installing: /home/lee/Capstone/install/turtlebot3_msgs/include/turtlebot3_msgs/srv/detail/sound__functions.h
[5.305s] -- Installing: /home/lee/Capstone/install/turtlebot3_msgs/include/turtlebot3_msgs/srv/detail/sound__type_support.h
[5.305s] -- Installing: /home/lee/Capstone/install/turtlebot3_msgs/include/turtlebot3_msgs/srv/detail/dqn__functions.c
[5.305s] -- Installing: /home/lee/Capstone/install/turtlebot3_msgs/include/turtlebot3_msgs/srv/detail/dqn__functions.h
[5.305s] -- Installing: /home/lee/Capstone/install/turtlebot3_msgs/include/turtlebot3_msgs/srv/detail/sound__struct.h
[5.305s] -- Installing: /home/lee/Capstone/install/turtlebot3_msgs/include/turtlebot3_msgs/srv/detail/dqn__type_support.h
[5.306s] -- Installing: /home/lee/Capstone/install/turtlebot3_msgs/include/turtlebot3_msgs/srv/dqn.h
[5.306s] -- Installing: /home/lee/Capstone/install/turtlebot3_msgs/include/turtlebot3_msgs/srv/sound.h
[5.306s] -- Installing: /home/lee/Capstone/install/turtlebot3_msgs/include/turtlebot3_msgs/msg
[5.306s] -- Installing: /home/lee/Capstone/install/turtlebot3_msgs/include/turtlebot3_msgs/msg/sensor_state.h
[5.306s] -- Installing: /home/lee/Capstone/install/turtlebot3_msgs/include/turtlebot3_msgs/msg/version_info.h
[5.306s] -- Installing: /home/lee/Capstone/install/turtlebot3_msgs/include/turtlebot3_msgs/msg/detail
[5.306s] -- Installing: /home/lee/Capstone/install/turtlebot3_msgs/include/turtlebot3_msgs/msg/detail/sound__functions.c
[5.306s] -- Installing: /home/lee/Capstone/install/turtlebot3_msgs/include/turtlebot3_msgs/msg/detail/sensor_state__functions.c
[5.306s] -- Installing: /home/lee/Capstone/install/turtlebot3_msgs/include/turtlebot3_msgs/msg/detail/version_info__functions.h
[5.306s] -- Installing: /home/lee/Capstone/install/turtlebot3_msgs/include/turtlebot3_msgs/msg/detail/version_info__struct.h
[5.307s] -- Installing: /home/lee/Capstone/install/turtlebot3_msgs/include/turtlebot3_msgs/msg/detail/sound__functions.h
[5.307s] -- Installing: /home/lee/Capstone/install/turtlebot3_msgs/include/turtlebot3_msgs/msg/detail/sound__type_support.h
[5.307s] -- Installing: /home/lee/Capstone/install/turtlebot3_msgs/include/turtlebot3_msgs/msg/detail/sensor_state__struct.h
[5.307s] -- Installing: /home/lee/Capstone/install/turtlebot3_msgs/include/turtlebot3_msgs/msg/detail/sensor_state__functions.h
[5.307s] -- Installing: /home/lee/Capstone/install/turtlebot3_msgs/include/turtlebot3_msgs/msg/detail/version_info__functions.c
[5.307s] -- Installing: /home/lee/Capstone/install/turtlebot3_msgs/include/turtlebot3_msgs/msg/detail/sound__struct.h
[5.307s] -- Installing: /home/lee/Capstone/install/turtlebot3_msgs/include/turtlebot3_msgs/msg/detail/version_info__type_support.h
[5.307s] -- Installing: /home/lee/Capstone/install/turtlebot3_msgs/include/turtlebot3_msgs/msg/detail/sensor_state__type_support.h
[5.307s] -- Installing: /home/lee/Capstone/install/turtlebot3_msgs/include/turtlebot3_msgs/msg/rosidl_generator_c__visibility_control.h
[5.307s] -- Installing: /home/lee/Capstone/install/turtlebot3_msgs/include/turtlebot3_msgs/msg/sound.h
[5.307s] -- Installing: /home/lee/Capstone/install/turtlebot3_msgs/share/turtlebot3_msgs/environment/library_path.sh
[5.307s] -- Installing: /home/lee/Capstone/install/turtlebot3_msgs/share/turtlebot3_msgs/environment/library_path.dsv
[5.307s] -- Installing: /home/lee/Capstone/install/turtlebot3_msgs/lib/libturtlebot3_msgs__rosidl_generator_c.so
[5.308s] -- Set runtime path of "/home/lee/Capstone/install/turtlebot3_msgs/lib/libturtlebot3_msgs__rosidl_generator_c.so" to ""
[5.308s] -- Up-to-date: /home/lee/Capstone/install/turtlebot3_msgs/include/turtlebot3_msgs
[5.308s] -- Up-to-date: /home/lee/Capstone/install/turtlebot3_msgs/include/turtlebot3_msgs/action
[5.308s] -- Up-to-date: /home/lee/Capstone/install/turtlebot3_msgs/include/turtlebot3_msgs/action/detail
[5.308s] -- Installing: /home/lee/Capstone/install/turtlebot3_msgs/include/turtlebot3_msgs/action/detail/patrol__rosidl_typesupport_fastrtps_c.h
[5.308s] -- Up-to-date: /home/lee/Capstone/install/turtlebot3_msgs/include/turtlebot3_msgs/srv
[5.308s] -- Up-to-date: /home/lee/Capstone/install/turtlebot3_msgs/include/turtlebot3_msgs/srv/detail
[5.308s] -- Installing: /home/lee/Capstone/install/turtlebot3_msgs/include/turtlebot3_msgs/srv/detail/dqn__rosidl_typesupport_fastrtps_c.h
[5.308s] -- Installing: /home/lee/Capstone/install/turtlebot3_msgs/include/turtlebot3_msgs/srv/detail/sound__rosidl_typesupport_fastrtps_c.h
[5.308s] -- Up-to-date: /home/lee/Capstone/install/turtlebot3_msgs/include/turtlebot3_msgs/msg
[5.309s] -- Installing: /home/lee/Capstone/install/turtlebot3_msgs/include/turtlebot3_msgs/msg/rosidl_typesupport_fastrtps_c__visibility_control.h
[5.309s] -- Up-to-date: /home/lee/Capstone/install/turtlebot3_msgs/include/turtlebot3_msgs/msg/detail
[5.309s] -- Installing: /home/lee/Capstone/install/turtlebot3_msgs/include/turtlebot3_msgs/msg/detail/version_info__rosidl_typesupport_fastrtps_c.h
[5.309s] -- Installing: /home/lee/Capstone/install/turtlebot3_msgs/include/turtlebot3_msgs/msg/detail/sound__rosidl_typesupport_fastrtps_c.h
[5.309s] -- Installing: /home/lee/Capstone/install/turtlebot3_msgs/include/turtlebot3_msgs/msg/detail/sensor_state__rosidl_typesupport_fastrtps_c.h
[5.309s] -- Installing: /home/lee/Capstone/install/turtlebot3_msgs/lib/libturtlebot3_msgs__rosidl_typesupport_fastrtps_c.so
[5.309s] -- Set runtime path of "/home/lee/Capstone/install/turtlebot3_msgs/lib/libturtlebot3_msgs__rosidl_typesupport_fastrtps_c.so" to ""
[5.309s] -- Up-to-date: /home/lee/Capstone/install/turtlebot3_msgs/include/turtlebot3_msgs
[5.309s] -- Up-to-date: /home/lee/Capstone/install/turtlebot3_msgs/include/turtlebot3_msgs/action
[5.309s] -- Up-to-date: /home/lee/Capstone/install/turtlebot3_msgs/include/turtlebot3_msgs/action/detail
[5.309s] -- Installing: /home/lee/Capstone/install/turtlebot3_msgs/include/turtlebot3_msgs/action/detail/patrol__rosidl_typesupport_fastrtps_cpp.hpp
[5.310s] -- Installing: /home/lee/Capstone/install/turtlebot3_msgs/include/turtlebot3_msgs/action/detail/dds_fastrtps
[5.310s] -- Up-to-date: /home/lee/Capstone/install/turtlebot3_msgs/include/turtlebot3_msgs/srv
[5.310s] -- Up-to-date: /home/lee/Capstone/install/turtlebot3_msgs/include/turtlebot3_msgs/srv/detail
[5.310s] -- Installing: /home/lee/Capstone/install/turtlebot3_msgs/include/turtlebot3_msgs/srv/detail/sound__rosidl_typesupport_fastrtps_cpp.hpp
[5.310s] -- Installing: /home/lee/Capstone/install/turtlebot3_msgs/include/turtlebot3_msgs/srv/detail/dds_fastrtps
[5.310s] -- Installing: /home/lee/Capstone/install/turtlebot3_msgs/include/turtlebot3_msgs/srv/detail/dqn__rosidl_typesupport_fastrtps_cpp.hpp
[5.310s] -- Up-to-date: /home/lee/Capstone/install/turtlebot3_msgs/include/turtlebot3_msgs/msg
[5.310s] -- Installing: /home/lee/Capstone/install/turtlebot3_msgs/include/turtlebot3_msgs/msg/rosidl_typesupport_fastrtps_cpp__visibility_control.h
[5.310s] -- Up-to-date: /home/lee/Capstone/install/turtlebot3_msgs/include/turtlebot3_msgs/msg/detail
[5.310s] -- Installing: /home/lee/Capstone/install/turtlebot3_msgs/include/turtlebot3_msgs/msg/detail/sound__rosidl_typesupport_fastrtps_cpp.hpp
[5.310s] -- Installing: /home/lee/Capstone/install/turtlebot3_msgs/include/turtlebot3_msgs/msg/detail/sensor_state__rosidl_typesupport_fastrtps_cpp.hpp
[5.311s] -- Installing: /home/lee/Capstone/install/turtlebot3_msgs/include/turtlebot3_msgs/msg/detail/dds_fastrtps
[5.311s] -- Installing: /home/lee/Capstone/install/turtlebot3_msgs/include/turtlebot3_msgs/msg/detail/version_info__rosidl_typesupport_fastrtps_cpp.hpp
[5.311s] -- Installing: /home/lee/Capstone/install/turtlebot3_msgs/lib/libturtlebot3_msgs__rosidl_typesupport_fastrtps_cpp.so
[5.311s] -- Set runtime path of "/home/lee/Capstone/install/turtlebot3_msgs/lib/libturtlebot3_msgs__rosidl_typesupport_fastrtps_cpp.so" to ""
[5.311s] -- Up-to-date: /home/lee/Capstone/install/turtlebot3_msgs/include/turtlebot3_msgs
[5.311s] -- Up-to-date: /home/lee/Capstone/install/turtlebot3_msgs/include/turtlebot3_msgs/action
[5.311s] -- Up-to-date: /home/lee/Capstone/install/turtlebot3_msgs/include/turtlebot3_msgs/action/detail
[5.311s] -- Installing: /home/lee/Capstone/install/turtlebot3_msgs/include/turtlebot3_msgs/action/detail/patrol__rosidl_typesupport_introspection_c.h
[5.311s] -- Installing: /home/lee/Capstone/install/turtlebot3_msgs/include/turtlebot3_msgs/action/detail/patrol__type_support.c
[5.311s] -- Up-to-date: /home/lee/Capstone/install/turtlebot3_msgs/include/turtlebot3_msgs/srv
[5.311s] -- Up-to-date: /home/lee/Capstone/install/turtlebot3_msgs/include/turtlebot3_msgs/srv/detail
[5.311s] -- Installing: /home/lee/Capstone/install/turtlebot3_msgs/include/turtlebot3_msgs/srv/detail/sound__rosidl_typesupport_introspection_c.h
[5.311s] -- Installing: /home/lee/Capstone/install/turtlebot3_msgs/include/turtlebot3_msgs/srv/detail/dqn__type_support.c
[5.311s] -- Installing: /home/lee/Capstone/install/turtlebot3_msgs/include/turtlebot3_msgs/srv/detail/dqn__rosidl_typesupport_introspection_c.h
[5.312s] -- Installing: /home/lee/Capstone/install/turtlebot3_msgs/include/turtlebot3_msgs/srv/detail/sound__type_support.c
[5.312s] -- Up-to-date: /home/lee/Capstone/install/turtlebot3_msgs/include/turtlebot3_msgs/msg
[5.312s] -- Installing: /home/lee/Capstone/install/turtlebot3_msgs/include/turtlebot3_msgs/msg/rosidl_typesupport_introspection_c__visibility_control.h
[5.312s] -- Up-to-date: /home/lee/Capstone/install/turtlebot3_msgs/include/turtlebot3_msgs/msg/detail
[5.312s] -- Installing: /home/lee/Capstone/install/turtlebot3_msgs/include/turtlebot3_msgs/msg/detail/sound__rosidl_typesupport_introspection_c.h
[5.312s] -- Installing: /home/lee/Capstone/install/turtlebot3_msgs/include/turtlebot3_msgs/msg/detail/version_info__type_support.c
[5.312s] -- Installing: /home/lee/Capstone/install/turtlebot3_msgs/include/turtlebot3_msgs/msg/detail/sensor_state__rosidl_typesupport_introspection_c.h
[5.312s] -- Installing: /home/lee/Capstone/install/turtlebot3_msgs/include/turtlebot3_msgs/msg/detail/version_info__rosidl_typesupport_introspection_c.h
[5.312s] -- Installing: /home/lee/Capstone/install/turtlebot3_msgs/include/turtlebot3_msgs/msg/detail/sensor_state__type_support.c
[5.312s] -- Installing: /home/lee/Capstone/install/turtlebot3_msgs/include/turtlebot3_msgs/msg/detail/sound__type_support.c
[5.312s] -- Installing: /home/lee/Capstone/install/turtlebot3_msgs/lib/libturtlebot3_msgs__rosidl_typesupport_introspection_c.so
[5.312s] -- Set runtime path of "/home/lee/Capstone/install/turtlebot3_msgs/lib/libturtlebot3_msgs__rosidl_typesupport_introspection_c.so" to ""
[5.312s] -- Installing: /home/lee/Capstone/install/turtlebot3_msgs/lib/libturtlebot3_msgs__rosidl_typesupport_c.so
[5.312s] -- Set runtime path of "/home/lee/Capstone/install/turtlebot3_msgs/lib/libturtlebot3_msgs__rosidl_typesupport_c.so" to ""
[5.313s] -- Up-to-date: /home/lee/Capstone/install/turtlebot3_msgs/include/turtlebot3_msgs
[5.313s] -- Up-to-date: /home/lee/Capstone/install/turtlebot3_msgs/include/turtlebot3_msgs/action
[5.313s] -- Installing: /home/lee/Capstone/install/turtlebot3_msgs/include/turtlebot3_msgs/action/patrol.hpp
[5.313s] -- Up-to-date: /home/lee/Capstone/install/turtlebot3_msgs/include/turtlebot3_msgs/action/detail
[5.313s] -- Installing: /home/lee/Capstone/install/turtlebot3_msgs/include/turtlebot3_msgs/action/detail/patrol__builder.hpp
[5.313s] -- Installing: /home/lee/Capstone/install/turtlebot3_msgs/include/turtlebot3_msgs/action/detail/patrol__struct.hpp
[5.313s] -- Installing: /home/lee/Capstone/install/turtlebot3_msgs/include/turtlebot3_msgs/action/detail/patrol__type_support.hpp
[5.313s] -- Installing: /home/lee/Capstone/install/turtlebot3_msgs/include/turtlebot3_msgs/action/detail/patrol__traits.hpp
[5.313s] -- Up-to-date: /home/lee/Capstone/install/turtlebot3_msgs/include/turtlebot3_msgs/srv
[5.313s] -- Up-to-date: /home/lee/Capstone/install/turtlebot3_msgs/include/turtlebot3_msgs/srv/detail
[5.313s] -- Installing: /home/lee/Capstone/install/turtlebot3_msgs/include/turtlebot3_msgs/srv/detail/dqn__traits.hpp
[5.313s] -- Installing: /home/lee/Capstone/install/turtlebot3_msgs/include/turtlebot3_msgs/srv/detail/sound__struct.hpp
[5.313s] -- Installing: /home/lee/Capstone/install/turtlebot3_msgs/include/turtlebot3_msgs/srv/detail/dqn__struct.hpp
[5.313s] -- Installing: /home/lee/Capstone/install/turtlebot3_msgs/include/turtlebot3_msgs/srv/detail/sound__traits.hpp
[5.313s] -- Installing: /home/lee/Capstone/install/turtlebot3_msgs/include/turtlebot3_msgs/srv/detail/sound__builder.hpp
[5.314s] -- Installing: /home/lee/Capstone/install/turtlebot3_msgs/include/turtlebot3_msgs/srv/detail/dqn__builder.hpp
[5.314s] -- Installing: /home/lee/Capstone/install/turtlebot3_msgs/include/turtlebot3_msgs/srv/detail/dqn__type_support.hpp
[5.314s] -- Installing: /home/lee/Capstone/install/turtlebot3_msgs/include/turtlebot3_msgs/srv/detail/sound__type_support.hpp
[5.314s] -- Installing: /home/lee/Capstone/install/turtlebot3_msgs/include/turtlebot3_msgs/srv/dqn.hpp
[5.314s] -- Installing: /home/lee/Capstone/install/turtlebot3_msgs/include/turtlebot3_msgs/srv/sound.hpp
[5.314s] -- Up-to-date: /home/lee/Capstone/install/turtlebot3_msgs/include/turtlebot3_msgs/msg
[5.314s] -- Installing: /home/lee/Capstone/install/turtlebot3_msgs/include/turtlebot3_msgs/msg/version_info.hpp
[5.314s] -- Up-to-date: /home/lee/Capstone/install/turtlebot3_msgs/include/turtlebot3_msgs/msg/detail
[5.314s] -- Installing: /home/lee/Capstone/install/turtlebot3_msgs/include/turtlebot3_msgs/msg/detail/sound__struct.hpp
[5.314s] -- Installing: /home/lee/Capstone/install/turtlebot3_msgs/include/turtlebot3_msgs/msg/detail/version_info__struct.hpp
[5.314s] -- Installing: /home/lee/Capstone/install/turtlebot3_msgs/include/turtlebot3_msgs/msg/detail/sensor_state__type_support.hpp
[5.314s] -- Installing: /home/lee/Capstone/install/turtlebot3_msgs/include/turtlebot3_msgs/msg/detail/version_info__traits.hpp
[5.314s] -- Installing: /home/lee/Capstone/install/turtlebot3_msgs/include/turtlebot3_msgs/msg/detail/sensor_state__builder.hpp
[5.314s] -- Installing: /home/lee/Capstone/install/turtlebot3_msgs/include/turtlebot3_msgs/msg/detail/version_info__type_support.hpp
[5.314s] -- Installing: /home/lee/Capstone/install/turtlebot3_msgs/include/turtlebot3_msgs/msg/detail/sound__traits.hpp
[5.315s] -- Installing: /home/lee/Capstone/install/turtlebot3_msgs/include/turtlebot3_msgs/msg/detail/sound__builder.hpp
[5.315s] -- Installing: /home/lee/Capstone/install/turtlebot3_msgs/include/turtlebot3_msgs/msg/detail/sensor_state__traits.hpp
[5.315s] -- Installing: /home/lee/Capstone/install/turtlebot3_msgs/include/turtlebot3_msgs/msg/detail/sound__type_support.hpp
[5.315s] -- Installing: /home/lee/Capstone/install/turtlebot3_msgs/include/turtlebot3_msgs/msg/detail/version_info__builder.hpp
[5.315s] -- Installing: /home/lee/Capstone/install/turtlebot3_msgs/include/turtlebot3_msgs/msg/detail/sensor_state__struct.hpp
[5.315s] -- Installing: /home/lee/Capstone/install/turtlebot3_msgs/include/turtlebot3_msgs/msg/sound.hpp
[5.315s] -- Installing: /home/lee/Capstone/install/turtlebot3_msgs/include/turtlebot3_msgs/msg/rosidl_generator_cpp__visibility_control.hpp
[5.315s] -- Installing: /home/lee/Capstone/install/turtlebot3_msgs/include/turtlebot3_msgs/msg/sensor_state.hpp
[5.315s] -- Up-to-date: /home/lee/Capstone/install/turtlebot3_msgs/include/turtlebot3_msgs
[5.315s] -- Up-to-date: /home/lee/Capstone/install/turtlebot3_msgs/include/turtlebot3_msgs/action
[5.315s] -- Up-to-date: /home/lee/Capstone/install/turtlebot3_msgs/include/turtlebot3_msgs/action/detail
[5.315s] -- Installing: /home/lee/Capstone/install/turtlebot3_msgs/include/turtlebot3_msgs/action/detail/patrol__type_support.cpp
[5.315s] -- Installing: /home/lee/Capstone/install/turtlebot3_msgs/include/turtlebot3_msgs/action/detail/patrol__rosidl_typesupport_introspection_cpp.hpp
[5.315s] -- Up-to-date: /home/lee/Capstone/install/turtlebot3_msgs/include/turtlebot3_msgs/srv
[5.316s] -- Up-to-date: /home/lee/Capstone/install/turtlebot3_msgs/include/turtlebot3_msgs/srv/detail
[5.316s] -- Installing: /home/lee/Capstone/install/turtlebot3_msgs/include/turtlebot3_msgs/srv/detail/dqn__type_support.cpp
[5.316s] -- Installing: /home/lee/Capstone/install/turtlebot3_msgs/include/turtlebot3_msgs/srv/detail/sound__type_support.cpp
[5.316s] -- Installing: /home/lee/Capstone/install/turtlebot3_msgs/include/turtlebot3_msgs/srv/detail/dqn__rosidl_typesupport_introspection_cpp.hpp
[5.316s] -- Installing: /home/lee/Capstone/install/turtlebot3_msgs/include/turtlebot3_msgs/srv/detail/sound__rosidl_typesupport_introspection_cpp.hpp
[5.316s] -- Up-to-date: /home/lee/Capstone/install/turtlebot3_msgs/include/turtlebot3_msgs/msg
[5.316s] -- Up-to-date: /home/lee/Capstone/install/turtlebot3_msgs/include/turtlebot3_msgs/msg/detail
[5.316s] -- Installing: /home/lee/Capstone/install/turtlebot3_msgs/include/turtlebot3_msgs/msg/detail/sensor_state__type_support.cpp
[5.316s] -- Installing: /home/lee/Capstone/install/turtlebot3_msgs/include/turtlebot3_msgs/msg/detail/sound__type_support.cpp
[5.316s] -- Installing: /home/lee/Capstone/install/turtlebot3_msgs/include/turtlebot3_msgs/msg/detail/version_info__type_support.cpp
[5.316s] -- Installing: /home/lee/Capstone/install/turtlebot3_msgs/include/turtlebot3_msgs/msg/detail/sensor_state__rosidl_typesupport_introspection_cpp.hpp
[5.316s] -- Installing: /home/lee/Capstone/install/turtlebot3_msgs/include/turtlebot3_msgs/msg/detail/sound__rosidl_typesupport_introspection_cpp.hpp
[5.316s] -- Installing: /home/lee/Capstone/install/turtlebot3_msgs/include/turtlebot3_msgs/msg/detail/version_info__rosidl_typesupport_introspection_cpp.hpp
[5.316s] -- Installing: /home/lee/Capstone/install/turtlebot3_msgs/lib/libturtlebot3_msgs__rosidl_typesupport_introspection_cpp.so
[5.317s] -- Set runtime path of "/home/lee/Capstone/install/turtlebot3_msgs/lib/libturtlebot3_msgs__rosidl_typesupport_introspection_cpp.so" to ""
[5.317s] -- Installing: /home/lee/Capstone/install/turtlebot3_msgs/lib/libturtlebot3_msgs__rosidl_typesupport_cpp.so
[5.317s] -- Set runtime path of "/home/lee/Capstone/install/turtlebot3_msgs/lib/libturtlebot3_msgs__rosidl_typesupport_cpp.so" to ""
[5.317s] -- Installing: /home/lee/Capstone/install/turtlebot3_msgs/share/turtlebot3_msgs/environment/pythonpath.sh
[5.317s] -- Installing: /home/lee/Capstone/install/turtlebot3_msgs/share/turtlebot3_msgs/environment/pythonpath.dsv
[5.317s] -- Installing: /home/lee/Capstone/install/turtlebot3_msgs/lib/python3.8/site-packages/turtlebot3_msgs/__init__.py
[5.333s] Compiling '/home/lee/Capstone/install/turtlebot3_msgs/lib/python3.8/site-packages/turtlebot3_msgs/__init__.py'...
[5.336s] -- Installing: /home/lee/Capstone/install/turtlebot3_msgs/lib/python3.8/site-packages/turtlebot3_msgs/msg
[5.337s] -- Installing: /home/lee/Capstone/install/turtlebot3_msgs/lib/python3.8/site-packages/turtlebot3_msgs/msg/_sound_s.c
[5.337s] -- Installing: /home/lee/Capstone/install/turtlebot3_msgs/lib/python3.8/site-packages/turtlebot3_msgs/msg/_sound.py
[5.337s] -- Installing: /home/lee/Capstone/install/turtlebot3_msgs/lib/python3.8/site-packages/turtlebot3_msgs/msg/_version_info_s.c
[5.337s] -- Installing: /home/lee/Capstone/install/turtlebot3_msgs/lib/python3.8/site-packages/turtlebot3_msgs/msg/_sensor_state_s.c
[5.337s] -- Installing: /home/lee/Capstone/install/turtlebot3_msgs/lib/python3.8/site-packages/turtlebot3_msgs/msg/_version_info.py
[5.337s] -- Installing: /home/lee/Capstone/install/turtlebot3_msgs/lib/python3.8/site-packages/turtlebot3_msgs/msg/_sensor_state.py
[5.337s] -- Installing: /home/lee/Capstone/install/turtlebot3_msgs/lib/python3.8/site-packages/turtlebot3_msgs/msg/__init__.py
[5.337s] -- Installing: /home/lee/Capstone/install/turtlebot3_msgs/lib/python3.8/site-packages/turtlebot3_msgs/srv
[5.337s] -- Installing: /home/lee/Capstone/install/turtlebot3_msgs/lib/python3.8/site-packages/turtlebot3_msgs/srv/_sound_s.c
[5.338s] -- Installing: /home/lee/Capstone/install/turtlebot3_msgs/lib/python3.8/site-packages/turtlebot3_msgs/srv/_sound.py
[5.338s] -- Installing: /home/lee/Capstone/install/turtlebot3_msgs/lib/python3.8/site-packages/turtlebot3_msgs/srv/_dqn.py
[5.338s] -- Installing: /home/lee/Capstone/install/turtlebot3_msgs/lib/python3.8/site-packages/turtlebot3_msgs/srv/_dqn_s.c
[5.338s] -- Installing: /home/lee/Capstone/install/turtlebot3_msgs/lib/python3.8/site-packages/turtlebot3_msgs/srv/__init__.py
[5.338s] -- Installing: /home/lee/Capstone/install/turtlebot3_msgs/lib/python3.8/site-packages/turtlebot3_msgs/action
[5.338s] -- Installing: /home/lee/Capstone/install/turtlebot3_msgs/lib/python3.8/site-packages/turtlebot3_msgs/action/_patrol_s.c
[5.338s] -- Installing: /home/lee/Capstone/install/turtlebot3_msgs/lib/python3.8/site-packages/turtlebot3_msgs/action/_patrol.py
[5.338s] -- Installing: /home/lee/Capstone/install/turtlebot3_msgs/lib/python3.8/site-packages/turtlebot3_msgs/action/__init__.py
[5.338s] -- Installing: /home/lee/Capstone/install/turtlebot3_msgs/lib/python3.8/site-packages/turtlebot3_msgs/turtlebot3_msgs_s__rosidl_typesupport_fastrtps_c.cpython-38-x86_64-linux-gnu.so
[5.338s] -- Set runtime path of "/home/lee/Capstone/install/turtlebot3_msgs/lib/python3.8/site-packages/turtlebot3_msgs/turtlebot3_msgs_s__rosidl_typesupport_fastrtps_c.cpython-38-x86_64-linux-gnu.so" to ""
[5.339s] -- Installing: /home/lee/Capstone/install/turtlebot3_msgs/lib/python3.8/site-packages/turtlebot3_msgs/turtlebot3_msgs_s__rosidl_typesupport_introspection_c.cpython-38-x86_64-linux-gnu.so
[5.339s] -- Set runtime path of "/home/lee/Capstone/install/turtlebot3_msgs/lib/python3.8/site-packages/turtlebot3_msgs/turtlebot3_msgs_s__rosidl_typesupport_introspection_c.cpython-38-x86_64-linux-gnu.so" to ""
[5.339s] -- Installing: /home/lee/Capstone/install/turtlebot3_msgs/lib/python3.8/site-packages/turtlebot3_msgs/turtlebot3_msgs_s__rosidl_typesupport_c.cpython-38-x86_64-linux-gnu.so
[5.340s] -- Set runtime path of "/home/lee/Capstone/install/turtlebot3_msgs/lib/python3.8/site-packages/turtlebot3_msgs/turtlebot3_msgs_s__rosidl_typesupport_c.cpython-38-x86_64-linux-gnu.so" to ""
[5.340s] -- Installing: /home/lee/Capstone/install/turtlebot3_msgs/lib/libturtlebot3_msgs__python.so
[5.340s] -- Set runtime path of "/home/lee/Capstone/install/turtlebot3_msgs/lib/libturtlebot3_msgs__python.so" to ""
[5.340s] -- Installing: /home/lee/Capstone/install/turtlebot3_msgs/share/turtlebot3_msgs/msg/SensorState.idl
[5.340s] -- Installing: /home/lee/Capstone/install/turtlebot3_msgs/share/turtlebot3_msgs/msg/Sound.idl
[5.340s] -- Installing: /home/lee/Capstone/install/turtlebot3_msgs/share/turtlebot3_msgs/msg/VersionInfo.idl
[5.341s] -- Installing: /home/lee/Capstone/install/turtlebot3_msgs/share/turtlebot3_msgs/srv/Sound.idl
[5.341s] -- Installing: /home/lee/Capstone/install/turtlebot3_msgs/share/turtlebot3_msgs/srv/Dqn.idl
[5.341s] -- Installing: /home/lee/Capstone/install/turtlebot3_msgs/share/turtlebot3_msgs/action/Patrol.idl
[5.341s] -- Installing: /home/lee/Capstone/install/turtlebot3_msgs/share/turtlebot3_msgs/msg/SensorState.msg
[5.341s] -- Installing: /home/lee/Capstone/install/turtlebot3_msgs/share/turtlebot3_msgs/msg/Sound.msg
[5.341s] -- Installing: /home/lee/Capstone/install/turtlebot3_msgs/share/turtlebot3_msgs/msg/VersionInfo.msg
[5.341s] -- Installing: /home/lee/Capstone/install/turtlebot3_msgs/share/turtlebot3_msgs/srv/Sound.srv
[5.341s] -- Installing: /home/lee/Capstone/install/turtlebot3_msgs/share/turtlebot3_msgs/srv/Sound_Request.msg
[5.341s] -- Installing: /home/lee/Capstone/install/turtlebot3_msgs/share/turtlebot3_msgs/srv/Sound_Response.msg
[5.341s] -- Installing: /home/lee/Capstone/install/turtlebot3_msgs/share/turtlebot3_msgs/srv/Dqn.srv
[5.342s] -- Installing: /home/lee/Capstone/install/turtlebot3_msgs/share/turtlebot3_msgs/srv/Dqn_Request.msg
[5.342s] -- Installing: /home/lee/Capstone/install/turtlebot3_msgs/share/turtlebot3_msgs/srv/Dqn_Response.msg
[5.342s] -- Installing: /home/lee/Capstone/install/turtlebot3_msgs/share/turtlebot3_msgs/action/Patrol.action
[5.342s] -- Installing: /home/lee/Capstone/install/turtlebot3_msgs/share/ament_index/resource_index/package_run_dependencies/turtlebot3_msgs
[5.342s] -- Installing: /home/lee/Capstone/install/turtlebot3_msgs/share/ament_index/resource_index/parent_prefix_path/turtlebot3_msgs
[5.342s] -- Installing: /home/lee/Capstone/install/turtlebot3_msgs/share/turtlebot3_msgs/environment/ament_prefix_path.sh
[5.342s] -- Installing: /home/lee/Capstone/install/turtlebot3_msgs/share/turtlebot3_msgs/environment/ament_prefix_path.dsv
[5.342s] -- Installing: /home/lee/Capstone/install/turtlebot3_msgs/share/turtlebot3_msgs/environment/path.sh
[5.343s] -- Installing: /home/lee/Capstone/install/turtlebot3_msgs/share/turtlebot3_msgs/environment/path.dsv
[5.343s] -- Installing: /home/lee/Capstone/install/turtlebot3_msgs/share/turtlebot3_msgs/local_setup.bash
[5.343s] -- Installing: /home/lee/Capstone/install/turtlebot3_msgs/share/turtlebot3_msgs/local_setup.sh
[5.343s] -- Installing: /home/lee/Capstone/install/turtlebot3_msgs/share/turtlebot3_msgs/local_setup.zsh
[5.343s] -- Installing: /home/lee/Capstone/install/turtlebot3_msgs/share/turtlebot3_msgs/local_setup.dsv
[5.343s] -- Installing: /home/lee/Capstone/install/turtlebot3_msgs/share/turtlebot3_msgs/package.dsv
[5.343s] -- Installing: /home/lee/Capstone/install/turtlebot3_msgs/share/ament_index/resource_index/packages/turtlebot3_msgs
[5.344s] -- Installing: /home/lee/Capstone/install/turtlebot3_msgs/share/turtlebot3_msgs/cmake/turtlebot3_msgs__rosidl_generator_cExport.cmake
[5.344s] -- Installing: /home/lee/Capstone/install/turtlebot3_msgs/share/turtlebot3_msgs/cmake/turtlebot3_msgs__rosidl_generator_cExport-noconfig.cmake
[5.344s] -- Installing: /home/lee/Capstone/install/turtlebot3_msgs/share/turtlebot3_msgs/cmake/turtlebot3_msgs__rosidl_typesupport_introspection_cExport.cmake
[5.344s] -- Installing: /home/lee/Capstone/install/turtlebot3_msgs/share/turtlebot3_msgs/cmake/turtlebot3_msgs__rosidl_typesupport_introspection_cExport-noconfig.cmake
[5.344s] -- Installing: /home/lee/Capstone/install/turtlebot3_msgs/share/turtlebot3_msgs/cmake/turtlebot3_msgs__rosidl_typesupport_cExport.cmake
[5.344s] -- Installing: /home/lee/Capstone/install/turtlebot3_msgs/share/turtlebot3_msgs/cmake/turtlebot3_msgs__rosidl_typesupport_cExport-noconfig.cmake
[5.344s] -- Installing: /home/lee/Capstone/install/turtlebot3_msgs/share/turtlebot3_msgs/cmake/turtlebot3_msgs__rosidl_generator_cppExport.cmake
[5.345s] -- Installing: /home/lee/Capstone/install/turtlebot3_msgs/share/turtlebot3_msgs/cmake/turtlebot3_msgs__rosidl_typesupport_introspection_cppExport.cmake
[5.345s] -- Installing: /home/lee/Capstone/install/turtlebot3_msgs/share/turtlebot3_msgs/cmake/turtlebot3_msgs__rosidl_typesupport_introspection_cppExport-noconfig.cmake
[5.345s] -- Installing: /home/lee/Capstone/install/turtlebot3_msgs/share/turtlebot3_msgs/cmake/turtlebot3_msgs__rosidl_typesupport_cppExport.cmake
[5.345s] -- Installing: /home/lee/Capstone/install/turtlebot3_msgs/share/turtlebot3_msgs/cmake/turtlebot3_msgs__rosidl_typesupport_cppExport-noconfig.cmake
[5.345s] -- Installing: /home/lee/Capstone/install/turtlebot3_msgs/share/turtlebot3_msgs/cmake/rosidl_cmake-extras.cmake
[5.345s] -- Installing: /home/lee/Capstone/install/turtlebot3_msgs/share/turtlebot3_msgs/cmake/ament_cmake_export_dependencies-extras.cmake
[5.345s] -- Installing: /home/lee/Capstone/install/turtlebot3_msgs/share/turtlebot3_msgs/cmake/ament_cmake_export_libraries-extras.cmake
[5.345s] -- Installing: /home/lee/Capstone/install/turtlebot3_msgs/share/turtlebot3_msgs/cmake/ament_cmake_export_targets-extras.cmake
[5.346s] -- Installing: /home/lee/Capstone/install/turtlebot3_msgs/share/turtlebot3_msgs/cmake/ament_cmake_export_include_directories-extras.cmake
[5.346s] -- Installing: /home/lee/Capstone/install/turtlebot3_msgs/share/turtlebot3_msgs/cmake/rosidl_cmake_export_typesupport_libraries-extras.cmake
[5.346s] -- Installing: /home/lee/Capstone/install/turtlebot3_msgs/share/turtlebot3_msgs/cmake/rosidl_cmake_export_typesupport_targets-extras.cmake
[5.346s] -- Installing: /home/lee/Capstone/install/turtlebot3_msgs/share/turtlebot3_msgs/cmake/turtlebot3_msgsConfig.cmake
[5.346s] -- Installing: /home/lee/Capstone/install/turtlebot3_msgs/share/turtlebot3_msgs/cmake/turtlebot3_msgsConfig-version.cmake
[5.346s] -- Installing: /home/lee/Capstone/install/turtlebot3_msgs/share/turtlebot3_msgs/package.xml
[5.348s] Invoked command in '/home/lee/Capstone/build/turtlebot3_msgs' returned '0': CMAKE_PREFIX_PATH=${CMAKE_PREFIX_PATH}:/home/lee/turtlebot3_ws/install/turtlebot3_teleop:/home/lee/turtlebot3_ws/install/turtlebot3_example:/home/lee/gcamp_ros2_ws/install/py_topic_pkg:/home/lee/gcamp_ros2_ws/install/py_service_pkg:/home/lee/gcamp_ros2_ws/install/py_first_pkg:/home/lee/gcamp_ros2_ws/install/py_action_pkg:/opt/ros/foxy /usr/bin/cmake --install /home/lee/Capstone/build/turtlebot3_msgs
