/home/lee/Capstone/install/py_topic_pkg/lib/python3.8/site-packages/py_topic_pkg/laser_sub.py
/home/lee/Capstone/install/py_topic_pkg/lib/python3.8/site-packages/py_topic_pkg/endless_cmd_vel_pub.py
/home/lee/Capstone/install/py_topic_pkg/lib/python3.8/site-packages/py_topic_pkg/laser_raw.py
/home/lee/Capstone/install/py_topic_pkg/lib/python3.8/site-packages/py_topic_pkg/parking.py
/home/lee/Capstone/install/py_topic_pkg/lib/python3.8/site-packages/py_topic_pkg/__init__.py
/home/lee/Capstone/install/py_topic_pkg/lib/python3.8/site-packages/py_topic_pkg/cmd_vel_pub.py
/home/lee/Capstone/install/py_topic_pkg/lib/python3.8/site-packages/py_topic_pkg/__pycache__/laser_sub.cpython-38.pyc
/home/lee/Capstone/install/py_topic_pkg/lib/python3.8/site-packages/py_topic_pkg/__pycache__/endless_cmd_vel_pub.cpython-38.pyc
/home/lee/Capstone/install/py_topic_pkg/lib/python3.8/site-packages/py_topic_pkg/__pycache__/laser_raw.cpython-38.pyc
/home/lee/Capstone/install/py_topic_pkg/lib/python3.8/site-packages/py_topic_pkg/__pycache__/parking.cpython-38.pyc
/home/lee/Capstone/install/py_topic_pkg/lib/python3.8/site-packages/py_topic_pkg/__pycache__/__init__.cpython-38.pyc
/home/lee/Capstone/install/py_topic_pkg/lib/python3.8/site-packages/py_topic_pkg/__pycache__/cmd_vel_pub.cpython-38.pyc
/home/lee/Capstone/install/py_topic_pkg/share/ament_index/resource_index/packages/py_topic_pkg
/home/lee/Capstone/install/py_topic_pkg/share/py_topic_pkg/package.xml
/home/lee/Capstone/install/py_topic_pkg/share/py_topic_pkg/launch/cmd_vel_pub.launch.py
/home/lee/Capstone/install/py_topic_pkg/lib/python3.8/site-packages/py_topic_pkg-0.0.0-py3.8.egg-info/SOURCES.txt
/home/lee/Capstone/install/py_topic_pkg/lib/python3.8/site-packages/py_topic_pkg-0.0.0-py3.8.egg-info/requires.txt
/home/lee/Capstone/install/py_topic_pkg/lib/python3.8/site-packages/py_topic_pkg-0.0.0-py3.8.egg-info/dependency_links.txt
/home/lee/Capstone/install/py_topic_pkg/lib/python3.8/site-packages/py_topic_pkg-0.0.0-py3.8.egg-info/PKG-INFO
/home/lee/Capstone/install/py_topic_pkg/lib/python3.8/site-packages/py_topic_pkg-0.0.0-py3.8.egg-info/entry_points.txt
/home/lee/Capstone/install/py_topic_pkg/lib/python3.8/site-packages/py_topic_pkg-0.0.0-py3.8.egg-info/zip-safe
/home/lee/Capstone/install/py_topic_pkg/lib/python3.8/site-packages/py_topic_pkg-0.0.0-py3.8.egg-info/top_level.txt
/home/lee/Capstone/install/py_topic_pkg/lib/py_topic_pkg/cmd_vel_pub_node
/home/lee/Capstone/install/py_topic_pkg/lib/py_topic_pkg/endless_cmd_vel_pub_node
/home/lee/Capstone/install/py_topic_pkg/lib/py_topic_pkg/laser_raw_node
/home/lee/Capstone/install/py_topic_pkg/lib/py_topic_pkg/laser_sub_node
/home/lee/Capstone/install/py_topic_pkg/lib/py_topic_pkg/parking_node
