[0.539s] Invoking command in '/home/lee/Capstone/src/turtlebot3/turtlebot3_example': AMENT_PREFIX_PATH=/home/lee/Capstone/install/turtlebot3_msgs:${AMENT_PREFIX_PATH} CMAKE_PREFIX_PATH=/home/lee/Capstone/install/turtlebot3_msgs:${CMAKE_PREFIX_PATH} LD_LIBRARY_PATH=/home/lee/Capstone/install/turtlebot3_msgs/lib:${LD_LIBRARY_PATH} PYTHONPATH=/home/lee/Capstone/build/turtlebot3_example/prefix_override:/home/lee/Capstone/install/turtlebot3_example/lib/python3.8/site-packages:/home/lee/Capstone/install/turtlebot3_msgs/lib/python3.8/site-packages:${PYTHONPATH} /usr/bin/python3 -W ignore:setup.py install is deprecated setup.py egg_info --egg-base ../../../build/turtlebot3_example build --build-base /home/lee/Capstone/build/turtlebot3_example/build install --record /home/lee/Capstone/build/turtlebot3_example/install.log --single-version-externally-managed install_data
[0.662s] running egg_info
[0.663s] writing ../../../build/turtlebot3_example/turtlebot3_example.egg-info/PKG-INFO
[0.663s] writing dependency_links to ../../../build/turtlebot3_example/turtlebot3_example.egg-info/dependency_links.txt
[0.663s] writing entry points to ../../../build/turtlebot3_example/turtlebot3_example.egg-info/entry_points.txt
[0.663s] writing requirements to ../../../build/turtlebot3_example/turtlebot3_example.egg-info/requires.txt
[0.663s] writing top-level names to ../../../build/turtlebot3_example/turtlebot3_example.egg-info/top_level.txt
[0.680s] reading manifest file '../../../build/turtlebot3_example/turtlebot3_example.egg-info/SOURCES.txt'
[0.681s] writing manifest file '../../../build/turtlebot3_example/turtlebot3_example.egg-info/SOURCES.txt'
[0.681s] running build
[0.681s] running build_py
[0.683s] running install
[0.683s] running install_lib
[0.683s] running install_data
[0.683s] running install_egg_info
[0.684s] removing '/home/lee/Capstone/install/turtlebot3_example/lib/python3.8/site-packages/turtlebot3_example-2.1.4-py3.8.egg-info' (and everything under it)
[0.684s] Copying ../../../build/turtlebot3_example/turtlebot3_example.egg-info to /home/lee/Capstone/install/turtlebot3_example/lib/python3.8/site-packages/turtlebot3_example-2.1.4-py3.8.egg-info
[0.685s] running install_scripts
[0.696s] Installing turtlebot3_obstacle_detection script to /home/lee/Capstone/install/turtlebot3_example/lib/turtlebot3_example
[0.696s] Installing turtlebot3_patrol_client script to /home/lee/Capstone/install/turtlebot3_example/lib/turtlebot3_example
[0.696s] Installing turtlebot3_patrol_server script to /home/lee/Capstone/install/turtlebot3_example/lib/turtlebot3_example
[0.696s] Installing turtlebot3_position_control script to /home/lee/Capstone/install/turtlebot3_example/lib/turtlebot3_example
[0.696s] writing list of installed files to '/home/lee/Capstone/build/turtlebot3_example/install.log'
[0.708s] Invoked command in '/home/lee/Capstone/src/turtlebot3/turtlebot3_example' returned '0': AMENT_PREFIX_PATH=/home/lee/Capstone/install/turtlebot3_msgs:${AMENT_PREFIX_PATH} CMAKE_PREFIX_PATH=/home/lee/Capstone/install/turtlebot3_msgs:${CMAKE_PREFIX_PATH} LD_LIBRARY_PATH=/home/lee/Capstone/install/turtlebot3_msgs/lib:${LD_LIBRARY_PATH} PYTHONPATH=/home/lee/Capstone/build/turtlebot3_example/prefix_override:/home/lee/Capstone/install/turtlebot3_example/lib/python3.8/site-packages:/home/lee/Capstone/install/turtlebot3_msgs/lib/python3.8/site-packages:${PYTHONPATH} /usr/bin/python3 -W ignore:setup.py install is deprecated setup.py egg_info --egg-base ../../../build/turtlebot3_example build --build-base /home/lee/Capstone/build/turtlebot3_example/build install --record /home/lee/Capstone/build/turtlebot3_example/install.log --single-version-externally-managed install_data
