[0.012s] Invoking command in '/home/lee/Capstone/src/build/turtlebot3_gazebo': AMENT_PREFIX_PATH=/home/lee/Capstone/src/install/turtlebot3_description:${AMENT_PREFIX_PATH} CMAKE_PREFIX_PATH=/home/lee/Capstone/src/install/turtlebot3_description:/home/lee/turtlebot3_ws/install/turtlebot3:/home/lee/turtlebot3_ws/install/turtlebot3_simulations:/home/lee/turtlebot3_ws/install/turtlebot3_bringup:/home/lee/turtlebot3_ws/install/turtlebot3_node:/home/lee/turtlebot3_ws/install/turtlebot3_navigation2:/home/lee/turtlebot3_ws/install/turtlebot3_fake_node:/home/lee/turtlebot3_ws/install/turtlebot3_msgs:/home/lee/turtlebot3_ws/install/turtlebot3_gazebo:/home/lee/turtlebot3_ws/install/turtlebot3_description:/home/lee/turtlebot3_ws/install/turtlebot3_cartographer:/home/lee/gcamp_ros2_ws/install/gcamp_gazebo:/home/lee/gcamp_ros2_ws/install/cpp_service_pkg:/home/lee/gcamp_ros2_ws/install/cpp_action_pkg:/home/lee/gcamp_ros2_ws/install/custom_interfaces:/home/lee/gcamp_ros2_ws/install/cpp_topic_pkg:/home/lee/gcamp_ros2_ws/install/cpp_service_tutorial:/home/lee/gcamp_ros2_ws/install/cpp_param_pkg:/home/lee/gcamp_ros2_ws/install/cpp_first_pkg:/home/lee/turtlebot3_ws/install/turtlebot3_teleop:/home/lee/turtlebot3_ws/install/turtlebot3_example:/home/lee/gcamp_ros2_ws/install/py_topic_pkg:/home/lee/gcamp_ros2_ws/install/py_service_pkg:/home/lee/gcamp_ros2_ws/install/py_first_pkg:/home/lee/gcamp_ros2_ws/install/py_action_pkg:/opt/ros/foxy /usr/bin/cmake /home/lee/Capstone/src/turtlebot3_simulations/turtlebot3_gazebo -DCMAKE_INSTALL_PREFIX=/home/lee/Capstone/src/install/turtlebot3_gazebo
[0.060s] -- The C compiler identification is GNU 9.4.0
[0.107s] -- The CXX compiler identification is GNU 9.4.0
[0.112s] -- Check for working C compiler: /usr/bin/cc
[0.177s] -- Check for working C compiler: /usr/bin/cc -- works
[0.178s] -- Detecting C compiler ABI info
[0.227s] -- Detecting C compiler ABI info - done
[0.239s] -- Detecting C compile features
[0.239s] -- Detecting C compile features - done
[0.241s] -- Check for working CXX compiler: /usr/bin/c++
[0.306s] -- Check for working CXX compiler: /usr/bin/c++ -- works
[0.307s] -- Detecting CXX compiler ABI info
[0.370s] -- Detecting CXX compiler ABI info - done
[0.382s] -- Detecting CXX compile features
[0.383s] -- Detecting CXX compile features - done
[0.387s] -- Found ament_cmake: 0.9.12 (/opt/ros/foxy/share/ament_cmake/cmake)
[0.412s] -- Found PythonInterp: /usr/bin/python3 (found suitable version "3.8.10", minimum required is "3") 
[0.412s] -- Using PYTHON_EXECUTABLE: /usr/bin/python3
[0.563s] -- Found PkgConfig: /usr/bin/pkg-config (found version "0.29.1") 
[0.566s] -- Checking for module 'bullet>=2.82'
[0.582s] --   Found bullet, version 2.88
[0.674s] -- Found ccd: /usr/include (found suitable version "2.0", minimum required is "2.0") 
[0.724s] -- Found fcl: /usr/include (found suitable version "0.5.0", minimum required is "0.3.2") 
[0.776s] -- Found assimp: /usr/include (found version "5.0.0") 
[0.801s] -- Found DART: /usr/include (Required is at least version "6.6") found components: dart 
[1.817s] -- Found Boost: /usr/lib/x86_64-linux-gnu/cmake/Boost-1.71.0/BoostConfig.cmake (found suitable version "1.71.0", minimum required is "1.40.0") found components: thread system filesystem program_options regex iostreams date_time 
[1.868s] -- Found Protobuf: /usr/lib/x86_64-linux-gnu/libprotobuf.so;-lpthread (found version "3.6.1") 
[1.877s] -- Looking for ignition-math6 -- found version 6.15.1
[1.890s] -- Searching for dependencies of ignition-math6
[1.898s] -- Looking for OGRE...
[1.898s] -- OGRE_PREFIX_WATCH changed.
[1.915s] -- Checking for module 'OGRE'
[2.011s] --   Found OGRE, version 1.9.0
[2.235s] -- Found Ogre Ghadamon (1.9.0)
[2.266s] -- Found OGRE: optimized;/usr/lib/x86_64-linux-gnu/libOgreMain.so;debug;/usr/lib/x86_64-linux-gnu/libOgreMain.so
[2.295s] -- Looking for OGRE_Paging...
[2.316s] -- Found OGRE_Paging: optimized;/usr/lib/x86_64-linux-gnu/libOgrePaging.so;debug;/usr/lib/x86_64-linux-gnu/libOgrePaging.so
[2.317s] -- Looking for OGRE_Terrain...
[2.343s] -- Found OGRE_Terrain: optimized;/usr/lib/x86_64-linux-gnu/libOgreTerrain.so;debug;/usr/lib/x86_64-linux-gnu/libOgreTerrain.so
[2.343s] -- Looking for OGRE_Property...
[2.371s] -- Found OGRE_Property: optimized;/usr/lib/x86_64-linux-gnu/libOgreProperty.so;debug;/usr/lib/x86_64-linux-gnu/libOgreProperty.so
[2.371s] -- Looking for OGRE_RTShaderSystem...
[2.385s] -- Found OGRE_RTShaderSystem: optimized;/usr/lib/x86_64-linux-gnu/libOgreRTShaderSystem.so;debug;/usr/lib/x86_64-linux-gnu/libOgreRTShaderSystem.so
[2.385s] -- Looking for OGRE_Volume...
[2.398s] -- Found OGRE_Volume: optimized;/usr/lib/x86_64-linux-gnu/libOgreVolume.so;debug;/usr/lib/x86_64-linux-gnu/libOgreVolume.so
[2.398s] -- Looking for OGRE_Overlay...
[2.414s] -- Found OGRE_Overlay: optimized;/usr/lib/x86_64-linux-gnu/libOgreOverlay.so;debug;/usr/lib/x86_64-linux-gnu/libOgreOverlay.so
[2.831s] -- Looking for ignition-math6 -- found version 6.15.1
[2.835s] -- Looking for ignition-transport8 -- found version 8.5.0
[2.835s] -- Searching for dependencies of ignition-transport8
[2.913s] -- Config-file not installed for ZeroMQ -- checking for pkg-config
[2.935s] -- Checking for module 'libzmq >= 4'
[3.038s] --   Found libzmq , version 4.3.2
[3.422s] -- Found ZeroMQ: TRUE (Required is at least version "4") 
[3.456s] -- Checking for module 'uuid'
[3.575s] --   Found uuid, version 2.34.0
[4.029s] -- Found UUID: TRUE  
[4.033s] -- Looking for ignition-msgs5 -- found version 5.11.0
[4.034s] -- Searching for dependencies of ignition-msgs5
[4.099s] -- Found Protobuf: /usr/lib/x86_64-linux-gnu/libprotobuf.so;-lpthread (found suitable version "3.6.1", minimum required is "3") 
[4.100s] -- Looking for ignition-math6 -- found version 6.15.1
[4.120s] -- Checking for module 'tinyxml2'
[4.180s] --   Found tinyxml2, version 6.2.0
[4.518s] -- Looking for ignition-msgs5 -- found version 5.11.0
[4.522s] -- Looking for ignition-common3 -- found version 3.17.0
[4.522s] -- Searching for dependencies of ignition-common3
[4.523s] -- Looking for dlfcn.h - found
[4.530s] -- Looking for libdl - found
[4.543s] -- Found DL: TRUE  
[4.563s] -- Searching for <ignition-common3> component [graphics]
[4.582s] -- Looking for ignition-common3-graphics -- found version 3.17.0
[4.583s] -- Searching for dependencies of ignition-common3-graphics
[4.583s] -- Looking for ignition-math6 -- found version 6.15.1
[4.588s] -- Looking for ignition-fuel_tools4 -- found version 4.9.1
[4.588s] -- Searching for dependencies of ignition-fuel_tools4
[4.929s] -- Found CURL: /usr/lib/x86_64-linux-gnu/libcurl.so (found version "7.68.0")  
[4.941s] -- Checking for module 'jsoncpp'
[4.966s] --   Found jsoncpp, version 1.7.4
[5.030s] -- Found JSONCPP: TRUE  
[5.040s] -- Checking for module 'libzip'
[5.054s] --   Found libzip, version 1.5.1
[5.104s] -- Found ZIP: TRUE  
[5.104s] -- Looking for ignition-common3 -- found version 3.17.0
[5.104s] -- Looking for ignition-math6 -- found version 6.15.1
[5.104s] -- Looking for ignition-msgs5 -- found version 5.11.0
[5.108s] -- Found gazebo_ros_pkgs: 3.5.3 (/opt/ros/foxy/share/gazebo_ros_pkgs/cmake)
[5.110s] -- Found geometry_msgs: 2.0.5 (/opt/ros/foxy/share/geometry_msgs/cmake)
[5.141s] -- Using all available rosidl_typesupport_c: rosidl_typesupport_fastrtps_c;rosidl_typesupport_introspection_c
[5.150s] -- Found rosidl_adapter: 1.3.1 (/opt/ros/foxy/share/rosidl_adapter/cmake)
[5.263s] -- Found OpenSSL: /usr/lib/x86_64-linux-gnu/libcrypto.so (found version "1.1.1f")  
[5.293s] -- Found FastRTPS: /opt/ros/foxy/include  
[5.391s] -- Using all available rosidl_typesupport_cpp: rosidl_typesupport_fastrtps_cpp;rosidl_typesupport_introspection_cpp
[5.496s] -- Found nav_msgs: 2.0.5 (/opt/ros/foxy/share/nav_msgs/cmake)
[5.586s] -- Found rclcpp: 2.4.3 (/opt/ros/foxy/share/rclcpp/cmake)
[5.651s] -- Found rmw_implementation_cmake: 1.0.4 (/opt/ros/foxy/share/rmw_implementation_cmake/cmake)
[5.654s] -- Using RMW implementation 'rmw_fastrtps_cpp' as default
[5.656s] -- Found Threads: TRUE  
[5.839s] -- Found sensor_msgs: 2.0.5 (/opt/ros/foxy/share/sensor_msgs/cmake)
[5.929s] -- Found tf2: 0.13.14 (/opt/ros/foxy/share/tf2/cmake)
[6.029s] -- Configuring done
[6.099s] -- Generating done
[6.114s] -- Build files have been written to: /home/lee/Capstone/src/build/turtlebot3_gazebo
[6.136s] Invoked command in '/home/lee/Capstone/src/build/turtlebot3_gazebo' returned '0': AMENT_PREFIX_PATH=/home/lee/Capstone/src/install/turtlebot3_description:${AMENT_PREFIX_PATH} CMAKE_PREFIX_PATH=/home/lee/Capstone/src/install/turtlebot3_description:/home/lee/turtlebot3_ws/install/turtlebot3:/home/lee/turtlebot3_ws/install/turtlebot3_simulations:/home/lee/turtlebot3_ws/install/turtlebot3_bringup:/home/lee/turtlebot3_ws/install/turtlebot3_node:/home/lee/turtlebot3_ws/install/turtlebot3_navigation2:/home/lee/turtlebot3_ws/install/turtlebot3_fake_node:/home/lee/turtlebot3_ws/install/turtlebot3_msgs:/home/lee/turtlebot3_ws/install/turtlebot3_gazebo:/home/lee/turtlebot3_ws/install/turtlebot3_description:/home/lee/turtlebot3_ws/install/turtlebot3_cartographer:/home/lee/gcamp_ros2_ws/install/gcamp_gazebo:/home/lee/gcamp_ros2_ws/install/cpp_service_pkg:/home/lee/gcamp_ros2_ws/install/cpp_action_pkg:/home/lee/gcamp_ros2_ws/install/custom_interfaces:/home/lee/gcamp_ros2_ws/install/cpp_topic_pkg:/home/lee/gcamp_ros2_ws/install/cpp_service_tutorial:/home/lee/gcamp_ros2_ws/install/cpp_param_pkg:/home/lee/gcamp_ros2_ws/install/cpp_first_pkg:/home/lee/turtlebot3_ws/install/turtlebot3_teleop:/home/lee/turtlebot3_ws/install/turtlebot3_example:/home/lee/gcamp_ros2_ws/install/py_topic_pkg:/home/lee/gcamp_ros2_ws/install/py_service_pkg:/home/lee/gcamp_ros2_ws/install/py_first_pkg:/home/lee/gcamp_ros2_ws/install/py_action_pkg:/opt/ros/foxy /usr/bin/cmake /home/lee/Capstone/src/turtlebot3_simulations/turtlebot3_gazebo -DCMAKE_INSTALL_PREFIX=/home/lee/Capstone/src/install/turtlebot3_gazebo
[6.137s] Invoking command in '/home/lee/Capstone/src/build/turtlebot3_gazebo': AMENT_PREFIX_PATH=/home/lee/Capstone/src/install/turtlebot3_description:${AMENT_PREFIX_PATH} CMAKE_PREFIX_PATH=/home/lee/Capstone/src/install/turtlebot3_description:/home/lee/turtlebot3_ws/install/turtlebot3:/home/lee/turtlebot3_ws/install/turtlebot3_simulations:/home/lee/turtlebot3_ws/install/turtlebot3_bringup:/home/lee/turtlebot3_ws/install/turtlebot3_node:/home/lee/turtlebot3_ws/install/turtlebot3_navigation2:/home/lee/turtlebot3_ws/install/turtlebot3_fake_node:/home/lee/turtlebot3_ws/install/turtlebot3_msgs:/home/lee/turtlebot3_ws/install/turtlebot3_gazebo:/home/lee/turtlebot3_ws/install/turtlebot3_description:/home/lee/turtlebot3_ws/install/turtlebot3_cartographer:/home/lee/gcamp_ros2_ws/install/gcamp_gazebo:/home/lee/gcamp_ros2_ws/install/cpp_service_pkg:/home/lee/gcamp_ros2_ws/install/cpp_action_pkg:/home/lee/gcamp_ros2_ws/install/custom_interfaces:/home/lee/gcamp_ros2_ws/install/cpp_topic_pkg:/home/lee/gcamp_ros2_ws/install/cpp_service_tutorial:/home/lee/gcamp_ros2_ws/install/cpp_param_pkg:/home/lee/gcamp_ros2_ws/install/cpp_first_pkg:/home/lee/turtlebot3_ws/install/turtlebot3_teleop:/home/lee/turtlebot3_ws/install/turtlebot3_example:/home/lee/gcamp_ros2_ws/install/py_topic_pkg:/home/lee/gcamp_ros2_ws/install/py_service_pkg:/home/lee/gcamp_ros2_ws/install/py_first_pkg:/home/lee/gcamp_ros2_ws/install/py_action_pkg:/opt/ros/foxy /usr/bin/cmake --build /home/lee/Capstone/src/build/turtlebot3_gazebo -- -j16 -l16
[6.183s] [35m[1mScanning dependencies of target obstacles[0m
[6.183s] [35m[1mScanning dependencies of target turtlebot3_drive[0m
[6.186s] [35m[1mScanning dependencies of target obstacle2[0m
[6.186s] [35m[1mScanning dependencies of target obstacle1[0m
[6.233s] [ 12%] [32mBuilding CXX object CMakeFiles/turtlebot3_drive.dir/src/turtlebot3_drive.cpp.o[0m
[6.274s] [ 25%] [32mBuilding CXX object CMakeFiles/obstacles.dir/models/turtlebot3_dqn_world/obstacle_plugin/obstacles.cc.o[0m
[6.279s] [ 37%] [32mBuilding CXX object CMakeFiles/obstacle2.dir/models/turtlebot3_dqn_world/obstacle_plugin/obstacle2.cc.o[0m
[6.282s] [ 50%] [32mBuilding CXX object CMakeFiles/obstacle1.dir/models/turtlebot3_dqn_world/obstacle_plugin/obstacle1.cc.o[0m
[12.933s] [ 62%] [32m[1mLinking CXX executable turtlebot3_drive[0m
[13.975s] [ 62%] Built target turtlebot3_drive
[15.382s] [ 75%] [32m[1mLinking CXX shared library libobstacle1.so[0m
[15.448s] [ 87%] [32m[1mLinking CXX shared library libobstacle2.so[0m
[15.684s] [ 87%] Built target obstacle2
[15.744s] [ 87%] Built target obstacle1
[15.886s] [100%] [32m[1mLinking CXX shared library libobstacles.so[0m
[16.047s] [100%] Built target obstacles
[16.060s] Invoked command in '/home/lee/Capstone/src/build/turtlebot3_gazebo' returned '0': AMENT_PREFIX_PATH=/home/lee/Capstone/src/install/turtlebot3_description:${AMENT_PREFIX_PATH} CMAKE_PREFIX_PATH=/home/lee/Capstone/src/install/turtlebot3_description:/home/lee/turtlebot3_ws/install/turtlebot3:/home/lee/turtlebot3_ws/install/turtlebot3_simulations:/home/lee/turtlebot3_ws/install/turtlebot3_bringup:/home/lee/turtlebot3_ws/install/turtlebot3_node:/home/lee/turtlebot3_ws/install/turtlebot3_navigation2:/home/lee/turtlebot3_ws/install/turtlebot3_fake_node:/home/lee/turtlebot3_ws/install/turtlebot3_msgs:/home/lee/turtlebot3_ws/install/turtlebot3_gazebo:/home/lee/turtlebot3_ws/install/turtlebot3_description:/home/lee/turtlebot3_ws/install/turtlebot3_cartographer:/home/lee/gcamp_ros2_ws/install/gcamp_gazebo:/home/lee/gcamp_ros2_ws/install/cpp_service_pkg:/home/lee/gcamp_ros2_ws/install/cpp_action_pkg:/home/lee/gcamp_ros2_ws/install/custom_interfaces:/home/lee/gcamp_ros2_ws/install/cpp_topic_pkg:/home/lee/gcamp_ros2_ws/install/cpp_service_tutorial:/home/lee/gcamp_ros2_ws/install/cpp_param_pkg:/home/lee/gcamp_ros2_ws/install/cpp_first_pkg:/home/lee/turtlebot3_ws/install/turtlebot3_teleop:/home/lee/turtlebot3_ws/install/turtlebot3_example:/home/lee/gcamp_ros2_ws/install/py_topic_pkg:/home/lee/gcamp_ros2_ws/install/py_service_pkg:/home/lee/gcamp_ros2_ws/install/py_first_pkg:/home/lee/gcamp_ros2_ws/install/py_action_pkg:/opt/ros/foxy /usr/bin/cmake --build /home/lee/Capstone/src/build/turtlebot3_gazebo -- -j16 -l16
[16.078s] Invoking command in '/home/lee/Capstone/src/build/turtlebot3_gazebo': AMENT_PREFIX_PATH=/home/lee/Capstone/src/install/turtlebot3_description:${AMENT_PREFIX_PATH} CMAKE_PREFIX_PATH=/home/lee/Capstone/src/install/turtlebot3_description:/home/lee/turtlebot3_ws/install/turtlebot3:/home/lee/turtlebot3_ws/install/turtlebot3_simulations:/home/lee/turtlebot3_ws/install/turtlebot3_bringup:/home/lee/turtlebot3_ws/install/turtlebot3_node:/home/lee/turtlebot3_ws/install/turtlebot3_navigation2:/home/lee/turtlebot3_ws/install/turtlebot3_fake_node:/home/lee/turtlebot3_ws/install/turtlebot3_msgs:/home/lee/turtlebot3_ws/install/turtlebot3_gazebo:/home/lee/turtlebot3_ws/install/turtlebot3_description:/home/lee/turtlebot3_ws/install/turtlebot3_cartographer:/home/lee/gcamp_ros2_ws/install/gcamp_gazebo:/home/lee/gcamp_ros2_ws/install/cpp_service_pkg:/home/lee/gcamp_ros2_ws/install/cpp_action_pkg:/home/lee/gcamp_ros2_ws/install/custom_interfaces:/home/lee/gcamp_ros2_ws/install/cpp_topic_pkg:/home/lee/gcamp_ros2_ws/install/cpp_service_tutorial:/home/lee/gcamp_ros2_ws/install/cpp_param_pkg:/home/lee/gcamp_ros2_ws/install/cpp_first_pkg:/home/lee/turtlebot3_ws/install/turtlebot3_teleop:/home/lee/turtlebot3_ws/install/turtlebot3_example:/home/lee/gcamp_ros2_ws/install/py_topic_pkg:/home/lee/gcamp_ros2_ws/install/py_service_pkg:/home/lee/gcamp_ros2_ws/install/py_first_pkg:/home/lee/gcamp_ros2_ws/install/py_action_pkg:/opt/ros/foxy /usr/bin/cmake --install /home/lee/Capstone/src/build/turtlebot3_gazebo
[16.084s] -- Install configuration: ""
[16.084s] -- Installing: /home/lee/Capstone/src/install/turtlebot3_gazebo/lib/turtlebot3_gazebo/turtlebot3_drive
[16.085s] -- Set runtime path of "/home/lee/Capstone/src/install/turtlebot3_gazebo/lib/turtlebot3_gazebo/turtlebot3_drive" to ""
[16.085s] -- Installing: /home/lee/Capstone/src/install/turtlebot3_gazebo/share/turtlebot3_gazebo//launch
[16.085s] -- Installing: /home/lee/Capstone/src/install/turtlebot3_gazebo/share/turtlebot3_gazebo//launch/robot_state_publisher.launch.py
[16.085s] -- Installing: /home/lee/Capstone/src/install/turtlebot3_gazebo/share/turtlebot3_gazebo//launch/empty_world.launch.py
[16.085s] -- Installing: /home/lee/Capstone/src/install/turtlebot3_gazebo/share/turtlebot3_gazebo//launch/turtlebot3_dqn_stage1.launch.py
[16.085s] -- Installing: /home/lee/Capstone/src/install/turtlebot3_gazebo/share/turtlebot3_gazebo//launch/turtlebot3_dqn_stage2.launch.py
[16.085s] -- Installing: /home/lee/Capstone/src/install/turtlebot3_gazebo/share/turtlebot3_gazebo//launch/turtlebot3_world.launch.py
[16.085s] -- Installing: /home/lee/Capstone/src/install/turtlebot3_gazebo/share/turtlebot3_gazebo//launch/turtlebot3_autorace.launch.py
[16.086s] -- Installing: /home/lee/Capstone/src/install/turtlebot3_gazebo/share/turtlebot3_gazebo//launch/turtlebot3_dqn_stage3.launch.py
[16.086s] -- Installing: /home/lee/Capstone/src/install/turtlebot3_gazebo/share/turtlebot3_gazebo//launch/turtlebot3_dqn_stage4.launch.py
[16.086s] -- Installing: /home/lee/Capstone/src/install/turtlebot3_gazebo/share/turtlebot3_gazebo//launch/turtlebot3_house.launch.py
[16.086s] -- Installing: /home/lee/Capstone/src/install/turtlebot3_gazebo/share/turtlebot3_gazebo//models
[16.086s] -- Installing: /home/lee/Capstone/src/install/turtlebot3_gazebo/share/turtlebot3_gazebo//models/turtlebot3_waffle
[16.086s] -- Installing: /home/lee/Capstone/src/install/turtlebot3_gazebo/share/turtlebot3_gazebo//models/turtlebot3_waffle/model.config
[16.086s] -- Installing: /home/lee/Capstone/src/install/turtlebot3_gazebo/share/turtlebot3_gazebo//models/turtlebot3_waffle/meshes
[16.086s] -- Installing: /home/lee/Capstone/src/install/turtlebot3_gazebo/share/turtlebot3_gazebo//models/turtlebot3_waffle/meshes/lds.dae
[16.086s] -- Installing: /home/lee/Capstone/src/install/turtlebot3_gazebo/share/turtlebot3_gazebo//models/turtlebot3_waffle/meshes/waffle_base.dae
[16.086s] -- Installing: /home/lee/Capstone/src/install/turtlebot3_gazebo/share/turtlebot3_gazebo//models/turtlebot3_waffle/meshes/tire.dae
[16.086s] -- Installing: /home/lee/Capstone/src/install/turtlebot3_gazebo/share/turtlebot3_gazebo//models/turtlebot3_waffle/meshes/r200.dae
[16.086s] -- Installing: /home/lee/Capstone/src/install/turtlebot3_gazebo/share/turtlebot3_gazebo//models/turtlebot3_waffle/model.sdf
[16.086s] -- Installing: /home/lee/Capstone/src/install/turtlebot3_gazebo/share/turtlebot3_gazebo//models/turtlebot3_waffle/model-1_4.sdf
[16.086s] -- Installing: /home/lee/Capstone/src/install/turtlebot3_gazebo/share/turtlebot3_gazebo//models/turtlebot3_house
[16.086s] -- Installing: /home/lee/Capstone/src/install/turtlebot3_gazebo/share/turtlebot3_gazebo//models/turtlebot3_house/model.config
[16.086s] -- Installing: /home/lee/Capstone/src/install/turtlebot3_gazebo/share/turtlebot3_gazebo//models/turtlebot3_house/model.sdf
[16.086s] -- Installing: /home/lee/Capstone/src/install/turtlebot3_gazebo/share/turtlebot3_gazebo//models/turtlebot3_burger
[16.086s] -- Installing: /home/lee/Capstone/src/install/turtlebot3_gazebo/share/turtlebot3_gazebo//models/turtlebot3_burger/model.config
[16.086s] -- Installing: /home/lee/Capstone/src/install/turtlebot3_gazebo/share/turtlebot3_gazebo//models/turtlebot3_burger/meshes
[16.086s] -- Installing: /home/lee/Capstone/src/install/turtlebot3_gazebo/share/turtlebot3_gazebo//models/turtlebot3_burger/meshes/lds.dae
[16.086s] -- Installing: /home/lee/Capstone/src/install/turtlebot3_gazebo/share/turtlebot3_gazebo//models/turtlebot3_burger/meshes/tire.dae
[16.086s] -- Installing: /home/lee/Capstone/src/install/turtlebot3_gazebo/share/turtlebot3_gazebo//models/turtlebot3_burger/meshes/burger_base.dae
[16.086s] -- Installing: /home/lee/Capstone/src/install/turtlebot3_gazebo/share/turtlebot3_gazebo//models/turtlebot3_burger/model.sdf
[16.086s] -- Installing: /home/lee/Capstone/src/install/turtlebot3_gazebo/share/turtlebot3_gazebo//models/turtlebot3_burger/model-1_4.sdf
[16.086s] -- Installing: /home/lee/Capstone/src/install/turtlebot3_gazebo/share/turtlebot3_gazebo//models/turtlebot3_world
[16.087s] -- Installing: /home/lee/Capstone/src/install/turtlebot3_gazebo/share/turtlebot3_gazebo//models/turtlebot3_world/model.config
[16.087s] -- Installing: /home/lee/Capstone/src/install/turtlebot3_gazebo/share/turtlebot3_gazebo//models/turtlebot3_world/meshes
[16.087s] -- Installing: /home/lee/Capstone/src/install/turtlebot3_gazebo/share/turtlebot3_gazebo//models/turtlebot3_world/meshes/hexagon.dae
[16.087s] -- Installing: /home/lee/Capstone/src/install/turtlebot3_gazebo/share/turtlebot3_gazebo//models/turtlebot3_world/meshes/wall.dae
[16.087s] -- Installing: /home/lee/Capstone/src/install/turtlebot3_gazebo/share/turtlebot3_gazebo//models/turtlebot3_world/model.sdf
[16.087s] -- Installing: /home/lee/Capstone/src/install/turtlebot3_gazebo/share/turtlebot3_gazebo//models/turtlebot3_world/model-1_4.sdf
[16.087s] -- Installing: /home/lee/Capstone/src/install/turtlebot3_gazebo/share/turtlebot3_gazebo//models/turtlebot3_waffle_pi
[16.087s] -- Installing: /home/lee/Capstone/src/install/turtlebot3_gazebo/share/turtlebot3_gazebo//models/turtlebot3_waffle_pi/model.config
[16.087s] -- Installing: /home/lee/Capstone/src/install/turtlebot3_gazebo/share/turtlebot3_gazebo//models/turtlebot3_waffle_pi/meshes
[16.087s] -- Installing: /home/lee/Capstone/src/install/turtlebot3_gazebo/share/turtlebot3_gazebo//models/turtlebot3_waffle_pi/meshes/waffle_pi_base.dae
[16.087s] -- Installing: /home/lee/Capstone/src/install/turtlebot3_gazebo/share/turtlebot3_gazebo//models/turtlebot3_waffle_pi/meshes/lds.dae
[16.087s] -- Installing: /home/lee/Capstone/src/install/turtlebot3_gazebo/share/turtlebot3_gazebo//models/turtlebot3_waffle_pi/meshes/tire.dae
[16.087s] -- Installing: /home/lee/Capstone/src/install/turtlebot3_gazebo/share/turtlebot3_gazebo//models/turtlebot3_waffle_pi/model.sdf
[16.087s] -- Installing: /home/lee/Capstone/src/install/turtlebot3_gazebo/share/turtlebot3_gazebo//models/turtlebot3_waffle_pi/model-1_4_.sdf
[16.087s] -- Installing: /home/lee/Capstone/src/install/turtlebot3_gazebo/share/turtlebot3_gazebo//models/turtlebot3_dqn_world
[16.087s] -- Installing: /home/lee/Capstone/src/install/turtlebot3_gazebo/share/turtlebot3_gazebo//models/turtlebot3_dqn_world/inner_walls
[16.087s] -- Installing: /home/lee/Capstone/src/install/turtlebot3_gazebo/share/turtlebot3_gazebo//models/turtlebot3_dqn_world/inner_walls/model.config
[16.087s] -- Installing: /home/lee/Capstone/src/install/turtlebot3_gazebo/share/turtlebot3_gazebo//models/turtlebot3_dqn_world/inner_walls/model.sdf
[16.087s] -- Installing: /home/lee/Capstone/src/install/turtlebot3_gazebo/share/turtlebot3_gazebo//models/turtlebot3_dqn_world/model.config
[16.087s] -- Installing: /home/lee/Capstone/src/install/turtlebot3_gazebo/share/turtlebot3_gazebo//models/turtlebot3_dqn_world/obstacle2
[16.087s] -- Installing: /home/lee/Capstone/src/install/turtlebot3_gazebo/share/turtlebot3_gazebo//models/turtlebot3_dqn_world/obstacle2/model.config
[16.087s] -- Installing: /home/lee/Capstone/src/install/turtlebot3_gazebo/share/turtlebot3_gazebo//models/turtlebot3_dqn_world/obstacle2/model.sdf
[16.087s] -- Installing: /home/lee/Capstone/src/install/turtlebot3_gazebo/share/turtlebot3_gazebo//models/turtlebot3_dqn_world/goal_box
[16.087s] -- Installing: /home/lee/Capstone/src/install/turtlebot3_gazebo/share/turtlebot3_gazebo//models/turtlebot3_dqn_world/goal_box/model.config
[16.087s] -- Installing: /home/lee/Capstone/src/install/turtlebot3_gazebo/share/turtlebot3_gazebo//models/turtlebot3_dqn_world/goal_box/model.sdf
[16.088s] -- Installing: /home/lee/Capstone/src/install/turtlebot3_gazebo/share/turtlebot3_gazebo//models/turtlebot3_dqn_world/model.sdf
[16.088s] -- Installing: /home/lee/Capstone/src/install/turtlebot3_gazebo/share/turtlebot3_gazebo//models/turtlebot3_dqn_world/obstacle1
[16.088s] -- Installing: /home/lee/Capstone/src/install/turtlebot3_gazebo/share/turtlebot3_gazebo//models/turtlebot3_dqn_world/obstacle1/model.config
[16.088s] -- Installing: /home/lee/Capstone/src/install/turtlebot3_gazebo/share/turtlebot3_gazebo//models/turtlebot3_dqn_world/obstacle1/model.sdf
[16.088s] -- Installing: /home/lee/Capstone/src/install/turtlebot3_gazebo/share/turtlebot3_gazebo//models/turtlebot3_dqn_world/obstacle_plugin
[16.088s] -- Installing: /home/lee/Capstone/src/install/turtlebot3_gazebo/share/turtlebot3_gazebo//models/turtlebot3_dqn_world/obstacle_plugin/CMakeLists.txt
[16.088s] -- Installing: /home/lee/Capstone/src/install/turtlebot3_gazebo/share/turtlebot3_gazebo//models/turtlebot3_dqn_world/obstacle_plugin/obstacle1.cc
[16.088s] -- Installing: /home/lee/Capstone/src/install/turtlebot3_gazebo/share/turtlebot3_gazebo//models/turtlebot3_dqn_world/obstacle_plugin/obstacles.cc
[16.088s] -- Installing: /home/lee/Capstone/src/install/turtlebot3_gazebo/share/turtlebot3_gazebo//models/turtlebot3_dqn_world/obstacle_plugin/obstacle2.cc
[16.088s] -- Installing: /home/lee/Capstone/src/install/turtlebot3_gazebo/share/turtlebot3_gazebo//models/turtlebot3_dqn_world/obstacles
[16.088s] -- Installing: /home/lee/Capstone/src/install/turtlebot3_gazebo/share/turtlebot3_gazebo//models/turtlebot3_dqn_world/obstacles/model.config
[16.088s] -- Installing: /home/lee/Capstone/src/install/turtlebot3_gazebo/share/turtlebot3_gazebo//models/turtlebot3_dqn_world/obstacles/model.sdf
[16.088s] -- Installing: /home/lee/Capstone/src/install/turtlebot3_gazebo/share/turtlebot3_gazebo//models/turtlebot3_autorace
[16.088s] -- Installing: /home/lee/Capstone/src/install/turtlebot3_gazebo/share/turtlebot3_gazebo//models/turtlebot3_autorace/traffic_bar_up
[16.088s] -- Installing: /home/lee/Capstone/src/install/turtlebot3_gazebo/share/turtlebot3_gazebo//models/turtlebot3_autorace/traffic_bar_up/model.config
[16.088s] -- Installing: /home/lee/Capstone/src/install/turtlebot3_gazebo/share/turtlebot3_gazebo//models/turtlebot3_autorace/traffic_bar_up/model.sdf
[16.088s] -- Installing: /home/lee/Capstone/src/install/turtlebot3_gazebo/share/turtlebot3_gazebo//models/turtlebot3_autorace/traffic_bar_up/materials
[16.088s] -- Installing: /home/lee/Capstone/src/install/turtlebot3_gazebo/share/turtlebot3_gazebo//models/turtlebot3_autorace/traffic_bar_up/materials/textures
[16.088s] -- Installing: /home/lee/Capstone/src/install/turtlebot3_gazebo/share/turtlebot3_gazebo//models/turtlebot3_autorace/traffic_bar_up/materials/textures/traffic_bar.png
[16.088s] -- Installing: /home/lee/Capstone/src/install/turtlebot3_gazebo/share/turtlebot3_gazebo//models/turtlebot3_autorace/traffic_bar_up/materials/scripts
[16.088s] -- Installing: /home/lee/Capstone/src/install/turtlebot3_gazebo/share/turtlebot3_gazebo//models/turtlebot3_autorace/traffic_bar_up/materials/scripts/traffic_bar.material
[16.088s] -- Installing: /home/lee/Capstone/src/install/turtlebot3_gazebo/share/turtlebot3_gazebo//models/turtlebot3_autorace/model.config
[16.088s] -- Installing: /home/lee/Capstone/src/install/turtlebot3_gazebo/share/turtlebot3_gazebo//models/turtlebot3_autorace/ground
[16.088s] -- Installing: /home/lee/Capstone/src/install/turtlebot3_gazebo/share/turtlebot3_gazebo//models/turtlebot3_autorace/ground/model.config
[16.088s] -- Installing: /home/lee/Capstone/src/install/turtlebot3_gazebo/share/turtlebot3_gazebo//models/turtlebot3_autorace/ground/model.sdf
[16.088s] -- Installing: /home/lee/Capstone/src/install/turtlebot3_gazebo/share/turtlebot3_gazebo//models/turtlebot3_autorace/traffic_tunnel
[16.088s] -- Installing: /home/lee/Capstone/src/install/turtlebot3_gazebo/share/turtlebot3_gazebo//models/turtlebot3_autorace/traffic_tunnel/model.config
[16.088s] -- Installing: /home/lee/Capstone/src/install/turtlebot3_gazebo/share/turtlebot3_gazebo//models/turtlebot3_autorace/traffic_tunnel/model.sdf
[16.088s] -- Installing: /home/lee/Capstone/src/install/turtlebot3_gazebo/share/turtlebot3_gazebo//models/turtlebot3_autorace/traffic_tunnel/materials
[16.088s] -- Installing: /home/lee/Capstone/src/install/turtlebot3_gazebo/share/turtlebot3_gazebo//models/turtlebot3_autorace/traffic_tunnel/materials/textures
[16.089s] -- Installing: /home/lee/Capstone/src/install/turtlebot3_gazebo/share/turtlebot3_gazebo//models/turtlebot3_autorace/traffic_tunnel/materials/textures/tunnel.png
[16.089s] -- Installing: /home/lee/Capstone/src/install/turtlebot3_gazebo/share/turtlebot3_gazebo//models/turtlebot3_autorace/traffic_tunnel/materials/scripts
[16.089s] -- Installing: /home/lee/Capstone/src/install/turtlebot3_gazebo/share/turtlebot3_gazebo//models/turtlebot3_autorace/traffic_tunnel/materials/scripts/tunnel.material
[16.089s] -- Installing: /home/lee/Capstone/src/install/turtlebot3_gazebo/share/turtlebot3_gazebo//models/turtlebot3_autorace/traffic_stop
[16.089s] -- Installing: /home/lee/Capstone/src/install/turtlebot3_gazebo/share/turtlebot3_gazebo//models/turtlebot3_autorace/traffic_stop/model.config
[16.089s] -- Installing: /home/lee/Capstone/src/install/turtlebot3_gazebo/share/turtlebot3_gazebo//models/turtlebot3_autorace/traffic_stop/model.sdf
[16.089s] -- Installing: /home/lee/Capstone/src/install/turtlebot3_gazebo/share/turtlebot3_gazebo//models/turtlebot3_autorace/traffic_stop/materials
[16.089s] -- Installing: /home/lee/Capstone/src/install/turtlebot3_gazebo/share/turtlebot3_gazebo//models/turtlebot3_autorace/traffic_stop/materials/textures
[16.089s] -- Installing: /home/lee/Capstone/src/install/turtlebot3_gazebo/share/turtlebot3_gazebo//models/turtlebot3_autorace/traffic_stop/materials/textures/traffic_stop.png
[16.089s] -- Installing: /home/lee/Capstone/src/install/turtlebot3_gazebo/share/turtlebot3_gazebo//models/turtlebot3_autorace/traffic_stop/materials/scripts
[16.089s] -- Installing: /home/lee/Capstone/src/install/turtlebot3_gazebo/share/turtlebot3_gazebo//models/turtlebot3_autorace/traffic_stop/materials/scripts/traffic_stop.material
[16.089s] -- Installing: /home/lee/Capstone/src/install/turtlebot3_gazebo/share/turtlebot3_gazebo//models/turtlebot3_autorace/traffic_parking
[16.089s] -- Installing: /home/lee/Capstone/src/install/turtlebot3_gazebo/share/turtlebot3_gazebo//models/turtlebot3_autorace/traffic_parking/model.config
[16.089s] -- Installing: /home/lee/Capstone/src/install/turtlebot3_gazebo/share/turtlebot3_gazebo//models/turtlebot3_autorace/traffic_parking/model.sdf
[16.089s] -- Installing: /home/lee/Capstone/src/install/turtlebot3_gazebo/share/turtlebot3_gazebo//models/turtlebot3_autorace/traffic_parking/materials
[16.089s] -- Installing: /home/lee/Capstone/src/install/turtlebot3_gazebo/share/turtlebot3_gazebo//models/turtlebot3_autorace/traffic_parking/materials/textures
[16.089s] -- Installing: /home/lee/Capstone/src/install/turtlebot3_gazebo/share/turtlebot3_gazebo//models/turtlebot3_autorace/traffic_parking/materials/textures/traffic_parking.png
[16.089s] -- Installing: /home/lee/Capstone/src/install/turtlebot3_gazebo/share/turtlebot3_gazebo//models/turtlebot3_autorace/traffic_parking/materials/scripts
[16.089s] -- Installing: /home/lee/Capstone/src/install/turtlebot3_gazebo/share/turtlebot3_gazebo//models/turtlebot3_autorace/traffic_parking/materials/scripts/traffic_parking.material
[16.089s] -- Installing: /home/lee/Capstone/src/install/turtlebot3_gazebo/share/turtlebot3_gazebo//models/turtlebot3_autorace/course
[16.089s] -- Installing: /home/lee/Capstone/src/install/turtlebot3_gazebo/share/turtlebot3_gazebo//models/turtlebot3_autorace/course/model.config
[16.089s] -- Installing: /home/lee/Capstone/src/install/turtlebot3_gazebo/share/turtlebot3_gazebo//models/turtlebot3_autorace/course/model.sdf
[16.089s] -- Installing: /home/lee/Capstone/src/install/turtlebot3_gazebo/share/turtlebot3_gazebo//models/turtlebot3_autorace/course/materials
[16.089s] -- Installing: /home/lee/Capstone/src/install/turtlebot3_gazebo/share/turtlebot3_gazebo//models/turtlebot3_autorace/course/materials/textures
[16.089s] -- Installing: /home/lee/Capstone/src/install/turtlebot3_gazebo/share/turtlebot3_gazebo//models/turtlebot3_autorace/course/materials/textures/course.png
[16.089s] -- Installing: /home/lee/Capstone/src/install/turtlebot3_gazebo/share/turtlebot3_gazebo//models/turtlebot3_autorace/course/materials/scripts
[16.089s] -- Installing: /home/lee/Capstone/src/install/turtlebot3_gazebo/share/turtlebot3_gazebo//models/turtlebot3_autorace/course/materials/scripts/course.material
[16.089s] -- Installing: /home/lee/Capstone/src/install/turtlebot3_gazebo/share/turtlebot3_gazebo//models/turtlebot3_autorace/traffic_light_green
[16.089s] -- Installing: /home/lee/Capstone/src/install/turtlebot3_gazebo/share/turtlebot3_gazebo//models/turtlebot3_autorace/traffic_light_green/model.config
[16.090s] -- Installing: /home/lee/Capstone/src/install/turtlebot3_gazebo/share/turtlebot3_gazebo//models/turtlebot3_autorace/traffic_light_green/model.sdf
[16.090s] -- Installing: /home/lee/Capstone/src/install/turtlebot3_gazebo/share/turtlebot3_gazebo//models/turtlebot3_autorace/tunnel_wall
[16.090s] -- Installing: /home/lee/Capstone/src/install/turtlebot3_gazebo/share/turtlebot3_gazebo//models/turtlebot3_autorace/tunnel_wall/model.config
[16.090s] -- Installing: /home/lee/Capstone/src/install/turtlebot3_gazebo/share/turtlebot3_gazebo//models/turtlebot3_autorace/tunnel_wall/model.sdf
[16.090s] -- Installing: /home/lee/Capstone/src/install/turtlebot3_gazebo/share/turtlebot3_gazebo//models/turtlebot3_autorace/tunnel_obstacles
[16.090s] -- Installing: /home/lee/Capstone/src/install/turtlebot3_gazebo/share/turtlebot3_gazebo//models/turtlebot3_autorace/tunnel_obstacles/model.config
[16.090s] -- Installing: /home/lee/Capstone/src/install/turtlebot3_gazebo/share/turtlebot3_gazebo//models/turtlebot3_autorace/tunnel_obstacles/model.sdf
[16.090s] -- Installing: /home/lee/Capstone/src/install/turtlebot3_gazebo/share/turtlebot3_gazebo//models/turtlebot3_autorace/traffic_light_yellow
[16.090s] -- Installing: /home/lee/Capstone/src/install/turtlebot3_gazebo/share/turtlebot3_gazebo//models/turtlebot3_autorace/traffic_light_yellow/model.config
[16.090s] -- Installing: /home/lee/Capstone/src/install/turtlebot3_gazebo/share/turtlebot3_gazebo//models/turtlebot3_autorace/traffic_light_yellow/model.sdf
[16.090s] -- Installing: /home/lee/Capstone/src/install/turtlebot3_gazebo/share/turtlebot3_gazebo//models/turtlebot3_autorace/traffic_light_red
[16.090s] -- Installing: /home/lee/Capstone/src/install/turtlebot3_gazebo/share/turtlebot3_gazebo//models/turtlebot3_autorace/traffic_light_red/model.config
[16.090s] -- Installing: /home/lee/Capstone/src/install/turtlebot3_gazebo/share/turtlebot3_gazebo//models/turtlebot3_autorace/traffic_light_red/model.sdf
[16.090s] -- Installing: /home/lee/Capstone/src/install/turtlebot3_gazebo/share/turtlebot3_gazebo//models/turtlebot3_autorace/lights
[16.090s] -- Installing: /home/lee/Capstone/src/install/turtlebot3_gazebo/share/turtlebot3_gazebo//models/turtlebot3_autorace/lights/model.config
[16.090s] -- Installing: /home/lee/Capstone/src/install/turtlebot3_gazebo/share/turtlebot3_gazebo//models/turtlebot3_autorace/lights/model.sdf
[16.090s] -- Installing: /home/lee/Capstone/src/install/turtlebot3_gazebo/share/turtlebot3_gazebo//models/turtlebot3_autorace/traffic_bar_down
[16.090s] -- Installing: /home/lee/Capstone/src/install/turtlebot3_gazebo/share/turtlebot3_gazebo//models/turtlebot3_autorace/traffic_bar_down/model.config
[16.090s] -- Installing: /home/lee/Capstone/src/install/turtlebot3_gazebo/share/turtlebot3_gazebo//models/turtlebot3_autorace/traffic_bar_down/model.sdf
[16.090s] -- Installing: /home/lee/Capstone/src/install/turtlebot3_gazebo/share/turtlebot3_gazebo//models/turtlebot3_autorace/traffic_bar_down/materials
[16.090s] -- Installing: /home/lee/Capstone/src/install/turtlebot3_gazebo/share/turtlebot3_gazebo//models/turtlebot3_autorace/traffic_bar_down/materials/textures
[16.090s] -- Installing: /home/lee/Capstone/src/install/turtlebot3_gazebo/share/turtlebot3_gazebo//models/turtlebot3_autorace/traffic_bar_down/materials/textures/traffic_bar.png
[16.090s] -- Installing: /home/lee/Capstone/src/install/turtlebot3_gazebo/share/turtlebot3_gazebo//models/turtlebot3_autorace/traffic_bar_down/materials/scripts
[16.090s] -- Installing: /home/lee/Capstone/src/install/turtlebot3_gazebo/share/turtlebot3_gazebo//models/turtlebot3_autorace/traffic_bar_down/materials/scripts/traffic_bar.material
[16.090s] -- Installing: /home/lee/Capstone/src/install/turtlebot3_gazebo/share/turtlebot3_gazebo//rviz
[16.090s] -- Installing: /home/lee/Capstone/src/install/turtlebot3_gazebo/share/turtlebot3_gazebo//rviz/tb3_gazebo.rviz
[16.090s] -- Installing: /home/lee/Capstone/src/install/turtlebot3_gazebo/share/turtlebot3_gazebo//worlds
[16.090s] -- Installing: /home/lee/Capstone/src/install/turtlebot3_gazebo/share/turtlebot3_gazebo//worlds/empty_worlds
[16.090s] -- Installing: /home/lee/Capstone/src/install/turtlebot3_gazebo/share/turtlebot3_gazebo//worlds/empty_worlds/waffle.model
[16.090s] -- Installing: /home/lee/Capstone/src/install/turtlebot3_gazebo/share/turtlebot3_gazebo//worlds/empty_worlds/waffle_pi.model
[16.090s] -- Installing: /home/lee/Capstone/src/install/turtlebot3_gazebo/share/turtlebot3_gazebo//worlds/empty_worlds/burger.model
[16.091s] -- Installing: /home/lee/Capstone/src/install/turtlebot3_gazebo/share/turtlebot3_gazebo//worlds/turtlebot3_autoraces
[16.091s] -- Installing: /home/lee/Capstone/src/install/turtlebot3_gazebo/share/turtlebot3_gazebo//worlds/turtlebot3_autoraces/waffle.model
[16.091s] -- Installing: /home/lee/Capstone/src/install/turtlebot3_gazebo/share/turtlebot3_gazebo//worlds/turtlebot3_autoraces/waffle_pi.model
[16.091s] -- Installing: /home/lee/Capstone/src/install/turtlebot3_gazebo/share/turtlebot3_gazebo//worlds/turtlebot3_autoraces/burger.model
[16.091s] -- Installing: /home/lee/Capstone/src/install/turtlebot3_gazebo/share/turtlebot3_gazebo//worlds/turtlebot3_worlds
[16.091s] -- Installing: /home/lee/Capstone/src/install/turtlebot3_gazebo/share/turtlebot3_gazebo//worlds/turtlebot3_worlds/waffle.model
[16.091s] -- Installing: /home/lee/Capstone/src/install/turtlebot3_gazebo/share/turtlebot3_gazebo//worlds/turtlebot3_worlds/waffle_pi.model
[16.091s] -- Installing: /home/lee/Capstone/src/install/turtlebot3_gazebo/share/turtlebot3_gazebo//worlds/turtlebot3_worlds/burger.model
[16.091s] -- Installing: /home/lee/Capstone/src/install/turtlebot3_gazebo/share/turtlebot3_gazebo//worlds/turtlebot3_dqn_stage2
[16.091s] -- Installing: /home/lee/Capstone/src/install/turtlebot3_gazebo/share/turtlebot3_gazebo//worlds/turtlebot3_dqn_stage2/waffle.model
[16.091s] -- Installing: /home/lee/Capstone/src/install/turtlebot3_gazebo/share/turtlebot3_gazebo//worlds/turtlebot3_dqn_stage2/waffle_pi.model
[16.091s] -- Installing: /home/lee/Capstone/src/install/turtlebot3_gazebo/share/turtlebot3_gazebo//worlds/turtlebot3_dqn_stage2/burger.model
[16.091s] -- Installing: /home/lee/Capstone/src/install/turtlebot3_gazebo/share/turtlebot3_gazebo//worlds/turtlebot3_dqn_stage3
[16.091s] -- Installing: /home/lee/Capstone/src/install/turtlebot3_gazebo/share/turtlebot3_gazebo//worlds/turtlebot3_dqn_stage3/waffle.model
[16.091s] -- Installing: /home/lee/Capstone/src/install/turtlebot3_gazebo/share/turtlebot3_gazebo//worlds/turtlebot3_dqn_stage3/waffle_pi.model
[16.091s] -- Installing: /home/lee/Capstone/src/install/turtlebot3_gazebo/share/turtlebot3_gazebo//worlds/turtlebot3_dqn_stage3/burger.model
[16.091s] -- Installing: /home/lee/Capstone/src/install/turtlebot3_gazebo/share/turtlebot3_gazebo//worlds/turtlebot3_dqn_stage1
[16.091s] -- Installing: /home/lee/Capstone/src/install/turtlebot3_gazebo/share/turtlebot3_gazebo//worlds/turtlebot3_dqn_stage1/waffle.model
[16.091s] -- Installing: /home/lee/Capstone/src/install/turtlebot3_gazebo/share/turtlebot3_gazebo//worlds/turtlebot3_dqn_stage1/waffle_pi.model
[16.091s] -- Installing: /home/lee/Capstone/src/install/turtlebot3_gazebo/share/turtlebot3_gazebo//worlds/turtlebot3_dqn_stage1/burger.model
[16.091s] -- Installing: /home/lee/Capstone/src/install/turtlebot3_gazebo/share/turtlebot3_gazebo//worlds/turtlebot3_houses
[16.091s] -- Installing: /home/lee/Capstone/src/install/turtlebot3_gazebo/share/turtlebot3_gazebo//worlds/turtlebot3_houses/waffle.model
[16.091s] -- Installing: /home/lee/Capstone/src/install/turtlebot3_gazebo/share/turtlebot3_gazebo//worlds/turtlebot3_houses/waffle_pi.model
[16.091s] -- Installing: /home/lee/Capstone/src/install/turtlebot3_gazebo/share/turtlebot3_gazebo//worlds/turtlebot3_houses/burger.model
[16.091s] -- Installing: /home/lee/Capstone/src/install/turtlebot3_gazebo/share/turtlebot3_gazebo//worlds/turtlebot3_dqn_stage4
[16.091s] -- Installing: /home/lee/Capstone/src/install/turtlebot3_gazebo/share/turtlebot3_gazebo//worlds/turtlebot3_dqn_stage4/waffle.model
[16.091s] -- Installing: /home/lee/Capstone/src/install/turtlebot3_gazebo/share/turtlebot3_gazebo//worlds/turtlebot3_dqn_stage4/waffle_pi.model
[16.092s] -- Installing: /home/lee/Capstone/src/install/turtlebot3_gazebo/share/turtlebot3_gazebo//worlds/turtlebot3_dqn_stage4/burger.model
[16.092s] -- Installing: /home/lee/Capstone/src/install/turtlebot3_gazebo/include/
[16.092s] -- Installing: /home/lee/Capstone/src/install/turtlebot3_gazebo/include//turtlebot3_gazebo
[16.092s] -- Installing: /home/lee/Capstone/src/install/turtlebot3_gazebo/include//turtlebot3_gazebo/turtlebot3_drive.hpp
[16.092s] -- Installing: /home/lee/Capstone/src/install/turtlebot3_gazebo/share/ament_index/resource_index/package_run_dependencies/turtlebot3_gazebo
[16.092s] -- Installing: /home/lee/Capstone/src/install/turtlebot3_gazebo/share/ament_index/resource_index/parent_prefix_path/turtlebot3_gazebo
[16.092s] -- Installing: /home/lee/Capstone/src/install/turtlebot3_gazebo/share/turtlebot3_gazebo/environment/ament_prefix_path.sh
[16.092s] -- Installing: /home/lee/Capstone/src/install/turtlebot3_gazebo/share/turtlebot3_gazebo/environment/ament_prefix_path.dsv
[16.092s] -- Installing: /home/lee/Capstone/src/install/turtlebot3_gazebo/share/turtlebot3_gazebo/environment/path.sh
[16.092s] -- Installing: /home/lee/Capstone/src/install/turtlebot3_gazebo/share/turtlebot3_gazebo/environment/path.dsv
[16.092s] -- Installing: /home/lee/Capstone/src/install/turtlebot3_gazebo/share/turtlebot3_gazebo/local_setup.bash
[16.092s] -- Installing: /home/lee/Capstone/src/install/turtlebot3_gazebo/share/turtlebot3_gazebo/local_setup.sh
[16.092s] -- Installing: /home/lee/Capstone/src/install/turtlebot3_gazebo/share/turtlebot3_gazebo/local_setup.zsh
[16.092s] -- Installing: /home/lee/Capstone/src/install/turtlebot3_gazebo/share/turtlebot3_gazebo/local_setup.dsv
[16.092s] -- Installing: /home/lee/Capstone/src/install/turtlebot3_gazebo/share/turtlebot3_gazebo/package.dsv
[16.092s] -- Installing: /home/lee/Capstone/src/install/turtlebot3_gazebo/share/ament_index/resource_index/packages/turtlebot3_gazebo
[16.092s] -- Installing: /home/lee/Capstone/src/install/turtlebot3_gazebo/share/turtlebot3_gazebo/cmake/ament_cmake_export_include_directories-extras.cmake
[16.092s] -- Installing: /home/lee/Capstone/src/install/turtlebot3_gazebo/share/turtlebot3_gazebo/cmake/ament_cmake_export_dependencies-extras.cmake
[16.092s] -- Installing: /home/lee/Capstone/src/install/turtlebot3_gazebo/share/turtlebot3_gazebo/cmake/turtlebot3_gazeboConfig.cmake
[16.092s] -- Installing: /home/lee/Capstone/src/install/turtlebot3_gazebo/share/turtlebot3_gazebo/cmake/turtlebot3_gazeboConfig-version.cmake
[16.092s] -- Installing: /home/lee/Capstone/src/install/turtlebot3_gazebo/share/turtlebot3_gazebo/package.xml
[16.094s] Invoked command in '/home/lee/Capstone/src/build/turtlebot3_gazebo' returned '0': AMENT_PREFIX_PATH=/home/lee/Capstone/src/install/turtlebot3_description:${AMENT_PREFIX_PATH} CMAKE_PREFIX_PATH=/home/lee/Capstone/src/install/turtlebot3_description:/home/lee/turtlebot3_ws/install/turtlebot3:/home/lee/turtlebot3_ws/install/turtlebot3_simulations:/home/lee/turtlebot3_ws/install/turtlebot3_bringup:/home/lee/turtlebot3_ws/install/turtlebot3_node:/home/lee/turtlebot3_ws/install/turtlebot3_navigation2:/home/lee/turtlebot3_ws/install/turtlebot3_fake_node:/home/lee/turtlebot3_ws/install/turtlebot3_msgs:/home/lee/turtlebot3_ws/install/turtlebot3_gazebo:/home/lee/turtlebot3_ws/install/turtlebot3_description:/home/lee/turtlebot3_ws/install/turtlebot3_cartographer:/home/lee/gcamp_ros2_ws/install/gcamp_gazebo:/home/lee/gcamp_ros2_ws/install/cpp_service_pkg:/home/lee/gcamp_ros2_ws/install/cpp_action_pkg:/home/lee/gcamp_ros2_ws/install/custom_interfaces:/home/lee/gcamp_ros2_ws/install/cpp_topic_pkg:/home/lee/gcamp_ros2_ws/install/cpp_service_tutorial:/home/lee/gcamp_ros2_ws/install/cpp_param_pkg:/home/lee/gcamp_ros2_ws/install/cpp_first_pkg:/home/lee/turtlebot3_ws/install/turtlebot3_teleop:/home/lee/turtlebot3_ws/install/turtlebot3_example:/home/lee/gcamp_ros2_ws/install/py_topic_pkg:/home/lee/gcamp_ros2_ws/install/py_service_pkg:/home/lee/gcamp_ros2_ws/install/py_first_pkg:/home/lee/gcamp_ros2_ws/install/py_action_pkg:/opt/ros/foxy /usr/bin/cmake --install /home/lee/Capstone/src/build/turtlebot3_gazebo
