[0.551s] Invoking command in '/home/lee/Capstone/src/gcamp_ros2_basic/py_action_pkg': CMAKE_PREFIX_PATH=/home/lee/Capstone/install/custom_interfaces:/home/lee/Capstone/install/gcamp_gazebo:/home/lee/Capstone/install/cpp_service_pkg:/home/lee/Capstone/install/cpp_action_pkg:/home/lee/Capstone/install/cpp_topic_pkg:/home/lee/Capstone/install/cpp_service_tutorial:/home/lee/Capstone/install/cpp_param_pkg:/home/lee/Capstone/install/cpp_first_pkg:/home/lee/gcamp_ros2_ws/install/cpp_service_pkg:/home/lee/gcamp_ros2_ws/install/cpp_action_pkg:/home/lee/gcamp_ros2_ws/install/custom_interfaces:/home/lee/gcamp_ros2_ws/install/cpp_topic_pkg:/home/lee/gcamp_ros2_ws/install/cpp_service_tutorial:/home/lee/gcamp_ros2_ws/install/cpp_param_pkg:/home/lee/gcamp_ros2_ws/install/cpp_first_pkg:/home/lee/gcamp_ros2_ws/install/gcamp_gazebo PYTHONPATH=/home/lee/Capstone/build/py_action_pkg/prefix_override:/home/lee/Capstone/install/py_action_pkg/lib/python3.8/site-packages:/home/lee/Capstone/install/custom_interfaces/lib/python3.8/site-packages:/home/lee/Capstone/install/py_topic_pkg/lib/python3.8/site-packages:/home/lee/Capstone/install/py_service_pkg/lib/python3.8/site-packages:/home/lee/Capstone/install/py_first_pkg/lib/python3.8/site-packages:/home/lee/Capstone/install/py_action_pkg/lib/python3.8/site-packages:/home/lee/gcamp_ros2_ws/install/py_topic_pkg/lib/python3.8/site-packages:/home/lee/gcamp_ros2_ws/install/py_service_pkg/lib/python3.8/site-packages:/home/lee/gcamp_ros2_ws/install/py_first_pkg/lib/python3.8/site-packages:/home/lee/gcamp_ros2_ws/install/py_action_pkg/lib/python3.8/site-packages:/home/lee/gcamp_ros2_ws/install/custom_interfaces/lib/python3.8/site-packages:/home/lee/Capstone/install/turtlebot3_teleop/lib/python3.8/site-packages:/home/lee/Capstone/install/hand_tracking_pkg/lib/python3.8/site-packages:/home/lee/Capstone/main/install/hand_tracking_pkg/lib/python3.8/site-packages:/opt/ros/foxy/lib/python3.8/site-packages /usr/bin/python3 -W ignore:setup.py install is deprecated setup.py egg_info --egg-base ../../../build/py_action_pkg build --build-base /home/lee/Capstone/build/py_action_pkg/build install --record /home/lee/Capstone/build/py_action_pkg/install.log --install-scripts $base/lib/py_action_pkg --single-version-externally-managed install_data
[0.666s] running egg_info
[0.666s] writing ../../../build/py_action_pkg/py_action_pkg.egg-info/PKG-INFO
[0.666s] writing dependency_links to ../../../build/py_action_pkg/py_action_pkg.egg-info/dependency_links.txt
[0.666s] writing entry points to ../../../build/py_action_pkg/py_action_pkg.egg-info/entry_points.txt
[0.667s] writing requirements to ../../../build/py_action_pkg/py_action_pkg.egg-info/requires.txt
[0.667s] writing top-level names to ../../../build/py_action_pkg/py_action_pkg.egg-info/top_level.txt
[0.684s] reading manifest file '../../../build/py_action_pkg/py_action_pkg.egg-info/SOURCES.txt'
[0.684s] writing manifest file '../../../build/py_action_pkg/py_action_pkg.egg-info/SOURCES.txt'
[0.684s] running build
[0.685s] running build_py
[0.685s] running install
[0.685s] running install_lib
[0.686s] running install_data
[0.687s] running install_egg_info
[0.687s] removing '/home/lee/Capstone/install/py_action_pkg/lib/python3.8/site-packages/py_action_pkg-0.0.0-py3.8.egg-info' (and everything under it)
[0.687s] Copying ../../../build/py_action_pkg/py_action_pkg.egg-info to /home/lee/Capstone/install/py_action_pkg/lib/python3.8/site-packages/py_action_pkg-0.0.0-py3.8.egg-info
[0.687s] running install_scripts
[0.696s] Installing fibonacci_action_client script to /home/lee/Capstone/install/py_action_pkg/lib/py_action_pkg
[0.697s] Installing fibonacci_action_client_cancel script to /home/lee/Capstone/install/py_action_pkg/lib/py_action_pkg
[0.697s] Installing fibonacci_action_server script to /home/lee/Capstone/install/py_action_pkg/lib/py_action_pkg
[0.697s] Installing fibonacci_action_server_cancel script to /home/lee/Capstone/install/py_action_pkg/lib/py_action_pkg
[0.697s] Installing img_subscriber_node script to /home/lee/Capstone/install/py_action_pkg/lib/py_action_pkg
[0.697s] Installing maze_action_client script to /home/lee/Capstone/install/py_action_pkg/lib/py_action_pkg
[0.697s] Installing maze_action_server script to /home/lee/Capstone/install/py_action_pkg/lib/py_action_pkg
[0.697s] Installing odom_sub_node script to /home/lee/Capstone/install/py_action_pkg/lib/py_action_pkg
[0.697s] Installing robot_controller script to /home/lee/Capstone/install/py_action_pkg/lib/py_action_pkg
[0.697s] writing list of installed files to '/home/lee/Capstone/build/py_action_pkg/install.log'
[0.709s] Invoked command in '/home/lee/Capstone/src/gcamp_ros2_basic/py_action_pkg' returned '0': CMAKE_PREFIX_PATH=/home/lee/Capstone/install/custom_interfaces:/home/lee/Capstone/install/gcamp_gazebo:/home/lee/Capstone/install/cpp_service_pkg:/home/lee/Capstone/install/cpp_action_pkg:/home/lee/Capstone/install/cpp_topic_pkg:/home/lee/Capstone/install/cpp_service_tutorial:/home/lee/Capstone/install/cpp_param_pkg:/home/lee/Capstone/install/cpp_first_pkg:/home/lee/gcamp_ros2_ws/install/cpp_service_pkg:/home/lee/gcamp_ros2_ws/install/cpp_action_pkg:/home/lee/gcamp_ros2_ws/install/custom_interfaces:/home/lee/gcamp_ros2_ws/install/cpp_topic_pkg:/home/lee/gcamp_ros2_ws/install/cpp_service_tutorial:/home/lee/gcamp_ros2_ws/install/cpp_param_pkg:/home/lee/gcamp_ros2_ws/install/cpp_first_pkg:/home/lee/gcamp_ros2_ws/install/gcamp_gazebo PYTHONPATH=/home/lee/Capstone/build/py_action_pkg/prefix_override:/home/lee/Capstone/install/py_action_pkg/lib/python3.8/site-packages:/home/lee/Capstone/install/custom_interfaces/lib/python3.8/site-packages:/home/lee/Capstone/install/py_topic_pkg/lib/python3.8/site-packages:/home/lee/Capstone/install/py_service_pkg/lib/python3.8/site-packages:/home/lee/Capstone/install/py_first_pkg/lib/python3.8/site-packages:/home/lee/Capstone/install/py_action_pkg/lib/python3.8/site-packages:/home/lee/gcamp_ros2_ws/install/py_topic_pkg/lib/python3.8/site-packages:/home/lee/gcamp_ros2_ws/install/py_service_pkg/lib/python3.8/site-packages:/home/lee/gcamp_ros2_ws/install/py_first_pkg/lib/python3.8/site-packages:/home/lee/gcamp_ros2_ws/install/py_action_pkg/lib/python3.8/site-packages:/home/lee/gcamp_ros2_ws/install/custom_interfaces/lib/python3.8/site-packages:/home/lee/Capstone/install/turtlebot3_teleop/lib/python3.8/site-packages:/home/lee/Capstone/install/hand_tracking_pkg/lib/python3.8/site-packages:/home/lee/Capstone/main/install/hand_tracking_pkg/lib/python3.8/site-packages:/opt/ros/foxy/lib/python3.8/site-packages /usr/bin/python3 -W ignore:setup.py install is deprecated setup.py egg_info --egg-base ../../../build/py_action_pkg build --build-base /home/lee/Capstone/build/py_action_pkg/build install --record /home/lee/Capstone/build/py_action_pkg/install.log --install-scripts $base/lib/py_action_pkg --single-version-externally-managed install_data
