[1.044s] Invoking command in '/home/lee/Capstone/src/teleop_simulation_pkg': PYTHONPATH=/home/lee/Capstone/build/teleop_simulation_pkg/prefix_override:/home/lee/Capstone/install/teleop_simulation_pkg/lib/python3.8/site-packages:${PYTHONPATH} /usr/bin/python3 -W ignore:setup.py install is deprecated setup.py egg_info --egg-base ../../build/teleop_simulation_pkg build --build-base /home/lee/Capstone/build/teleop_simulation_pkg/build install --record /home/lee/Capstone/build/teleop_simulation_pkg/install.log --install-scripts $base/lib/teleop_simulation_pkg --single-version-externally-managed install_data
[1.209s] running egg_info
[1.209s] writing ../../build/teleop_simulation_pkg/teleop_simulation_pkg.egg-info/PKG-INFO
[1.209s] writing dependency_links to ../../build/teleop_simulation_pkg/teleop_simulation_pkg.egg-info/dependency_links.txt
[1.210s] writing entry points to ../../build/teleop_simulation_pkg/teleop_simulation_pkg.egg-info/entry_points.txt
[1.210s] writing requirements to ../../build/teleop_simulation_pkg/teleop_simulation_pkg.egg-info/requires.txt
[1.210s] writing top-level names to ../../build/teleop_simulation_pkg/teleop_simulation_pkg.egg-info/top_level.txt
[1.230s] reading manifest file '../../build/teleop_simulation_pkg/teleop_simulation_pkg.egg-info/SOURCES.txt'
[1.231s] writing manifest file '../../build/teleop_simulation_pkg/teleop_simulation_pkg.egg-info/SOURCES.txt'
[1.231s] running build
[1.231s] running build_py
[1.231s] running install
[1.231s] running install_lib
[1.232s] running install_data
[1.232s] running install_egg_info
[1.233s] removing '/home/lee/Capstone/install/teleop_simulation_pkg/lib/python3.8/site-packages/teleop_simulation_pkg-0.0.0-py3.8.egg-info' (and everything under it)
[1.234s] Copying ../../build/teleop_simulation_pkg/teleop_simulation_pkg.egg-info to /home/lee/Capstone/install/teleop_simulation_pkg/lib/python3.8/site-packages/teleop_simulation_pkg-0.0.0-py3.8.egg-info
[1.234s] running install_scripts
[1.245s] Installing hand_tracking_node2 script to /home/lee/Capstone/install/teleop_simulation_pkg/lib/teleop_simulation_pkg
[1.245s] Installing img_subscriber script to /home/lee/Capstone/install/teleop_simulation_pkg/lib/teleop_simulation_pkg
[1.245s] Installing turtlebot3_teleop_key script to /home/lee/Capstone/install/teleop_simulation_pkg/lib/teleop_simulation_pkg
[1.245s] writing list of installed files to '/home/lee/Capstone/build/teleop_simulation_pkg/install.log'
[1.320s] Invoked command in '/home/lee/Capstone/src/teleop_simulation_pkg' returned '0': PYTHONPATH=/home/lee/Capstone/build/teleop_simulation_pkg/prefix_override:/home/lee/Capstone/install/teleop_simulation_pkg/lib/python3.8/site-packages:${PYTHONPATH} /usr/bin/python3 -W ignore:setup.py install is deprecated setup.py egg_info --egg-base ../../build/teleop_simulation_pkg build --build-base /home/lee/Capstone/build/teleop_simulation_pkg/build install --record /home/lee/Capstone/build/teleop_simulation_pkg/install.log --install-scripts $base/lib/teleop_simulation_pkg --single-version-externally-managed install_data
