[0.069s] Invoking command in '/home/lee/Capstone/build/turtlebot3_navigation2': CMAKE_PREFIX_PATH=${CMAKE_PREFIX_PATH}:/home/lee/Capstone/install/turtlebot3_teleop:/home/lee/Capstone/install/turtlebot3_example:/home/lee/Capstone/install/teleop_simulation_pkg:/home/lee/Capstone/install/py_topic_pkg:/home/lee/Capstone/install/py_service_pkg:/home/lee/Capstone/install/py_first_pkg:/home/lee/Capstone/install/py_action_pkg:/home/lee/Capstone/install/hand_tracking_pkg:/home/lee/turtlebot3_ws/install/turtlebot3_teleop:/home/lee/turtlebot3_ws/install/turtlebot3_example:/home/lee/gcamp_ros2_ws/install/py_topic_pkg:/home/lee/gcamp_ros2_ws/install/py_service_pkg:/home/lee/gcamp_ros2_ws/install/py_first_pkg:/home/lee/gcamp_ros2_ws/install/py_action_pkg:/opt/ros/foxy /usr/bin/cmake --build /home/lee/Capstone/build/turtlebot3_navigation2 -- -j16 -l16
[0.800s] Invoked command in '/home/lee/Capstone/build/turtlebot3_navigation2' returned '0': CMAKE_PREFIX_PATH=${CMAKE_PREFIX_PATH}:/home/lee/Capstone/install/turtlebot3_teleop:/home/lee/Capstone/install/turtlebot3_example:/home/lee/Capstone/install/teleop_simulation_pkg:/home/lee/Capstone/install/py_topic_pkg:/home/lee/Capstone/install/py_service_pkg:/home/lee/Capstone/install/py_first_pkg:/home/lee/Capstone/install/py_action_pkg:/home/lee/Capstone/install/hand_tracking_pkg:/home/lee/turtlebot3_ws/install/turtlebot3_teleop:/home/lee/turtlebot3_ws/install/turtlebot3_example:/home/lee/gcamp_ros2_ws/install/py_topic_pkg:/home/lee/gcamp_ros2_ws/install/py_service_pkg:/home/lee/gcamp_ros2_ws/install/py_first_pkg:/home/lee/gcamp_ros2_ws/install/py_action_pkg:/opt/ros/foxy /usr/bin/cmake --build /home/lee/Capstone/build/turtlebot3_navigation2 -- -j16 -l16
[0.848s] Invoking command in '/home/lee/Capstone/build/turtlebot3_navigation2': CMAKE_PREFIX_PATH=${CMAKE_PREFIX_PATH}:/home/lee/Capstone/install/turtlebot3_teleop:/home/lee/Capstone/install/turtlebot3_example:/home/lee/Capstone/install/teleop_simulation_pkg:/home/lee/Capstone/install/py_topic_pkg:/home/lee/Capstone/install/py_service_pkg:/home/lee/Capstone/install/py_first_pkg:/home/lee/Capstone/install/py_action_pkg:/home/lee/Capstone/install/hand_tracking_pkg:/home/lee/turtlebot3_ws/install/turtlebot3_teleop:/home/lee/turtlebot3_ws/install/turtlebot3_example:/home/lee/gcamp_ros2_ws/install/py_topic_pkg:/home/lee/gcamp_ros2_ws/install/py_service_pkg:/home/lee/gcamp_ros2_ws/install/py_first_pkg:/home/lee/gcamp_ros2_ws/install/py_action_pkg:/opt/ros/foxy /usr/bin/cmake --install /home/lee/Capstone/build/turtlebot3_navigation2
[0.867s] -- Install configuration: ""
[0.867s] -- Up-to-date: /home/lee/Capstone/install/turtlebot3_navigation2/share/turtlebot3_navigation2/launch
[0.867s] -- Up-to-date: /home/lee/Capstone/install/turtlebot3_navigation2/share/turtlebot3_navigation2/launch/navigation2.launch.py
[0.867s] -- Up-to-date: /home/lee/Capstone/install/turtlebot3_navigation2/share/turtlebot3_navigation2/map
[0.867s] -- Up-to-date: /home/lee/Capstone/install/turtlebot3_navigation2/share/turtlebot3_navigation2/map/turtlebot3_world.yaml
[0.867s] -- Up-to-date: /home/lee/Capstone/install/turtlebot3_navigation2/share/turtlebot3_navigation2/map/turtlebot3_world.pgm
[0.867s] -- Up-to-date: /home/lee/Capstone/install/turtlebot3_navigation2/share/turtlebot3_navigation2/param
[0.867s] -- Up-to-date: /home/lee/Capstone/install/turtlebot3_navigation2/share/turtlebot3_navigation2/param/waffle.yaml
[0.867s] -- Up-to-date: /home/lee/Capstone/install/turtlebot3_navigation2/share/turtlebot3_navigation2/param/burger.yaml
[0.867s] -- Up-to-date: /home/lee/Capstone/install/turtlebot3_navigation2/share/turtlebot3_navigation2/param/waffle_pi.yaml
[0.867s] -- Up-to-date: /home/lee/Capstone/install/turtlebot3_navigation2/share/turtlebot3_navigation2/rviz
[0.867s] -- Up-to-date: /home/lee/Capstone/install/turtlebot3_navigation2/share/turtlebot3_navigation2/rviz/tb3_navigation2.rviz
[0.867s] -- Up-to-date: /home/lee/Capstone/install/turtlebot3_navigation2/share/ament_index/resource_index/package_run_dependencies/turtlebot3_navigation2
[0.867s] -- Up-to-date: /home/lee/Capstone/install/turtlebot3_navigation2/share/ament_index/resource_index/parent_prefix_path/turtlebot3_navigation2
[0.868s] -- Up-to-date: /home/lee/Capstone/install/turtlebot3_navigation2/share/turtlebot3_navigation2/environment/ament_prefix_path.sh
[0.868s] -- Up-to-date: /home/lee/Capstone/install/turtlebot3_navigation2/share/turtlebot3_navigation2/environment/ament_prefix_path.dsv
[0.868s] -- Up-to-date: /home/lee/Capstone/install/turtlebot3_navigation2/share/turtlebot3_navigation2/environment/path.sh
[0.868s] -- Up-to-date: /home/lee/Capstone/install/turtlebot3_navigation2/share/turtlebot3_navigation2/environment/path.dsv
[0.868s] -- Up-to-date: /home/lee/Capstone/install/turtlebot3_navigation2/share/turtlebot3_navigation2/local_setup.bash
[0.868s] -- Up-to-date: /home/lee/Capstone/install/turtlebot3_navigation2/share/turtlebot3_navigation2/local_setup.sh
[0.868s] -- Up-to-date: /home/lee/Capstone/install/turtlebot3_navigation2/share/turtlebot3_navigation2/local_setup.zsh
[0.868s] -- Up-to-date: /home/lee/Capstone/install/turtlebot3_navigation2/share/turtlebot3_navigation2/local_setup.dsv
[0.868s] -- Installing: /home/lee/Capstone/install/turtlebot3_navigation2/share/turtlebot3_navigation2/package.dsv
[0.868s] -- Up-to-date: /home/lee/Capstone/install/turtlebot3_navigation2/share/ament_index/resource_index/packages/turtlebot3_navigation2
[0.868s] -- Up-to-date: /home/lee/Capstone/install/turtlebot3_navigation2/share/turtlebot3_navigation2/cmake/turtlebot3_navigation2Config.cmake
[0.868s] -- Up-to-date: /home/lee/Capstone/install/turtlebot3_navigation2/share/turtlebot3_navigation2/cmake/turtlebot3_navigation2Config-version.cmake
[0.868s] -- Up-to-date: /home/lee/Capstone/install/turtlebot3_navigation2/share/turtlebot3_navigation2/package.xml
[0.885s] Invoked command in '/home/lee/Capstone/build/turtlebot3_navigation2' returned '0': CMAKE_PREFIX_PATH=${CMAKE_PREFIX_PATH}:/home/lee/Capstone/install/turtlebot3_teleop:/home/lee/Capstone/install/turtlebot3_example:/home/lee/Capstone/install/teleop_simulation_pkg:/home/lee/Capstone/install/py_topic_pkg:/home/lee/Capstone/install/py_service_pkg:/home/lee/Capstone/install/py_first_pkg:/home/lee/Capstone/install/py_action_pkg:/home/lee/Capstone/install/hand_tracking_pkg:/home/lee/turtlebot3_ws/install/turtlebot3_teleop:/home/lee/turtlebot3_ws/install/turtlebot3_example:/home/lee/gcamp_ros2_ws/install/py_topic_pkg:/home/lee/gcamp_ros2_ws/install/py_service_pkg:/home/lee/gcamp_ros2_ws/install/py_first_pkg:/home/lee/gcamp_ros2_ws/install/py_action_pkg:/opt/ros/foxy /usr/bin/cmake --install /home/lee/Capstone/build/turtlebot3_navigation2
