/home/lee/Capstone/install/hand_tracking_pkg/lib/python3.8/site-packages/hand_tracking_pkg/hand_tracking_node2.py
/home/lee/Capstone/install/hand_tracking_pkg/lib/python3.8/site-packages/hand_tracking_pkg/hand_tracking_node.py
/home/lee/Capstone/install/hand_tracking_pkg/lib/python3.8/site-packages/hand_tracking_pkg/hand_tracking_subscriber.py
/home/lee/Capstone/install/hand_tracking_pkg/lib/python3.8/site-packages/hand_tracking_pkg/launch_test.launch.py
/home/lee/Capstone/install/hand_tracking_pkg/lib/python3.8/site-packages/hand_tracking_pkg/__init__.py
/home/lee/Capstone/install/hand_tracking_pkg/lib/python3.8/site-packages/hand_tracking_pkg/__pycache__/hand_tracking_node2.cpython-38.pyc
/home/lee/Capstone/install/hand_tracking_pkg/lib/python3.8/site-packages/hand_tracking_pkg/__pycache__/hand_tracking_node.cpython-38.pyc
/home/lee/Capstone/install/hand_tracking_pkg/lib/python3.8/site-packages/hand_tracking_pkg/__pycache__/hand_tracking_subscriber.cpython-38.pyc
/home/lee/Capstone/install/hand_tracking_pkg/lib/python3.8/site-packages/hand_tracking_pkg/__pycache__/launch_test.launch.cpython-38.pyc
/home/lee/Capstone/install/hand_tracking_pkg/lib/python3.8/site-packages/hand_tracking_pkg/__pycache__/__init__.cpython-38.pyc
/home/lee/Capstone/install/hand_tracking_pkg/share/ament_index/resource_index/packages/hand_tracking_pkg
/home/lee/Capstone/install/hand_tracking_pkg/share/hand_tracking_pkg/package.xml
/home/lee/Capstone/install/hand_tracking_pkg/lib/python3.8/site-packages/hand_tracking_pkg-0.0.0-py3.8.egg-info/SOURCES.txt
/home/lee/Capstone/install/hand_tracking_pkg/lib/python3.8/site-packages/hand_tracking_pkg-0.0.0-py3.8.egg-info/requires.txt
/home/lee/Capstone/install/hand_tracking_pkg/lib/python3.8/site-packages/hand_tracking_pkg-0.0.0-py3.8.egg-info/dependency_links.txt
/home/lee/Capstone/install/hand_tracking_pkg/lib/python3.8/site-packages/hand_tracking_pkg-0.0.0-py3.8.egg-info/PKG-INFO
/home/lee/Capstone/install/hand_tracking_pkg/lib/python3.8/site-packages/hand_tracking_pkg-0.0.0-py3.8.egg-info/entry_points.txt
/home/lee/Capstone/install/hand_tracking_pkg/lib/python3.8/site-packages/hand_tracking_pkg-0.0.0-py3.8.egg-info/zip-safe
/home/lee/Capstone/install/hand_tracking_pkg/lib/python3.8/site-packages/hand_tracking_pkg-0.0.0-py3.8.egg-info/top_level.txt
/home/lee/Capstone/install/hand_tracking_pkg/lib/hand_tracking_pkg/hand_tracking_node
/home/lee/Capstone/install/hand_tracking_pkg/lib/hand_tracking_pkg/hand_tracking_node2
/home/lee/Capstone/install/hand_tracking_pkg/lib/hand_tracking_pkg/img_publisher
/home/lee/Capstone/install/hand_tracking_pkg/lib/hand_tracking_pkg/img_subscriber
