[0.197s] Invoking command in '/home/lee/Capstone/src/build/cpp_param_pkg': CMAKE_PREFIX_PATH=${CMAKE_PREFIX_PATH}:/home/lee/turtlebot3_ws/install/turtlebot3_teleop:/home/lee/turtlebot3_ws/install/turtlebot3_example:/home/lee/gcamp_ros2_ws/install/py_topic_pkg:/home/lee/gcamp_ros2_ws/install/py_service_pkg:/home/lee/gcamp_ros2_ws/install/py_first_pkg:/home/lee/gcamp_ros2_ws/install/py_action_pkg:/opt/ros/foxy /usr/bin/cmake /home/lee/Capstone/src/gcamp_ros2_basic/cpp_param_pkg -DCMAKE_INSTALL_PREFIX=/home/lee/Capstone/src/install/cpp_param_pkg
[0.743s] -- The C compiler identification is GNU 9.4.0
[0.743s] -- The CXX compiler identification is GNU 9.4.0
[0.743s] -- Check for working C compiler: /usr/bin/cc
[0.743s] -- Check for working C compiler: /usr/bin/cc -- works
[0.743s] -- Detecting C compiler ABI info
[0.743s] -- Detecting C compiler ABI info - done
[0.743s] -- Detecting C compile features
[0.743s] -- Detecting C compile features - done
[0.744s] -- Check for working CXX compiler: /usr/bin/c++
[0.744s] -- Check for working CXX compiler: /usr/bin/c++ -- works
[0.744s] -- Detecting CXX compiler ABI info
[0.744s] -- Detecting CXX compiler ABI info - done
[0.744s] -- Detecting CXX compile features
[0.744s] -- Detecting CXX compile features - done
[0.744s] -- Found ament_cmake: 0.9.12 (/opt/ros/foxy/share/ament_cmake/cmake)
[0.744s] -- Found PythonInterp: /usr/bin/python3 (found suitable version "3.8.10", minimum required is "3") 
[0.744s] -- Using PYTHON_EXECUTABLE: /usr/bin/python3
[0.744s] -- Found rclcpp: 2.4.3 (/opt/ros/foxy/share/rclcpp/cmake)
[0.773s] -- Using all available rosidl_typesupport_c: rosidl_typesupport_fastrtps_c;rosidl_typesupport_introspection_c
[0.783s] -- Found rosidl_adapter: 1.3.1 (/opt/ros/foxy/share/rosidl_adapter/cmake)
[0.868s] -- Found OpenSSL: /usr/lib/x86_64-linux-gnu/libcrypto.so (found version "1.1.1f")  
[0.901s] -- Found FastRTPS: /opt/ros/foxy/include  
[0.982s] -- Using all available rosidl_typesupport_cpp: rosidl_typesupport_fastrtps_cpp;rosidl_typesupport_introspection_cpp
[1.049s] -- Found rmw_implementation_cmake: 1.0.4 (/opt/ros/foxy/share/rmw_implementation_cmake/cmake)
[1.051s] -- Using RMW implementation 'rmw_fastrtps_cpp' as default
[1.052s] -- Looking for pthread.h
[1.107s] -- Looking for pthread.h - found
[1.107s] -- Performing Test CMAKE_HAVE_LIBC_PTHREAD
[1.157s] -- Performing Test CMAKE_HAVE_LIBC_PTHREAD - Failed
[1.157s] -- Looking for pthread_create in pthreads
[1.213s] -- Looking for pthread_create in pthreads - not found
[1.213s] -- Looking for pthread_create in pthread
[1.273s] -- Looking for pthread_create in pthread - found
[1.275s] -- Found Threads: TRUE  
[1.453s] -- Found ament_lint_auto: 0.9.8 (/opt/ros/foxy/share/ament_lint_auto/cmake)
[1.528s] -- Added test 'copyright' to check source files copyright and LICENSE
[1.530s] -- Added test 'cppcheck' to perform static code analysis on C / C++ code
[1.530s] -- Configured cppcheck include dirs: 
[1.530s] -- Configured cppcheck exclude dirs and/or files: 
[1.533s] -- Added test 'cpplint' to check C / C++ code against the Google style
[1.534s] -- Configured cpplint exclude dirs and/or files: 
[1.534s] -- Added test 'lint_cmake' to check CMake code style
[1.534s] -- Added test 'uncrustify' to check C / C++ code style
[1.534s] -- Configured uncrustify additional arguments: 
[1.534s] -- Added test 'xmllint' to check XML markup files
[1.536s] -- Configuring done
[1.542s] -- Generating done
[1.544s] -- Build files have been written to: /home/lee/Capstone/src/build/cpp_param_pkg
[1.551s] Invoked command in '/home/lee/Capstone/src/build/cpp_param_pkg' returned '0': CMAKE_PREFIX_PATH=${CMAKE_PREFIX_PATH}:/home/lee/turtlebot3_ws/install/turtlebot3_teleop:/home/lee/turtlebot3_ws/install/turtlebot3_example:/home/lee/gcamp_ros2_ws/install/py_topic_pkg:/home/lee/gcamp_ros2_ws/install/py_service_pkg:/home/lee/gcamp_ros2_ws/install/py_first_pkg:/home/lee/gcamp_ros2_ws/install/py_action_pkg:/opt/ros/foxy /usr/bin/cmake /home/lee/Capstone/src/gcamp_ros2_basic/cpp_param_pkg -DCMAKE_INSTALL_PREFIX=/home/lee/Capstone/src/install/cpp_param_pkg
[1.553s] Invoking command in '/home/lee/Capstone/src/build/cpp_param_pkg': CMAKE_PREFIX_PATH=${CMAKE_PREFIX_PATH}:/home/lee/turtlebot3_ws/install/turtlebot3_teleop:/home/lee/turtlebot3_ws/install/turtlebot3_example:/home/lee/gcamp_ros2_ws/install/py_topic_pkg:/home/lee/gcamp_ros2_ws/install/py_service_pkg:/home/lee/gcamp_ros2_ws/install/py_first_pkg:/home/lee/gcamp_ros2_ws/install/py_action_pkg:/opt/ros/foxy /usr/bin/cmake --build /home/lee/Capstone/src/build/cpp_param_pkg -- -j16 -l16
[1.584s] [35m[1mScanning dependencies of target param_tutorial[0m
[1.614s] [ 50%] [32mBuilding CXX object CMakeFiles/param_tutorial.dir/src/param_tutorial.cpp.o[0m
[3.135s] [01m[K/home/lee/Capstone/src/gcamp_ros2_basic/cpp_param_pkg/src/param_tutorial.cpp:[m[K In constructor ‘[01m[KParamNode::ParamNode()[m[K’:
[3.135s] [01m[K/home/lee/Capstone/src/gcamp_ros2_basic/cpp_param_pkg/src/param_tutorial.cpp:17:13:[m[K [01;35m[Kwarning: [m[Kunused variable ‘[01m[Kmy_int[m[K’ [[01;35m[K-Wunused-variable[m[K]
[3.135s]    17 |         int [01;35m[Kmy_int[m[K = int_param.as_int();
[3.135s]       |             [01;35m[K^~~~~~[m[K
[4.265s] [100%] [32m[1mLinking CXX executable param_tutorial[0m
[4.814s] [100%] Built target param_tutorial
[4.876s] Invoked command in '/home/lee/Capstone/src/build/cpp_param_pkg' returned '0': CMAKE_PREFIX_PATH=${CMAKE_PREFIX_PATH}:/home/lee/turtlebot3_ws/install/turtlebot3_teleop:/home/lee/turtlebot3_ws/install/turtlebot3_example:/home/lee/gcamp_ros2_ws/install/py_topic_pkg:/home/lee/gcamp_ros2_ws/install/py_service_pkg:/home/lee/gcamp_ros2_ws/install/py_first_pkg:/home/lee/gcamp_ros2_ws/install/py_action_pkg:/opt/ros/foxy /usr/bin/cmake --build /home/lee/Capstone/src/build/cpp_param_pkg -- -j16 -l16
[5.152s] Invoking command in '/home/lee/Capstone/src/build/cpp_param_pkg': CMAKE_PREFIX_PATH=${CMAKE_PREFIX_PATH}:/home/lee/turtlebot3_ws/install/turtlebot3_teleop:/home/lee/turtlebot3_ws/install/turtlebot3_example:/home/lee/gcamp_ros2_ws/install/py_topic_pkg:/home/lee/gcamp_ros2_ws/install/py_service_pkg:/home/lee/gcamp_ros2_ws/install/py_first_pkg:/home/lee/gcamp_ros2_ws/install/py_action_pkg:/opt/ros/foxy /usr/bin/cmake --install /home/lee/Capstone/src/build/cpp_param_pkg
[5.197s] -- Install configuration: ""
[5.197s] -- Installing: /home/lee/Capstone/src/install/cpp_param_pkg/lib/cpp_param_pkg/param_tutorial
[5.198s] -- Set runtime path of "/home/lee/Capstone/src/install/cpp_param_pkg/lib/cpp_param_pkg/param_tutorial" to ""
[5.198s] -- Installing: /home/lee/Capstone/src/install/cpp_param_pkg/share/ament_index/resource_index/package_run_dependencies/cpp_param_pkg
[5.205s] -- Installing: /home/lee/Capstone/src/install/cpp_param_pkg/share/ament_index/resource_index/parent_prefix_path/cpp_param_pkg
[5.212s] -- Installing: /home/lee/Capstone/src/install/cpp_param_pkg/share/cpp_param_pkg/environment/ament_prefix_path.sh
[5.213s] -- Installing: /home/lee/Capstone/src/install/cpp_param_pkg/share/cpp_param_pkg/environment/ament_prefix_path.dsv
[5.213s] -- Installing: /home/lee/Capstone/src/install/cpp_param_pkg/share/cpp_param_pkg/environment/path.sh
[5.213s] -- Installing: /home/lee/Capstone/src/install/cpp_param_pkg/share/cpp_param_pkg/environment/path.dsv
[5.213s] -- Installing: /home/lee/Capstone/src/install/cpp_param_pkg/share/cpp_param_pkg/local_setup.bash
[5.213s] -- Installing: /home/lee/Capstone/src/install/cpp_param_pkg/share/cpp_param_pkg/local_setup.sh
[5.213s] -- Installing: /home/lee/Capstone/src/install/cpp_param_pkg/share/cpp_param_pkg/local_setup.zsh
[5.213s] -- Installing: /home/lee/Capstone/src/install/cpp_param_pkg/share/cpp_param_pkg/local_setup.dsv
[5.214s] -- Installing: /home/lee/Capstone/src/install/cpp_param_pkg/share/cpp_param_pkg/package.dsv
[5.214s] -- Installing: /home/lee/Capstone/src/install/cpp_param_pkg/share/ament_index/resource_index/packages/cpp_param_pkg
[5.214s] -- Installing: /home/lee/Capstone/src/install/cpp_param_pkg/share/cpp_param_pkg/cmake/cpp_param_pkgConfig.cmake
[5.214s] -- Installing: /home/lee/Capstone/src/install/cpp_param_pkg/share/cpp_param_pkg/cmake/cpp_param_pkgConfig-version.cmake
[5.214s] -- Installing: /home/lee/Capstone/src/install/cpp_param_pkg/share/cpp_param_pkg/package.xml
[5.222s] Invoked command in '/home/lee/Capstone/src/build/cpp_param_pkg' returned '0': CMAKE_PREFIX_PATH=${CMAKE_PREFIX_PATH}:/home/lee/turtlebot3_ws/install/turtlebot3_teleop:/home/lee/turtlebot3_ws/install/turtlebot3_example:/home/lee/gcamp_ros2_ws/install/py_topic_pkg:/home/lee/gcamp_ros2_ws/install/py_service_pkg:/home/lee/gcamp_ros2_ws/install/py_first_pkg:/home/lee/gcamp_ros2_ws/install/py_action_pkg:/opt/ros/foxy /usr/bin/cmake --install /home/lee/Capstone/src/build/cpp_param_pkg
