[0.058s] Invoking command in '/home/lee/Capstone/build/turtlebot3_description': CMAKE_PREFIX_PATH=${CMAKE_PREFIX_PATH}:/home/lee/turtlebot3_ws/install/turtlebot3_teleop:/home/lee/turtlebot3_ws/install/turtlebot3_example:/home/lee/gcamp_ros2_ws/install/py_topic_pkg:/home/lee/gcamp_ros2_ws/install/py_service_pkg:/home/lee/gcamp_ros2_ws/install/py_first_pkg:/home/lee/gcamp_ros2_ws/install/py_action_pkg:/opt/ros/foxy /usr/bin/cmake /home/lee/Capstone/src/turtlebot3/turtlebot3_description -DCMAKE_INSTALL_PREFIX=/home/lee/Capstone/install/turtlebot3_description
[0.818s] -- The C compiler identification is GNU 9.4.0
[0.819s] -- The CXX compiler identification is GNU 9.4.0
[0.819s] -- Check for working C compiler: /usr/bin/cc
[0.819s] -- Check for working C compiler: /usr/bin/cc -- works
[0.819s] -- Detecting C compiler ABI info
[0.820s] -- Detecting C compiler ABI info - done
[0.820s] -- Detecting C compile features
[0.820s] -- Detecting C compile features - done
[0.822s] -- Check for working CXX compiler: /usr/bin/c++
[0.822s] -- Check for working CXX compiler: /usr/bin/c++ -- works
[0.822s] -- Detecting CXX compiler ABI info
[0.822s] -- Detecting CXX compiler ABI info - done
[0.822s] -- Detecting CXX compile features
[0.822s] -- Detecting CXX compile features - done
[0.822s] -- Found ament_cmake: 0.9.12 (/opt/ros/foxy/share/ament_cmake/cmake)
[0.822s] -- Found PythonInterp: /usr/bin/python3 (found suitable version "3.8.10", minimum required is "3") 
[0.822s] -- Using PYTHON_EXECUTABLE: /usr/bin/python3
[0.822s] -- Found urdf: 2.4.0 (/opt/ros/foxy/share/urdf/cmake)
[0.822s] -- Configuring done
[0.822s] -- Generating done
[0.822s] -- Build files have been written to: /home/lee/Capstone/build/turtlebot3_description
[0.833s] Invoked command in '/home/lee/Capstone/build/turtlebot3_description' returned '0': CMAKE_PREFIX_PATH=${CMAKE_PREFIX_PATH}:/home/lee/turtlebot3_ws/install/turtlebot3_teleop:/home/lee/turtlebot3_ws/install/turtlebot3_example:/home/lee/gcamp_ros2_ws/install/py_topic_pkg:/home/lee/gcamp_ros2_ws/install/py_service_pkg:/home/lee/gcamp_ros2_ws/install/py_first_pkg:/home/lee/gcamp_ros2_ws/install/py_action_pkg:/opt/ros/foxy /usr/bin/cmake /home/lee/Capstone/src/turtlebot3/turtlebot3_description -DCMAKE_INSTALL_PREFIX=/home/lee/Capstone/install/turtlebot3_description
[0.833s] Invoking command in '/home/lee/Capstone/build/turtlebot3_description': CMAKE_PREFIX_PATH=${CMAKE_PREFIX_PATH}:/home/lee/turtlebot3_ws/install/turtlebot3_teleop:/home/lee/turtlebot3_ws/install/turtlebot3_example:/home/lee/gcamp_ros2_ws/install/py_topic_pkg:/home/lee/gcamp_ros2_ws/install/py_service_pkg:/home/lee/gcamp_ros2_ws/install/py_first_pkg:/home/lee/gcamp_ros2_ws/install/py_action_pkg:/opt/ros/foxy /usr/bin/cmake --build /home/lee/Capstone/build/turtlebot3_description -- -j16 -l16
[0.859s] Invoked command in '/home/lee/Capstone/build/turtlebot3_description' returned '0': CMAKE_PREFIX_PATH=${CMAKE_PREFIX_PATH}:/home/lee/turtlebot3_ws/install/turtlebot3_teleop:/home/lee/turtlebot3_ws/install/turtlebot3_example:/home/lee/gcamp_ros2_ws/install/py_topic_pkg:/home/lee/gcamp_ros2_ws/install/py_service_pkg:/home/lee/gcamp_ros2_ws/install/py_first_pkg:/home/lee/gcamp_ros2_ws/install/py_action_pkg:/opt/ros/foxy /usr/bin/cmake --build /home/lee/Capstone/build/turtlebot3_description -- -j16 -l16
[0.925s] Invoking command in '/home/lee/Capstone/build/turtlebot3_description': CMAKE_PREFIX_PATH=${CMAKE_PREFIX_PATH}:/home/lee/turtlebot3_ws/install/turtlebot3_teleop:/home/lee/turtlebot3_ws/install/turtlebot3_example:/home/lee/gcamp_ros2_ws/install/py_topic_pkg:/home/lee/gcamp_ros2_ws/install/py_service_pkg:/home/lee/gcamp_ros2_ws/install/py_first_pkg:/home/lee/gcamp_ros2_ws/install/py_action_pkg:/opt/ros/foxy /usr/bin/cmake --install /home/lee/Capstone/build/turtlebot3_description
[0.968s] -- Install configuration: ""
[0.968s] -- Installing: /home/lee/Capstone/install/turtlebot3_description/share/turtlebot3_description/meshes
[0.968s] -- Installing: /home/lee/Capstone/install/turtlebot3_description/share/turtlebot3_description/meshes/sensors
[0.968s] -- Installing: /home/lee/Capstone/install/turtlebot3_description/share/turtlebot3_description/meshes/sensors/astra.jpg
[0.968s] -- Installing: /home/lee/Capstone/install/turtlebot3_description/share/turtlebot3_description/meshes/sensors/astra.dae
[0.968s] -- Installing: /home/lee/Capstone/install/turtlebot3_description/share/turtlebot3_description/meshes/sensors/r200.jpg
[0.968s] -- Installing: /home/lee/Capstone/install/turtlebot3_description/share/turtlebot3_description/meshes/sensors/r200.dae
[0.968s] -- Installing: /home/lee/Capstone/install/turtlebot3_description/share/turtlebot3_description/meshes/sensors/lds.stl
[0.968s] -- Installing: /home/lee/Capstone/install/turtlebot3_description/share/turtlebot3_description/meshes/wheels
[0.968s] -- Installing: /home/lee/Capstone/install/turtlebot3_description/share/turtlebot3_description/meshes/wheels/right_tire.stl
[0.968s] -- Installing: /home/lee/Capstone/install/turtlebot3_description/share/turtlebot3_description/meshes/wheels/left_tire.stl
[0.968s] -- Installing: /home/lee/Capstone/install/turtlebot3_description/share/turtlebot3_description/meshes/bases
[0.968s] -- Installing: /home/lee/Capstone/install/turtlebot3_description/share/turtlebot3_description/meshes/bases/burger_base.stl
[0.968s] -- Installing: /home/lee/Capstone/install/turtlebot3_description/share/turtlebot3_description/meshes/bases/waffle_pi_base.stl
[0.968s] -- Installing: /home/lee/Capstone/install/turtlebot3_description/share/turtlebot3_description/meshes/bases/waffle_base.stl
[0.975s] -- Installing: /home/lee/Capstone/install/turtlebot3_description/share/turtlebot3_description/rviz
[0.975s] -- Installing: /home/lee/Capstone/install/turtlebot3_description/share/turtlebot3_description/rviz/model.rviz
[0.976s] -- Installing: /home/lee/Capstone/install/turtlebot3_description/share/turtlebot3_description/urdf
[0.976s] -- Installing: /home/lee/Capstone/install/turtlebot3_description/share/turtlebot3_description/urdf/common_properties.urdf
[0.976s] -- Installing: /home/lee/Capstone/install/turtlebot3_description/share/turtlebot3_description/urdf/turtlebot3_waffle.urdf
[0.976s] -- Installing: /home/lee/Capstone/install/turtlebot3_description/share/turtlebot3_description/urdf/turtlebot3_waffle_pi.urdf
[0.977s] -- Installing: /home/lee/Capstone/install/turtlebot3_description/share/turtlebot3_description/urdf/turtlebot3_burger.urdf
[0.977s] -- Installing: /home/lee/Capstone/install/turtlebot3_description/share/ament_index/resource_index/package_run_dependencies/turtlebot3_description
[0.977s] -- Installing: /home/lee/Capstone/install/turtlebot3_description/share/ament_index/resource_index/parent_prefix_path/turtlebot3_description
[0.977s] -- Installing: /home/lee/Capstone/install/turtlebot3_description/share/turtlebot3_description/environment/ament_prefix_path.sh
[0.978s] -- Installing: /home/lee/Capstone/install/turtlebot3_description/share/turtlebot3_description/environment/ament_prefix_path.dsv
[0.978s] -- Installing: /home/lee/Capstone/install/turtlebot3_description/share/turtlebot3_description/environment/path.sh
[0.978s] -- Installing: /home/lee/Capstone/install/turtlebot3_description/share/turtlebot3_description/environment/path.dsv
[0.978s] -- Installing: /home/lee/Capstone/install/turtlebot3_description/share/turtlebot3_description/local_setup.bash
[0.979s] -- Installing: /home/lee/Capstone/install/turtlebot3_description/share/turtlebot3_description/local_setup.sh
[0.979s] -- Installing: /home/lee/Capstone/install/turtlebot3_description/share/turtlebot3_description/local_setup.zsh
[0.979s] -- Installing: /home/lee/Capstone/install/turtlebot3_description/share/turtlebot3_description/local_setup.dsv
[0.981s] -- Installing: /home/lee/Capstone/install/turtlebot3_description/share/turtlebot3_description/package.dsv
[0.981s] -- Installing: /home/lee/Capstone/install/turtlebot3_description/share/ament_index/resource_index/packages/turtlebot3_description
[0.981s] -- Installing: /home/lee/Capstone/install/turtlebot3_description/share/turtlebot3_description/cmake/turtlebot3_descriptionConfig.cmake
[0.982s] -- Installing: /home/lee/Capstone/install/turtlebot3_description/share/turtlebot3_description/cmake/turtlebot3_descriptionConfig-version.cmake
[0.982s] -- Installing: /home/lee/Capstone/install/turtlebot3_description/share/turtlebot3_description/package.xml
[1.016s] Invoked command in '/home/lee/Capstone/build/turtlebot3_description' returned '0': CMAKE_PREFIX_PATH=${CMAKE_PREFIX_PATH}:/home/lee/turtlebot3_ws/install/turtlebot3_teleop:/home/lee/turtlebot3_ws/install/turtlebot3_example:/home/lee/gcamp_ros2_ws/install/py_topic_pkg:/home/lee/gcamp_ros2_ws/install/py_service_pkg:/home/lee/gcamp_ros2_ws/install/py_first_pkg:/home/lee/gcamp_ros2_ws/install/py_action_pkg:/opt/ros/foxy /usr/bin/cmake --install /home/lee/Capstone/build/turtlebot3_description
