[0.038s] Invoking command in '/home/lee/Capstone/build/cpp_action_pkg': AMENT_PREFIX_PATH=/home/lee/Capstone/install/custom_interfaces:${AMENT_PREFIX_PATH} CMAKE_PREFIX_PATH=/home/lee/Capstone/install/custom_interfaces:/home/lee/gcamp_ros2_ws/install/gcamp_gazebo:/home/lee/Capstone/install/turtlebot3_teleop:/home/lee/Capstone/install/hand_tracking_pkg:/home/lee/Capstone/main/install/hand_tracking_pkg:/opt/ros/foxy LD_LIBRARY_PATH=/home/lee/Capstone/install/custom_interfaces/lib:${LD_LIBRARY_PATH} PYTHONPATH=/home/lee/Capstone/install/custom_interfaces/lib/python3.8/site-packages:${PYTHONPATH} /usr/bin/cmake --build /home/lee/Capstone/build/cpp_action_pkg -- -j16 -l16
[0.213s] [ 25%] Built target fibonacci_action_server_node
[0.214s] [ 50%] Built target fibonacci_action_client_oop_node
[0.215s] [ 75%] Built target fibonacci_action_server_oop_node
[0.215s] [100%] Built target fibonacci_action_client_node
[0.216s] Invoked command in '/home/lee/Capstone/build/cpp_action_pkg' returned '0': AMENT_PREFIX_PATH=/home/lee/Capstone/install/custom_interfaces:${AMENT_PREFIX_PATH} CMAKE_PREFIX_PATH=/home/lee/Capstone/install/custom_interfaces:/home/lee/gcamp_ros2_ws/install/gcamp_gazebo:/home/lee/Capstone/install/turtlebot3_teleop:/home/lee/Capstone/install/hand_tracking_pkg:/home/lee/Capstone/main/install/hand_tracking_pkg:/opt/ros/foxy LD_LIBRARY_PATH=/home/lee/Capstone/install/custom_interfaces/lib:${LD_LIBRARY_PATH} PYTHONPATH=/home/lee/Capstone/install/custom_interfaces/lib/python3.8/site-packages:${PYTHONPATH} /usr/bin/cmake --build /home/lee/Capstone/build/cpp_action_pkg -- -j16 -l16
[0.372s] Invoking command in '/home/lee/Capstone/build/cpp_action_pkg': AMENT_PREFIX_PATH=/home/lee/Capstone/install/custom_interfaces:${AMENT_PREFIX_PATH} CMAKE_PREFIX_PATH=/home/lee/Capstone/install/custom_interfaces:/home/lee/gcamp_ros2_ws/install/gcamp_gazebo:/home/lee/Capstone/install/turtlebot3_teleop:/home/lee/Capstone/install/hand_tracking_pkg:/home/lee/Capstone/main/install/hand_tracking_pkg:/opt/ros/foxy LD_LIBRARY_PATH=/home/lee/Capstone/install/custom_interfaces/lib:${LD_LIBRARY_PATH} PYTHONPATH=/home/lee/Capstone/install/custom_interfaces/lib/python3.8/site-packages:${PYTHONPATH} /usr/bin/cmake --install /home/lee/Capstone/build/cpp_action_pkg
[0.381s] -- Install configuration: ""
[0.381s] -- Up-to-date: /home/lee/Capstone/install/cpp_action_pkg/lib/cpp_action_pkg/fibonacci_action_client_node
[0.381s] -- Up-to-date: /home/lee/Capstone/install/cpp_action_pkg/lib/cpp_action_pkg/fibonacci_action_client_oop_node
[0.381s] -- Up-to-date: /home/lee/Capstone/install/cpp_action_pkg/lib/cpp_action_pkg/fibonacci_action_server_node
[0.382s] -- Up-to-date: /home/lee/Capstone/install/cpp_action_pkg/lib/cpp_action_pkg/fibonacci_action_server_oop_node
[0.382s] -- Up-to-date: /home/lee/Capstone/install/cpp_action_pkg/share/ament_index/resource_index/package_run_dependencies/cpp_action_pkg
[0.382s] -- Up-to-date: /home/lee/Capstone/install/cpp_action_pkg/share/ament_index/resource_index/parent_prefix_path/cpp_action_pkg
[0.382s] -- Up-to-date: /home/lee/Capstone/install/cpp_action_pkg/share/cpp_action_pkg/environment/ament_prefix_path.sh
[0.382s] -- Up-to-date: /home/lee/Capstone/install/cpp_action_pkg/share/cpp_action_pkg/environment/ament_prefix_path.dsv
[0.382s] -- Up-to-date: /home/lee/Capstone/install/cpp_action_pkg/share/cpp_action_pkg/environment/path.sh
[0.383s] -- Up-to-date: /home/lee/Capstone/install/cpp_action_pkg/share/cpp_action_pkg/environment/path.dsv
[0.383s] -- Up-to-date: /home/lee/Capstone/install/cpp_action_pkg/share/cpp_action_pkg/local_setup.bash
[0.383s] -- Up-to-date: /home/lee/Capstone/install/cpp_action_pkg/share/cpp_action_pkg/local_setup.sh
[0.383s] -- Up-to-date: /home/lee/Capstone/install/cpp_action_pkg/share/cpp_action_pkg/local_setup.zsh
[0.383s] -- Up-to-date: /home/lee/Capstone/install/cpp_action_pkg/share/cpp_action_pkg/local_setup.dsv
[0.383s] -- Installing: /home/lee/Capstone/install/cpp_action_pkg/share/cpp_action_pkg/package.dsv
[0.383s] -- Up-to-date: /home/lee/Capstone/install/cpp_action_pkg/share/ament_index/resource_index/packages/cpp_action_pkg
[0.383s] -- Up-to-date: /home/lee/Capstone/install/cpp_action_pkg/share/cpp_action_pkg/cmake/cpp_action_pkgConfig.cmake
[0.383s] -- Up-to-date: /home/lee/Capstone/install/cpp_action_pkg/share/cpp_action_pkg/cmake/cpp_action_pkgConfig-version.cmake
[0.383s] -- Up-to-date: /home/lee/Capstone/install/cpp_action_pkg/share/cpp_action_pkg/package.xml
[0.388s] Invoked command in '/home/lee/Capstone/build/cpp_action_pkg' returned '0': AMENT_PREFIX_PATH=/home/lee/Capstone/install/custom_interfaces:${AMENT_PREFIX_PATH} CMAKE_PREFIX_PATH=/home/lee/Capstone/install/custom_interfaces:/home/lee/gcamp_ros2_ws/install/gcamp_gazebo:/home/lee/Capstone/install/turtlebot3_teleop:/home/lee/Capstone/install/hand_tracking_pkg:/home/lee/Capstone/main/install/hand_tracking_pkg:/opt/ros/foxy LD_LIBRARY_PATH=/home/lee/Capstone/install/custom_interfaces/lib:${LD_LIBRARY_PATH} PYTHONPATH=/home/lee/Capstone/install/custom_interfaces/lib/python3.8/site-packages:${PYTHONPATH} /usr/bin/cmake --install /home/lee/Capstone/build/cpp_action_pkg
