[1.054s] Invoking command in '/home/lee/Capstone/main': PYTHONPATH=/home/lee/Capstone/build/hand_tracking_pkg/prefix_override:/home/lee/Capstone/install/hand_tracking_pkg/lib/python3.8/site-packages:${PYTHONPATH} /usr/bin/python3 -W ignore:setup.py install is deprecated setup.py egg_info --egg-base ../build/hand_tracking_pkg build --build-base /home/lee/Capstone/build/hand_tracking_pkg/build install --record /home/lee/Capstone/build/hand_tracking_pkg/install.log --install-scripts $base/lib/hand_tracking_pkg --single-version-externally-managed install_data
[1.221s] running egg_info
[1.222s] writing ../build/hand_tracking_pkg/hand_tracking_pkg.egg-info/PKG-INFO
[1.222s] writing dependency_links to ../build/hand_tracking_pkg/hand_tracking_pkg.egg-info/dependency_links.txt
[1.222s] writing entry points to ../build/hand_tracking_pkg/hand_tracking_pkg.egg-info/entry_points.txt
[1.222s] writing requirements to ../build/hand_tracking_pkg/hand_tracking_pkg.egg-info/requires.txt
[1.222s] writing top-level names to ../build/hand_tracking_pkg/hand_tracking_pkg.egg-info/top_level.txt
[1.242s] reading manifest file '../build/hand_tracking_pkg/hand_tracking_pkg.egg-info/SOURCES.txt'
[1.243s] writing manifest file '../build/hand_tracking_pkg/hand_tracking_pkg.egg-info/SOURCES.txt'
[1.243s] running build
[1.243s] running build_py
[1.243s] running install
[1.244s] running install_lib
[1.245s] running install_data
[1.245s] running install_egg_info
[1.246s] removing '/home/lee/Capstone/install/hand_tracking_pkg/lib/python3.8/site-packages/hand_tracking_pkg-0.0.0-py3.8.egg-info' (and everything under it)
[1.246s] Copying ../build/hand_tracking_pkg/hand_tracking_pkg.egg-info to /home/lee/Capstone/install/hand_tracking_pkg/lib/python3.8/site-packages/hand_tracking_pkg-0.0.0-py3.8.egg-info
[1.246s] running install_scripts
[1.257s] Installing hand_tracking_node script to /home/lee/Capstone/install/hand_tracking_pkg/lib/hand_tracking_pkg
[1.257s] Installing hand_tracking_node2 script to /home/lee/Capstone/install/hand_tracking_pkg/lib/hand_tracking_pkg
[1.257s] Installing img_publisher script to /home/lee/Capstone/install/hand_tracking_pkg/lib/hand_tracking_pkg
[1.257s] Installing img_subscriber script to /home/lee/Capstone/install/hand_tracking_pkg/lib/hand_tracking_pkg
[1.257s] writing list of installed files to '/home/lee/Capstone/build/hand_tracking_pkg/install.log'
[1.328s] Invoked command in '/home/lee/Capstone/main' returned '0': PYTHONPATH=/home/lee/Capstone/build/hand_tracking_pkg/prefix_override:/home/lee/Capstone/install/hand_tracking_pkg/lib/python3.8/site-packages:${PYTHONPATH} /usr/bin/python3 -W ignore:setup.py install is deprecated setup.py egg_info --egg-base ../build/hand_tracking_pkg build --build-base /home/lee/Capstone/build/hand_tracking_pkg/build install --record /home/lee/Capstone/build/hand_tracking_pkg/install.log --install-scripts $base/lib/hand_tracking_pkg --single-version-externally-managed install_data
